
Showing logs for build [32mentando-k8s-entando-k8s-control-z89wp-10[0m stage [32mfrom-build-pack[0m and container [32mstep-credential-initializer-cb6lh[0m
{"level":"warn","ts":1613724295.551261,"logger":"fallback-logger","caller":"logging/config.go:69","msg":"Fetch GitHub commit ID from kodata failed: \"ref: refs/heads/0.8.0-**-support-backwards-incompats\" is not a valid GitHub commit ID"}
{"level":"info","ts":1613724295.56473,"logger":"fallback-logger","caller":"creds-init/main.go:40","msg":"Credentials initialized."}

Showing logs for build [32mentando-k8s-entando-k8s-control-z89wp-10[0m stage [32mfrom-build-pack[0m and container [32mstep-working-dir-initializer-6cmz5[0m
{"level":"warn","ts":1613724298.7703686,"logger":"fallback-logger","caller":"logging/config.go:69","msg":"Fetch GitHub commit ID from kodata failed: open /var/run/ko/HEAD: no such file or directory"}
{"level":"info","ts":1613724298.7823744,"logger":"fallback-logger","caller":"bash/main.go:64","msg":"Successfully e**cuted command \"sh -c mkdir -p /workspace/source\"; output "}

Showing logs for build [32mentando-k8s-entando-k8s-control-z89wp-10[0m stage [32mfrom-build-pack[0m and container [32mstep-place-tools[0m

Showing logs for build [32mentando-k8s-entando-k8s-control-z89wp-10[0m stage [32mfrom-build-pack[0m and container [32mstep-git-source-entando-k8s-entando-k8s-control-s2jhs[0m
{"level":"warn","ts":1613724409.7752979,"logger":"fallback-logger","caller":"logging/config.go:69","msg":"Fetch GitHub commit ID from kodata failed: \"ref: refs/heads/0.8.0-**-support-backwards-incompats\" is not a valid GitHub commit ID"}
{"level":"info","ts":1613724411.2061832,"logger":"fallback-logger","caller":"git/git.go:103","msg":"Successfully cloned https://github.com/entando-k8s/entando-k8s-controller-coordinator.git @ master in path /workspace/source"}

Showing logs for build [32mentando-k8s-entando-k8s-control-z89wp-10[0m stage [32mfrom-build-pack[0m and container [32mstep-git-merge[0m
Using SHAs from PULL_REFS=master:8db8be8f0478d850fde93d6f32fad4ebda0f28da,67:44ea06d0c96549065fd3b19b2d824a8f598e04a4
DEBUG: ran git fetch --unshallow origin 44ea06d0c96549065fd3b19b2d824a8f598e04a4: 8db8be8f0478d850fde93d6f32fad4ebda0f28da: in 
DEBUG: ran git checkout master in 
DEBUG: ran git reset --hard 8db8be8f0478d850fde93d6f32fad4ebda0f28da in 
DEBUG: ran clean --force -d . in 
DEBUG: ran git merge 44ea06d0c96549065fd3b19b2d824a8f598e04a4 in 
Merged SHA 44ea06d0c96549065fd3b19b2d824a8f598e04a4 with commit message 'ENG-1736 latest images' into base branch master
Merged SHA d11fccc30f21ddff5d1c708dd4e3b4314f55525a with commit message 'ENG-1736 latest images' into base branch master
Merged SHA 581e7323ac4fe9275819c987dc21cc707755f5fe with commit message 'ENG-1736 fi**d template' into base branch master
Merged SHA e673f0fc6999490695919111f5d2c82e418f5387 with commit message 'ENG-1736 deleting successfully completed controller pods' into base branch master
Merged SHA 350512ffc7780f42d591fc816c46d114069f0aad with commit message 'ENG-1736 improved logging to troubleshoot duplicate events' into base branch master
Merged SHA 27a9130a9874ebd5acedeff9c7403acab7e16ed5 with commit message 'ENG-1736 rolled back configmap namespace prop' into base branch master
Merged SHA 9d3af5a7937843886d24e3c97dec533f444f5369 with commit message 'ENG-1736 fi**d configmap location' into base branch master
Merged SHA 7ed8348f934374c23d7173995ae36edf47705043 with commit message 'ENG-1736 fi**d dockerfile' into base branch master
Merged SHA 43f25800715e8221a9181b9be4a567e3cbe475d3 with commit message 'ENG-1736 rebuilding with correct baseimage' into base branch master

Showing logs for build [32mentando-k8s-entando-k8s-control-z89wp-10[0m stage [32mfrom-build-pack[0m and container [32mstep-build-set-version[0m
Picked up _JAVA_OPTIONS: -XX:+UnlockExperimentalVMOptions -Dsun.zip.disableMemoryMapping=**** -XX:+UseParallelGC -XX:MinHeapFreeRatio=5 -XX:MaxHeapFreeRatio=10 -XX:GCTimeRatio=4 -XX:AdaptiveSizePolicyWeight=90 -Xms1000m -Xmx12000m
[INFO] Scanning for projects...
[INFO] 
[INFO] -----------< org.entando:entando-k8s-controller-coordinator >-----------
[INFO] Building Entando K8S Controller Coordinator 6.3.0-SNAPSHOT
[INFO] --------------------------------[ jar ]---------------------------------
[INFO] 
[INFO] --- versions-maven-plugin:2.8.1:set (default-cli) @ entando-k8s-controller-coordinator ---
[INFO] Local aggregation ****: /workspace/source
[INFO] Processing change of org.entando:entando-k8s-controller-coordinator:6.3.0-SNAPSHOT -> 0.0.0-SNAPSHOT-PR-67-10
[INFO] Processing org.entando:entando-k8s-controller-coordinator
[INFO]     Updating project org.entando:entando-k8s-controller-coordinator
[INFO]         from version 6.3.0-SNAPSHOT to 0.0.0-SNAPSHOT-PR-67-10
[INFO] 
[INFO] ------------------------------------------------------------------------
[INFO] BUILD SUCCESS
[INFO] ------------------------------------------------------------------------
[INFO] Total time:  14.986 s
[INFO] Finished at: 2021-02-19T08:47:12Z
[INFO] ------------------------------------------------------------------------

Showing logs for build [32mentando-k8s-entando-k8s-control-z89wp-10[0m stage [32mfrom-build-pack[0m and container [32mstep-build-fix-git-for-sonar[0m
M	pom.xml
Switched to a new branch 'PR-67'
Deleted branch master (was 44ea06d).
From https://github.com/entando-k8s/entando-k8s-controller-coordinator
 * [new branch]      master                  -> master
 * [new tag]         Entando6.2.1-pre-test01 -> Entando6.2.1-pre-test01

Showing logs for build [32mentando-k8s-entando-k8s-control-z89wp-10[0m stage [32mfrom-build-pack[0m and container [32mstep-build-mvn-verify-pr[0m
Picked up _JAVA_OPTIONS: -XX:+UnlockExperimentalVMOptions -Dsun.zip.disableMemoryMapping=**** -XX:+UseParallelGC -XX:MinHeapFreeRatio=5 -XX:MaxHeapFreeRatio=10 -XX:GCTimeRatio=4 -XX:AdaptiveSizePolicyWeight=90 -Xms1000m -Xmx12000m
[INFO] Scanning for projects...
[INFO] 
[INFO] -----------< org.entando:entando-k8s-controller-coordinator >-----------
[INFO] Building Entando K8S Controller Coordinator 0.0.0-SNAPSHOT-PR-67-10
[INFO] --------------------------------[ jar ]---------------------------------
[INFO] 
[INFO] --- maven-checkstyle-plugin:3.1.1:check (validate) @ entando-k8s-controller-coordinator ---
[INFO] Starting audit...
Audit done.
[INFO] You have 0 Checkstyle violations.
[INFO] 
[INFO] --- maven-checkstyle-plugin:3.1.1:checkstyle (validate) @ entando-k8s-controller-coordinator ---
[INFO] Starting audit...
Audit done.
[INFO] 
[INFO] --- jacoco-maven-plugin:0.8.5:prepare-agent (prepare-agent) @ entando-k8s-controller-coordinator ---
[INFO] argLine set to -javaagent:/home/jenkins/.mvnrepository/org/jacoco/org.jacoco.agent/0.8.5/org.jacoco.agent-0.8.5-runtime.jar=destfile=/workspace/source/target/jacoco.e**c
[INFO] 
[INFO] --- maven-resources-plugin:2.6:resources (default-resources) @ entando-k8s-controller-coordinator ---
[INFO] Using 'UTF-8' encoding to copy filtered resources.
[INFO] Copying 3 resources
[INFO] 
[INFO] --- maven-compiler-plugin:3.8.1:compile (default-compile) @ entando-k8s-controller-coordinator ---
[INFO] Changes detected - recompiling the module!
[INFO] Compiling 8 source files to /workspace/source/target/classes
[INFO] 
[INFO] --- maven-resources-plugin:2.6:testResources (default-testResources) @ entando-k8s-controller-coordinator ---
[INFO] Using 'UTF-8' encoding to copy filtered resources.
[INFO] Copying 6 resources
[INFO] 
[INFO] --- maven-compiler-plugin:3.8.1:testCompile (default-testCompile) @ entando-k8s-controller-coordinator ---
[INFO] Changes detected - recompiling the module!
[INFO] Compiling 9 source files to /workspace/source/target/test-classes
[INFO] 
[INFO] --- maven-surefire-plugin:3.0.0-M1:test (default-test) @ entando-k8s-controller-coordinator ---
[INFO] 
[INFO] -------------------------------------------------------
[INFO]  T E S T S
[INFO] -------------------------------------------------------
[INFO] Running org.entando.kubernetes.controller.coordinator.inprocesstests.EntandoOperatorMatcherTest
Feb 19, 2021 8:47:44 AM org.entando.kubernetes.controller.coordinator.EntandoOperatorMatcher matchesThisOperator
WARNING: Operator ID mismatch. Ignoring resource EntandoApp:null/null
Feb 19, 2021 8:47:44 AM org.entando.kubernetes.controller.coordinator.EntandoOperatorMatcher matchesThisOperator
WARNING: Operator version mismatch. Ignoring resource EntandoApp:null/null
Feb 19, 2021 8:47:44 AM org.entando.kubernetes.controller.coordinator.EntandoOperatorMatcher matchesThisOperator
WARNING: Operator ID mismatch. Ignoring resource EntandoApp:null/null
Feb 19, 2021 8:47:44 AM org.entando.kubernetes.controller.coordinator.EntandoOperatorMatcher matchesThisOperator
WARNING: Operator ID mismatch. Ignoring resource EntandoApp:null/null
[INFO] Tests run: 7, Failures: 0, Errors: 0, Skipped: 0, Time elapsed: 0.251 s - in org.entando.kubernetes.controller.coordinator.inprocesstests.EntandoOperatorMatcherTest
[INFO] Running org.entando.kubernetes.controller.coordinator.inprocesstests.ControllerCoordinatorEdgeConditionsTest
Feb 19, 2021 8:47:46 AM org.entando.kubernetes.controller.coordinator.EntandoResourceObserver logResource
WARNING: EntandoKeycloakServer observed-namespace/test-keycloak has a new resource version: 2
Feb 19, 2021 8:47:46 AM org.entando.kubernetes.controller.coordinator.EntandoResourceObserver logResource
WARNING: EntandoKeycloakServer observed-namespace/test-keycloak is a top level resource
Feb 19, 2021 8:47:46 AM org.entando.kubernetes.controller.coordinator.EntandoResourceObserver logResource
WARNING: EntandoKeycloakServer observed-namespace/test-keycloak is processed after a metadata.generation increment.
Feb 19, 2021 8:47:46 AM org.entando.kubernetes.controller.coordinator.EntandoResourceObserver logResource
INFO: Received ADDED for the EntandoKeycloakServer observed-namespace/test-keycloak
Feb 19, 2021 8:47:47 AM org.entando.kubernetes.controller.coordinator.EntandoResourceObserver logResource
WARNING: Duplicate event for EntandoKeycloakServer observed-namespace/test-keycloak. ResourceVersion=1
Feb 19, 2021 8:47:47 AM org.entando.kubernetes.controller.coordinator.EntandoResourceObserver logResource
WARNING: EntandoKeycloakServer observed-namespace/test-keycloak has a new resource version: 1
Feb 19, 2021 8:47:47 AM org.entando.kubernetes.controller.coordinator.EntandoResourceObserver logResource
WARNING: EntandoKeycloakServer observed-namespace/test-keycloak is a top level resource
Feb 19, 2021 8:47:47 AM org.entando.kubernetes.controller.coordinator.EntandoResourceObserver logResource
WARNING: Processing of EntandoKeycloakServer observed-namespace/test-keycloak has been deferred or ignored using entando.org/processing-instruction.
Feb 19, 2021 8:47:47 AM org.entando.kubernetes.controller.coordinator.EntandoResourceObserver logResource
WARNING: EntandoKeycloakServer observed-namespace/test-keycloak has a new resource version: 1
Feb 19, 2021 8:47:47 AM org.entando.kubernetes.controller.coordinator.EntandoResourceObserver logResource
WARNING: EntandoKeycloakServer observed-namespace/test-keycloak is a top level resource
Feb 19, 2021 8:47:47 AM org.entando.kubernetes.controller.coordinator.EntandoResourceObserver logResource
WARNING: EntandoKeycloakServer observed-namespace/test-keycloak is processed after a metadata.generation increment.
Feb 19, 2021 8:47:47 AM org.entando.kubernetes.controller.coordinator.EntandoResourceObserver logResource
INFO: Received MODIFIED for the EntandoKeycloakServer observed-namespace/test-keycloak
Feb 19, 2021 8:47:47 AM org.entando.kubernetes.controller.coordinator.EntandoResourceObserver logResource
WARNING: EntandoKeycloakServer observed-namespace/test-keycloak has a new resource version: 1
Feb 19, 2021 8:47:47 AM org.entando.kubernetes.controller.coordinator.EntandoResourceObserver logResource
WARNING: EntandoKeycloakServer observed-namespace/test-keycloak is a top level resource
Feb 19, 2021 8:47:47 AM org.entando.kubernetes.controller.coordinator.EntandoResourceObserver logResource
WARNING: Processing of EntandoKeycloakServer observed-namespace/test-keycloak has been forced using entando.org/processing-instruction.
Feb 19, 2021 8:47:47 AM org.entando.kubernetes.controller.coordinator.EntandoResourceObserver logResource
INFO: Received MODIFIED for the EntandoKeycloakServer observed-namespace/test-keycloak
Feb 19, 2021 8:47:47 AM org.entando.kubernetes.controller.coordinator.EntandoResourceObserver logResource
WARNING: EntandoKeycloakServer observed-namespace/test-keycloak has a new resource version: 1
Feb 19, 2021 8:47:47 AM org.entando.kubernetes.controller.coordinator.EntandoResourceObserver logResource
WARNING: EntandoKeycloakServer observed-namespace/test-keycloak is a top level resource
Feb 19, 2021 8:47:47 AM org.entando.kubernetes.controller.coordinator.EntandoResourceObserver logResource
WARNING: EntandoKeycloakServer observed-namespace/test-keycloak is processed after a metadata.generation increment.
Feb 19, 2021 8:47:47 AM org.entando.kubernetes.controller.coordinator.EntandoResourceObserver logResource
INFO: Received MODIFIED for the EntandoKeycloakServer observed-namespace/test-keycloak
Feb 19, 2021 8:47:47 AM org.entando.kubernetes.controller.coordinator.EntandoResourceObserver logResource
WARNING: EntandoKeycloakServer observed-namespace/test-keycloak needs to be processed as part of the upgrade to the version 6.3.1
Feb 19, 2021 8:47:47 AM org.entando.kubernetes.controller.coordinator.EntandoResourceObserver logResource
INFO: Received MODIFIED for the EntandoKeycloakServer observed-namespace/test-keycloak
Feb 19, 2021 8:47:47 AM org.entando.kubernetes.controller.coordinator.EntandoResourceObserver logResource
WARNING: EntandoKeycloakServer observed-namespace/test-keycloak has a new resource version: 1
Feb 19, 2021 8:47:47 AM org.entando.kubernetes.controller.coordinator.EntandoResourceObserver logResource
WARNING: EntandoKeycloakServer observed-namespace/test-keycloak is a top level resource
Feb 19, 2021 8:47:47 AM org.entando.kubernetes.controller.coordinator.EntandoResourceObserver logResource
WARNING: EntandoDeBundle observed-namespace/my-de-bundle has a new resource version: 123
Feb 19, 2021 8:47:47 AM org.entando.kubernetes.controller.coordinator.EntandoResourceObserver logResource
WARNING: EntandoDeBundle observed-namespace/my-de-bundle is a top level resource
Feb 19, 2021 8:47:47 AM org.entando.kubernetes.controller.coordinator.EntandoResourceObserver logResource
WARNING: EntandoDeBundle observed-namespace/my-de-bundle is processed after a metadata.generation increment.
Feb 19, 2021 8:47:47 AM org.entando.kubernetes.controller.coordinator.EntandoResourceObserver logResource
INFO: Received MODIFIED for the EntandoDeBundle observed-namespace/my-de-bundle
Feb 19, 2021 8:47:47 AM org.entando.kubernetes.controller.coordinator.EntandoResourceObserver logResource
WARNING: EntandoKeycloakServer observed-namespace/test-keycloak has a new resource version: 1
Feb 19, 2021 8:47:47 AM org.entando.kubernetes.controller.coordinator.EntandoResourceObserver logResource
WARNING: EntandoCompositeApp observed-namespace/composite-app has a new resource version: 123
Feb 19, 2021 8:47:47 AM org.entando.kubernetes.controller.coordinator.EntandoResourceObserver logResource
WARNING: EntandoCompositeApp observed-namespace/composite-app is a top level resource
Feb 19, 2021 8:47:47 AM org.entando.kubernetes.controller.coordinator.EntandoResourceObserver logResource
WARNING: Processing of EntandoCompositeApp observed-namespace/composite-app has been deferred or ignored using entando.org/processing-instruction.
Feb 19, 2021 8:47:47 AM org.entando.kubernetes.controller.coordinator.EntandoResourceObserver logResource
WARNING: EntandoKeycloakServer observed-namespace/test-keycloak has a new resource version: 2
Feb 19, 2021 8:47:47 AM org.entando.kubernetes.controller.coordinator.EntandoResourceObserver logResource
WARNING: EntandoKeycloakServer observed-namespace/test-keycloak is a top level resource
Feb 19, 2021 8:47:47 AM org.entando.kubernetes.controller.coordinator.EntandoResourceObserver logResource
WARNING: EntandoKeycloakServer observed-namespace/test-keycloak is processed after a metadata.generation increment.
Feb 19, 2021 8:47:47 AM org.entando.kubernetes.controller.coordinator.EntandoResourceObserver logResource
INFO: Received MODIFIED for the EntandoKeycloakServer observed-namespace/test-keycloak
[INFO] Tests run: 10, Failures: 0, Errors: 0, Skipped: 0, Time elapsed: 3.579 s - in org.entando.kubernetes.controller.coordinator.inprocesstests.ControllerCoordinatorEdgeConditionsTest
[INFO] Running org.entando.kubernetes.controller.coordinator.inprocesstests.ControllerCoordinatorMockedTest
Feb 19, 2021 8:47:49 AM okhttp3.mockwebserver.MockWebServer$2 e**cute
INFO: MockWebServer[46456] starting to accept connections
Feb 19, 2021 8:47:49 AM okhttp3.mockwebserver.MockWebServer$3 processOneRequest
INFO: MockWebServer[46456] received request: GET /apis/apiextensions.k8s.io/v1beta1/customresourcedefinitions/entandokeycloakservers.entando.org HTTP/1.1 and responded: HTTP/1.1 404 Client Error
Feb 19, 2021 8:47:50 AM okhttp3.mockwebserver.MockWebServer$3 processOneRequest
INFO: MockWebServer[46456] received request: POST /apis/apiextensions.k8s.io/v1beta1/customresourcedefinitions HTTP/1.1 and responded: HTTP/1.1 202 OK
Feb 19, 2021 8:47:50 AM okhttp3.mockwebserver.MockWebServer$3 processOneRequest
INFO: MockWebServer[46456] received request: GET /api/v1/namespaces/entando-k8s-controller-coordinator-carcpr67 HTTP/1.1 and responded: HTTP/1.1 404 Client Error
Feb 19, 2021 8:47:50 AM okhttp3.mockwebserver.MockWebServer$3 processOneRequest
INFO: MockWebServer[46456] received request: GET /apis/entando.org/v1/namespaces/default/entandokeycloakservers HTTP/1.1 and responded: HTTP/1.1 200 OK
Feb 19, 2021 8:47:50 AM okhttp3.mockwebserver.MockWebServer$3 processOneRequest
INFO: MockWebServer[46456] received request: GET /api/v1/namespaces/entando-k8s-controller-coordinator-carcpr67 HTTP/1.1 and responded: HTTP/1.1 404 Client Error
Feb 19, 2021 8:47:50 AM okhttp3.mockwebserver.MockWebServer$3 processOneRequest
INFO: MockWebServer[46456] received request: GET /apis/entando.org/v1/namespaces/default/entandokeycloakservers HTTP/1.1 and responded: HTTP/1.1 200 OK
Feb 19, 2021 8:47:50 AM org.entando.kubernetes.client.KubernetesRestInterceptor invoke
INFO: Entering method getNamespace in class org.entando.kubernetes.controller.support.client.EntandoResourceClient
Feb 19, 2021 8:47:50 AM org.entando.kubernetes.client.KubernetesRestInterceptor invoke
INFO: Exiting method getNamespace in class org.entando.kubernetes.controller.support.client.EntandoResourceClient
Feb 19, 2021 8:47:50 AM okhttp3.mockwebserver.MockWebServer$3 processOneRequest
INFO: MockWebServer[46456] received request: GET /apis/entando.org/v1/namespaces/entando-k8s-controller-coordinator-carcpr67/entandokeycloakservers HTTP/1.1 and responded: HTTP/1.1 200 OK
Feb 19, 2021 8:47:50 AM okhttp3.mockwebserver.MockWebServer$3 processOneRequest
INFO: MockWebServer[46456] received request: GET /apis/entando.org/v1/namespaces/entando-k8s-controller-coordinator-carcpr67/entandokeycloakservers?watch=**** HTTP/1.1 and responded: HTTP/1.1 200 OK
Feb 19, 2021 8:47:50 AM okhttp3.mockwebserver.MockWebServer$3 processOneRequest
INFO: MockWebServer[46456] received request: GET /apis/entando.org/v1/namespaces/entando-k8s-controller-coordinator-carcpr67/entandokeycloakservers?watch=**** HTTP/1.1 and responded: HTTP/1.1 200 OK
Feb 19, 2021 8:47:50 AM okhttp3.mockwebserver.MockWebServer$3 processOneRequest
INFO: MockWebServer[46456] received request: GET /apis/apiextensions.k8s.io/v1beta1/customresourcedefinitions/entandoclusterinfrastructures.entando.org HTTP/1.1 and responded: HTTP/1.1 404 Client Error
Feb 19, 2021 8:47:50 AM io.fabric8.kubernetes.client.dsl.internal.WatchHTTPManager$1 onResponse
INFO: Watch terminated unexpectedly. reason: \n not found: limit=46 content=7b2261706956657273696f6e223a227631222c226b696e64223a224c69737422â€¦
Feb 19, 2021 8:47:50 AM okhttp3.mockwebserver.MockWebServer$3 processOneRequest
INFO: MockWebServer[46456] received request: POST /apis/apiextensions.k8s.io/v1beta1/customresourcedefinitions HTTP/1.1 and responded: HTTP/1.1 202 OK
Feb 19, 2021 8:47:51 AM okhttp3.mockwebserver.MockWebServer$3 processOneRequest
INFO: MockWebServer[46456] received request: GET /api/v1/namespaces/entando-k8s-controller-coordinator-carcpr67 HTTP/1.1 and responded: HTTP/1.1 404 Client Error
Feb 19, 2021 8:47:51 AM okhttp3.mockwebserver.MockWebServer$3 processOneRequest
INFO: MockWebServer[46456] received request: GET /apis/entando.org/v1/namespaces/default/entandoclusterinfrastructures HTTP/1.1 and responded: HTTP/1.1 200 OK
Feb 19, 2021 8:47:51 AM okhttp3.mockwebserver.MockWebServer$3 processOneRequest
INFO: MockWebServer[46456] received request: GET /api/v1/namespaces/entando-k8s-controller-coordinator-carcpr67 HTTP/1.1 and responded: HTTP/1.1 404 Client Error
Feb 19, 2021 8:47:51 AM okhttp3.mockwebserver.MockWebServer$3 processOneRequest
INFO: MockWebServer[46456] received request: GET /apis/entando.org/v1/namespaces/default/entandoclusterinfrastructures HTTP/1.1 and responded: HTTP/1.1 200 OK
Feb 19, 2021 8:47:51 AM org.entando.kubernetes.client.KubernetesRestInterceptor invoke
INFO: Entering method getNamespace in class org.entando.kubernetes.controller.support.client.EntandoResourceClient
Feb 19, 2021 8:47:51 AM org.entando.kubernetes.client.KubernetesRestInterceptor invoke
INFO: Exiting method getNamespace in class org.entando.kubernetes.controller.support.client.EntandoResourceClient
Feb 19, 2021 8:47:51 AM okhttp3.mockwebserver.MockWebServer$3 processOneRequest
INFO: MockWebServer[46456] received request: GET /apis/entando.org/v1/namespaces/entando-k8s-controller-coordinator-carcpr67/entandoclusterinfrastructures HTTP/1.1 and responded: HTTP/1.1 200 OK
Feb 19, 2021 8:47:51 AM okhttp3.mockwebserver.MockWebServer$3 processOneRequest
INFO: MockWebServer[46456] received request: GET /apis/entando.org/v1/namespaces/entando-k8s-controller-coordinator-carcpr67/entandoclusterinfrastructures?watch=**** HTTP/1.1 and responded: HTTP/1.1 200 OK
Feb 19, 2021 8:47:51 AM okhttp3.mockwebserver.MockWebServer$3 processOneRequest
INFO: MockWebServer[46456] received request: GET /apis/apiextensions.k8s.io/v1beta1/customresourcedefinitions/entandoplugins.entando.org HTTP/1.1 and responded: HTTP/1.1 404 Client Error
Feb 19, 2021 8:47:51 AM okhttp3.mockwebserver.MockWebServer$3 processOneRequest
INFO: MockWebServer[46456] received request: GET /apis/entando.org/v1/namespaces/entando-k8s-controller-coordinator-carcpr67/entandoclusterinfrastructures?watch=**** HTTP/1.1 and responded: HTTP/1.1 200 OK
Feb 19, 2021 8:47:51 AM io.fabric8.kubernetes.client.dsl.internal.WatchHTTPManager$1 onResponse
INFO: Watch terminated unexpectedly. reason: \n not found: limit=46 content=7b2261706956657273696f6e223a227631222c226b696e64223a224c69737422â€¦
Feb 19, 2021 8:47:51 AM okhttp3.mockwebserver.MockWebServer$3 processOneRequest
INFO: MockWebServer[46456] received request: POST /apis/apiextensions.k8s.io/v1beta1/customresourcedefinitions HTTP/1.1 and responded: HTTP/1.1 202 OK
Feb 19, 2021 8:47:51 AM okhttp3.mockwebserver.MockWebServer$3 processOneRequest
INFO: MockWebServer[46456] received request: GET /api/v1/namespaces/entando-k8s-controller-coordinator-carcpr67 HTTP/1.1 and responded: HTTP/1.1 404 Client Error
Feb 19, 2021 8:47:51 AM okhttp3.mockwebserver.MockWebServer$3 processOneRequest
INFO: MockWebServer[46456] received request: GET /apis/entando.org/v1/namespaces/default/entandoplugins HTTP/1.1 and responded: HTTP/1.1 200 OK
Feb 19, 2021 8:47:51 AM okhttp3.mockwebserver.MockWebServer$3 processOneRequest
INFO: MockWebServer[46456] received request: GET /apis/entando.org/v1/namespaces/entando-k8s-controller-coordinator-carcpr67/entandokeycloakservers?watch=**** HTTP/1.1 and responded: HTTP/1.1 200 OK
Feb 19, 2021 8:47:51 AM okhttp3.mockwebserver.MockWebServer$3 processOneRequest
INFO: MockWebServer[46456] received request: GET /api/v1/namespaces/entando-k8s-controller-coordinator-carcpr67 HTTP/1.1 and responded: HTTP/1.1 404 Client Error
Feb 19, 2021 8:47:52 AM io.fabric8.kubernetes.client.dsl.internal.WatchHTTPManager$1 onResponse
INFO: Watch terminated unexpectedly. reason: \n not found: limit=46 content=7b2261706956657273696f6e223a227631222c226b696e64223a224c69737422â€¦
Feb 19, 2021 8:47:52 AM okhttp3.mockwebserver.MockWebServer$3 processOneRequest
INFO: MockWebServer[46456] received request: GET /apis/entando.org/v1/namespaces/default/entandoplugins HTTP/1.1 and responded: HTTP/1.1 200 OK
Feb 19, 2021 8:47:52 AM org.entando.kubernetes.client.KubernetesRestInterceptor invoke
INFO: Entering method getNamespace in class org.entando.kubernetes.controller.support.client.EntandoResourceClient
Feb 19, 2021 8:47:52 AM org.entando.kubernetes.client.KubernetesRestInterceptor invoke
INFO: Exiting method getNamespace in class org.entando.kubernetes.controller.support.client.EntandoResourceClient
Feb 19, 2021 8:47:52 AM okhttp3.mockwebserver.MockWebServer$3 processOneRequest
INFO: MockWebServer[46456] received request: GET /apis/entando.org/v1/namespaces/entando-k8s-controller-coordinator-carcpr67/entandoplugins HTTP/1.1 and responded: HTTP/1.1 200 OK
Feb 19, 2021 8:47:52 AM okhttp3.mockwebserver.MockWebServer$3 processOneRequest
INFO: MockWebServer[46456] received request: GET /apis/entando.org/v1/namespaces/entando-k8s-controller-coordinator-carcpr67/entandoplugins?watch=**** HTTP/1.1 and responded: HTTP/1.1 200 OK
Feb 19, 2021 8:47:52 AM okhttp3.mockwebserver.MockWebServer$3 processOneRequest
INFO: MockWebServer[46456] received request: GET /apis/apiextensions.k8s.io/v1beta1/customresourcedefinitions/entandocompositeapps.entando.org HTTP/1.1 and responded: HTTP/1.1 404 Client Error
Feb 19, 2021 8:47:52 AM io.fabric8.kubernetes.client.dsl.internal.WatchHTTPManager$1 onResponse
INFO: Watch terminated unexpectedly. reason: \n not found: limit=46 content=7b2261706956657273696f6e223a227631222c226b696e64223a224c69737422â€¦
Feb 19, 2021 8:47:52 AM okhttp3.mockwebserver.MockWebServer$3 processOneRequest
INFO: MockWebServer[46456] received request: GET /apis/entando.org/v1/namespaces/entando-k8s-controller-coordinator-carcpr67/entandoplugins?watch=**** HTTP/1.1 and responded: HTTP/1.1 200 OK
Feb 19, 2021 8:47:52 AM okhttp3.mockwebserver.MockWebServer$3 processOneRequest
INFO: MockWebServer[46456] received request: POST /apis/apiextensions.k8s.io/v1beta1/customresourcedefinitions HTTP/1.1 and responded: HTTP/1.1 202 OK
Feb 19, 2021 8:47:52 AM okhttp3.mockwebserver.MockWebServer$3 processOneRequest
INFO: MockWebServer[46456] received request: GET /api/v1/namespaces/entando-k8s-controller-coordinator-carcpr67 HTTP/1.1 and responded: HTTP/1.1 404 Client Error
Feb 19, 2021 8:47:52 AM okhttp3.mockwebserver.MockWebServer$3 processOneRequest
INFO: MockWebServer[46456] received request: GET /apis/entando.org/v1/namespaces/default/entandocompositeapps HTTP/1.1 and responded: HTTP/1.1 200 OK
Feb 19, 2021 8:47:52 AM okhttp3.mockwebserver.MockWebServer$3 processOneRequest
INFO: MockWebServer[46456] received request: GET /api/v1/namespaces/entando-k8s-controller-coordinator-carcpr67 HTTP/1.1 and responded: HTTP/1.1 404 Client Error
Feb 19, 2021 8:47:52 AM okhttp3.mockwebserver.MockWebServer$3 processOneRequest
INFO: MockWebServer[46456] received request: GET /apis/entando.org/v1/namespaces/entando-k8s-controller-coordinator-carcpr67/entandoclusterinfrastructures?watch=**** HTTP/1.1 and responded: HTTP/1.1 200 OK
Feb 19, 2021 8:47:52 AM io.fabric8.kubernetes.client.dsl.internal.WatchHTTPManager$1 onResponse
INFO: Watch terminated unexpectedly. reason: \n not found: limit=46 content=7b2261706956657273696f6e223a227631222c226b696e64223a224c69737422â€¦
Feb 19, 2021 8:47:52 AM okhttp3.mockwebserver.MockWebServer$3 processOneRequest
INFO: MockWebServer[46456] received request: GET /apis/entando.org/v1/namespaces/default/entandocompositeapps HTTP/1.1 and responded: HTTP/1.1 200 OK
Feb 19, 2021 8:47:52 AM org.entando.kubernetes.client.KubernetesRestInterceptor invoke
INFO: Entering method getNamespace in class org.entando.kubernetes.controller.support.client.EntandoResourceClient
Feb 19, 2021 8:47:52 AM org.entando.kubernetes.client.KubernetesRestInterceptor invoke
INFO: Exiting method getNamespace in class org.entando.kubernetes.controller.support.client.EntandoResourceClient
Feb 19, 2021 8:47:52 AM okhttp3.mockwebserver.MockWebServer$3 processOneRequest
INFO: MockWebServer[46456] received request: GET /apis/entando.org/v1/namespaces/entando-k8s-controller-coordinator-carcpr67/entandocompositeapps HTTP/1.1 and responded: HTTP/1.1 200 OK
Feb 19, 2021 8:47:52 AM okhttp3.mockwebserver.MockWebServer$3 processOneRequest
INFO: MockWebServer[46456] received request: GET /apis/entando.org/v1/namespaces/entando-k8s-controller-coordinator-carcpr67/entandocompositeapps?watch=**** HTTP/1.1 and responded: HTTP/1.1 200 OK
Feb 19, 2021 8:47:52 AM okhttp3.mockwebserver.MockWebServer$3 processOneRequest
INFO: MockWebServer[46456] received request: GET /apis/entando.org/v1/namespaces/entando-k8s-controller-coordinator-carcpr67/entandocompositeapps?watch=**** HTTP/1.1 and responded: HTTP/1.1 200 OK
Feb 19, 2021 8:47:52 AM okhttp3.mockwebserver.MockWebServer$3 processOneRequest
INFO: MockWebServer[46456] received request: GET /apis/apiextensions.k8s.io/v1beta1/customresourcedefinitions/entandodatabaseservices.entando.org HTTP/1.1 and responded: HTTP/1.1 404 Client Error
Feb 19, 2021 8:47:53 AM io.fabric8.kubernetes.client.dsl.internal.WatchHTTPManager$1 onResponse
INFO: Watch terminated unexpectedly. reason: \n not found: limit=46 content=7b2261706956657273696f6e223a227631222c226b696e64223a224c69737422â€¦
Feb 19, 2021 8:47:53 AM okhttp3.mockwebserver.MockWebServer$3 processOneRequest
INFO: MockWebServer[46456] received request: POST /apis/apiextensions.k8s.io/v1beta1/customresourcedefinitions HTTP/1.1 and responded: HTTP/1.1 202 OK
Feb 19, 2021 8:47:53 AM okhttp3.mockwebserver.MockWebServer$3 processOneRequest
INFO: MockWebServer[46456] received request: GET /api/v1/namespaces/entando-k8s-controller-coordinator-carcpr67 HTTP/1.1 and responded: HTTP/1.1 404 Client Error
Feb 19, 2021 8:47:53 AM okhttp3.mockwebserver.MockWebServer$3 processOneRequest
INFO: MockWebServer[46456] received request: GET /apis/entando.org/v1/namespaces/default/entandodatabaseservices HTTP/1.1 and responded: HTTP/1.1 200 OK
Feb 19, 2021 8:47:53 AM okhttp3.mockwebserver.MockWebServer$3 processOneRequest
INFO: MockWebServer[46456] received request: GET /api/v1/namespaces/entando-k8s-controller-coordinator-carcpr67 HTTP/1.1 and responded: HTTP/1.1 404 Client Error
Feb 19, 2021 8:47:53 AM okhttp3.mockwebserver.MockWebServer$3 processOneRequest
INFO: MockWebServer[46456] received request: GET /apis/entando.org/v1/namespaces/entando-k8s-controller-coordinator-carcpr67/entandoplugins?watch=**** HTTP/1.1 and responded: HTTP/1.1 200 OK
Feb 19, 2021 8:47:53 AM io.fabric8.kubernetes.client.dsl.internal.WatchHTTPManager$1 onResponse
INFO: Watch terminated unexpectedly. reason: \n not found: limit=46 content=7b2261706956657273696f6e223a227631222c226b696e64223a224c69737422â€¦
Feb 19, 2021 8:47:53 AM okhttp3.mockwebserver.MockWebServer$3 processOneRequest
INFO: MockWebServer[46456] received request: GET /apis/entando.org/v1/namespaces/default/entandodatabaseservices HTTP/1.1 and responded: HTTP/1.1 200 OK
Feb 19, 2021 8:47:53 AM org.entando.kubernetes.client.KubernetesRestInterceptor invoke
INFO: Entering method getNamespace in class org.entando.kubernetes.controller.support.client.EntandoResourceClient
Feb 19, 2021 8:47:53 AM org.entando.kubernetes.client.KubernetesRestInterceptor invoke
INFO: Exiting method getNamespace in class org.entando.kubernetes.controller.support.client.EntandoResourceClient
Feb 19, 2021 8:47:53 AM okhttp3.mockwebserver.MockWebServer$3 processOneRequest
INFO: MockWebServer[46456] received request: GET /apis/entando.org/v1/namespaces/entando-k8s-controller-coordinator-carcpr67/entandodatabaseservices HTTP/1.1 and responded: HTTP/1.1 200 OK
Feb 19, 2021 8:47:53 AM okhttp3.mockwebserver.MockWebServer$3 processOneRequest
INFO: MockWebServer[46456] received request: GET /apis/entando.org/v1/namespaces/entando-k8s-controller-coordinator-carcpr67/entandodatabaseservices?watch=**** HTTP/1.1 and responded: HTTP/1.1 200 OK
Feb 19, 2021 8:47:53 AM okhttp3.mockwebserver.MockWebServer$3 processOneRequest
INFO: MockWebServer[46456] received request: GET /apis/entando.org/v1/namespaces/entando-k8s-controller-coordinator-carcpr67/entandodatabaseservices?watch=**** HTTP/1.1 and responded: HTTP/1.1 200 OK
Feb 19, 2021 8:47:53 AM okhttp3.mockwebserver.MockWebServer$3 processOneRequest
INFO: MockWebServer[46456] received request: GET /apis/apiextensions.k8s.io/v1beta1/customresourcedefinitions/entandoapps.entando.org HTTP/1.1 and responded: HTTP/1.1 404 Client Error
Feb 19, 2021 8:47:53 AM io.fabric8.kubernetes.client.dsl.internal.WatchHTTPManager$1 onResponse
INFO: Watch terminated unexpectedly. reason: \n not found: limit=46 content=7b2261706956657273696f6e223a227631222c226b696e64223a224c69737422â€¦
Feb 19, 2021 8:47:53 AM okhttp3.mockwebserver.MockWebServer$3 processOneRequest
INFO: MockWebServer[46456] received request: POST /apis/apiextensions.k8s.io/v1beta1/customresourcedefinitions HTTP/1.1 and responded: HTTP/1.1 202 OK
Feb 19, 2021 8:47:53 AM okhttp3.mockwebserver.MockWebServer$3 processOneRequest
INFO: MockWebServer[46456] received request: GET /api/v1/namespaces/entando-k8s-controller-coordinator-carcpr67 HTTP/1.1 and responded: HTTP/1.1 404 Client Error
Feb 19, 2021 8:47:53 AM okhttp3.mockwebserver.MockWebServer$3 processOneRequest
INFO: MockWebServer[46456] received request: GET /apis/entando.org/v1/namespaces/default/entandoapps HTTP/1.1 and responded: HTTP/1.1 200 OK
Feb 19, 2021 8:47:53 AM okhttp3.mockwebserver.MockWebServer$3 processOneRequest
INFO: MockWebServer[46456] received request: GET /api/v1/namespaces/entando-k8s-controller-coordinator-carcpr67 HTTP/1.1 and responded: HTTP/1.1 404 Client Error
Feb 19, 2021 8:47:54 AM okhttp3.mockwebserver.MockWebServer$3 processOneRequest
INFO: MockWebServer[46456] received request: GET /apis/entando.org/v1/namespaces/default/entandoapps HTTP/1.1 and responded: HTTP/1.1 200 OK
Feb 19, 2021 8:47:54 AM okhttp3.mockwebserver.MockWebServer$3 processOneRequest
INFO: MockWebServer[46456] received request: GET /apis/entando.org/v1/namespaces/entando-k8s-controller-coordinator-carcpr67/entandokeycloakservers?watch=**** HTTP/1.1 and responded: HTTP/1.1 200 OK
Feb 19, 2021 8:47:54 AM io.fabric8.kubernetes.client.dsl.internal.WatchHTTPManager$1 onResponse
INFO: Watch terminated unexpectedly. reason: \n not found: limit=46 content=7b2261706956657273696f6e223a227631222c226b696e64223a224c69737422â€¦
Feb 19, 2021 8:47:54 AM org.entando.kubernetes.client.KubernetesRestInterceptor invoke
INFO: Entering method getNamespace in class org.entando.kubernetes.controller.support.client.EntandoResourceClient
Feb 19, 2021 8:47:54 AM org.entando.kubernetes.client.KubernetesRestInterceptor invoke
INFO: Exiting method getNamespace in class org.entando.kubernetes.controller.support.client.EntandoResourceClient
Feb 19, 2021 8:47:54 AM okhttp3.mockwebserver.MockWebServer$3 processOneRequest
INFO: MockWebServer[46456] received request: GET /apis/entando.org/v1/namespaces/entando-k8s-controller-coordinator-carcpr67/entandocompositeapps?watch=**** HTTP/1.1 and responded: HTTP/1.1 200 OK
Feb 19, 2021 8:47:54 AM okhttp3.mockwebserver.MockWebServer$3 processOneRequest
INFO: MockWebServer[46456] received request: GET /apis/entando.org/v1/namespaces/entando-k8s-controller-coordinator-carcpr67/entandoapps HTTP/1.1 and responded: HTTP/1.1 200 OK
Feb 19, 2021 8:47:54 AM io.fabric8.kubernetes.client.dsl.internal.WatchHTTPManager$1 onResponse
INFO: Watch terminated unexpectedly. reason: \n not found: limit=46 content=7b2261706956657273696f6e223a227631222c226b696e64223a224c69737422â€¦
Feb 19, 2021 8:47:54 AM okhttp3.mockwebserver.MockWebServer$3 processOneRequest
INFO: MockWebServer[46456] received request: GET /apis/entando.org/v1/namespaces/entando-k8s-controller-coordinator-carcpr67/entandoapps?watch=**** HTTP/1.1 and responded: HTTP/1.1 200 OK
Feb 19, 2021 8:47:54 AM okhttp3.mockwebserver.MockWebServer$3 processOneRequest
INFO: MockWebServer[46456] received request: GET /apis/entando.org/v1/namespaces/entando-k8s-controller-coordinator-carcpr67/entandoapps?watch=**** HTTP/1.1 and responded: HTTP/1.1 200 OK
Feb 19, 2021 8:47:54 AM io.fabric8.kubernetes.client.dsl.internal.WatchHTTPManager$1 onResponse
INFO: Watch terminated unexpectedly. reason: \n not found: limit=46 content=7b2261706956657273696f6e223a227631222c226b696e64223a224c69737422â€¦
Feb 19, 2021 8:47:54 AM okhttp3.mockwebserver.MockWebServer$3 processOneRequest
INFO: MockWebServer[46456] received request: GET /apis/apiextensions.k8s.io/v1beta1/customresourcedefinitions/entandoapppluginlinks.entando.org HTTP/1.1 and responded: HTTP/1.1 404 Client Error
Feb 19, 2021 8:47:54 AM okhttp3.mockwebserver.MockWebServer$3 processOneRequest
INFO: MockWebServer[46456] received request: POST /apis/apiextensions.k8s.io/v1beta1/customresourcedefinitions HTTP/1.1 and responded: HTTP/1.1 202 OK
Feb 19, 2021 8:47:54 AM okhttp3.mockwebserver.MockWebServer$3 processOneRequest
INFO: MockWebServer[46456] received request: GET /api/v1/namespaces/entando-k8s-controller-coordinator-carcpr67 HTTP/1.1 and responded: HTTP/1.1 404 Client Error
Feb 19, 2021 8:47:54 AM okhttp3.mockwebserver.MockWebServer$3 processOneRequest
INFO: MockWebServer[46456] received request: GET /apis/entando.org/v1/namespaces/default/entandoapppluginlinks HTTP/1.1 and responded: HTTP/1.1 200 OK
Feb 19, 2021 8:47:54 AM okhttp3.mockwebserver.MockWebServer$3 processOneRequest
INFO: MockWebServer[46456] received request: GET /api/v1/namespaces/entando-k8s-controller-coordinator-carcpr67 HTTP/1.1 and responded: HTTP/1.1 404 Client Error
Feb 19, 2021 8:47:54 AM okhttp3.mockwebserver.MockWebServer$3 processOneRequest
INFO: MockWebServer[46456] received request: GET /apis/entando.org/v1/namespaces/default/entandoapppluginlinks HTTP/1.1 and responded: HTTP/1.1 200 OK
Feb 19, 2021 8:47:54 AM okhttp3.mockwebserver.MockWebServer$3 processOneRequest
INFO: MockWebServer[46456] received request: GET /apis/entando.org/v1/namespaces/entando-k8s-controller-coordinator-carcpr67/entandoclusterinfrastructures?watch=**** HTTP/1.1 and responded: HTTP/1.1 200 OK
Feb 19, 2021 8:47:54 AM io.fabric8.kubernetes.client.dsl.internal.WatchHTTPManager$1 onResponse
INFO: Watch terminated unexpectedly. reason: \n not found: limit=46 content=7b2261706956657273696f6e223a227631222c226b696e64223a224c69737422â€¦
Feb 19, 2021 8:47:54 AM org.entando.kubernetes.client.KubernetesRestInterceptor invoke
INFO: Entering method getNamespace in class org.entando.kubernetes.controller.support.client.EntandoResourceClient
Feb 19, 2021 8:47:54 AM org.entando.kubernetes.client.KubernetesRestInterceptor invoke
INFO: Exiting method getNamespace in class org.entando.kubernetes.controller.support.client.EntandoResourceClient
Feb 19, 2021 8:47:54 AM okhttp3.mockwebserver.MockWebServer$3 processOneRequest
INFO: MockWebServer[46456] received request: GET /apis/entando.org/v1/namespaces/entando-k8s-controller-coordinator-carcpr67/entandodatabaseservices?watch=**** HTTP/1.1 and responded: HTTP/1.1 200 OK
Feb 19, 2021 8:47:54 AM io.fabric8.kubernetes.client.dsl.internal.WatchHTTPManager$1 onResponse
INFO: Watch terminated unexpectedly. reason: \n not found: limit=46 content=7b2261706956657273696f6e223a227631222c226b696e64223a224c69737422â€¦
Feb 19, 2021 8:47:54 AM okhttp3.mockwebserver.MockWebServer$3 processOneRequest
INFO: MockWebServer[46456] received request: GET /apis/entando.org/v1/namespaces/entando-k8s-controller-coordinator-carcpr67/entandoapppluginlinks HTTP/1.1 and responded: HTTP/1.1 200 OK
Feb 19, 2021 8:47:54 AM okhttp3.mockwebserver.MockWebServer$3 processOneRequest
INFO: MockWebServer[46456] received request: GET /apis/entando.org/v1/namespaces/entando-k8s-controller-coordinator-carcpr67/entandoapppluginlinks?watch=**** HTTP/1.1 and responded: HTTP/1.1 200 OK
Feb 19, 2021 8:47:54 AM okhttp3.mockwebserver.MockWebServer$3 processOneRequest
INFO: MockWebServer[46456] received request: GET /apis/entando.org/v1/namespaces/entando-k8s-controller-coordinator-carcpr67/entandoapppluginlinks?watch=**** HTTP/1.1 and responded: HTTP/1.1 200 OK
Feb 19, 2021 8:47:54 AM okhttp3.mockwebserver.MockWebServer$3 processOneRequest
INFO: MockWebServer[46456] received request: GET /apis/apiextensions.k8s.io/v1beta1/customresourcedefinitions/entandodebundles.entando.org HTTP/1.1 and responded: HTTP/1.1 404 Client Error
Feb 19, 2021 8:47:54 AM io.fabric8.kubernetes.client.dsl.internal.WatchHTTPManager$1 onResponse
INFO: Watch terminated unexpectedly. reason: \n not found: limit=46 content=7b2261706956657273696f6e223a227631222c226b696e64223a224c69737422â€¦
Feb 19, 2021 8:47:54 AM okhttp3.mockwebserver.MockWebServer$3 processOneRequest
INFO: MockWebServer[46456] received request: POST /apis/apiextensions.k8s.io/v1beta1/customresourcedefinitions HTTP/1.1 and responded: HTTP/1.1 202 OK
Feb 19, 2021 8:47:55 AM okhttp3.mockwebserver.MockWebServer$3 processOneRequest
INFO: MockWebServer[46456] received request: GET /api/v1/namespaces/entando-k8s-controller-coordinator-carcpr67 HTTP/1.1 and responded: HTTP/1.1 404 Client Error
Feb 19, 2021 8:47:55 AM okhttp3.mockwebserver.MockWebServer$3 processOneRequest
INFO: MockWebServer[46456] received request: GET /apis/entando.org/v1/namespaces/default/entandodebundles HTTP/1.1 and responded: HTTP/1.1 200 OK
Feb 19, 2021 8:47:55 AM okhttp3.mockwebserver.MockWebServer$3 processOneRequest
INFO: MockWebServer[46456] received request: GET /api/v1/namespaces/entando-k8s-controller-coordinator-carcpr67 HTTP/1.1 and responded: HTTP/1.1 404 Client Error
Feb 19, 2021 8:47:55 AM okhttp3.mockwebserver.MockWebServer$3 processOneRequest
INFO: MockWebServer[46456] received request: GET /apis/entando.org/v1/namespaces/default/entandodebundles HTTP/1.1 and responded: HTTP/1.1 200 OK
Feb 19, 2021 8:47:55 AM org.entando.kubernetes.client.KubernetesRestInterceptor invoke
INFO: Entering method getNamespace in class org.entando.kubernetes.controller.support.client.EntandoResourceClient
Feb 19, 2021 8:47:55 AM org.entando.kubernetes.client.KubernetesRestInterceptor invoke
INFO: Exiting method getNamespace in class org.entando.kubernetes.controller.support.client.EntandoResourceClient
Feb 19, 2021 8:47:55 AM okhttp3.mockwebserver.MockWebServer$3 processOneRequest
INFO: MockWebServer[46456] received request: GET /apis/entando.org/v1/namespaces/entando-k8s-controller-coordinator-carcpr67/entandoapps?watch=**** HTTP/1.1 and responded: HTTP/1.1 200 OK
Feb 19, 2021 8:47:55 AM io.fabric8.kubernetes.client.dsl.internal.WatchHTTPManager$1 onResponse
INFO: Watch terminated unexpectedly. reason: \n not found: limit=46 content=7b2261706956657273696f6e223a227631222c226b696e64223a224c69737422â€¦
Feb 19, 2021 8:47:55 AM okhttp3.mockwebserver.MockWebServer$3 processOneRequest
INFO: MockWebServer[46456] received request: GET /apis/entando.org/v1/namespaces/entando-k8s-controller-coordinator-carcpr67/entandoplugins?watch=**** HTTP/1.1 and responded: HTTP/1.1 200 OK
Feb 19, 2021 8:47:55 AM io.fabric8.kubernetes.client.dsl.internal.WatchHTTPManager$1 onResponse
INFO: Watch terminated unexpectedly. reason: \n not found: limit=46 content=7b2261706956657273696f6e223a227631222c226b696e64223a224c69737422â€¦
Feb 19, 2021 8:47:55 AM okhttp3.mockwebserver.MockWebServer$3 processOneRequest
INFO: MockWebServer[46456] received request: GET /apis/entando.org/v1/namespaces/entando-k8s-controller-coordinator-carcpr67/entandodebundles HTTP/1.1 and responded: HTTP/1.1 200 OK
Feb 19, 2021 8:47:55 AM okhttp3.mockwebserver.MockWebServer$3 processOneRequest
INFO: MockWebServer[46456] received request: GET /apis/entando.org/v1/namespaces/entando-k8s-controller-coordinator-carcpr67/entandodebundles?watch=**** HTTP/1.1 and responded: HTTP/1.1 200 OK
Feb 19, 2021 8:47:55 AM okhttp3.mockwebserver.MockWebServer$3 processOneRequest
INFO: MockWebServer[46456] received request: GET /apis/entando.org/v1/namespaces/entando-k8s-controller-coordinator-carcpr67/entandodebundles?watch=**** HTTP/1.1 and responded: HTTP/1.1 200 OK
Feb 19, 2021 8:47:55 AM okhttp3.mockwebserver.MockWebServer$3 processOneRequest
INFO: MockWebServer[46456] received request: GET /api/v1/namespaces/entando-k8s-controller-coordinator-carcpr67 HTTP/1.1 and responded: HTTP/1.1 404 Client Error
Feb 19, 2021 8:47:55 AM io.fabric8.kubernetes.client.dsl.internal.WatchHTTPManager$1 onResponse
INFO: Watch terminated unexpectedly. reason: \n not found: limit=46 content=7b2261706956657273696f6e223a227631222c226b696e64223a224c69737422â€¦
Feb 19, 2021 8:47:55 AM okhttp3.mockwebserver.MockWebServer$3 processOneRequest
INFO: MockWebServer[46456] received request: POST /api/v1/namespaces HTTP/1.1 and responded: HTTP/1.1 202 OK
Feb 19, 2021 8:47:55 AM okhttp3.mockwebserver.MockWebServer$3 processOneRequest
INFO: MockWebServer[46456] received request: GET /api/v1/namespaces/entando/configmaps/entando-docker-image-info-v6.3 HTTP/1.1 and responded: HTTP/1.1 404 Client Error
Feb 19, 2021 8:47:55 AM okhttp3.mockwebserver.MockWebServer$3 processOneRequest
INFO: MockWebServer[46456] received request: POST /api/v1/namespaces/entando/configmaps HTTP/1.1 and responded: HTTP/1.1 202 OK
Feb 19, 2021 8:47:55 AM okhttp3.mockwebserver.MockWebServer$3 processOneRequest
INFO: MockWebServer[46456] received request: GET /api/v1/namespaces/entando-k8s-controller-coordinator-carcpr67 HTTP/1.1 and responded: HTTP/1.1 200 OK
Feb 19, 2021 8:47:55 AM okhttp3.mockwebserver.MockWebServer$3 processOneRequest
INFO: MockWebServer[46456] received request: GET /apis/entando.org/v1/namespaces/entando-k8s-controller-coordinator-carcpr67/entandokeycloakservers HTTP/1.1 and responded: HTTP/1.1 200 OK
Feb 19, 2021 8:47:55 AM okhttp3.mockwebserver.MockWebServer$3 processOneRequest
INFO: MockWebServer[46456] received request: GET /apis/entando.org/v1/namespaces/entando-k8s-controller-coordinator-carcpr67/entandoapppluginlinks?watch=**** HTTP/1.1 and responded: HTTP/1.1 200 OK
Feb 19, 2021 8:47:55 AM io.fabric8.kubernetes.client.dsl.internal.WatchHTTPManager$1 onResponse
INFO: Watch terminated unexpectedly. reason: \n not found: limit=46 content=7b2261706956657273696f6e223a227631222c226b696e64223a224c69737422â€¦
Feb 19, 2021 8:47:56 AM okhttp3.mockwebserver.MockWebServer$3 processOneRequest
INFO: MockWebServer[46456] received request: GET /api/v1/namespaces/entando-k8s-controller-coordinator-carcpr67 HTTP/1.1 and responded: HTTP/1.1 200 OK
Feb 19, 2021 8:47:56 AM okhttp3.mockwebserver.MockWebServer$3 processOneRequest
INFO: MockWebServer[46456] received request: GET /apis/entando.org/v1/namespaces/entando-k8s-controller-coordinator-carcpr67/entandokeycloakservers HTTP/1.1 and responded: HTTP/1.1 200 OK
Feb 19, 2021 8:47:56 AM okhttp3.mockwebserver.MockWebServer$3 processOneRequest
INFO: MockWebServer[46456] received request: GET /apis/entando.org/v1/namespaces/entando-k8s-controller-coordinator-carcpr67/entandocompositeapps?watch=**** HTTP/1.1 and responded: HTTP/1.1 200 OK
Feb 19, 2021 8:47:56 AM io.fabric8.kubernetes.client.dsl.internal.WatchHTTPManager$1 onResponse
INFO: Watch terminated unexpectedly. reason: \n not found: limit=46 content=7b2261706956657273696f6e223a227631222c226b696e64223a224c69737422â€¦
Feb 19, 2021 8:47:56 AM okhttp3.mockwebserver.MockWebServer$3 processOneRequest
INFO: MockWebServer[46456] received request: POST /apis/entando.org/v1/namespaces/entando-k8s-controller-coordinator-carcpr67/entandokeycloakservers HTTP/1.1 and responded: HTTP/1.1 202 OK
Feb 19, 2021 8:47:56 AM org.entando.kubernetes.controller.coordinator.EntandoResourceObserver logResource
WARNING: EntandoKeycloakServer entando-k8s-controller-coordinator-carcpr67/test-keycloak has a new resource version: 1
Feb 19, 2021 8:47:56 AM org.entando.kubernetes.controller.coordinator.EntandoResourceObserver logResource
WARNING: EntandoKeycloakServer entando-k8s-controller-coordinator-carcpr67/test-keycloak is a top level resource
Feb 19, 2021 8:47:56 AM org.entando.kubernetes.controller.coordinator.EntandoResourceObserver logResource
WARNING: EntandoKeycloakServer entando-k8s-controller-coordinator-carcpr67/test-keycloak is processed after a metadata.generation increment.
Feb 19, 2021 8:47:56 AM org.entando.kubernetes.controller.coordinator.EntandoResourceObserver logResource
INFO: Received ADDED for the EntandoKeycloakServer entando-k8s-controller-coordinator-carcpr67/test-keycloak
Feb 19, 2021 8:47:56 AM org.entando.kubernetes.client.KubernetesRestInterceptor invoke
INFO: Entering method getNamespace in class org.entando.kubernetes.controller.support.client.EntandoResourceClient
Feb 19, 2021 8:47:56 AM org.entando.kubernetes.client.KubernetesRestInterceptor invoke
INFO: Exiting method getNamespace in class org.entando.kubernetes.controller.support.client.EntandoResourceClient
Feb 19, 2021 8:47:56 AM org.entando.kubernetes.client.KubernetesRestInterceptor invoke
INFO: Entering method loadDockerImageInfoConfigMap in class org.entando.kubernetes.controller.support.client.EntandoResourceClient
Feb 19, 2021 8:47:56 AM okhttp3.mockwebserver.MockWebServer$3 processOneRequest
INFO: MockWebServer[46456] received request: GET /api/v1/namespaces/entando/configmaps/entando-docker-image-info-v6.3 HTTP/1.1 and responded: HTTP/1.1 200 OK
Feb 19, 2021 8:47:56 AM org.entando.kubernetes.client.KubernetesRestInterceptor invoke
INFO: Exiting method loadDockerImageInfoConfigMap in class org.entando.kubernetes.controller.support.client.EntandoResourceClient
Feb 19, 2021 8:47:56 AM org.entando.kubernetes.client.KubernetesRestInterceptor invoke
INFO: Entering method removeAndWait in class org.entando.kubernetes.controller.support.client.PodClient with entando-k8s-controller-coordinator-carcpr67,{EntandoKeycloakServer=test-keycloak, EntandoResourceKind=EntandoKeycloakServer, EntandoResourceNamespace=entando-k8s-controller-coordinator-carcpr67}
Feb 19, 2021 8:47:56 AM okhttp3.mockwebserver.MockWebServer$3 processOneRequest
INFO: MockWebServer[46456] received request: GET /api/v1/namespaces/entando-k8s-controller-coordinator-carcpr67/pods?labelSelector=EntandoResourceNamespace%3Dentando-k8s-controller-coordinator-carcpr67%2CEntandoResourceKind%3DEntandoKeycloakServer%2CEntandoKeycloakServer%3Dtest-keycloak HTTP/1.1 and responded: HTTP/1.1 200 OK
Feb 19, 2021 8:47:56 AM okhttp3.mockwebserver.MockWebServer$3 processOneRequest
INFO: MockWebServer[46456] received request: GET /api/v1/namespaces/entando-k8s-controller-coordinator-carcpr67/pods?labelSelector=EntandoResourceKind%3DEntandoKeycloakServer HTTP/1.1 and responded: HTTP/1.1 200 OK
Feb 19, 2021 8:47:56 AM okhttp3.mockwebserver.MockWebServer$3 processOneRequest
INFO: MockWebServer[46456] received request: GET /apis/entando.org/v1/namespaces/entando-k8s-controller-coordinator-carcpr67/entandodebundles?watch=**** HTTP/1.1 and responded: HTTP/1.1 200 OK
Feb 19, 2021 8:47:56 AM io.fabric8.kubernetes.client.dsl.internal.WatchHTTPManager$1 onResponse
INFO: Watch terminated unexpectedly. reason: \n not found: limit=46 content=7b2261706956657273696f6e223a227631222c226b696e64223a224c69737422â€¦
Feb 19, 2021 8:47:56 AM okhttp3.mockwebserver.MockWebServer$3 processOneRequest
INFO: MockWebServer[46456] received request: GET /api/v1/namespaces/entando-k8s-controller-coordinator-carcpr67/pods?labelSelector=EntandoResourceNamespace%3Dentando-k8s-controller-coordinator-carcpr67%2CEntandoResourceKind%3DEntandoKeycloakServer%2CEntandoKeycloakServer%3Dtest-keycloak&watch=**** HTTP/1.1 and responded: HTTP/1.1 200 OK
Feb 19, 2021 8:47:56 AM okhttp3.mockwebserver.MockWebServer$3 processOneRequest
INFO: MockWebServer[46456] received request: GET /apis/entando.org/v1/namespaces/entando-k8s-controller-coordinator-carcpr67/entandodatabaseservices?watch=**** HTTP/1.1 and responded: HTTP/1.1 200 OK
Feb 19, 2021 8:47:56 AM io.fabric8.kubernetes.client.dsl.internal.WatchHTTPManager$1 onResponse
INFO: Watch terminated unexpectedly. reason: \n not found: limit=46 content=7b2261706956657273696f6e223a227631222c226b696e64223a224c69737422â€¦
Feb 19, 2021 8:47:56 AM okhttp3.mockwebserver.MockWebServer$3 processOneRequest
INFO: MockWebServer[46456] received request: GET /api/v1/namespaces/entando-k8s-controller-coordinator-carcpr67/pods?labelSelector=EntandoResourceNamespace%3Dentando-k8s-controller-coordinator-carcpr67%2CEntandoResourceKind%3DEntandoKeycloakServer%2CEntandoKeycloakServer%3Dtest-keycloak HTTP/1.1 and responded: HTTP/1.1 200 OK
Feb 19, 2021 8:47:56 AM okhttp3.mockwebserver.MockWebServer$3 processOneRequest
INFO: MockWebServer[46456] received request: GET /api/v1/namespaces/entando-k8s-controller-coordinator-carcpr67/pods?labelSelector=EntandoResourceNamespace%3Dentando-k8s-controller-coordinator-carcpr67%2CEntandoResourceKind%3DEntandoKeycloakServer%2CEntandoKeycloakServer%3Dtest-keycloak&watch=**** HTTP/1.1 and responded: HTTP/1.1 200 OK
Feb 19, 2021 8:47:56 AM io.fabric8.kubernetes.client.dsl.internal.WatchHTTPManager$1 onResponse
INFO: Watch terminated unexpectedly. reason: \n not found: limit=46 content=7b2261706956657273696f6e223a227631222c226b696e64223a224c69737422â€¦
Feb 19, 2021 8:47:56 AM okhttp3.mockwebserver.MockWebServer$3 processOneRequest
INFO: MockWebServer[46456] received request: GET /api/v1/namespaces/entando-k8s-controller-coordinator-carcpr67/pods?labelSelector=EntandoResourceNamespace%3Dentando-k8s-controller-coordinator-carcpr67%2CEntandoResourceKind%3DEntandoKeycloakServer%2CEntandoKeycloakServer%3Dtest-keycloak HTTP/1.1 and responded: HTTP/1.1 200 OK
Feb 19, 2021 8:47:56 AM okhttp3.mockwebserver.MockWebServer$3 processOneRequest
INFO: MockWebServer[46456] received request: GET /api/v1/namespaces/entando-k8s-controller-coordinator-carcpr67/pods?labelSelector=EntandoResourceKind%3DEntandoKeycloakServer HTTP/1.1 and responded: HTTP/1.1 200 OK
Feb 19, 2021 8:47:57 AM okhttp3.mockwebserver.MockWebServer$3 processOneRequest
INFO: MockWebServer[46456] received request: GET /api/v1/namespaces/entando-k8s-controller-coordinator-carcpr67/pods?labelSelector=EntandoResourceKind%3DEntandoKeycloakServer HTTP/1.1 and responded: HTTP/1.1 200 OK
Feb 19, 2021 8:47:57 AM okhttp3.mockwebserver.MockWebServer$3 processOneRequest
INFO: MockWebServer[46456] received request: GET /api/v1/namespaces/entando-k8s-controller-coordinator-carcpr67/pods?labelSelector=EntandoResourceKind%3DEntandoKeycloakServer HTTP/1.1 and responded: HTTP/1.1 200 OK
Feb 19, 2021 8:47:57 AM okhttp3.mockwebserver.MockWebServer$3 processOneRequest
INFO: MockWebServer[46456] received request: GET /api/v1/namespaces/entando-k8s-controller-coordinator-carcpr67/pods?labelSelector=EntandoResourceKind%3DEntandoKeycloakServer HTTP/1.1 and responded: HTTP/1.1 200 OK
Feb 19, 2021 8:47:57 AM okhttp3.mockwebserver.MockWebServer$3 processOneRequest
INFO: MockWebServer[46456] received request: GET /apis/entando.org/v1/namespaces/entando-k8s-controller-coordinator-carcpr67/entandoapps?watch=**** HTTP/1.1 and responded: HTTP/1.1 200 OK
Feb 19, 2021 8:47:57 AM io.fabric8.kubernetes.client.dsl.internal.WatchHTTPManager$1 onResponse
INFO: Watch terminated unexpectedly. reason: \n not found: limit=46 content=7b2261706956657273696f6e223a227631222c226b696e64223a224c69737422â€¦
Feb 19, 2021 8:47:57 AM okhttp3.mockwebserver.MockWebServer$3 processOneRequest
INFO: MockWebServer[46456] received request: GET /api/v1/namespaces/entando-k8s-controller-coordinator-carcpr67/pods?labelSelector=EntandoResourceKind%3DEntandoKeycloakServer HTTP/1.1 and responded: HTTP/1.1 200 OK
Feb 19, 2021 8:47:57 AM okhttp3.mockwebserver.MockWebServer$3 processOneRequest
INFO: MockWebServer[46456] received request: GET /api/v1/namespaces/entando-k8s-controller-coordinator-carcpr67/pods?labelSelector=EntandoResourceKind%3DEntandoKeycloakServer HTTP/1.1 and responded: HTTP/1.1 200 OK
Feb 19, 2021 8:47:57 AM okhttp3.mockwebserver.MockWebServer$3 processOneRequest
INFO: MockWebServer[46456] received request: GET /api/v1/namespaces/entando-k8s-controller-coordinator-carcpr67/pods?labelSelector=EntandoResourceKind%3DEntandoKeycloakServer HTTP/1.1 and responded: HTTP/1.1 200 OK
Feb 19, 2021 8:47:57 AM org.entando.kubernetes.client.KubernetesRestInterceptor invoke
INFO: Exiting method removeAndWait in class org.entando.kubernetes.controller.support.client.PodClient
Feb 19, 2021 8:47:57 AM org.entando.kubernetes.client.KubernetesRestInterceptor invoke
INFO: Entering method overwriteControllerSecret in class org.entando.kubernetes.controller.support.client.SecretClient with Secret: null/test-keycloak-controller-ca-cert-secret
Feb 19, 2021 8:47:57 AM okhttp3.mockwebserver.MockWebServer$3 processOneRequest
INFO: MockWebServer[46456] received request: GET /api/v1/namespaces/entando-k8s-controller-coordinator-carcpr67/pods?labelSelector=EntandoResourceNamespace%3Dentando-k8s-controller-coordinator-carcpr67%2CEntandoResourceKind%3DEntandoKeycloakServer%2CEntandoKeycloakServer%3Dtest-keycloak&watch=**** HTTP/1.1 and responded: HTTP/1.1 200 OK
Feb 19, 2021 8:47:57 AM okhttp3.mockwebserver.MockWebServer$3 processOneRequest
INFO: MockWebServer[46456] received request: GET /api/v1/namespaces/entando-k8s-controller-coordinator-carcpr67/secrets/test-keycloak-controller-ca-cert-secret HTTP/1.1 and responded: HTTP/1.1 404 Client Error
Feb 19, 2021 8:47:57 AM io.fabric8.kubernetes.client.dsl.internal.WatchHTTPManager$1 onResponse
INFO: Watch terminated unexpectedly. reason: \n not found: limit=46 content=7b2261706956657273696f6e223a227631222c226b696e64223a224c69737422â€¦
Feb 19, 2021 8:47:57 AM io.fabric8.kubernetes.client.dsl.internal.WatchHTTPManager scheduleReconnect
WARN: Ignoring error for already closed/closing connection
Feb 19, 2021 8:47:57 AM okhttp3.mockwebserver.MockWebServer$3 processOneRequest
INFO: MockWebServer[46456] received request: GET /api/v1/namespaces/entando-k8s-controller-coordinator-carcpr67/pods?labelSelector=EntandoResourceKind%3DEntandoKeycloakServer HTTP/1.1 and responded: HTTP/1.1 200 OK
Feb 19, 2021 8:47:57 AM okhttp3.mockwebserver.MockWebServer$3 processOneRequest
INFO: MockWebServer[46456] received request: POST /api/v1/namespaces/entando-k8s-controller-coordinator-carcpr67/secrets HTTP/1.1 and responded: HTTP/1.1 202 OK
Feb 19, 2021 8:47:58 AM org.entando.kubernetes.client.KubernetesRestInterceptor invoke
INFO: Exiting method overwriteControllerSecret in class org.entando.kubernetes.controller.support.client.SecretClient
Feb 19, 2021 8:47:58 AM org.entando.kubernetes.client.KubernetesRestInterceptor invoke
INFO: Entering method start in class org.entando.kubernetes.controller.support.client.PodClient with Pod: entando-k8s-controller-coordinator-carcpr67/test-keycloak-deployer-3421
Feb 19, 2021 8:47:58 AM okhttp3.mockwebserver.MockWebServer$3 processOneRequest
INFO: MockWebServer[46456] received request: GET /apis/entando.org/v1/namespaces/entando-k8s-controller-coordinator-carcpr67/entandoapppluginlinks?watch=**** HTTP/1.1 and responded: HTTP/1.1 200 OK
Feb 19, 2021 8:47:58 AM io.fabric8.kubernetes.client.dsl.internal.WatchHTTPManager$1 onResponse
INFO: Watch terminated unexpectedly. reason: \n not found: limit=46 content=7b2261706956657273696f6e223a227631222c226b696e64223a224c69737422â€¦
Feb 19, 2021 8:47:58 AM okhttp3.mockwebserver.MockWebServer$3 processOneRequest
INFO: MockWebServer[46456] received request: POST /api/v1/namespaces/entando-k8s-controller-coordinator-carcpr67/pods HTTP/1.1 and responded: HTTP/1.1 202 OK
Feb 19, 2021 8:47:58 AM okhttp3.mockwebserver.MockWebServer$3 processOneRequest
INFO: MockWebServer[46456] received request: GET /apis/entando.org/v1/namespaces/entando-k8s-controller-coordinator-carcpr67/entandokeycloakservers?watch=**** HTTP/1.1 and responded: HTTP/1.1 200 OK
Feb 19, 2021 8:47:58 AM okhttp3.mockwebserver.MockWebServer$3 processOneRequest
INFO: MockWebServer[46456] received request: GET /api/v1/namespaces/entando-k8s-controller-coordinator-carcpr67/pods?labelSelector=EntandoResourceKind%3DEntandoKeycloakServer HTTP/1.1 and responded: HTTP/1.1 200 OK
Feb 19, 2021 8:47:58 AM org.entando.kubernetes.client.KubernetesRestInterceptor invoke
INFO: Exiting method start in class org.entando.kubernetes.controller.support.client.PodClient
Feb 19, 2021 8:47:58 AM io.fabric8.kubernetes.client.dsl.internal.WatchHTTPManager$1 onResponse
INFO: Watch terminated unexpectedly. reason: \n not found: limit=282 content=7b2261706956657273696f6e223a227631222c226b696e64223a224c69737422â€¦
Feb 19, 2021 8:47:58 AM okhttp3.mockwebserver.MockWebServer$3 processOneRequest
INFO: MockWebServer[46456] received request: GET /api/v1/namespaces/entando-k8s-controller-coordinator-carcpr67/pods?labelSelector=EntandoResourceKind%3DEntandoKeycloakServer HTTP/1.1 and responded: HTTP/1.1 200 OK
Feb 19, 2021 8:47:58 AM okhttp3.mockwebserver.MockWebServer$2 acceptConnections
INFO: MockWebServer[46456] done accepting connections: Socket closed
Feb 19, 2021 8:47:58 AM okhttp3.mockwebserver.MockWebServer$2 e**cute
INFO: MockWebServer[45530] starting to accept connections
Feb 19, 2021 8:47:58 AM okhttp3.mockwebserver.MockWebServer$3 processOneRequest
INFO: MockWebServer[45530] received request: GET /api/v1/namespaces/entando-k8s-controller-coordinator-carcpr67 HTTP/1.1 and responded: HTTP/1.1 404 Client Error
Feb 19, 2021 8:47:58 AM okhttp3.mockwebserver.MockWebServer$3 processOneRequest
INFO: MockWebServer[45530] received request: GET /apis/entando.org/v1/namespaces/default/entandokeycloakservers HTTP/1.1 and responded: HTTP/1.1 200 OK
Feb 19, 2021 8:47:58 AM okhttp3.mockwebserver.MockWebServer$3 processOneRequest
INFO: MockWebServer[45530] received request: GET /api/v1/namespaces/entando-k8s-controller-coordinator-carcpr67 HTTP/1.1 and responded: HTTP/1.1 404 Client Error
Feb 19, 2021 8:47:58 AM okhttp3.mockwebserver.MockWebServer$3 processOneRequest
INFO: MockWebServer[45530] received request: GET /apis/entando.org/v1/namespaces/default/entandokeycloakservers HTTP/1.1 and responded: HTTP/1.1 200 OK
Feb 19, 2021 8:47:58 AM io.fabric8.kubernetes.client.dsl.internal.WatchHTTPManager$1 onFailure
INFO: Watch connection failed. reason: e**cutor rejected
Feb 19, 2021 8:47:58 AM okhttp3.mockwebserver.MockWebServer$3 processOneRequest
INFO: MockWebServer[45530] received request: GET /apis/entando.org/v1/namespaces/entando-k8s-controller-coordinator-carcpr67/entandokeycloakservers HTTP/1.1 and responded: HTTP/1.1 200 OK
Feb 19, 2021 8:47:58 AM io.fabric8.kubernetes.client.dsl.internal.WatchHTTPManager$1 onFailure
INFO: Watch connection failed. reason: e**cutor rejected
Feb 19, 2021 8:47:58 AM okhttp3.mockwebserver.MockWebServer$3 processOneRequest
INFO: MockWebServer[45530] received request: GET /apis/entando.org/v1/namespaces/entando-k8s-controller-coordinator-carcpr67/entandokeycloakservers?watch=**** HTTP/1.1 and responded: HTTP/1.1 200 OK
Feb 19, 2021 8:47:58 AM okhttp3.mockwebserver.MockWebServer$3 processOneRequest
INFO: MockWebServer[45530] received request: GET /apis/entando.org/v1/namespaces/entando-k8s-controller-coordinator-carcpr67/entandokeycloakservers?watch=**** HTTP/1.1 and responded: HTTP/1.1 200 OK
Feb 19, 2021 8:47:58 AM okhttp3.mockwebserver.MockWebServer$3 processOneRequest
INFO: MockWebServer[45530] received request: GET /api/v1/namespaces/entando-k8s-controller-coordinator-carcpr67 HTTP/1.1 and responded: HTTP/1.1 404 Client Error
Feb 19, 2021 8:47:58 AM io.fabric8.kubernetes.client.dsl.internal.WatchHTTPManager$1 onResponse
INFO: Watch terminated unexpectedly. reason: \n not found: limit=46 content=7b2261706956657273696f6e223a227631222c226b696e64223a224c69737422â€¦
Feb 19, 2021 8:47:58 AM okhttp3.mockwebserver.MockWebServer$3 processOneRequest
INFO: MockWebServer[45530] received request: GET /apis/entando.org/v1/namespaces/default/entandoclusterinfrastructures HTTP/1.1 and responded: HTTP/1.1 200 OK
Feb 19, 2021 8:47:58 AM okhttp3.mockwebserver.MockWebServer$3 processOneRequest
INFO: MockWebServer[45530] received request: GET /api/v1/namespaces/entando-k8s-controller-coordinator-carcpr67 HTTP/1.1 and responded: HTTP/1.1 404 Client Error
Feb 19, 2021 8:47:59 AM okhttp3.mockwebserver.MockWebServer$3 processOneRequest
INFO: MockWebServer[45530] received request: GET /apis/entando.org/v1/namespaces/default/entandoclusterinfrastructures HTTP/1.1 and responded: HTTP/1.1 200 OK
Feb 19, 2021 8:47:59 AM okhttp3.mockwebserver.MockWebServer$3 processOneRequest
INFO: MockWebServer[45530] received request: GET /apis/entando.org/v1/namespaces/entando-k8s-controller-coordinator-carcpr67/entandoclusterinfrastructures HTTP/1.1 and responded: HTTP/1.1 200 OK
Feb 19, 2021 8:47:59 AM okhttp3.mockwebserver.MockWebServer$3 processOneRequest
INFO: MockWebServer[45530] received request: GET /apis/entando.org/v1/namespaces/entando-k8s-controller-coordinator-carcpr67/entandoclusterinfrastructures?watch=**** HTTP/1.1 and responded: HTTP/1.1 200 OK
Feb 19, 2021 8:47:59 AM okhttp3.mockwebserver.MockWebServer$3 processOneRequest
INFO: MockWebServer[45530] received request: GET /api/v1/namespaces/entando-k8s-controller-coordinator-carcpr67 HTTP/1.1 and responded: HTTP/1.1 404 Client Error
Feb 19, 2021 8:47:59 AM okhttp3.mockwebserver.MockWebServer$3 processOneRequest
INFO: MockWebServer[45530] received request: GET /apis/entando.org/v1/namespaces/entando-k8s-controller-coordinator-carcpr67/entandoclusterinfrastructures?watch=**** HTTP/1.1 and responded: HTTP/1.1 200 OK
Feb 19, 2021 8:47:59 AM okhttp3.mockwebserver.MockWebServer$3 processOneRequest
INFO: MockWebServer[45530] received request: GET /apis/entando.org/v1/namespaces/default/entandoplugins HTTP/1.1 and responded: HTTP/1.1 200 OK
Feb 19, 2021 8:47:59 AM io.fabric8.kubernetes.client.dsl.internal.WatchHTTPManager$1 onResponse
INFO: Watch terminated unexpectedly. reason: \n not found: limit=46 content=7b2261706956657273696f6e223a227631222c226b696e64223a224c69737422â€¦
Feb 19, 2021 8:47:59 AM io.fabric8.kubernetes.client.dsl.internal.WatchHTTPManager$1 onFailure
INFO: Watch connection failed. reason: e**cutor rejected
Feb 19, 2021 8:47:59 AM okhttp3.mockwebserver.MockWebServer$3 processOneRequest
INFO: MockWebServer[45530] received request: GET /api/v1/namespaces/entando-k8s-controller-coordinator-carcpr67 HTTP/1.1 and responded: HTTP/1.1 404 Client Error
Feb 19, 2021 8:47:59 AM okhttp3.mockwebserver.MockWebServer$3 processOneRequest
INFO: MockWebServer[45530] received request: GET /apis/entando.org/v1/namespaces/default/entandoplugins HTTP/1.1 and responded: HTTP/1.1 200 OK
Feb 19, 2021 8:47:59 AM okhttp3.mockwebserver.MockWebServer$3 processOneRequest
INFO: MockWebServer[45530] received request: GET /apis/entando.org/v1/namespaces/entando-k8s-controller-coordinator-carcpr67/entandoplugins HTTP/1.1 and responded: HTTP/1.1 200 OK
Feb 19, 2021 8:47:59 AM okhttp3.mockwebserver.MockWebServer$3 processOneRequest
INFO: MockWebServer[45530] received request: GET /apis/entando.org/v1/namespaces/entando-k8s-controller-coordinator-carcpr67/entandoplugins?watch=**** HTTP/1.1 and responded: HTTP/1.1 200 OK
Feb 19, 2021 8:47:59 AM okhttp3.mockwebserver.MockWebServer$3 processOneRequest
INFO: MockWebServer[45530] received request: GET /api/v1/namespaces/entando-k8s-controller-coordinator-carcpr67 HTTP/1.1 and responded: HTTP/1.1 404 Client Error
Feb 19, 2021 8:47:59 AM okhttp3.mockwebserver.MockWebServer$3 processOneRequest
INFO: MockWebServer[45530] received request: GET /apis/entando.org/v1/namespaces/entando-k8s-controller-coordinator-carcpr67/entandoplugins?watch=**** HTTP/1.1 and responded: HTTP/1.1 200 OK
Feb 19, 2021 8:47:59 AM io.fabric8.kubernetes.client.dsl.internal.WatchHTTPManager$1 onResponse
INFO: Watch terminated unexpectedly. reason: \n not found: limit=46 content=7b2261706956657273696f6e223a227631222c226b696e64223a224c69737422â€¦
Feb 19, 2021 8:47:59 AM okhttp3.mockwebserver.MockWebServer$3 processOneRequest
INFO: MockWebServer[45530] received request: GET /apis/entando.org/v1/namespaces/default/entandocompositeapps HTTP/1.1 and responded: HTTP/1.1 200 OK
Feb 19, 2021 8:47:59 AM io.fabric8.kubernetes.client.dsl.internal.WatchHTTPManager$1 onResponse
INFO: Watch terminated unexpectedly. reason: \n not found: limit=46 content=7b2261706956657273696f6e223a227631222c226b696e64223a224c69737422â€¦
Feb 19, 2021 8:47:59 AM okhttp3.mockwebserver.MockWebServer$3 processOneRequest
INFO: MockWebServer[45530] received request: GET /api/v1/namespaces/entando-k8s-controller-coordinator-carcpr67 HTTP/1.1 and responded: HTTP/1.1 404 Client Error
Feb 19, 2021 8:47:59 AM okhttp3.mockwebserver.MockWebServer$3 processOneRequest
INFO: MockWebServer[45530] received request: GET /apis/entando.org/v1/namespaces/entando-k8s-controller-coordinator-carcpr67/entandokeycloakservers?watch=**** HTTP/1.1 and responded: HTTP/1.1 200 OK
Feb 19, 2021 8:48:00 AM okhttp3.mockwebserver.MockWebServer$3 processOneRequest
INFO: MockWebServer[45530] received request: GET /apis/entando.org/v1/namespaces/default/entandocompositeapps HTTP/1.1 and responded: HTTP/1.1 200 OK
Feb 19, 2021 8:48:00 AM okhttp3.mockwebserver.MockWebServer$3 processOneRequest
INFO: MockWebServer[45530] received request: GET /apis/entando.org/v1/namespaces/entando-k8s-controller-coordinator-carcpr67/entandocompositeapps HTTP/1.1 and responded: HTTP/1.1 200 OK
Feb 19, 2021 8:48:00 AM io.fabric8.kubernetes.client.dsl.internal.WatchHTTPManager$1 onFailure
INFO: Watch connection failed. reason: e**cutor rejected
Feb 19, 2021 8:48:00 AM okhttp3.mockwebserver.MockWebServer$3 processOneRequest
INFO: MockWebServer[45530] received request: GET /apis/entando.org/v1/namespaces/entando-k8s-controller-coordinator-carcpr67/entandocompositeapps?watch=**** HTTP/1.1 and responded: HTTP/1.1 200 OK
Feb 19, 2021 8:48:00 AM okhttp3.mockwebserver.MockWebServer$3 processOneRequest
INFO: MockWebServer[45530] received request: GET /apis/entando.org/v1/namespaces/entando-k8s-controller-coordinator-carcpr67/entandocompositeapps?watch=**** HTTP/1.1 and responded: HTTP/1.1 200 OK
Feb 19, 2021 8:48:00 AM okhttp3.mockwebserver.MockWebServer$3 processOneRequest
INFO: MockWebServer[45530] received request: GET /api/v1/namespaces/entando-k8s-controller-coordinator-carcpr67 HTTP/1.1 and responded: HTTP/1.1 404 Client Error
Feb 19, 2021 8:48:00 AM io.fabric8.kubernetes.client.dsl.internal.WatchHTTPManager$1 onResponse
INFO: Watch terminated unexpectedly. reason: \n not found: limit=46 content=7b2261706956657273696f6e223a227631222c226b696e64223a224c69737422â€¦
Feb 19, 2021 8:48:00 AM okhttp3.mockwebserver.MockWebServer$3 processOneRequest
INFO: MockWebServer[45530] received request: GET /apis/entando.org/v1/namespaces/default/entandodatabaseservices HTTP/1.1 and responded: HTTP/1.1 200 OK
Feb 19, 2021 8:48:00 AM io.fabric8.kubernetes.client.dsl.internal.WatchHTTPManager$1 onResponse
INFO: Watch terminated unexpectedly. reason: \n not found: limit=46 content=7b2261706956657273696f6e223a227631222c226b696e64223a224c69737422â€¦
Feb 19, 2021 8:48:00 AM okhttp3.mockwebserver.MockWebServer$3 processOneRequest
INFO: MockWebServer[45530] received request: GET /apis/entando.org/v1/namespaces/entando-k8s-controller-coordinator-carcpr67/entandoclusterinfrastructures?watch=**** HTTP/1.1 and responded: HTTP/1.1 200 OK
Feb 19, 2021 8:48:00 AM okhttp3.mockwebserver.MockWebServer$3 processOneRequest
INFO: MockWebServer[45530] received request: GET /api/v1/namespaces/entando-k8s-controller-coordinator-carcpr67 HTTP/1.1 and responded: HTTP/1.1 404 Client Error
Feb 19, 2021 8:48:00 AM okhttp3.mockwebserver.MockWebServer$3 processOneRequest
INFO: MockWebServer[45530] received request: GET /apis/entando.org/v1/namespaces/default/entandodatabaseservices HTTP/1.1 and responded: HTTP/1.1 200 OK
Feb 19, 2021 8:48:00 AM okhttp3.mockwebserver.MockWebServer$3 processOneRequest
INFO: MockWebServer[45530] received request: GET /apis/entando.org/v1/namespaces/entando-k8s-controller-coordinator-carcpr67/entandodatabaseservices HTTP/1.1 and responded: HTTP/1.1 200 OK
Feb 19, 2021 8:48:00 AM okhttp3.mockwebserver.MockWebServer$3 processOneRequest
INFO: MockWebServer[45530] received request: GET /apis/entando.org/v1/namespaces/entando-k8s-controller-coordinator-carcpr67/entandodatabaseservices?watch=**** HTTP/1.1 and responded: HTTP/1.1 200 OK
Feb 19, 2021 8:48:00 AM okhttp3.mockwebserver.MockWebServer$3 processOneRequest
INFO: MockWebServer[45530] received request: GET /api/v1/namespaces/entando-k8s-controller-coordinator-carcpr67 HTTP/1.1 and responded: HTTP/1.1 404 Client Error
Feb 19, 2021 8:48:00 AM okhttp3.mockwebserver.MockWebServer$3 processOneRequest
INFO: MockWebServer[45530] received request: GET /apis/entando.org/v1/namespaces/entando-k8s-controller-coordinator-carcpr67/entandodatabaseservices?watch=**** HTTP/1.1 and responded: HTTP/1.1 200 OK
Feb 19, 2021 8:48:00 AM io.fabric8.kubernetes.client.dsl.internal.WatchHTTPManager$1 onResponse
INFO: Watch terminated unexpectedly. reason: \n not found: limit=46 content=7b2261706956657273696f6e223a227631222c226b696e64223a224c69737422â€¦
Feb 19, 2021 8:48:00 AM okhttp3.mockwebserver.MockWebServer$3 processOneRequest
INFO: MockWebServer[45530] received request: GET /apis/entando.org/v1/namespaces/default/entandoapps HTTP/1.1 and responded: HTTP/1.1 200 OK
Feb 19, 2021 8:48:00 AM io.fabric8.kubernetes.client.dsl.internal.WatchHTTPManager$1 onFailure
INFO: Watch connection failed. reason: e**cutor rejected
Feb 19, 2021 8:48:00 AM okhttp3.mockwebserver.MockWebServer$3 processOneRequest
INFO: MockWebServer[45530] received request: GET /api/v1/namespaces/entando-k8s-controller-coordinator-carcpr67 HTTP/1.1 and responded: HTTP/1.1 404 Client Error
Feb 19, 2021 8:48:00 AM okhttp3.mockwebserver.MockWebServer$3 processOneRequest
INFO: MockWebServer[45530] received request: GET /apis/entando.org/v1/namespaces/entando-k8s-controller-coordinator-carcpr67/entandoplugins?watch=**** HTTP/1.1 and responded: HTTP/1.1 200 OK
Feb 19, 2021 8:48:00 AM okhttp3.mockwebserver.MockWebServer$3 processOneRequest
INFO: MockWebServer[45530] received request: GET /apis/entando.org/v1/namespaces/default/entandoapps HTTP/1.1 and responded: HTTP/1.1 200 OK
Feb 19, 2021 8:48:00 AM io.fabric8.kubernetes.client.dsl.internal.WatchHTTPManager$1 onResponse
INFO: Watch terminated unexpectedly. reason: \n not found: limit=46 content=7b2261706956657273696f6e223a227631222c226b696e64223a224c69737422â€¦
Feb 19, 2021 8:48:00 AM okhttp3.mockwebserver.MockWebServer$3 processOneRequest
INFO: MockWebServer[45530] received request: GET /apis/entando.org/v1/namespaces/entando-k8s-controller-coordinator-carcpr67/entandoapps HTTP/1.1 and responded: HTTP/1.1 200 OK
Feb 19, 2021 8:48:01 AM okhttp3.mockwebserver.MockWebServer$3 processOneRequest
INFO: MockWebServer[45530] received request: GET /apis/entando.org/v1/namespaces/entando-k8s-controller-coordinator-carcpr67/entandoapps?watch=**** HTTP/1.1 and responded: HTTP/1.1 200 OK
Feb 19, 2021 8:48:01 AM okhttp3.mockwebserver.MockWebServer$3 processOneRequest
INFO: MockWebServer[45530] received request: GET /api/v1/namespaces/entando-k8s-controller-coordinator-carcpr67 HTTP/1.1 and responded: HTTP/1.1 404 Client Error
Feb 19, 2021 8:48:01 AM okhttp3.mockwebserver.MockWebServer$3 processOneRequest
INFO: MockWebServer[45530] received request: GET /apis/entando.org/v1/namespaces/entando-k8s-controller-coordinator-carcpr67/entandoapps?watch=**** HTTP/1.1 and responded: HTTP/1.1 200 OK
Feb 19, 2021 8:48:01 AM io.fabric8.kubernetes.client.dsl.internal.WatchHTTPManager$1 onResponse
INFO: Watch terminated unexpectedly. reason: \n not found: limit=46 content=7b2261706956657273696f6e223a227631222c226b696e64223a224c69737422â€¦
Feb 19, 2021 8:48:01 AM okhttp3.mockwebserver.MockWebServer$3 processOneRequest
INFO: MockWebServer[45530] received request: GET /apis/entando.org/v1/namespaces/default/entandoapppluginlinks HTTP/1.1 and responded: HTTP/1.1 200 OK
Feb 19, 2021 8:48:01 AM okhttp3.mockwebserver.MockWebServer$3 processOneRequest
INFO: MockWebServer[45530] received request: GET /api/v1/namespaces/entando-k8s-controller-coordinator-carcpr67 HTTP/1.1 and responded: HTTP/1.1 404 Client Error
Feb 19, 2021 8:48:01 AM okhttp3.mockwebserver.MockWebServer$3 processOneRequest
INFO: MockWebServer[45530] received request: GET /apis/entando.org/v1/namespaces/entando-k8s-controller-coordinator-carcpr67/entandocompositeapps?watch=**** HTTP/1.1 and responded: HTTP/1.1 200 OK
Feb 19, 2021 8:48:01 AM io.fabric8.kubernetes.client.dsl.internal.WatchHTTPManager$1 onResponse
INFO: Watch terminated unexpectedly. reason: \n not found: limit=46 content=7b2261706956657273696f6e223a227631222c226b696e64223a224c69737422â€¦
Feb 19, 2021 8:48:01 AM okhttp3.mockwebserver.MockWebServer$3 processOneRequest
INFO: MockWebServer[45530] received request: GET /apis/entando.org/v1/namespaces/default/entandoapppluginlinks HTTP/1.1 and responded: HTTP/1.1 200 OK
Feb 19, 2021 8:48:01 AM io.fabric8.kubernetes.client.dsl.internal.WatchHTTPManager$1 onFailure
INFO: Watch connection failed. reason: e**cutor rejected
Feb 19, 2021 8:48:01 AM okhttp3.mockwebserver.MockWebServer$3 processOneRequest
INFO: MockWebServer[45530] received request: GET /apis/entando.org/v1/namespaces/entando-k8s-controller-coordinator-carcpr67/entandoapppluginlinks HTTP/1.1 and responded: HTTP/1.1 200 OK
Feb 19, 2021 8:48:01 AM okhttp3.mockwebserver.MockWebServer$3 processOneRequest
INFO: MockWebServer[45530] received request: GET /apis/entando.org/v1/namespaces/entando-k8s-controller-coordinator-carcpr67/entandoapppluginlinks?watch=**** HTTP/1.1 and responded: HTTP/1.1 200 OK
Feb 19, 2021 8:48:01 AM okhttp3.mockwebserver.MockWebServer$3 processOneRequest
INFO: MockWebServer[45530] received request: GET /api/v1/namespaces/entando-k8s-controller-coordinator-carcpr67 HTTP/1.1 and responded: HTTP/1.1 404 Client Error
Feb 19, 2021 8:48:01 AM okhttp3.mockwebserver.MockWebServer$3 processOneRequest
INFO: MockWebServer[45530] received request: GET /apis/entando.org/v1/namespaces/entando-k8s-controller-coordinator-carcpr67/entandoapppluginlinks?watch=**** HTTP/1.1 and responded: HTTP/1.1 200 OK
Feb 19, 2021 8:48:01 AM io.fabric8.kubernetes.client.dsl.internal.WatchHTTPManager$1 onResponse
INFO: Watch terminated unexpectedly. reason: \n not found: limit=46 content=7b2261706956657273696f6e223a227631222c226b696e64223a224c69737422â€¦
Feb 19, 2021 8:48:01 AM okhttp3.mockwebserver.MockWebServer$3 processOneRequest
INFO: MockWebServer[45530] received request: GET /apis/entando.org/v1/namespaces/default/entandodebundles HTTP/1.1 and responded: HTTP/1.1 200 OK
Feb 19, 2021 8:48:01 AM okhttp3.mockwebserver.MockWebServer$3 processOneRequest
INFO: MockWebServer[45530] received request: GET /api/v1/namespaces/entando-k8s-controller-coordinator-carcpr67 HTTP/1.1 and responded: HTTP/1.1 404 Client Error
Feb 19, 2021 8:48:01 AM okhttp3.mockwebserver.MockWebServer$3 processOneRequest
INFO: MockWebServer[45530] received request: GET /apis/entando.org/v1/namespaces/entando-k8s-controller-coordinator-carcpr67/entandodatabaseservices?watch=**** HTTP/1.1 and responded: HTTP/1.1 200 OK
Feb 19, 2021 8:48:01 AM okhttp3.mockwebserver.MockWebServer$3 processOneRequest
INFO: MockWebServer[45530] received request: GET /apis/entando.org/v1/namespaces/default/entandodebundles HTTP/1.1 and responded: HTTP/1.1 200 OK
Feb 19, 2021 8:48:01 AM io.fabric8.kubernetes.client.dsl.internal.WatchHTTPManager$1 onResponse
INFO: Watch terminated unexpectedly. reason: \n not found: limit=46 content=7b2261706956657273696f6e223a227631222c226b696e64223a224c69737422â€¦
Feb 19, 2021 8:48:01 AM okhttp3.mockwebserver.MockWebServer$3 processOneRequest
INFO: MockWebServer[45530] received request: GET /apis/entando.org/v1/namespaces/entando-k8s-controller-coordinator-carcpr67/entandodebundles HTTP/1.1 and responded: HTTP/1.1 200 OK
Feb 19, 2021 8:48:01 AM okhttp3.mockwebserver.MockWebServer$3 processOneRequest
INFO: MockWebServer[45530] received request: GET /apis/entando.org/v1/namespaces/entando-k8s-controller-coordinator-carcpr67/entandokeycloakservers?watch=**** HTTP/1.1 and responded: HTTP/1.1 200 OK
Feb 19, 2021 8:48:01 AM io.fabric8.kubernetes.client.dsl.internal.WatchHTTPManager$1 onResponse
INFO: Watch terminated unexpectedly. reason: \n not found: limit=46 content=7b2261706956657273696f6e223a227631222c226b696e64223a224c69737422â€¦
Feb 19, 2021 8:48:02 AM okhttp3.mockwebserver.MockWebServer$3 processOneRequest
INFO: MockWebServer[45530] received request: GET /apis/entando.org/v1/namespaces/entando-k8s-controller-coordinator-carcpr67/entandodebundles?watch=**** HTTP/1.1 and responded: HTTP/1.1 200 OK
Feb 19, 2021 8:48:02 AM io.fabric8.kubernetes.client.dsl.internal.WatchHTTPManager$1 onFailure
INFO: Watch connection failed. reason: e**cutor rejected
Feb 19, 2021 8:48:02 AM okhttp3.mockwebserver.MockWebServer$3 processOneRequest
INFO: MockWebServer[45530] received request: GET /api/v1/namespaces/entando-k8s-controller-coordinator-carcpr67 HTTP/1.1 and responded: HTTP/1.1 404 Client Error
Feb 19, 2021 8:48:02 AM okhttp3.mockwebserver.MockWebServer$3 processOneRequest
INFO: MockWebServer[45530] received request: GET /apis/entando.org/v1/namespaces/entando-k8s-controller-coordinator-carcpr67/entandodebundles?watch=**** HTTP/1.1 and responded: HTTP/1.1 200 OK
Feb 19, 2021 8:48:02 AM io.fabric8.kubernetes.client.dsl.internal.WatchHTTPManager$1 onResponse
INFO: Watch terminated unexpectedly. reason: \n not found: limit=46 content=7b2261706956657273696f6e223a227631222c226b696e64223a224c69737422â€¦
Feb 19, 2021 8:48:02 AM okhttp3.mockwebserver.MockWebServer$3 processOneRequest
INFO: MockWebServer[45530] received request: POST /api/v1/namespaces HTTP/1.1 and responded: HTTP/1.1 202 OK
Feb 19, 2021 8:48:02 AM okhttp3.mockwebserver.MockWebServer$3 processOneRequest
INFO: MockWebServer[45530] received request: GET /apis/entando.org/v1/namespaces/entando-k8s-controller-coordinator-carcpr67/entandoapps?watch=**** HTTP/1.1 and responded: HTTP/1.1 200 OK
Feb 19, 2021 8:48:02 AM okhttp3.mockwebserver.MockWebServer$3 processOneRequest
INFO: MockWebServer[45530] received request: GET /api/v1/namespaces/entando/configmaps/entando-docker-image-info-v6.3 HTTP/1.1 and responded: HTTP/1.1 404 Client Error
Feb 19, 2021 8:48:02 AM io.fabric8.kubernetes.client.dsl.internal.WatchHTTPManager$1 onResponse
INFO: Watch terminated unexpectedly. reason: \n not found: limit=46 content=7b2261706956657273696f6e223a227631222c226b696e64223a224c69737422â€¦
Feb 19, 2021 8:48:02 AM okhttp3.mockwebserver.MockWebServer$3 processOneRequest
INFO: MockWebServer[45530] received request: POST /api/v1/namespaces/entando/configmaps HTTP/1.1 and responded: HTTP/1.1 202 OK
Feb 19, 2021 8:48:02 AM okhttp3.mockwebserver.MockWebServer$3 processOneRequest
INFO: MockWebServer[45530] received request: GET /api/v1/namespaces/entando-k8s-controller-coordinator-carcpr67 HTTP/1.1 and responded: HTTP/1.1 200 OK
Feb 19, 2021 8:48:02 AM okhttp3.mockwebserver.MockWebServer$3 processOneRequest
INFO: MockWebServer[45530] received request: GET /apis/entando.org/v1/namespaces/entando-k8s-controller-coordinator-carcpr67/entandoclusterinfrastructures?watch=**** HTTP/1.1 and responded: HTTP/1.1 200 OK
Feb 19, 2021 8:48:02 AM io.fabric8.kubernetes.client.dsl.internal.WatchHTTPManager$1 onResponse
INFO: Watch terminated unexpectedly. reason: \n not found: limit=46 content=7b2261706956657273696f6e223a227631222c226b696e64223a224c69737422â€¦
Feb 19, 2021 8:48:02 AM okhttp3.mockwebserver.MockWebServer$3 processOneRequest
INFO: MockWebServer[45530] received request: GET /apis/entando.org/v1/namespaces/entando-k8s-controller-coordinator-carcpr67/entandokeycloakservers HTTP/1.1 and responded: HTTP/1.1 200 OK
Feb 19, 2021 8:48:02 AM okhttp3.mockwebserver.MockWebServer$3 processOneRequest
INFO: MockWebServer[45530] received request: GET /api/v1/namespaces/entando-k8s-controller-coordinator-carcpr67 HTTP/1.1 and responded: HTTP/1.1 200 OK
Feb 19, 2021 8:48:02 AM io.fabric8.kubernetes.client.dsl.internal.WatchHTTPManager$1 onFailure
INFO: Watch connection failed. reason: e**cutor rejected
Feb 19, 2021 8:48:02 AM okhttp3.mockwebserver.MockWebServer$3 processOneRequest
INFO: MockWebServer[45530] received request: GET /apis/entando.org/v1/namespaces/entando-k8s-controller-coordinator-carcpr67/entandokeycloakservers HTTP/1.1 and responded: HTTP/1.1 200 OK
Feb 19, 2021 8:48:02 AM okhttp3.mockwebserver.MockWebServer$3 processOneRequest
INFO: MockWebServer[45530] received request: GET /apis/entando.org/v1/namespaces/entando-k8s-controller-coordinator-carcpr67/entandoapppluginlinks?watch=**** HTTP/1.1 and responded: HTTP/1.1 200 OK
Feb 19, 2021 8:48:02 AM okhttp3.mockwebserver.MockWebServer$3 processOneRequest
INFO: MockWebServer[45530] received request: POST /apis/entando.org/v1/namespaces/entando-k8s-controller-coordinator-carcpr67/entandokeycloakservers HTTP/1.1 and responded: HTTP/1.1 202 OK
Feb 19, 2021 8:48:02 AM io.fabric8.kubernetes.client.dsl.internal.WatchHTTPManager$1 onResponse
INFO: Watch terminated unexpectedly. reason: \n not found: limit=46 content=7b2261706956657273696f6e223a227631222c226b696e64223a224c69737422â€¦
Feb 19, 2021 8:48:02 AM org.entando.kubernetes.controller.coordinator.EntandoResourceObserver logResource
WARNING: EntandoKeycloakServer entando-k8s-controller-coordinator-carcpr67/test-keycloak has a new resource version: 1
Feb 19, 2021 8:48:02 AM org.entando.kubernetes.controller.coordinator.EntandoResourceObserver logResource
WARNING: EntandoKeycloakServer entando-k8s-controller-coordinator-carcpr67/test-keycloak is a top level resource
Feb 19, 2021 8:48:02 AM org.entando.kubernetes.controller.coordinator.EntandoResourceObserver logResource
WARNING: EntandoKeycloakServer entando-k8s-controller-coordinator-carcpr67/test-keycloak is processed after a metadata.generation increment.
Feb 19, 2021 8:48:02 AM org.entando.kubernetes.controller.coordinator.EntandoResourceObserver logResource
INFO: Received ADDED for the EntandoKeycloakServer entando-k8s-controller-coordinator-carcpr67/test-keycloak
Feb 19, 2021 8:48:02 AM org.entando.kubernetes.client.KubernetesRestInterceptor invoke
INFO: Entering method getNamespace in class org.entando.kubernetes.controller.support.client.EntandoResourceClient
Feb 19, 2021 8:48:02 AM org.entando.kubernetes.client.KubernetesRestInterceptor invoke
INFO: Exiting method getNamespace in class org.entando.kubernetes.controller.support.client.EntandoResourceClient
Feb 19, 2021 8:48:02 AM org.entando.kubernetes.client.KubernetesRestInterceptor invoke
INFO: Entering method loadDockerImageInfoConfigMap in class org.entando.kubernetes.controller.support.client.EntandoResourceClient
Feb 19, 2021 8:48:02 AM okhttp3.mockwebserver.MockWebServer$3 processOneRequest
INFO: MockWebServer[45530] received request: GET /api/v1/namespaces/entando/configmaps/entando-docker-image-info-v6.3 HTTP/1.1 and responded: HTTP/1.1 200 OK
Feb 19, 2021 8:48:02 AM org.entando.kubernetes.client.KubernetesRestInterceptor invoke
INFO: Exiting method loadDockerImageInfoConfigMap in class org.entando.kubernetes.controller.support.client.EntandoResourceClient
Feb 19, 2021 8:48:02 AM org.entando.kubernetes.client.KubernetesRestInterceptor invoke
INFO: Entering method removeAndWait in class org.entando.kubernetes.controller.support.client.PodClient with entando-k8s-controller-coordinator-carcpr67,{EntandoKeycloakServer=test-keycloak, EntandoResourceKind=EntandoKeycloakServer, EntandoResourceNamespace=entando-k8s-controller-coordinator-carcpr67}
Feb 19, 2021 8:48:02 AM okhttp3.mockwebserver.MockWebServer$3 processOneRequest
INFO: MockWebServer[45530] received request: GET /apis/entando.org/v1/namespaces/entando-k8s-controller-coordinator-carcpr67/entandoplugins?watch=**** HTTP/1.1 and responded: HTTP/1.1 200 OK
Feb 19, 2021 8:48:02 AM okhttp3.mockwebserver.MockWebServer$3 processOneRequest
INFO: MockWebServer[45530] received request: GET /api/v1/namespaces/entando-k8s-controller-coordinator-carcpr67/pods?labelSelector=EntandoResourceNamespace%3Dentando-k8s-controller-coordinator-carcpr67%2CEntandoResourceKind%3DEntandoKeycloakServer%2CEntandoKeycloakServer%3Dtest-keycloak HTTP/1.1 and responded: HTTP/1.1 200 OK
Feb 19, 2021 8:48:02 AM okhttp3.mockwebserver.MockWebServer$3 processOneRequest
INFO: MockWebServer[45530] received request: GET /api/v1/namespaces/entando-k8s-controller-coordinator-carcpr67/pods?labelSelector=EntandoResourceKind%3DEntandoKeycloakServer HTTP/1.1 and responded: HTTP/1.1 200 OK
Feb 19, 2021 8:48:02 AM io.fabric8.kubernetes.client.dsl.internal.WatchHTTPManager$1 onResponse
INFO: Watch terminated unexpectedly. reason: \n not found: limit=46 content=7b2261706956657273696f6e223a227631222c226b696e64223a224c69737422â€¦
Feb 19, 2021 8:48:02 AM okhttp3.mockwebserver.MockWebServer$3 processOneRequest
INFO: MockWebServer[45530] received request: GET /api/v1/namespaces/entando-k8s-controller-coordinator-carcpr67/pods?labelSelector=EntandoResourceNamespace%3Dentando-k8s-controller-coordinator-carcpr67%2CEntandoResourceKind%3DEntandoKeycloakServer%2CEntandoKeycloakServer%3Dtest-keycloak&watch=**** HTTP/1.1 and responded: HTTP/1.1 200 OK
Feb 19, 2021 8:48:03 AM okhttp3.mockwebserver.MockWebServer$3 processOneRequest
INFO: MockWebServer[45530] received request: GET /api/v1/namespaces/entando-k8s-controller-coordinator-carcpr67/pods?labelSelector=EntandoResourceNamespace%3Dentando-k8s-controller-coordinator-carcpr67%2CEntandoResourceKind%3DEntandoKeycloakServer%2CEntandoKeycloakServer%3Dtest-keycloak&watch=**** HTTP/1.1 and responded: HTTP/1.1 200 OK
Feb 19, 2021 8:48:03 AM io.fabric8.kubernetes.client.dsl.internal.WatchHTTPManager$1 onResponse
INFO: Watch terminated unexpectedly. reason: \n not found: limit=46 content=7b2261706956657273696f6e223a227631222c226b696e64223a224c69737422â€¦
Feb 19, 2021 8:48:03 AM okhttp3.mockwebserver.MockWebServer$3 processOneRequest
INFO: MockWebServer[45530] received request: GET /api/v1/namespaces/entando-k8s-controller-coordinator-carcpr67/pods?labelSelector=EntandoResourceNamespace%3Dentando-k8s-controller-coordinator-carcpr67%2CEntandoResourceKind%3DEntandoKeycloakServer%2CEntandoKeycloakServer%3Dtest-keycloak HTTP/1.1 and responded: HTTP/1.1 200 OK
Feb 19, 2021 8:48:03 AM okhttp3.mockwebserver.MockWebServer$3 processOneRequest
INFO: MockWebServer[45530] received request: GET /api/v1/namespaces/entando-k8s-controller-coordinator-carcpr67/pods?labelSelector=EntandoResourceNamespace%3Dentando-k8s-controller-coordinator-carcpr67%2CEntandoResourceKind%3DEntandoKeycloakServer%2CEntandoKeycloakServer%3Dtest-keycloak HTTP/1.1 and responded: HTTP/1.1 200 OK
Feb 19, 2021 8:48:03 AM okhttp3.mockwebserver.MockWebServer$3 processOneRequest
INFO: MockWebServer[45530] received request: GET /api/v1/namespaces/entando-k8s-controller-coordinator-carcpr67/pods?labelSelector=EntandoResourceKind%3DEntandoKeycloakServer HTTP/1.1 and responded: HTTP/1.1 200 OK
Feb 19, 2021 8:48:03 AM okhttp3.mockwebserver.MockWebServer$3 processOneRequest
INFO: MockWebServer[45530] received request: GET /apis/entando.org/v1/namespaces/entando-k8s-controller-coordinator-carcpr67/entandodebundles?watch=**** HTTP/1.1 and responded: HTTP/1.1 200 OK
Feb 19, 2021 8:48:03 AM io.fabric8.kubernetes.client.dsl.internal.WatchHTTPManager$1 onResponse
INFO: Watch terminated unexpectedly. reason: \n not found: limit=46 content=7b2261706956657273696f6e223a227631222c226b696e64223a224c69737422â€¦
Feb 19, 2021 8:48:03 AM okhttp3.mockwebserver.MockWebServer$3 processOneRequest
INFO: MockWebServer[45530] received request: GET /api/v1/namespaces/entando-k8s-controller-coordinator-carcpr67/pods?labelSelector=EntandoResourceKind%3DEntandoKeycloakServer HTTP/1.1 and responded: HTTP/1.1 200 OK
Feb 19, 2021 8:48:03 AM okhttp3.mockwebserver.MockWebServer$3 processOneRequest
INFO: MockWebServer[45530] received request: GET /apis/entando.org/v1/namespaces/entando-k8s-controller-coordinator-carcpr67/entandocompositeapps?watch=**** HTTP/1.1 and responded: HTTP/1.1 200 OK
Feb 19, 2021 8:48:03 AM io.fabric8.kubernetes.client.dsl.internal.WatchHTTPManager$1 onResponse
INFO: Watch terminated unexpectedly. reason: \n not found: limit=46 content=7b2261706956657273696f6e223a227631222c226b696e64223a224c69737422â€¦
Feb 19, 2021 8:48:03 AM okhttp3.mockwebserver.MockWebServer$3 processOneRequest
INFO: MockWebServer[45530] received request: GET /api/v1/namespaces/entando-k8s-controller-coordinator-carcpr67/pods?labelSelector=EntandoResourceKind%3DEntandoKeycloakServer HTTP/1.1 and responded: HTTP/1.1 200 OK
Feb 19, 2021 8:48:03 AM okhttp3.mockwebserver.MockWebServer$3 processOneRequest
INFO: MockWebServer[45530] received request: GET /api/v1/namespaces/entando-k8s-controller-coordinator-carcpr67/pods?labelSelector=EntandoResourceKind%3DEntandoKeycloakServer HTTP/1.1 and responded: HTTP/1.1 200 OK
Feb 19, 2021 8:48:03 AM okhttp3.mockwebserver.MockWebServer$3 processOneRequest
INFO: MockWebServer[45530] received request: GET /api/v1/namespaces/entando-k8s-controller-coordinator-carcpr67/pods?labelSelector=EntandoResourceKind%3DEntandoKeycloakServer HTTP/1.1 and responded: HTTP/1.1 200 OK
Feb 19, 2021 8:48:03 AM io.fabric8.kubernetes.client.dsl.internal.WatchHTTPManager$1 onResponse
INFO: Watch terminated unexpectedly. reason: \n not found: limit=46 content=7b2261706956657273696f6e223a227631222c226b696e64223a224c69737422â€¦
Feb 19, 2021 8:48:03 AM okhttp3.mockwebserver.MockWebServer$3 processOneRequest
INFO: MockWebServer[45530] received request: GET /apis/entando.org/v1/namespaces/entando-k8s-controller-coordinator-carcpr67/entandodatabaseservices?watch=**** HTTP/1.1 and responded: HTTP/1.1 200 OK
Feb 19, 2021 8:48:03 AM okhttp3.mockwebserver.MockWebServer$3 processOneRequest
INFO: MockWebServer[45530] received request: GET /api/v1/namespaces/entando-k8s-controller-coordinator-carcpr67/pods?labelSelector=EntandoResourceKind%3DEntandoKeycloakServer HTTP/1.1 and responded: HTTP/1.1 200 OK
Feb 19, 2021 8:48:04 AM okhttp3.mockwebserver.MockWebServer$3 processOneRequest
INFO: MockWebServer[45530] received request: GET /api/v1/namespaces/entando-k8s-controller-coordinator-carcpr67/pods?labelSelector=EntandoResourceKind%3DEntandoKeycloakServer HTTP/1.1 and responded: HTTP/1.1 200 OK
Feb 19, 2021 8:48:04 AM org.entando.kubernetes.client.KubernetesRestInterceptor invoke
INFO: Exiting method removeAndWait in class org.entando.kubernetes.controller.support.client.PodClient
Feb 19, 2021 8:48:04 AM org.entando.kubernetes.client.KubernetesRestInterceptor invoke
INFO: Entering method overwriteControllerSecret in class org.entando.kubernetes.controller.support.client.SecretClient with Secret: null/test-keycloak-controller-ca-cert-secret
Feb 19, 2021 8:48:04 AM okhttp3.mockwebserver.MockWebServer$3 processOneRequest
INFO: MockWebServer[45530] received request: GET /api/v1/namespaces/entando-k8s-controller-coordinator-carcpr67/pods?labelSelector=EntandoResourceNamespace%3Dentando-k8s-controller-coordinator-carcpr67%2CEntandoResourceKind%3DEntandoKeycloakServer%2CEntandoKeycloakServer%3Dtest-keycloak&watch=**** HTTP/1.1 and responded: HTTP/1.1 200 OK
Feb 19, 2021 8:48:04 AM okhttp3.mockwebserver.MockWebServer$3 processOneRequest
INFO: MockWebServer[45530] received request: GET /api/v1/namespaces/entando-k8s-controller-coordinator-carcpr67/secrets/test-keycloak-controller-ca-cert-secret HTTP/1.1 and responded: HTTP/1.1 404 Client Error
Feb 19, 2021 8:48:04 AM io.fabric8.kubernetes.client.dsl.internal.WatchHTTPManager$1 onResponse
INFO: Watch terminated unexpectedly. reason: \n not found: limit=46 content=7b2261706956657273696f6e223a227631222c226b696e64223a224c69737422â€¦
Feb 19, 2021 8:48:04 AM io.fabric8.kubernetes.client.dsl.internal.WatchHTTPManager scheduleReconnect
WARN: Ignoring error for already closed/closing connection
Feb 19, 2021 8:48:04 AM okhttp3.mockwebserver.MockWebServer$3 processOneRequest
INFO: MockWebServer[45530] received request: POST /api/v1/namespaces/entando-k8s-controller-coordinator-carcpr67/secrets HTTP/1.1 and responded: HTTP/1.1 202 OK
Feb 19, 2021 8:48:04 AM okhttp3.mockwebserver.MockWebServer$3 processOneRequest
INFO: MockWebServer[45530] received request: GET /api/v1/namespaces/entando-k8s-controller-coordinator-carcpr67/pods?labelSelector=EntandoResourceKind%3DEntandoKeycloakServer HTTP/1.1 and responded: HTTP/1.1 200 OK
Feb 19, 2021 8:48:04 AM org.entando.kubernetes.client.KubernetesRestInterceptor invoke
INFO: Exiting method overwriteControllerSecret in class org.entando.kubernetes.controller.support.client.SecretClient
Feb 19, 2021 8:48:04 AM org.entando.kubernetes.client.KubernetesRestInterceptor invoke
INFO: Entering method start in class org.entando.kubernetes.controller.support.client.PodClient with Pod: entando-k8s-controller-coordinator-carcpr67/test-keycloak-deployer-8946
Feb 19, 2021 8:48:04 AM okhttp3.mockwebserver.MockWebServer$3 processOneRequest
INFO: MockWebServer[45530] received request: GET /apis/entando.org/v1/namespaces/entando-k8s-controller-coordinator-carcpr67/entandoapps?watch=**** HTTP/1.1 and responded: HTTP/1.1 200 OK
Feb 19, 2021 8:48:04 AM io.fabric8.kubernetes.client.dsl.internal.WatchHTTPManager$1 onResponse
INFO: Watch terminated unexpectedly. reason: \n not found: limit=46 content=7b2261706956657273696f6e223a227631222c226b696e64223a224c69737422â€¦
Feb 19, 2021 8:48:04 AM okhttp3.mockwebserver.MockWebServer$3 processOneRequest
INFO: MockWebServer[45530] received request: POST /api/v1/namespaces/entando-k8s-controller-coordinator-carcpr67/pods HTTP/1.1 and responded: HTTP/1.1 202 OK
Feb 19, 2021 8:48:04 AM org.entando.kubernetes.client.KubernetesRestInterceptor invoke
INFO: Exiting method start in class org.entando.kubernetes.controller.support.client.PodClient
Feb 19, 2021 8:48:04 AM okhttp3.mockwebserver.MockWebServer$3 processOneRequest
INFO: MockWebServer[45530] received request: GET /api/v1/namespaces/entando-k8s-controller-coordinator-carcpr67/pods?labelSelector=EntandoResourceKind%3DEntandoKeycloakServer HTTP/1.1 and responded: HTTP/1.1 200 OK
Feb 19, 2021 8:48:04 AM okhttp3.mockwebserver.MockWebServer$3 processOneRequest
INFO: MockWebServer[45530] received request: GET /api/v1/namespaces/entando-k8s-controller-coordinator-carcpr67/pods?labelSelector=EntandoResourceKind%3DEntandoKeycloakServer HTTP/1.1 and responded: HTTP/1.1 200 OK
Feb 19, 2021 8:48:04 AM okhttp3.mockwebserver.MockWebServer$3 processOneRequest
INFO: MockWebServer[45530] received request: GET /api/v1/namespaces/entando-k8s-controller-coordinator-carcpr67/pods/test-keycloak-deployer-8946 HTTP/1.1 and responded: HTTP/1.1 200 OK
Feb 19, 2021 8:48:04 AM okhttp3.mockwebserver.MockWebServer$3 processOneRequest
INFO: MockWebServer[45530] received request: PATCH /api/v1/namespaces/entando-k8s-controller-coordinator-carcpr67/pods/test-keycloak-deployer-8946 HTTP/1.1 and responded: HTTP/1.1 202 OK
Feb 19, 2021 8:48:04 AM org.entando.kubernetes.controller.coordinator.EntandoResourceObserver logResource
WARNING: Duplicate event for EntandoKeycloakServer entando-k8s-controller-coordinator-carcpr67/test-keycloak. ResourceVersion=1
Feb 19, 2021 8:48:04 AM org.entando.kubernetes.client.KubernetesRestInterceptor invoke
INFO: Entering method removeSuccessfullyCompletedPods in class org.entando.kubernetes.controller.support.client.PodClient with entando-k8s-controller-coordinator-carcpr67,{EntandoKeycloakServer=test-keycloak, EntandoResourceKind=EntandoKeycloakServer, EntandoResourceNamespace=entando-k8s-controller-coordinator-carcpr67}
Feb 19, 2021 8:48:04 AM okhttp3.mockwebserver.MockWebServer$3 processOneRequest
INFO: MockWebServer[45530] received request: GET /api/v1/namespaces/entando-k8s-controller-coordinator-carcpr67/pods?labelSelector=EntandoResourceNamespace%3Dentando-k8s-controller-coordinator-carcpr67%2CEntandoResourceKind%3DEntandoKeycloakServer%2CEntandoKeycloakServer%3Dtest-keycloak HTTP/1.1 and responded: HTTP/1.1 200 OK
Feb 19, 2021 8:48:04 AM okhttp3.mockwebserver.MockWebServer$3 processOneRequest
INFO: MockWebServer[45530] received request: GET /apis/entando.org/v1/namespaces/entando-k8s-controller-coordinator-carcpr67/entandoapppluginlinks?watch=**** HTTP/1.1 and responded: HTTP/1.1 200 OK
Feb 19, 2021 8:48:04 AM io.fabric8.kubernetes.client.dsl.internal.WatchHTTPManager$1 onResponse
INFO: Watch terminated unexpectedly. reason: \n not found: limit=46 content=7b2261706956657273696f6e223a227631222c226b696e64223a224c69737422â€¦
Feb 19, 2021 8:48:04 AM okhttp3.mockwebserver.MockWebServer$3 processOneRequest
INFO: MockWebServer[45530] received request: DELETE /api/v1/namespaces/entando-k8s-controller-coordinator-carcpr67/pods/test-keycloak-deployer-8946 HTTP/1.1 and responded: HTTP/1.1 200 OK
Feb 19, 2021 8:48:04 AM org.entando.kubernetes.client.KubernetesRestInterceptor invoke
INFO: Exiting method removeSuccessfullyCompletedPods in class org.entando.kubernetes.controller.support.client.PodClient
Feb 19, 2021 8:48:05 AM okhttp3.mockwebserver.MockWebServer$3 processOneRequest
INFO: MockWebServer[45530] received request: GET /api/v1/namespaces/entando-k8s-controller-coordinator-carcpr67/pods?labelSelector=EntandoResourceKind%3DEntandoKeycloakServer HTTP/1.1 and responded: HTTP/1.1 200 OK
Feb 19, 2021 8:48:05 AM okhttp3.mockwebserver.MockWebServer$2 acceptConnections
INFO: MockWebServer[45530] done accepting connections: Socket closed
[INFO] Tests run: 2, Failures: 0, Errors: 0, Skipped: 0, Time elapsed: 16.938 s - in org.entando.kubernetes.controller.coordinator.inprocesstests.ControllerCoordinatorMockedTest
[INFO] 
[INFO] Results:
[INFO] 
[INFO] Tests run: 19, Failures: 0, Errors: 0, Skipped: 0
[INFO] 
[INFO] 
[INFO] --- maven-jar-plugin:3.2.0:jar (default-jar) @ entando-k8s-controller-coordinator ---
[INFO] Building jar: /workspace/source/target/entando-k8s-controller-coordinator-0.0.0-SNAPSHOT-PR-67-10.jar
[INFO] 
[INFO] --- maven-jar-plugin:3.2.0:test-jar (build-test-jar) @ entando-k8s-controller-coordinator ---
[INFO] Building jar: /workspace/source/target/entando-k8s-controller-coordinator-0.0.0-SNAPSHOT-PR-67-10-tests.jar
[INFO] 
[INFO] --- maven-javadoc-plugin:3.2.0:jar (attach-javadocs) @ entando-k8s-controller-coordinator ---
[INFO] No previous run data found, generating javadoc.
[INFO] Building jar: /workspace/source/target/entando-k8s-controller-coordinator-0.0.0-SNAPSHOT-PR-67-10-javadoc.jar
[INFO] 
[INFO] --- license-maven-plugin:2.0.0:aggregate-download-licenses (download-licenses) @ entando-k8s-controller-coordinator ---
[WARNING] No license information available for: com.sun.org.apache:jaxp-ri:1.4
[WARNING] No license information available for: javax.xml.parsers:jaxp-api:1.4
[WARNING] Unable to retrieve license from URL 'https://glassfish.dev.java.net/nonav/public/CDDL+GPL.html' for dependency 'javax.servlet:javax.servlet-api:3.0.1': Certificate for <glassfish.dev.java.net> doesn't match any of the subject alternative names: [*.java.net, java.net]
[WARNING] Unable to retrieve license from URL 'LICENSE.txt' for dependency 'org.awaitility:awaitility:4.0.1': null
Feb 19, 2021 8:48:21 AM org.apache.http.client.protocol.ResponseProcessCookies processCookies
WARNING: Invalid cookie header: "Set-Cookie: _octo=GH1.1.1280490732.1613724501; Path=/; Domain=github.com; Expires=Sat, 19 Feb 2022 08:48:21 GMT; Secure; SameSite=Lax". Invalid 'expires' attribute: Sat, 19 Feb 2022 08:48:21 GMT
Feb 19, 2021 8:48:21 AM org.apache.http.client.protocol.ResponseProcessCookies processCookies
WARNING: Invalid cookie header: "Set-Cookie: logged_in=no; Path=/; Domain=github.com; Expires=Sat, 19 Feb 2022 08:48:21 GMT; HttpOnly; Secure; SameSite=Lax". Invalid 'expires' attribute: Sat, 19 Feb 2022 08:48:21 GMT
Feb 19, 2021 8:48:21 AM org.apache.http.client.protocol.ResponseProcessCookies processCookies
WARNING: Invalid cookie header: "Set-Cookie: _octo=GH1.1.766507544.1613724501; Path=/; Domain=github.com; Expires=Sat, 19 Feb 2022 08:48:21 GMT; Secure; SameSite=Lax". Invalid 'expires' attribute: Sat, 19 Feb 2022 08:48:21 GMT
Feb 19, 2021 8:48:21 AM org.apache.http.client.protocol.ResponseProcessCookies processCookies
WARNING: Invalid cookie header: "Set-Cookie: logged_in=no; Path=/; Domain=github.com; Expires=Sat, 19 Feb 2022 08:48:21 GMT; HttpOnly; Secure; SameSite=Lax". Invalid 'expires' attribute: Sat, 19 Feb 2022 08:48:21 GMT
[WARNING] There were 4 download errors - check the warnings above
[INFO] 
[INFO] --- quarkus-maven-plugin:1.2.0.Final:build (default) @ entando-k8s-controller-coordinator ---
[WARNING] [io.quarkus.creator.curator.Curator] These dependencies are not recommended:
	- javax.servlet:javax.servlet-api should be replaced by jakarta.servlet:jakarta.servlet-api
You might end up with two different versions of the same classes or with an artifact you shouldn't have in your classpath.
[INFO] [org.jboss.threads] JBoss Threads version 3.0.0.Final
[WARNING] [io.quarkus.kubernetes.client.deployment.KubernetesClientProcessor] Watcher 'org.entando.kubernetes.controller.coordinator.EntandoResourceObserver' will most likely not work correctly in native mode. Consider specifying the generic type of 'io.fabric8.kubernetes.client.Watcher' that this class handles. See https://quarkus.io/guides/kubernetes-client#note-on-implementing-the-watcher-interface for more details
[WARNING] [io.quarkus.deployment.steps.ReflectiveHierarchyStep] Unable to properly register the hierarchy of the following classes for reflection as they are not in the Jandex index:
	- org.entando.kubernetes.model.EntandoCustomResourceStatus
Consider adding them to the index either by creating a Jandex index for your dependency via the Maven plugin, an empty META-INF/beans.xml or quarkus.index-dependency properties.");.
[INFO] [io.quarkus.deployment.pkg.steps.JarResultBuildStep] Building thin jar: /workspace/source/target/entando-k8s-controller-coordinator-0.0.0-SNAPSHOT-PR-67-10-runner.jar
[INFO] [io.quarkus.deployment.QuarkusAugmentor] Quarkus augmentation completed in 1708ms
[INFO] 
[INFO] --- maven-surefire-report-plugin:3.0.0-M4:failsafe-report-only (integration-tests) @ entando-k8s-controller-coordinator ---
[INFO] 
[INFO] --- dependency-check-maven:6.0.3:aggregate (default) @ entando-k8s-controller-coordinator ---
[INFO] Checking for updates
[INFO] Skipping NVD check since last check was within 4 hours.
[INFO] Check for updates complete (55 ms)
[INFO] 

Dependency-Check is an open source tool performing a best effort analysis of 3rd party dependencies; false positives and false negatives may exist in the analysis performed by the tool. Use of the tool and the reporting provided constitutes acceptance for use in an AS IS condition, and there are NO warranties, implied or otherwise, with regard to the analysis or its use. Any use of the tool and the reporting provided is at the userâ€™s risk. In no event shall the copyright holder or OWASP be held liable for any damages whatsoever arising out of or in connection with the use of this tool, the analysis performed, or the resulting report.


[INFO] Analysis Started
[INFO] Finished Archive Analyzer (0 seconds)
[INFO] Finished File Name Analyzer (0 seconds)
[INFO] Finished Jar Analyzer (1 seconds)
[INFO] Finished Dependency Merging Analyzer (0 seconds)
[INFO] Finished Version Filter Analyzer (0 seconds)
[INFO] Finished Hint Analyzer (0 seconds)
[INFO] Created CPE Index (2 seconds)
[INFO] Finished CPE Analyzer (4 seconds)
[INFO] Finished False Positive Analyzer (0 seconds)
[INFO] Finished NVD CVE Analyzer (0 seconds)
[INFO] Finished Sonatype OSS Index Analyzer (1 seconds)
[INFO] Finished Vulnerability Suppression Analyzer (0 seconds)
[INFO] Finished Dependency Bundling Analyzer (0 seconds)
[INFO] Analysis Complete (8 seconds)
[INFO] 
[INFO] --- jacoco-maven-plugin:0.8.5:report (report) @ entando-k8s-controller-coordinator ---
[INFO] Loading e**cution data file /workspace/source/target/jacoco.e**c
[INFO] Analyzed bundle 'Entando K8S Controller Coordinator' with 8 classes
[INFO] 
[INFO] --- maven-surefire-report-plugin:3.0.0-M4:report-only (unit-tests) @ entando-k8s-controller-coordinator ---
[WARNING] Unable to locate Test Source XRef to link to - DISABLED
[INFO] 
[INFO] --- maven-install-plugin:2.4:install (default-install) @ entando-k8s-controller-coordinator ---
[INFO] Installing /workspace/source/target/entando-k8s-controller-coordinator-0.0.0-SNAPSHOT-PR-67-10.jar to /home/jenkins/.mvnrepository/org/entando/entando-k8s-controller-coordinator/0.0.0-SNAPSHOT-PR-67-10/entando-k8s-controller-coordinator-0.0.0-SNAPSHOT-PR-67-10.jar
[INFO] Installing /workspace/source/pom.xml to /home/jenkins/.mvnrepository/org/entando/entando-k8s-controller-coordinator/0.0.0-SNAPSHOT-PR-67-10/entando-k8s-controller-coordinator-0.0.0-SNAPSHOT-PR-67-10.pom
[INFO] Installing /workspace/source/target/entando-k8s-controller-coordinator-0.0.0-SNAPSHOT-PR-67-10-tests.jar to /home/jenkins/.mvnrepository/org/entando/entando-k8s-controller-coordinator/0.0.0-SNAPSHOT-PR-67-10/entando-k8s-controller-coordinator-0.0.0-SNAPSHOT-PR-67-10-tests.jar
[INFO] Installing /workspace/source/target/entando-k8s-controller-coordinator-0.0.0-SNAPSHOT-PR-67-10-javadoc.jar to /home/jenkins/.mvnrepository/org/entando/entando-k8s-controller-coordinator/0.0.0-SNAPSHOT-PR-67-10/entando-k8s-controller-coordinator-0.0.0-SNAPSHOT-PR-67-10-javadoc.jar
[INFO] 
[INFO] --- maven-deploy-plugin:2.8.2:deploy (default-deploy) @ entando-k8s-controller-coordinator ---
[INFO] Using alternate deployment repository local-nexus::default::http://nexus/repository/maven-releases/
[INFO] 
[INFO] -----------< org.entando:entando-k8s-controller-coordinator >-----------
[INFO] Building Entando K8S Controller Coordinator 0.0.0-SNAPSHOT-PR-67-10
[INFO] --------------------------------[ jar ]---------------------------------
[INFO] 
[INFO] --- sonar-maven-plugin:3.8.0.2131:sonar (default-cli) @ entando-k8s-controller-coordinator ---
[INFO] User cache: /****/.sonar/cache
[INFO] SonarQube version: 8.5.0
[INFO] Default locale: "en_US", source code encoding: "UTF-8"
[INFO] Load global settings
[INFO] Load global settings (done) | time=209ms
[INFO] Server id: 1BD809FA-AWHW8ct9-T_TB3XqouNu
[INFO] User cache: /****/.sonar/cache
[INFO] Load/download plugins
[INFO] Load plugins index
[INFO] Load plugins index (done) | time=73ms
[INFO] Load/download plugins (done) | time=23962ms
[INFO] Loaded core extensions: developer-scanner
[INFO] JavaScript/TypeScript frontend is enabled
[INFO] Load project settings for component key: 'entando-k8s_entando-k8s-controller-coordinator'
[INFO] Load project settings for component key: 'entando-k8s_entando-k8s-controller-coordinator' (done) | time=55ms
[INFO] Process project properties
[INFO] E**cute project builders
[INFO] E**cute project builders (done) | time=2ms
[INFO] Project key: entando-k8s_entando-k8s-controller-coordinator
[INFO] Base dir: /workspace/source
[INFO] Working dir: /workspace/source/target/sonar
[INFO] Load project branches
[INFO] Load project branches (done) | time=27ms
[INFO] Check ALM binding of project 'entando-k8s_entando-k8s-controller-coordinator'
[INFO] Detected project binding: BOUND
[INFO] Check ALM binding of project 'entando-k8s_entando-k8s-controller-coordinator' (done) | time=36ms
[INFO] Load project pull requests
[INFO] Load project pull requests (done) | time=64ms
[INFO] Load branch configuration
[INFO] Load branch configuration (done) | time=538ms
[INFO] Load quality profiles
[INFO] Load quality profiles (done) | time=75ms
[INFO] Load active rules
[INFO] Load active rules (done) | time=1659ms
[INFO] Organization key: entando-k8s
[INFO] Pull request 67 for merge into master from ENG-1736_latest_baseimage
[INFO] SCM collecting changed files in the branch
[WARNING] Exception caught during e**cution of command '[/usr/local/git/bin/git, config, --******, --edit]' in '/usr/local/git/bin', return code '128', error message 'fatal: Invalid path '/usr/local/git/etc': No such file or directory
'
[INFO] SCM collecting changed files in the branch (done) | time=487ms
[INFO] Indexing files...
[INFO] Project configuration:
[INFO] 18 files inde**d
[INFO] 0 files ignored because of scm ignore settings
[INFO] Quality profile for java: Sonar way
[INFO] Quality profile for xml: Sonar way
[INFO] ------------- Run sensors on module Entando K8S Controller Coordinator
[INFO] JavaScript/TypeScript frontend is enabled
[INFO] Load metrics repository
[INFO] Load metrics repository (done) | time=42ms
[INFO] Sensor JavaSquidSensor [java]
[INFO] Configured Java source version (sonar.java.source): 9
[INFO] JavaClasspath initialization
[INFO] JavaClasspath initialization (done) | time=12ms
[INFO] JavaTestClasspath initialization
[INFO] JavaTestClasspath initialization (done) | time=3ms
[INFO] Java Main Files AST scan
[INFO] 8 source files to be analyzed
[INFO] Java Main Files AST scan (done) | time=6113ms
[INFO] Java Test Files AST scan
[INFO] 9 source files to be analyzed
[INFO] 8/8 source files have been analyzed
[INFO] Java Test Files AST scan (done) | time=1956ms
[INFO] Java Generated Files AST scan
[INFO] 0 source files to be analyzed
[INFO] 9/9 source files have been analyzed
[INFO] Java Generated Files AST scan (done) | time=4ms
[INFO] Sensor JavaSquidSensor [java] (done) | time=8582ms
[INFO] Sensor SonarCSS Rules [cssfamily]
[INFO] No CSS, PHP, HTML or VueJS files are found in the project. CSS analysis is skipped.
[INFO] Sensor SonarCSS Rules [cssfamily] (done) | time=2ms
[INFO] Sensor C# Properties [csharp]
[INFO] 0/0 source files have been analyzed
[INFO] Sensor C# Properties [csharp] (done) | time=8ms
[INFO] Sensor Import of Checkstyle issues [java]
[INFO] Importing /workspace/source/target/checkstyle-result.xml
[INFO] Sensor Import of Checkstyle issues [java] (done) | time=171ms
[INFO] Sensor SurefireSensor [java]
[INFO] parsing [/workspace/source/target/surefire-reports]
[INFO] Sensor SurefireSensor [java] (done) | time=100ms
[INFO] Sensor JavaXmlSensor [java]
[INFO] 1 source files to be analyzed
[INFO] Sensor JavaXmlSensor [java] (done) | time=392ms
[INFO] Sensor HTML [web]
[INFO] 1/1 source files have been analyzed
[INFO] Sensor HTML [web] (done) | time=32ms
[INFO] Sensor XML Sensor [xml]
[INFO] 1 source file to be analyzed
[INFO] 1/1 source file has been analyzed
[INFO] Sensor XML Sensor [xml] (done) | time=306ms
[INFO] Sensor VB.NET Properties [vbnet]
[INFO] Sensor VB.NET Properties [vbnet] (done) | time=1ms
[INFO] Sensor JaCoCo XML Report Importer [jacoco]
[INFO] Importing 1 report(s). Turn your logs in debug mode in order to see the exhaustive list.
[INFO] Sensor JaCoCo XML Report Importer [jacoco] (done) | time=81ms
[INFO] Sensor ThymeLeaf template sensor [securityjavafrontend]
[INFO] Sensor ThymeLeaf template sensor [securityjavafrontend] (done) | time=3ms
[INFO] Sensor JavaSecuritySensor [security]
[INFO] Reading type hierarchy from: /workspace/source/target/sonar/ucfg2/java
[INFO] Read 114 type definitions
[INFO] Reading UCFGs from: /workspace/source/target/sonar/ucfg2/java
[INFO] 08:49:25.963035 Building Runtime Type propagation graph
[INFO] 08:49:26.039265 Running Tarjan on 163 nodes
[INFO] 08:49:26.042421 Tarjan found 163 components
[INFO] 08:49:26.046843 Variable type analysis: done
[INFO] 08:49:26.052487 Building Runtime Type propagation graph
[INFO] 08:49:26.060014 Running Tarjan on 163 nodes
[INFO] 08:49:26.061002 Tarjan found 163 components
[INFO] 08:49:26.062004 Variable type analysis: done
[INFO] Analyzing 48 ucfgs to detect vulnerabilities.
[INFO] All rules entrypoints : 0 Retained UCFGs : 0
[INFO] rule: S5131, entrypoints: 0
[INFO] rule: S5131 done
[INFO] rule: S3649, entrypoints: 0
[INFO] rule: S3649 done
[INFO] rule: S2076, entrypoints: 0
[INFO] rule: S2076 done
[INFO] rule: S2091, entrypoints: 0
[INFO] rule: S2091 done
[INFO] rule: S2078, entrypoints: 0
[INFO] rule: S2078 done
[INFO] rule: S2631, entrypoints: 0
[INFO] rule: S2631 done
[INFO] rule: S5135, entrypoints: 0
[INFO] rule: S5135 done
[INFO] rule: S2083, entrypoints: 0
[INFO] rule: S2083 done
[INFO] rule: S5167, entrypoints: 0
[INFO] rule: S5167 done
[INFO] rule: S5144, entrypoints: 0
[INFO] rule: S5144 done
[INFO] rule: S5145, entrypoints: 0
[INFO] rule: S5145 done
[INFO] rule: S5146, entrypoints: 0
[INFO] rule: S5146 done
[INFO] rule: S5334, entrypoints: 0
[INFO] rule: S5334 done
[INFO] rule: S6096, entrypoints: 0
[INFO] rule: S6096 done
[INFO] Sensor JavaSecuritySensor [security] (done) | time=1232ms
[INFO] Sensor CSharpSecuritySensor [security]
[INFO] Reading type hierarchy from: /workspace/source/target/ucfg_cs2
[INFO] Read 0 type definitions
[INFO] Reading UCFGs from: /workspace/source/target/ucfg_cs2
[INFO] No UCFGs have been included for analysis.
[INFO] Sensor CSharpSecuritySensor [security] (done) | time=1ms
[INFO] Sensor PhpSecuritySensor [security]
[INFO] Reading type hierarchy from: /workspace/source/target/sonar/ucfg2/php
[INFO] Read 0 type definitions
[INFO] Reading UCFGs from: /workspace/source/target/sonar/ucfg2/php
[INFO] No UCFGs have been included for analysis.
[INFO] Sensor PhpSecuritySensor [security] (done) | time=1ms
[INFO] Sensor PythonSecuritySensor [security]
[INFO] Reading type hierarchy from: /workspace/source/target/sonar/ucfg2/python
[INFO] Read 0 type definitions
[INFO] Reading UCFGs from: /workspace/source/target/sonar/ucfg2/python
[INFO] No UCFGs have been included for analysis.
[INFO] Sensor PythonSecuritySensor [security] (done) | time=1ms
[INFO] Sensor JsSecuritySensor [security]
[INFO] Reading type hierarchy from: /workspace/source/target/sonar/ucfg2/js
[INFO] Read 0 type definitions
[INFO] Reading UCFGs from: /workspace/source/target/sonar/ucfg2/js
[INFO] No UCFGs have been included for analysis.
[INFO] Sensor JsSecuritySensor [security] (done) | time=1ms
[INFO] ------------- Run sensors on project
[INFO] Sensor Zero Coverage Sensor
[INFO] Sensor Zero Coverage Sensor (done) | time=3ms
[INFO] Sensor Java CPD Block Inde**r
[INFO] Sensor Java CPD Block Inde**r (done) | time=126ms
[INFO] SCM Publisher SCM provider for this project is: git
[INFO] SCM Publisher 11 source files to be analyzed
[INFO] SCM Publisher 10/11 source files have been analyzed (done) | time=539ms
[WARNING] Missing blame information for the following files:
[WARNING]   * pom.xml
[WARNING] This may lead to missing/broken features in SonarCloud
[INFO] CPD E**cutor 1 file had no CPD blocks
[INFO] CPD E**cutor Calculating CPD for 7 files
[INFO] CPD E**cutor CPD calculation finished (done) | time=29ms
[INFO] SCM writing changed lines
[INFO] SCM writing changed lines (done) | time=177ms
[INFO] Analysis report generated in 495ms, dir size=321 KB
[INFO] Analysis report compressed in 63ms, zip size=94 KB
[INFO] Analysis report uploaded in 127ms
[INFO] ANALYSIS SUCCESSFUL, you can find the results at: https://sonarcloud.io/dashboard?id=entando-k8s_entando-k8s-controller-coordinator&pullRequest=67
[INFO] Note that you will be able to access the updated dashboard once the server has processed the submitted analysis report
[INFO] More about the report processing at https://sonarcloud.io/api/ce/task?id=AXe5esmu1IiFGsn-OkCP
[INFO] Analysis total time: 19.902 s
[INFO] ------------------------------------------------------------------------
[INFO] BUILD SUCCESS
[INFO] ------------------------------------------------------------------------
[INFO] Total time:  02:08 min
[INFO] Finished at: 2021-02-19T08:49:28Z
[INFO] ------------------------------------------------------------------------
Picked up _JAVA_OPTIONS: -XX:+UnlockExperimentalVMOptions -Dsun.zip.disableMemoryMapping=**** -XX:+UseParallelGC -XX:MinHeapFreeRatio=5 -XX:MaxHeapFreeRatio=10 -XX:GCTimeRatio=4 -XX:AdaptiveSizePolicyWeight=90 -Xms1000m -Xmx12000m
[INFO] Scanning for projects...
[INFO] 
[INFO] -----------< org.entando:entando-k8s-controller-coordinator >-----------
[INFO] Building Entando K8S Controller Coordinator 0.0.0-SNAPSHOT-PR-67-10
[INFO] --------------------------------[ jar ]---------------------------------
[INFO] 
[INFO] --- maven-site-plugin:3.9.0:site (default-site) @ entando-k8s-controller-coordinator ---
[INFO] configuring report plugin org.apache.maven.plugins:maven-project-info-reports-plugin:3.0.0
[INFO] 9 reports configured for maven-project-info-reports-plugin:3.0.0: dependency-info, distribution-management, index, ci-management, issue-management, licenses, plugins, scm, summary
[INFO] Rendering site with default locale English (en)
[WARNING] Unable to find a URL to the parent project. The parent menu will NOT be added.
[INFO] Relativizing decoration links with respect to localized project URL: https://central.entando.com
[INFO] Rendering content with org.apache.maven.skins:maven-default-skin:jar:1.3 skin.
[INFO] Generating "Dependency Information" report --- maven-project-info-reports-plugin:3.0.0:dependency-info
[INFO] Generating "About" report         --- maven-project-info-reports-plugin:3.0.0:index
[INFO] Generating "Issue Management" report --- maven-project-info-reports-plugin:3.0.0:issue-management
[INFO] Generating "Licenses" report      --- maven-project-info-reports-plugin:3.0.0:licenses
[INFO] Generating "Plugins" report       --- maven-project-info-reports-plugin:3.0.0:plugins
[INFO] Generating "Source Code Management" report --- maven-project-info-reports-plugin:3.0.0:scm
[INFO] Generating "Summary" report       --- maven-project-info-reports-plugin:3.0.0:summary
[INFO] ------------------------------------------------------------------------
[INFO] BUILD SUCCESS
[INFO] ------------------------------------------------------------------------
[INFO] Total time:  18.561 s
[INFO] Finished at: 2021-02-19T08:49:51Z
[INFO] ------------------------------------------------------------------------
error: etcdserver: request is too large
Congratulations! No build failures found for entando-k8s-controller-coordinator-PR-67.

Showing logs for build [32mentando-k8s-entando-k8s-control-z89wp-10[0m stage [32mfrom-build-pack[0m and container [32mstep-build-container-build[0m
Generating tags...
 - entando/entando-k8s-controller-coordinator -> docker.io/entando/entando-k8s-controller-coordinator:0.0.0-SNAPSHOT-PR-67-10
Checking cache...
 - entando/entando-k8s-controller-coordinator: Not found. Building
Building [entando/entando-k8s-controller-coordinator]...
Sending build context to Docker daemon  157.2kB
Step 1/7 : FROM entando/entando-k8s-operator-common:6.3.4
 ---> 75b9508085aa
Step 2/7 : ARG VERSION
 ---> Using cache
 ---> 8ce2db6de9c5
Step 3/7 : LABEL name "Entando K8S Controller Coordinator" vendor "Entando" version "v${VERSION}" release "6" summary "This container is the entrypoint for the Entando Operator and launches delegate containers to process Entando custom resources." description "This is container runs background threads that observe events occurring against Entando custom resources.                    When it detects an event against a known Entando custom resource, it spawns the appropriate run-to-completion                    container to process the event in question."
 ---> Running in 9edc03b33177
 ---> 06a21c96e003
Step 4/7 : ENV JAVA_OPTIONS "-Djava.util.logging.manager=org.jboss.logmanager.LogManager"
 ---> Running in 4bee614dcd26
 ---> 03acffcfdf27
Step 5/7 : ENV AB_ENABLED jmx_exporter
 ---> Running in d03655c21553
 ---> a17d2f3def53
Step 6/7 : COPY target/*-runner.jar /deployments/app.jar
 ---> 86d934f39cb5
Step 7/7 : ENTRYPOINT /deployments/run-java.sh
 ---> Running in e8e7c8741708
 ---> ed3ee49500a1
Successfully built ed3ee49500a1
The push refers to a repository [docker.io/entando/entando-k8s-controller-coordinator]
4af0b1991b16: Preparing
bb1727d91413: Preparing
1e0c4bb69937: Preparing
1c787447acd5: Preparing
088e643aafac: Preparing
00af10937683: Preparing
3aa55ff7bca1: Preparing
00af10937683: Waiting
3aa55ff7bca1: Waiting
088e643aafac: Layer already exists
1e0c4bb69937: Layer already exists
1c787447acd5: Layer already exists
bb1727d91413: Layer already exists
00af10937683: Layer already exists
3aa55ff7bca1: Layer already exists
4af0b1991b16: Pushed
0.0.0-SNAPSHOT-PR-67-10: digest: sha256:ed58ae5db6dffa23c3b626e9fa2114b3b863544e35c7a19463f62623338b1c08 size: 1791
There is a new version (1.20.0) of Skaffold available. Download it at https://storage.googleapis.com/skaffold/releases/latest/skaffold-linux-amd64


Showing logs for build [32mentando-k8s-entando-k8s-control-z89wp-10[0m stage [32mfrom-build-pack[0m and container [32mstep-postbuild-post-build[0m
no CVE provider running in the current ** namespace so skip adding image to be analysed

Showing logs for build [32mentando-k8s-entando-k8s-control-z89wp-10[0m stage [32mfrom-build-pack[0m and container [32mstep-promote-make-preview[0m
Creating /builder/home/.helm 
Creating /builder/home/.helm/repository 
Creating /builder/home/.helm/repository/cache 
Creating /builder/home/.helm/repository/local 
Creating /builder/home/.helm/plugins 
Creating /builder/home/.helm/starters 
Creating /builder/home/.helm/cache/archive 
Creating /builder/home/.helm/repository/repositories.yaml 
Adding stable repo with URL: https://charts.helm.sh/stable 
Adding local repo with URL: http://127.0.0.1:8879/charts 
$HELM_HOME has been configured at /builder/home/.helm.
Not installing Tiller due to 'client-only' flag having been set
sed -i -e "s/version:.*/version: 0.0.0-SNAPSHOT-PR-67-10/" Chart.yaml
sed -i -e "s/version:.*/version: 0.0.0-SNAPSHOT-PR-67-10/" ../*/Chart.yaml
sed -i -e "s|repository:.*|repository: docker.io\/entando\/entando-k8s-controller-coordinator|" values.yaml
sed -i -e "s/tag:.*/tag: 0.0.0-SNAPSHOT-PR-67-10/" values.yaml
sed -i -e "s/redhatRegistryCredentials:.*/redhatRegistryCredentials: ********************************************************************************************************************************************************************************************************************************************************************************************************************************************************************/" values.yaml
sed -i -e "s/ENTANDO_DOCKER_REGISTRY_OVERRIDE:.*/ENTANDO_DOCKER_REGISTRY_OVERRIDE: docker.io/" values.yaml
echo "  version: 0.0.0-SNAPSHOT-PR-67-10" >> requirements.yaml
** step helm build
WARNING: No $CHART_REPOSITORY defined so using the default value of: http://jenkins-x-chartmuseum:8080
Adding missing Helm repo: storage.googleapis.com https://storage.googleapis.com/chartmuseum.jenkins-x.io
Successfully added Helm repository storage.googleapis.com.
Adding missing Helm repo: jenkins-x-chartmuseum http://jenkins-x-chartmuseum:8080
Successfully added Helm repository jenkins-x-chartmuseum.
WARNING: No $CHART_REPOSITORY defined so using the default value of: http://jenkins-x-chartmuseum:8080

Showing logs for build [32mentando-k8s-entando-k8s-control-z89wp-10[0m stage [32mfrom-build-pack[0m and container [32mstep-promote-jx-preview[0m
Creating a preview
Found commit author match for: ampie with email address: ampie.private@gmail.com
expose:
  Annotations:
    helm.sh/hook: post-install,post-upgrade
    helm.sh/hook-delete-policy: hook-succeeded
  config:
    domain: *************
    exposer: Ingress
    http: "****"
preview:
  image:
    repository: docker.io/entando/entando-k8s-controller-coordinator
    tag: 0.0.0-SNAPSHOT-PR-67-10

WARNING: Could not find the service URL in namespace entando-k8s-controller-coordinator-carcpr67 for names : Timed out after 1m0s, last error: %!s(<nil>)
Updating PipelineActivities entando-k8s-entando-k8s-controller-coordinator-pr-67-10 which has status Running
WARNING: Failed to find the service entando-k8s-controller-coordinator : failed to find service entando-k8s-controller-coordinator in namespace entando-k8s-controller-coordinator-carcpr67: services "entando-k8s-controller-coordinator" not found

Showing logs for build [32mentando-k8s-entando-k8s-control-z89wp-10[0m stage [32mfrom-build-pack[0m and container [32mstep-promote-run-post-deployment-tests[0m
Picked up _JAVA_OPTIONS: -XX:+UnlockExperimentalVMOptions -Dsun.zip.disableMemoryMapping=**** -XX:+UseParallelGC -XX:MinHeapFreeRatio=5 -XX:MaxHeapFreeRatio=10 -XX:GCTimeRatio=4 -XX:AdaptiveSizePolicyWeight=90 -Xms1000m -Xmx12000m
[INFO] Scanning for projects...
[INFO] 
[INFO] -----------< org.entando:entando-k8s-controller-coordinator >-----------
[INFO] Building Entando K8S Controller Coordinator 0.0.0-SNAPSHOT-PR-67-10
[INFO] --------------------------------[ jar ]---------------------------------
[INFO] 
[INFO] --- maven-resources-plugin:2.6:resources (default-resources) @ entando-k8s-controller-coordinator ---
[INFO] Using 'UTF-8' encoding to copy filtered resources.
[INFO] Copying 3 resources
[INFO] 
[INFO] --- maven-compiler-plugin:3.8.1:compile (default-compile) @ entando-k8s-controller-coordinator ---
[INFO] Nothing to compile - all classes are up to date
[INFO] 
[INFO] --- maven-resources-plugin:2.6:testResources (default-testResources) @ entando-k8s-controller-coordinator ---
[INFO] Using 'UTF-8' encoding to copy filtered resources.
[INFO] Copying 6 resources
[INFO] 
[INFO] --- maven-compiler-plugin:3.8.1:testCompile (default-testCompile) @ entando-k8s-controller-coordinator ---
[INFO] Nothing to compile - all classes are up to date
[INFO] 
[INFO] --- maven-surefire-plugin:3.0.0-M1:test (default-test) @ entando-k8s-controller-coordinator ---
[INFO] Tests are skipped.
[INFO] 
[INFO] --- maven-jar-plugin:3.2.0:jar (default-jar) @ entando-k8s-controller-coordinator ---
[INFO] 
[INFO] --- maven-jar-plugin:3.2.0:test-jar (build-test-jar) @ entando-k8s-controller-coordinator ---
[INFO] 
[INFO] --- maven-failsafe-plugin:3.0.0-M4:integration-test (run-tests) @ entando-k8s-controller-coordinator ---
[INFO] 
[INFO] -------------------------------------------------------
[INFO]  T E S T S
[INFO] -------------------------------------------------------
[INFO] Running org.entando.kubernetes.controller.coordinator.interprocesstests.ControllerCoordinatorIntegratedTest
Feb 19, 2021 8:52:13 AM org.entando.kubernetes.client.integrationtesthelpers.DeletionWaiter lambda$deleteSingleItem$2
WARNING: Deleting deployments  entando-k8s-controller-coordinator-carcpr67/test-keycloak-db-deployment to zero
Feb 19, 2021 8:52:13 AM org.entando.kubernetes.client.integrationtesthelpers.DeletionWaiter lambda$deleteSingleItem$2
WARNING: Deleting deployments  entando-k8s-controller-coordinator-carcpr67/test-keycloak-db-deployment
Feb 19, 2021 8:52:14 AM org.entando.kubernetes.client.integrationtesthelpers.DeletionWaiter lambda$deleteSingleItem$2
WARNING: Deleting pods  entando-k8s-controller-coordinator-carcpr67/test-keycloak-db-deployment-5dd995cb96-mrflw
Feb 19, 2021 8:52:14 AM org.entando.kubernetes.client.integrationtesthelpers.DeletionWaiter lambda$deleteSingleItem$2
WARNING: Deleting pods  entando-k8s-controller-coordinator-carcpr67/test-keycloak-deployer-4541
ADDED:PodStatus(conditions=[PodCondition(lastProbeTime=null, lastTransitionTime=2021-02-19T08:52:29Z, message=null, reason=null, status=True, type=PodScheduled, additionalProperties={})], containerStatuses=[], ephemeralContainerStatuses=[], hostIP=null, initContainerStatuses=[], message=null, nominatedNodeName=null, phase=Pending, podIP=null, podIPs=[], qosClass=Burstable, reason=null, startTime=null, additionalProperties={})
MODIFIED:PodStatus(conditions=[PodCondition(lastProbeTime=null, lastTransitionTime=2021-02-19T08:52:29Z, message=null, reason=null, status=True, type=Initialized, additionalProperties={}), PodCondition(lastProbeTime=null, lastTransitionTime=2021-02-19T08:52:29Z, message=containers with unready status: [db-container], reason=ContainersNotReady, status=False, type=Ready, additionalProperties={}), PodCondition(lastProbeTime=null, lastTransitionTime=null, message=containers with unready status: [db-container], reason=ContainersNotReady, status=False, type=ContainersReady, additionalProperties={}), PodCondition(lastProbeTime=null, lastTransitionTime=2021-02-19T08:52:29Z, message=null, reason=null, status=True, type=PodScheduled, additionalProperties={})], containerStatuses=[ContainerStatus(containerID=null, image=registry.redhat.io/rhel8/********ql-12:latest, imageID=, lastState=ContainerState(running=null, terminated=null, waiting=null, additionalProperties={}), name=db-container, ready=false, restartCount=0, started=null, state=ContainerState(running=null, terminated=null, waiting=ContainerStateWaiting(message=null, reason=ContainerCreating, additionalProperties={}), additionalProperties={}), additionalProperties={})], ephemeralContainerStatuses=[], hostIP=54.36.53.206, initContainerStatuses=[], message=null, nominatedNodeName=null, phase=Pending, podIP=null, podIPs=[], qosClass=Burstable, reason=null, startTime=2021-02-19T08:52:29Z, additionalProperties={})
MODIFIED:PodStatus(conditions=[PodCondition(lastProbeTime=null, lastTransitionTime=2021-02-19T08:52:29Z, message=null, reason=null, status=True, type=Initialized, additionalProperties={}), PodCondition(lastProbeTime=null, lastTransitionTime=2021-02-19T08:52:29Z, message=containers with unready status: [db-container], reason=ContainersNotReady, status=False, type=Ready, additionalProperties={}), PodCondition(lastProbeTime=null, lastTransitionTime=null, message=containers with unready status: [db-container], reason=ContainersNotReady, status=False, type=ContainersReady, additionalProperties={}), PodCondition(lastProbeTime=null, lastTransitionTime=2021-02-19T08:52:29Z, message=null, reason=null, status=True, type=PodScheduled, additionalProperties={})], containerStatuses=[ContainerStatus(containerID=docker://28ba31335529f2746447e745a9f4397789650482a40d5a77c25ecda15847772d, image=registry.redhat.io/rhel8/********ql-12:latest, imageID=docker-pullable://registry.redhat.io/rhel8/********ql-12@sha256:c6b6da4f762c2f68bfe558efe954739438ffa2e9aae1c617b50011fb0eed8347, lastState=ContainerState(running=null, terminated=null, waiting=null, additionalProperties={}), name=db-container, ready=false, restartCount=0, started=null, state=ContainerState(running=ContainerStateRunning(startedAt=2021-02-19T08:52:47Z, additionalProperties={}), terminated=null, waiting=null, additionalProperties={}), additionalProperties={})], ephemeralContainerStatuses=[], hostIP=54.36.53.206, initContainerStatuses=[], message=null, nominatedNodeName=null, phase=Running, podIP=10.128.0.107, podIPs=[], qosClass=Burstable, reason=null, startTime=2021-02-19T08:52:29Z, additionalProperties={})
MODIFIED:PodStatus(conditions=[PodCondition(lastProbeTime=null, lastTransitionTime=2021-02-19T08:52:29Z, message=null, reason=null, status=True, type=Initialized, additionalProperties={}), PodCondition(lastProbeTime=null, lastTransitionTime=2021-02-19T08:53:22Z, message=null, reason=null, status=True, type=Ready, additionalProperties={}), PodCondition(lastProbeTime=null, lastTransitionTime=null, message=null, reason=null, status=True, type=ContainersReady, additionalProperties={}), PodCondition(lastProbeTime=null, lastTransitionTime=2021-02-19T08:52:29Z, message=null, reason=null, status=True, type=PodScheduled, additionalProperties={})], containerStatuses=[ContainerStatus(containerID=docker://28ba31335529f2746447e745a9f4397789650482a40d5a77c25ecda15847772d, image=registry.redhat.io/rhel8/********ql-12:latest, imageID=docker-pullable://registry.redhat.io/rhel8/********ql-12@sha256:c6b6da4f762c2f68bfe558efe954739438ffa2e9aae1c617b50011fb0eed8347, lastState=ContainerState(running=null, terminated=null, waiting=null, additionalProperties={}), name=db-container, ready=****, restartCount=0, started=null, state=ContainerState(running=ContainerStateRunning(startedAt=2021-02-19T08:52:47Z, additionalProperties={}), terminated=null, waiting=null, additionalProperties={}), additionalProperties={})], ephemeralContainerStatuses=[], hostIP=54.36.53.206, initContainerStatuses=[], message=null, nominatedNodeName=null, phase=Running, podIP=10.128.0.107, podIPs=[], qosClass=Burstable, reason=null, startTime=2021-02-19T08:52:29Z, additionalProperties={})
Finished: test-keycloak-db-deployment-5dd995cb96-jwr58
ADDED:PodStatus(conditions=[PodCondition(lastProbeTime=null, lastTransitionTime=2021-02-19T08:53:23Z, message=null, reason=null, status=True, type=PodScheduled, additionalProperties={})], containerStatuses=[], ephemeralContainerStatuses=[], hostIP=null, initContainerStatuses=[], message=null, nominatedNodeName=null, phase=Pending, podIP=null, podIPs=[], qosClass=BestEffort, reason=null, startTime=null, additionalProperties={})
MODIFIED:PodStatus(conditions=[PodCondition(lastProbeTime=null, lastTransitionTime=2021-02-19T08:53:23Z, message=containers with incomplete status: [test-keycloak-db-schema-creation-job], reason=ContainersNotInitialized, status=False, type=Initialized, additionalProperties={}), PodCondition(lastProbeTime=null, lastTransitionTime=2021-02-19T08:53:23Z, message=containers with unready status: [dummy], reason=ContainersNotReady, status=False, type=Ready, additionalProperties={}), PodCondition(lastProbeTime=null, lastTransitionTime=null, message=containers with unready status: [dummy], reason=ContainersNotReady, status=False, type=ContainersReady, additionalProperties={}), PodCondition(lastProbeTime=null, lastTransitionTime=2021-02-19T08:53:23Z, message=null, reason=null, status=True, type=PodScheduled, additionalProperties={})], containerStatuses=[ContainerStatus(containerID=null, image=docker.io/entando/busybox:latest, imageID=, lastState=ContainerState(running=null, terminated=null, waiting=null, additionalProperties={}), name=dummy, ready=false, restartCount=0, started=null, state=ContainerState(running=null, terminated=null, waiting=ContainerStateWaiting(message=null, reason=PodInitializing, additionalProperties={}), additionalProperties={}), additionalProperties={})], ephemeralContainerStatuses=[], hostIP=54.36.53.206, initContainerStatuses=[ContainerStatus(containerID=null, image=docker.io/entando/entando-k8s-dbjob:6.3.1, imageID=, lastState=ContainerState(running=null, terminated=null, waiting=null, additionalProperties={}), name=test-keycloak-db-schema-creation-job, ready=false, restartCount=0, started=null, state=ContainerState(running=null, terminated=null, waiting=ContainerStateWaiting(message=null, reason=PodInitializing, additionalProperties={}), additionalProperties={}), additionalProperties={})], message=null, nominatedNodeName=null, phase=Pending, podIP=null, podIPs=[], qosClass=BestEffort, reason=null, startTime=2021-02-19T08:53:23Z, additionalProperties={})
MODIFIED:PodStatus(conditions=[PodCondition(lastProbeTime=null, lastTransitionTime=2021-02-19T08:53:23Z, message=containers with incomplete status: [test-keycloak-db-schema-creation-job], reason=ContainersNotInitialized, status=False, type=Initialized, additionalProperties={}), PodCondition(lastProbeTime=null, lastTransitionTime=2021-02-19T08:53:23Z, message=containers with unready status: [dummy], reason=ContainersNotReady, status=False, type=Ready, additionalProperties={}), PodCondition(lastProbeTime=null, lastTransitionTime=null, message=containers with unready status: [dummy], reason=ContainersNotReady, status=False, type=ContainersReady, additionalProperties={}), PodCondition(lastProbeTime=null, lastTransitionTime=2021-02-19T08:53:23Z, message=null, reason=null, status=True, type=PodScheduled, additionalProperties={})], containerStatuses=[ContainerStatus(containerID=null, image=docker.io/entando/busybox:latest, imageID=, lastState=ContainerState(running=null, terminated=null, waiting=null, additionalProperties={}), name=dummy, ready=false, restartCount=0, started=null, state=ContainerState(running=null, terminated=null, waiting=ContainerStateWaiting(message=null, reason=PodInitializing, additionalProperties={}), additionalProperties={}), additionalProperties={})], ephemeralContainerStatuses=[], hostIP=54.36.53.206, initContainerStatuses=[ContainerStatus(containerID=docker://acb7d16a6de7b0667e5719dad08c7b32bbae9994778b2e50405688fd64fdee31, image=docker.io/entando/entando-k8s-dbjob:6.3.1, imageID=docker-pullable://docker.io/entando/entando-k8s-dbjob@sha256:a953072b663edeb3081c6f1a720079bdad2bdcc65e8ecca215363b3b2cd0e2f3, lastState=ContainerState(running=null, terminated=null, waiting=null, additionalProperties={}), name=test-keycloak-db-schema-creation-job, ready=false, restartCount=0, started=null, state=ContainerState(running=ContainerStateRunning(startedAt=2021-02-19T08:53:29Z, additionalProperties={}), terminated=null, waiting=null, additionalProperties={}), additionalProperties={})], message=null, nominatedNodeName=null, phase=Pending, podIP=10.128.0.109, podIPs=[], qosClass=BestEffort, reason=null, startTime=2021-02-19T08:53:23Z, additionalProperties={})
MODIFIED:PodStatus(conditions=[PodCondition(lastProbeTime=null, lastTransitionTime=2021-02-19T08:53:31Z, message=null, reason=null, status=True, type=Initialized, additionalProperties={}), PodCondition(lastProbeTime=null, lastTransitionTime=2021-02-19T08:53:23Z, message=containers with unready status: [dummy], reason=ContainersNotReady, status=False, type=Ready, additionalProperties={}), PodCondition(lastProbeTime=null, lastTransitionTime=null, message=containers with unready status: [dummy], reason=ContainersNotReady, status=False, type=ContainersReady, additionalProperties={}), PodCondition(lastProbeTime=null, lastTransitionTime=2021-02-19T08:53:23Z, message=null, reason=null, status=True, type=PodScheduled, additionalProperties={})], containerStatuses=[ContainerStatus(containerID=null, image=docker.io/entando/busybox:latest, imageID=, lastState=ContainerState(running=null, terminated=null, waiting=null, additionalProperties={}), name=dummy, ready=false, restartCount=0, started=null, state=ContainerState(running=null, terminated=null, waiting=ContainerStateWaiting(message=null, reason=PodInitializing, additionalProperties={}), additionalProperties={}), additionalProperties={})], ephemeralContainerStatuses=[], hostIP=54.36.53.206, initContainerStatuses=[ContainerStatus(containerID=docker://acb7d16a6de7b0667e5719dad08c7b32bbae9994778b2e50405688fd64fdee31, image=docker.io/entando/entando-k8s-dbjob:6.3.1, imageID=docker-pullable://docker.io/entando/entando-k8s-dbjob@sha256:a953072b663edeb3081c6f1a720079bdad2bdcc65e8ecca215363b3b2cd0e2f3, lastState=ContainerState(running=null, terminated=null, waiting=null, additionalProperties={}), name=test-keycloak-db-schema-creation-job, ready=****, restartCount=0, started=null, state=ContainerState(running=null, terminated=ContainerStateTerminated(containerID=docker://acb7d16a6de7b0667e5719dad08c7b32bbae9994778b2e50405688fd64fdee31, exitCode=0, finishedAt=2021-02-19T08:53:31Z, message=null, reason=Completed, signal=null, startedAt=2021-02-19T08:53:29Z, additionalProperties={}), waiting=null, additionalProperties={}), additionalProperties={})], message=null, nominatedNodeName=null, phase=Pending, podIP=10.128.0.109, podIPs=[], qosClass=BestEffort, reason=null, startTime=2021-02-19T08:53:23Z, additionalProperties={})
MODIFIED:PodStatus(conditions=[PodCondition(lastProbeTime=null, lastTransitionTime=2021-02-19T08:53:31Z, message=null, reason=PodCompleted, status=True, type=Initialized, additionalProperties={}), PodCondition(lastProbeTime=null, lastTransitionTime=2021-02-19T08:53:23Z, message=null, reason=PodCompleted, status=False, type=Ready, additionalProperties={}), PodCondition(lastProbeTime=null, lastTransitionTime=null, message=null, reason=PodCompleted, status=False, type=ContainersReady, additionalProperties={}), PodCondition(lastProbeTime=null, lastTransitionTime=2021-02-19T08:53:23Z, message=null, reason=null, status=True, type=PodScheduled, additionalProperties={})], containerStatuses=[ContainerStatus(containerID=docker://45fe5580307ffb5e01f9103fc64c4b578c1e7a1db03f7079ad726d034aa67977, image=docker.io/entando/busybox:latest, imageID=docker-pullable://docker.io/entando/busybox@sha256:400ee2ed939df769d4681023810d2e4fb9479b8401d97003c710d0e20f7c49c6, lastState=ContainerState(running=null, terminated=null, waiting=null, additionalProperties={}), name=dummy, ready=false, restartCount=0, started=null, state=ContainerState(running=null, terminated=ContainerStateTerminated(containerID=docker://45fe5580307ffb5e01f9103fc64c4b578c1e7a1db03f7079ad726d034aa67977, exitCode=0, finishedAt=2021-02-19T08:53:34Z, message=null, reason=Completed, signal=null, startedAt=2021-02-19T08:53:34Z, additionalProperties={}), waiting=null, additionalProperties={}), additionalProperties={})], ephemeralContainerStatuses=[], hostIP=54.36.53.206, initContainerStatuses=[ContainerStatus(containerID=docker://acb7d16a6de7b0667e5719dad08c7b32bbae9994778b2e50405688fd64fdee31, image=docker.io/entando/entando-k8s-dbjob:6.3.1, imageID=docker-pullable://docker.io/entando/entando-k8s-dbjob@sha256:a953072b663edeb3081c6f1a720079bdad2bdcc65e8ecca215363b3b2cd0e2f3, lastState=ContainerState(running=null, terminated=null, waiting=null, additionalProperties={}), name=test-keycloak-db-schema-creation-job, ready=****, restartCount=0, started=null, state=ContainerState(running=null, terminated=ContainerStateTerminated(containerID=docker://acb7d16a6de7b0667e5719dad08c7b32bbae9994778b2e50405688fd64fdee31, exitCode=0, finishedAt=2021-02-19T08:53:31Z, message=null, reason=Completed, signal=null, startedAt=2021-02-19T08:53:29Z, additionalProperties={}), waiting=null, additionalProperties={}), additionalProperties={})], message=null, nominatedNodeName=null, phase=Succeeded, podIP=10.128.0.109, podIPs=[], qosClass=BestEffort, reason=null, startTime=2021-02-19T08:53:23Z, additionalProperties={})
Finished: test-keycloak-dbprep-1a3f
ADDED:PodStatus(conditions=[PodCondition(lastProbeTime=null, lastTransitionTime=2021-02-19T08:53:35Z, message=null, reason=null, status=True, type=Initialized, additionalProperties={}), PodCondition(lastProbeTime=null, lastTransitionTime=2021-02-19T08:53:35Z, message=containers with unready status: [server-container], reason=ContainersNotReady, status=False, type=Ready, additionalProperties={}), PodCondition(lastProbeTime=null, lastTransitionTime=null, message=containers with unready status: [server-container], reason=ContainersNotReady, status=False, type=ContainersReady, additionalProperties={}), PodCondition(lastProbeTime=null, lastTransitionTime=2021-02-19T08:53:35Z, message=null, reason=null, status=True, type=PodScheduled, additionalProperties={})], containerStatuses=[ContainerStatus(containerID=null, image=docker.io/entando/entando-redhat-sso:6.3.4, imageID=, lastState=ContainerState(running=null, terminated=null, waiting=null, additionalProperties={}), name=server-container, ready=false, restartCount=0, started=null, state=ContainerState(running=null, terminated=null, waiting=ContainerStateWaiting(message=null, reason=ContainerCreating, additionalProperties={}), additionalProperties={}), additionalProperties={})], ephemeralContainerStatuses=[], hostIP=54.36.53.206, initContainerStatuses=[], message=null, nominatedNodeName=null, phase=Pending, podIP=null, podIPs=[], qosClass=Burstable, reason=null, startTime=2021-02-19T08:53:35Z, additionalProperties={})
MODIFIED:PodStatus(conditions=[PodCondition(lastProbeTime=null, lastTransitionTime=2021-02-19T08:53:35Z, message=null, reason=null, status=True, type=Initialized, additionalProperties={}), PodCondition(lastProbeTime=null, lastTransitionTime=2021-02-19T08:53:35Z, message=containers with unready status: [server-container], reason=ContainersNotReady, status=False, type=Ready, additionalProperties={}), PodCondition(lastProbeTime=null, lastTransitionTime=null, message=containers with unready status: [server-container], reason=ContainersNotReady, status=False, type=ContainersReady, additionalProperties={}), PodCondition(lastProbeTime=null, lastTransitionTime=2021-02-19T08:53:35Z, message=null, reason=null, status=True, type=PodScheduled, additionalProperties={})], containerStatuses=[ContainerStatus(containerID=docker://653ae58bc59b1f653744bd092b69690a70751f37bdbf5719772f5b9beeb03d52, image=docker.io/entando/entando-redhat-sso:6.3.4, imageID=docker-pullable://docker.io/entando/entando-redhat-sso@sha256:cc2fb237a59ae0793a561bf1f0428654ddd7f79f12ede42335031eeb863121b6, lastState=ContainerState(running=null, terminated=null, waiting=null, additionalProperties={}), name=server-container, ready=false, restartCount=0, started=null, state=ContainerState(running=ContainerStateRunning(startedAt=2021-02-19T08:53:40Z, additionalProperties={}), terminated=null, waiting=null, additionalProperties={}), additionalProperties={})], ephemeralContainerStatuses=[], hostIP=54.36.53.206, initContainerStatuses=[], message=null, nominatedNodeName=null, phase=Running, podIP=************, podIPs=[], qosClass=Burstable, reason=null, startTime=2021-02-19T08:53:35Z, additionalProperties={})
MODIFIED:PodStatus(conditions=[PodCondition(lastProbeTime=null, lastTransitionTime=2021-02-19T08:53:35Z, message=null, reason=null, status=True, type=Initialized, additionalProperties={}), PodCondition(lastProbeTime=null, lastTransitionTime=2021-02-19T08:53:35Z, message=containers with unready status: [server-container], reason=ContainersNotReady, status=False, type=Ready, additionalProperties={}), PodCondition(lastProbeTime=null, lastTransitionTime=null, message=containers with unready status: [server-container], reason=ContainersNotReady, status=False, type=ContainersReady, additionalProperties={}), PodCondition(lastProbeTime=null, lastTransitionTime=2021-02-19T08:53:35Z, message=null, reason=null, status=True, type=PodScheduled, additionalProperties={})], containerStatuses=[ContainerStatus(containerID=docker://653ae58bc59b1f653744bd092b69690a70751f37bdbf5719772f5b9beeb03d52, image=docker.io/entando/entando-redhat-sso:6.3.4, imageID=docker-pullable://docker.io/entando/entando-redhat-sso@sha256:cc2fb237a59ae0793a561bf1f0428654ddd7f79f12ede42335031eeb863121b6, lastState=ContainerState(running=null, terminated=null, waiting=null, additionalProperties={}), name=server-container, ready=false, restartCount=0, started=null, state=ContainerState(running=ContainerStateRunning(startedAt=2021-02-19T08:53:40Z, additionalProperties={}), terminated=null, waiting=null, additionalProperties={}), additionalProperties={})], ephemeralContainerStatuses=[], hostIP=54.36.53.206, initContainerStatuses=[], message=null, nominatedNodeName=null, phase=Running, podIP=************, podIPs=[], qosClass=Burstable, reason=null, startTime=2021-02-19T08:53:35Z, additionalProperties={})
MODIFIED:PodStatus(conditions=[PodCondition(lastProbeTime=null, lastTransitionTime=2021-02-19T08:53:35Z, message=null, reason=null, status=True, type=Initialized, additionalProperties={}), PodCondition(lastProbeTime=null, lastTransitionTime=2021-02-19T08:53:35Z, message=containers with unready status: [server-container], reason=ContainersNotReady, status=False, type=Ready, additionalProperties={}), PodCondition(lastProbeTime=null, lastTransitionTime=null, message=containers with unready status: [server-container], reason=ContainersNotReady, status=False, type=ContainersReady, additionalProperties={}), PodCondition(lastProbeTime=null, lastTransitionTime=2021-02-19T08:53:35Z, message=null, reason=null, status=True, type=PodScheduled, additionalProperties={})], containerStatuses=[ContainerStatus(containerID=docker://653ae58bc59b1f653744bd092b69690a70751f37bdbf5719772f5b9beeb03d52, image=docker.io/entando/entando-redhat-sso:6.3.4, imageID=docker-pullable://docker.io/entando/entando-redhat-sso@sha256:cc2fb237a59ae0793a561bf1f0428654ddd7f79f12ede42335031eeb863121b6, lastState=ContainerState(running=null, terminated=null, waiting=null, additionalProperties={}), name=server-container, ready=false, restartCount=0, started=null, state=ContainerState(running=ContainerStateRunning(startedAt=2021-02-19T08:53:40Z, additionalProperties={}), terminated=null, waiting=null, additionalProperties={}), additionalProperties={})], ephemeralContainerStatuses=[], hostIP=54.36.53.206, initContainerStatuses=[], message=null, nominatedNodeName=null, phase=Running, podIP=************, podIPs=[], qosClass=Burstable, reason=null, startTime=2021-02-19T08:53:35Z, additionalProperties={})
DELETED:PodStatus(conditions=[PodCondition(lastProbeTime=null, lastTransitionTime=2021-02-19T08:53:35Z, message=null, reason=null, status=True, type=Initialized, additionalProperties={}), PodCondition(lastProbeTime=null, lastTransitionTime=2021-02-19T08:53:35Z, message=containers with unready status: [server-container], reason=ContainersNotReady, status=False, type=Ready, additionalProperties={}), PodCondition(lastProbeTime=null, lastTransitionTime=null, message=containers with unready status: [server-container], reason=ContainersNotReady, status=False, type=ContainersReady, additionalProperties={}), PodCondition(lastProbeTime=null, lastTransitionTime=2021-02-19T08:53:35Z, message=null, reason=null, status=True, type=PodScheduled, additionalProperties={})], containerStatuses=[ContainerStatus(containerID=docker://653ae58bc59b1f653744bd092b69690a70751f37bdbf5719772f5b9beeb03d52, image=docker.io/entando/entando-redhat-sso:6.3.4, imageID=docker-pullable://docker.io/entando/entando-redhat-sso@sha256:cc2fb237a59ae0793a561bf1f0428654ddd7f79f12ede42335031eeb863121b6, lastState=ContainerState(running=null, terminated=null, waiting=null, additionalProperties={}), name=server-container, ready=false, restartCount=0, started=null, state=ContainerState(running=ContainerStateRunning(startedAt=2021-02-19T08:53:40Z, additionalProperties={}), terminated=null, waiting=null, additionalProperties={}), additionalProperties={})], ephemeralContainerStatuses=[], hostIP=54.36.53.206, initContainerStatuses=[], message=null, nominatedNodeName=null, phase=Running, podIP=************, podIPs=[], qosClass=Burstable, reason=null, startTime=2021-02-19T08:53:35Z, additionalProperties={})
Feb 19, 2021 8:58:41 AM org.entando.kubernetes.client.integrationtesthelpers.DeletionWaiter lambda$deleteSingleItem$2
WARNING: Deleting pods  entando-k8s-controller-coordinator-carcpr67/my-app-carcpr67-deployer-5229
Feb 19, 2021 8:58:42 AM org.entando.kubernetes.client.integrationtesthelpers.DeletionWaiter lambda$deleteSingleItem$2
WARNING: Deleting pods  entando-k8s-controller-coordinator-carcpr67/test-plugin-carcpr67-db-deployment-7696ff766-69p9s
Feb 19, 2021 8:58:42 AM org.entando.kubernetes.client.integrationtesthelpers.DeletionWaiter lambda$deleteSingleItem$2
WARNING: Deleting pods  entando-k8s-controller-coordinator-carcpr67/test-plugin-carcpr67-deployer-1864
Feb 19, 2021 8:58:43 AM org.entando.kubernetes.client.integrationtesthelpers.DeletionWaiter lambda$deleteSingleItem$2
WARNING: Deleting pods  entando-k8s-controller-coordinator-carcpr67/test-plugin-carcpr67-server-deployment-745974877-2lxzt
Feb 19, 2021 8:58:43 AM org.entando.kubernetes.client.integrationtesthelpers.DeletionWaiter lambda$deleteSingleItem$2
WARNING: Deleting pods  entando-k8s-controller-coordinator-carcpr67/test-keycloak-carcpr67-deployer-2337
Feb 19, 2021 8:58:43 AM org.entando.kubernetes.client.integrationtesthelpers.DeletionWaiter lambda$deleteSingleItem$2
WARNING: Deleting pods  entando-k8s-controller-coordinator-carcpr67/test-keycloak-carcpr67-server-deployment-66f7984b8-4pv54
[ERROR] Tests run: 2, Failures: 0, Errors: 1, Skipped: 0, Time elapsed: 688.732 s <<< FAILURE! - in org.entando.kubernetes.controller.coordinator.interprocesstests.ControllerCoordinatorIntegratedTest
[ERROR] org.entando.kubernetes.controller.coordinator.interprocesstests.ControllerCoordinatorIntegratedTest.testE**cuteKeycloakControllerPod  Time elapsed: 386.293 s  <<< ERROR!
java.lang.NullPointerException
	at org.entando.kubernetes.controller.coordinator.interprocesstests.ControllerCoordinatorIntegratedTest.testE**cuteKeycloakControllerPod(ControllerCoordinatorIntegratedTest.java:176)

[INFO] 
[INFO] Results:
[INFO] 
[ERROR] Errors: 
[ERROR]   ControllerCoordinatorIntegratedTest.testE**cuteKeycloakControllerPod:176 Â» NullPointer
[INFO] 
[ERROR] Tests run: 2, Failures: 0, Errors: 1, Skipped: 0
[INFO] 
[INFO] 
[INFO] --- maven-surefire-report-plugin:3.0.0-M4:failsafe-report-only (integration-tests) @ entando-k8s-controller-coordinator ---
[WARNING] Unable to locate Test Source XRef to link to - DISABLED
[INFO] 
[INFO] --- maven-surefire-report-plugin:3.0.0-M4:report-only (unit-tests) @ entando-k8s-controller-coordinator ---
[WARNING] Unable to locate Test Source XRef to link to - DISABLED
[INFO] 
[INFO] --- maven-failsafe-plugin:3.0.0-M4:verify (run-tests) @ entando-k8s-controller-coordinator ---
[ERROR] There are test failures.

Please refer to /workspace/source/target/failsafe-reports for the individual test results.
Please refer to dump files (if any exist) [date].dump, [date]-***Run[N].dump and [date].dumpstream.
[INFO] 
[INFO] --- maven-site-plugin:3.9.0:site (default-site) @ entando-k8s-controller-coordinator ---
[INFO] configuring report plugin org.apache.maven.plugins:maven-project-info-reports-plugin:3.0.0
[INFO] 9 reports configured for maven-project-info-reports-plugin:3.0.0: dependency-info, distribution-management, index, ci-management, issue-management, licenses, plugins, scm, summary
[INFO] Rendering site with default locale English (en)
[WARNING] Unable to find a URL to the parent project. The parent menu will NOT be added.
[INFO] Relativizing decoration links with respect to localized project URL: https://central.entando.com
[INFO] Rendering content with org.apache.maven.skins:maven-default-skin:jar:1.3 skin.
[INFO] Generating "Dependency Information" report --- maven-project-info-reports-plugin:3.0.0:dependency-info
[INFO] Generating "About" report         --- maven-project-info-reports-plugin:3.0.0:index
[INFO] Generating "Issue Management" report --- maven-project-info-reports-plugin:3.0.0:issue-management
[INFO] Generating "Licenses" report      --- maven-project-info-reports-plugin:3.0.0:licenses
[INFO] Generating "Plugins" report       --- maven-project-info-reports-plugin:3.0.0:plugins
[INFO] Generating "Source Code Management" report --- maven-project-info-reports-plugin:3.0.0:scm
[INFO] Generating "Summary" report       --- maven-project-info-reports-plugin:3.0.0:summary
[INFO] ------------------------------------------------------------------------
[INFO] BUILD SUCCESS
[INFO] ------------------------------------------------------------------------
[INFO] Total time:  11:39 min
[INFO] Finished at: 2021-02-19T09:03:42Z
[INFO] ------------------------------------------------------------------------
Post-deployment tests failed for entando-k8s-controller-coordinator-PR-67.
[31m
Pipeline failed on stage 'from-build-pack' : container 'step-promote-run-post-deployment-tests'. The execution of the pipeline has stopped.[0m
