
Showing logs for build [32mentando-k8s-entando-k8s-control-5bmjh-1[0m stage [32mfrom-build-pack[0m and container [32mstep-credential-initializer-m4kkm[0m
{"level":"warn","ts":1614243667.7658892,"logger":"fallback-logger","caller":"logging/config.go:69","msg":"Fetch GitHub commit ID from kodata failed: \"ref: refs/heads/0.8.0-**-support-backwards-incompats\" is not a valid GitHub commit ID"}
{"level":"info","ts":1614243667.7843015,"logger":"fallback-logger","caller":"creds-init/main.go:40","msg":"Credentials initialized."}

Showing logs for build [32mentando-k8s-entando-k8s-control-5bmjh-1[0m stage [32mfrom-build-pack[0m and container [32mstep-working-dir-initializer-52xg4[0m
{"level":"warn","ts":1614243670.2166646,"logger":"fallback-logger","caller":"logging/config.go:69","msg":"Fetch GitHub commit ID from kodata failed: open /var/run/ko/HEAD: no such file or directory"}
{"level":"info","ts":1614243670.233655,"logger":"fallback-logger","caller":"bash/main.go:64","msg":"Successfully e**cuted command \"sh -c mkdir -p /workspace/source\"; output "}

Showing logs for build [32mentando-k8s-entando-k8s-control-5bmjh-1[0m stage [32mfrom-build-pack[0m and container [32mstep-place-tools[0m

Showing logs for build [32mentando-k8s-entando-k8s-control-5bmjh-1[0m stage [32mfrom-build-pack[0m and container [32mstep-git-source-entando-k8s-entando-k8s-control-nxfwx[0m
{"level":"warn","ts":1614243769.0538154,"logger":"fallback-logger","caller":"logging/config.go:69","msg":"Fetch GitHub commit ID from kodata failed: \"ref: refs/heads/0.8.0-**-support-backwards-incompats\" is not a valid GitHub commit ID"}
{"level":"info","ts":1614243770.5719936,"logger":"fallback-logger","caller":"git/git.go:103","msg":"Successfully cloned https://github.com/entando-k8s/entando-k8s-controller-coordinator.git @ master in path /workspace/source"}

Showing logs for build [32mentando-k8s-entando-k8s-control-5bmjh-1[0m stage [32mfrom-build-pack[0m and container [32mstep-git-merge[0m
Using SHAs from PULL_REFS=master:d24bdde1aa7c66652548f1fa2f80553e888a6f84,68:8b4b7952494fa9af5557339c03abf528cde07808
DEBUG: ran git fetch --unshallow origin 8b4b7952494fa9af5557339c03abf528cde07808: d24bdde1aa7c66652548f1fa2f80553e888a6f84: in 
DEBUG: ran git checkout master in 
DEBUG: ran git reset --hard d24bdde1aa7c66652548f1fa2f80553e888a6f84 in 
DEBUG: ran clean --force -d . in 
DEBUG: ran git merge 8b4b7952494fa9af5557339c03abf528cde07808 in 
Merged SHA 8b4b7952494fa9af5557339c03abf528cde07808 with commit message 'ENG-1829 improved resource management' into base branch master

Showing logs for build [32mentando-k8s-entando-k8s-control-5bmjh-1[0m stage [32mfrom-build-pack[0m and container [32mstep-build-set-version[0m
Picked up _JAVA_OPTIONS: -XX:+UnlockExperimentalVMOptions -Dsun.zip.disableMemoryMapping=**** -XX:+UseParallelGC -XX:MinHeapFreeRatio=5 -XX:MaxHeapFreeRatio=10 -XX:GCTimeRatio=4 -XX:AdaptiveSizePolicyWeight=90 -Xms1000m -Xmx12000m
[INFO] Scanning for projects...
[INFO] 
[INFO] -----------< org.entando:entando-k8s-controller-coordinator >-----------
[INFO] Building Entando K8S Controller Coordinator 6.3.0-SNAPSHOT
[INFO] --------------------------------[ jar ]---------------------------------
[INFO] 
[INFO] --- versions-maven-plugin:2.8.1:set (default-cli) @ entando-k8s-controller-coordinator ---
[INFO] Local aggregation ****: /workspace/source
[INFO] Processing change of org.entando:entando-k8s-controller-coordinator:6.3.0-SNAPSHOT -> 0.0.0-SNAPSHOT-PR-68-1
[INFO] Processing org.entando:entando-k8s-controller-coordinator
[INFO]     Updating project org.entando:entando-k8s-controller-coordinator
[INFO]         from version 6.3.0-SNAPSHOT to 0.0.0-SNAPSHOT-PR-68-1
[INFO] 
[INFO] ------------------------------------------------------------------------
[INFO] BUILD SUCCESS
[INFO] ------------------------------------------------------------------------
[INFO] Total time:  10.143 s
[INFO] Finished at: 2021-02-25T09:03:06Z
[INFO] ------------------------------------------------------------------------

Showing logs for build [32mentando-k8s-entando-k8s-control-5bmjh-1[0m stage [32mfrom-build-pack[0m and container [32mstep-build-fix-git-for-sonar[0m
M	pom.xml
Switched to a new branch 'PR-68'
Deleted branch master (was 8b4b795).
From https://github.com/entando-k8s/entando-k8s-controller-coordinator
 * [new branch]      master                  -> master
 * [new tag]         Entando6.2.1-pre-test01 -> Entando6.2.1-pre-test01

Showing logs for build [32mentando-k8s-entando-k8s-control-5bmjh-1[0m stage [32mfrom-build-pack[0m and container [32mstep-build-mvn-verify-pr[0m
Picked up _JAVA_OPTIONS: -XX:+UnlockExperimentalVMOptions -Dsun.zip.disableMemoryMapping=**** -XX:+UseParallelGC -XX:MinHeapFreeRatio=5 -XX:MaxHeapFreeRatio=10 -XX:GCTimeRatio=4 -XX:AdaptiveSizePolicyWeight=90 -Xms1000m -Xmx12000m
[INFO] Scanning for projects...
[INFO] 
[INFO] -----------< org.entando:entando-k8s-controller-coordinator >-----------
[INFO] Building Entando K8S Controller Coordinator 0.0.0-SNAPSHOT-PR-68-1
[INFO] --------------------------------[ jar ]---------------------------------
[INFO] 
[INFO] --- maven-checkstyle-plugin:3.1.1:check (validate) @ entando-k8s-controller-coordinator ---
[INFO] Starting audit...
Audit done.
[INFO] You have 0 Checkstyle violations.
[INFO] 
[INFO] --- maven-checkstyle-plugin:3.1.1:checkstyle (validate) @ entando-k8s-controller-coordinator ---
[INFO] Starting audit...
Audit done.
[INFO] 
[INFO] --- jacoco-maven-plugin:0.8.5:prepare-agent (prepare-agent) @ entando-k8s-controller-coordinator ---
[INFO] argLine set to -javaagent:/home/jenkins/.mvnrepository/org/jacoco/org.jacoco.agent/0.8.5/org.jacoco.agent-0.8.5-runtime.jar=destfile=/workspace/source/target/jacoco.e**c
[INFO] 
[INFO] --- maven-resources-plugin:2.6:resources (default-resources) @ entando-k8s-controller-coordinator ---
[INFO] Using 'UTF-8' encoding to copy filtered resources.
[INFO] Copying 3 resources
[INFO] 
[INFO] --- maven-compiler-plugin:3.8.1:compile (default-compile) @ entando-k8s-controller-coordinator ---
[INFO] Changes detected - recompiling the module!
[INFO] Compiling 9 source files to /workspace/source/target/classes
[INFO] 
[INFO] --- maven-resources-plugin:2.6:testResources (default-testResources) @ entando-k8s-controller-coordinator ---
[INFO] Using 'UTF-8' encoding to copy filtered resources.
[INFO] Copying 6 resources
[INFO] 
[INFO] --- maven-compiler-plugin:3.8.1:testCompile (default-testCompile) @ entando-k8s-controller-coordinator ---
[INFO] Changes detected - recompiling the module!
[INFO] Compiling 9 source files to /workspace/source/target/test-classes
[INFO] 
[INFO] --- maven-surefire-plugin:3.0.0-M1:test (default-test) @ entando-k8s-controller-coordinator ---
[INFO] 
[INFO] -------------------------------------------------------
[INFO]  T E S T S
[INFO] -------------------------------------------------------
[INFO] Running org.entando.kubernetes.controller.coordinator.inprocesstests.EntandoOperatorMatcherTest
Feb 25, 2021 9:03:32 AM org.entando.kubernetes.controller.coordinator.EntandoOperatorMatcher matchesThisOperator
WARNING: Operator ID mismatch. Ignoring resource EntandoApp:null/null
Feb 25, 2021 9:03:33 AM org.entando.kubernetes.controller.coordinator.EntandoOperatorMatcher matchesThisOperator
WARNING: Operator version mismatch. Ignoring resource EntandoApp:null/null
Feb 25, 2021 9:03:33 AM org.entando.kubernetes.controller.coordinator.EntandoOperatorMatcher matchesThisOperator
WARNING: Operator ID mismatch. Ignoring resource EntandoApp:null/null
Feb 25, 2021 9:03:33 AM org.entando.kubernetes.controller.coordinator.EntandoOperatorMatcher matchesThisOperator
WARNING: Operator ID mismatch. Ignoring resource EntandoApp:null/null
[INFO] Tests run: 7, Failures: 0, Errors: 0, Skipped: 0, Time elapsed: 0.206 s - in org.entando.kubernetes.controller.coordinator.inprocesstests.EntandoOperatorMatcherTest
[INFO] Running org.entando.kubernetes.controller.coordinator.inprocesstests.ControllerCoordinatorEdgeConditionsTest
Feb 25, 2021 9:03:34 AM org.entando.kubernetes.controller.coordinator.EntandoResourceObserver logResource
WARNING: EntandoKeycloakServer observed-namespace/test-keycloak has a new resource version: 2
Feb 25, 2021 9:03:34 AM org.entando.kubernetes.controller.coordinator.EntandoResourceObserver logResource
WARNING: EntandoKeycloakServer observed-namespace/test-keycloak is a top level resource
Feb 25, 2021 9:03:34 AM org.entando.kubernetes.controller.coordinator.EntandoResourceObserver logResource
WARNING: EntandoKeycloakServer observed-namespace/test-keycloak is processed after a metadata.generation increment.
Feb 25, 2021 9:03:34 AM org.entando.kubernetes.controller.coordinator.EntandoResourceObserver logResource
INFO: Received ADDED for the EntandoKeycloakServer observed-namespace/test-keycloak
Feb 25, 2021 9:03:35 AM org.entando.kubernetes.controller.coordinator.EntandoResourceObserver logResource
WARNING: Duplicate event for EntandoKeycloakServer observed-namespace/test-keycloak. ResourceVersion=1
Feb 25, 2021 9:03:35 AM org.entando.kubernetes.controller.coordinator.EntandoResourceObserver logResource
WARNING: EntandoKeycloakServer observed-namespace/test-keycloak has a new resource version: 1
Feb 25, 2021 9:03:35 AM org.entando.kubernetes.controller.coordinator.EntandoResourceObserver logResource
WARNING: EntandoKeycloakServer observed-namespace/test-keycloak is a top level resource
Feb 25, 2021 9:03:35 AM org.entando.kubernetes.controller.coordinator.EntandoResourceObserver logResource
WARNING: Processing of EntandoKeycloakServer observed-namespace/test-keycloak has been deferred or ignored using entando.org/processing-instruction.
Feb 25, 2021 9:03:35 AM org.entando.kubernetes.controller.coordinator.EntandoResourceObserver logResource
WARNING: EntandoKeycloakServer observed-namespace/test-keycloak has a new resource version: 1
Feb 25, 2021 9:03:35 AM org.entando.kubernetes.controller.coordinator.EntandoResourceObserver logResource
WARNING: EntandoKeycloakServer observed-namespace/test-keycloak is a top level resource
Feb 25, 2021 9:03:35 AM org.entando.kubernetes.controller.coordinator.EntandoResourceObserver logResource
WARNING: EntandoKeycloakServer observed-namespace/test-keycloak is processed after a metadata.generation increment.
Feb 25, 2021 9:03:35 AM org.entando.kubernetes.controller.coordinator.EntandoResourceObserver logResource
INFO: Received MODIFIED for the EntandoKeycloakServer observed-namespace/test-keycloak
Feb 25, 2021 9:03:35 AM org.entando.kubernetes.controller.coordinator.EntandoResourceObserver logResource
WARNING: EntandoKeycloakServer observed-namespace/test-keycloak has a new resource version: 1
Feb 25, 2021 9:03:35 AM org.entando.kubernetes.controller.coordinator.EntandoResourceObserver logResource
WARNING: EntandoKeycloakServer observed-namespace/test-keycloak is a top level resource
Feb 25, 2021 9:03:35 AM org.entando.kubernetes.controller.coordinator.EntandoResourceObserver logResource
WARNING: Processing of EntandoKeycloakServer observed-namespace/test-keycloak has been forced using entando.org/processing-instruction.
Feb 25, 2021 9:03:35 AM org.entando.kubernetes.controller.coordinator.EntandoResourceObserver logResource
INFO: Received MODIFIED for the EntandoKeycloakServer observed-namespace/test-keycloak
Feb 25, 2021 9:03:35 AM org.entando.kubernetes.controller.coordinator.EntandoResourceObserver logResource
WARNING: EntandoKeycloakServer observed-namespace/test-keycloak has a new resource version: 1
Feb 25, 2021 9:03:35 AM org.entando.kubernetes.controller.coordinator.EntandoResourceObserver logResource
WARNING: EntandoKeycloakServer observed-namespace/test-keycloak is a top level resource
Feb 25, 2021 9:03:35 AM org.entando.kubernetes.controller.coordinator.EntandoResourceObserver logResource
WARNING: EntandoKeycloakServer observed-namespace/test-keycloak is processed after a metadata.generation increment.
Feb 25, 2021 9:03:35 AM org.entando.kubernetes.controller.coordinator.EntandoResourceObserver logResource
INFO: Received MODIFIED for the EntandoKeycloakServer observed-namespace/test-keycloak
Feb 25, 2021 9:03:35 AM org.entando.kubernetes.controller.coordinator.EntandoResourceObserver logResource
WARNING: EntandoKeycloakServer observed-namespace/test-keycloak needs to be processed as part of the upgrade to the version 6.3.1
Feb 25, 2021 9:03:35 AM org.entando.kubernetes.controller.coordinator.EntandoResourceObserver logResource
INFO: Received MODIFIED for the EntandoKeycloakServer observed-namespace/test-keycloak
Feb 25, 2021 9:03:35 AM org.entando.kubernetes.controller.coordinator.EntandoResourceObserver logResource
WARNING: EntandoKeycloakServer observed-namespace/test-keycloak has a new resource version: 1
Feb 25, 2021 9:03:35 AM org.entando.kubernetes.controller.coordinator.EntandoResourceObserver logResource
WARNING: EntandoKeycloakServer observed-namespace/test-keycloak is a top level resource
Feb 25, 2021 9:03:35 AM org.entando.kubernetes.controller.coordinator.EntandoResourceObserver logResource
WARNING: EntandoDeBundle observed-namespace/my-de-bundle has a new resource version: 123
Feb 25, 2021 9:03:35 AM org.entando.kubernetes.controller.coordinator.EntandoResourceObserver logResource
WARNING: EntandoDeBundle observed-namespace/my-de-bundle is a top level resource
Feb 25, 2021 9:03:35 AM org.entando.kubernetes.controller.coordinator.EntandoResourceObserver logResource
WARNING: EntandoDeBundle observed-namespace/my-de-bundle is processed after a metadata.generation increment.
Feb 25, 2021 9:03:35 AM org.entando.kubernetes.controller.coordinator.EntandoResourceObserver logResource
INFO: Received MODIFIED for the EntandoDeBundle observed-namespace/my-de-bundle
Feb 25, 2021 9:03:36 AM org.entando.kubernetes.controller.coordinator.EntandoResourceObserver logResource
WARNING: EntandoKeycloakServer observed-namespace/test-keycloak has a new resource version: 1
Feb 25, 2021 9:03:36 AM org.entando.kubernetes.controller.coordinator.EntandoResourceObserver logResource
WARNING: EntandoCompositeApp observed-namespace/composite-app has a new resource version: 123
Feb 25, 2021 9:03:36 AM org.entando.kubernetes.controller.coordinator.EntandoResourceObserver logResource
WARNING: EntandoCompositeApp observed-namespace/composite-app is a top level resource
Feb 25, 2021 9:03:36 AM org.entando.kubernetes.controller.coordinator.EntandoResourceObserver logResource
WARNING: Processing of EntandoCompositeApp observed-namespace/composite-app has been deferred or ignored using entando.org/processing-instruction.
Feb 25, 2021 9:03:36 AM org.entando.kubernetes.controller.coordinator.EntandoResourceObserver logResource
WARNING: EntandoKeycloakServer observed-namespace/test-keycloak has a new resource version: 2
Feb 25, 2021 9:03:36 AM org.entando.kubernetes.controller.coordinator.EntandoResourceObserver logResource
WARNING: EntandoKeycloakServer observed-namespace/test-keycloak is a top level resource
Feb 25, 2021 9:03:36 AM org.entando.kubernetes.controller.coordinator.EntandoResourceObserver logResource
WARNING: EntandoKeycloakServer observed-namespace/test-keycloak is processed after a metadata.generation increment.
Feb 25, 2021 9:03:36 AM org.entando.kubernetes.controller.coordinator.EntandoResourceObserver logResource
INFO: Received MODIFIED for the EntandoKeycloakServer observed-namespace/test-keycloak
[INFO] Tests run: 10, Failures: 0, Errors: 0, Skipped: 0, Time elapsed: 3.081 s - in org.entando.kubernetes.controller.coordinator.inprocesstests.ControllerCoordinatorEdgeConditionsTest
[INFO] Running org.entando.kubernetes.controller.coordinator.inprocesstests.ControllerCoordinatorMockedTest
Feb 25, 2021 9:03:37 AM okhttp3.mockwebserver.MockWebServer$2 e**cute
INFO: MockWebServer[54740] starting to accept connections
Feb 25, 2021 9:03:37 AM okhttp3.mockwebserver.MockWebServer$3 processOneRequest
INFO: MockWebServer[54740] received request: GET /apis/apiextensions.k8s.io/v1beta1/customresourcedefinitions/entandokeycloakservers.entando.org HTTP/1.1 and responded: HTTP/1.1 404 Client Error
Feb 25, 2021 9:03:38 AM okhttp3.mockwebserver.MockWebServer$3 processOneRequest
INFO: MockWebServer[54740] received request: POST /apis/apiextensions.k8s.io/v1beta1/customresourcedefinitions HTTP/1.1 and responded: HTTP/1.1 202 OK
Feb 25, 2021 9:03:38 AM okhttp3.mockwebserver.MockWebServer$3 processOneRequest
INFO: MockWebServer[54740] received request: GET /api/v1/namespaces/entando-k8s-controller-coordinator-carcpr68 HTTP/1.1 and responded: HTTP/1.1 404 Client Error
Feb 25, 2021 9:03:38 AM okhttp3.mockwebserver.MockWebServer$3 processOneRequest
INFO: MockWebServer[54740] received request: GET /apis/entando.org/v1/namespaces/default/entandokeycloakservers HTTP/1.1 and responded: HTTP/1.1 200 OK
Feb 25, 2021 9:03:38 AM okhttp3.mockwebserver.MockWebServer$3 processOneRequest
INFO: MockWebServer[54740] received request: GET /api/v1/namespaces/entando-k8s-controller-coordinator-carcpr68 HTTP/1.1 and responded: HTTP/1.1 404 Client Error
Feb 25, 2021 9:03:38 AM okhttp3.mockwebserver.MockWebServer$3 processOneRequest
INFO: MockWebServer[54740] received request: GET /apis/entando.org/v1/namespaces/default/entandokeycloakservers HTTP/1.1 and responded: HTTP/1.1 200 OK
Feb 25, 2021 9:03:38 AM org.entando.kubernetes.client.KubernetesRestInterceptor invoke
INFO: Entering method getNamespace in class org.entando.kubernetes.controller.support.client.EntandoResourceClient
Feb 25, 2021 9:03:38 AM org.entando.kubernetes.client.KubernetesRestInterceptor invoke
INFO: Exiting method getNamespace in class org.entando.kubernetes.controller.support.client.EntandoResourceClient
Feb 25, 2021 9:03:38 AM okhttp3.mockwebserver.MockWebServer$3 processOneRequest
INFO: MockWebServer[54740] received request: GET /apis/entando.org/v1/namespaces/entando-k8s-controller-coordinator-carcpr68/entandokeycloakservers HTTP/1.1 and responded: HTTP/1.1 200 OK
Feb 25, 2021 9:03:38 AM okhttp3.mockwebserver.MockWebServer$3 processOneRequest
INFO: MockWebServer[54740] received request: GET /apis/entando.org/v1/namespaces/entando-k8s-controller-coordinator-carcpr68/entandokeycloakservers?watch=**** HTTP/1.1 and responded: HTTP/1.1 200 OK
Feb 25, 2021 9:03:38 AM okhttp3.mockwebserver.MockWebServer$3 processOneRequest
INFO: MockWebServer[54740] received request: GET /apis/entando.org/v1/namespaces/entando-k8s-controller-coordinator-carcpr68/entandokeycloakservers?watch=**** HTTP/1.1 and responded: HTTP/1.1 200 OK
Feb 25, 2021 9:03:38 AM okhttp3.mockwebserver.MockWebServer$3 processOneRequest
INFO: MockWebServer[54740] received request: GET /apis/apiextensions.k8s.io/v1beta1/customresourcedefinitions/entandoclusterinfrastructures.entando.org HTTP/1.1 and responded: HTTP/1.1 404 Client Error
Feb 25, 2021 9:03:38 AM io.fabric8.kubernetes.client.dsl.internal.WatchHTTPManager$1 onResponse
INFO: Watch terminated unexpectedly. reason: \n not found: limit=46 content=7b2261706956657273696f6e223a227631222c226b696e64223a224c69737422â€¦
Feb 25, 2021 9:03:38 AM okhttp3.mockwebserver.MockWebServer$3 processOneRequest
INFO: MockWebServer[54740] received request: POST /apis/apiextensions.k8s.io/v1beta1/customresourcedefinitions HTTP/1.1 and responded: HTTP/1.1 202 OK
Feb 25, 2021 9:03:38 AM okhttp3.mockwebserver.MockWebServer$3 processOneRequest
INFO: MockWebServer[54740] received request: GET /api/v1/namespaces/entando-k8s-controller-coordinator-carcpr68 HTTP/1.1 and responded: HTTP/1.1 404 Client Error
Feb 25, 2021 9:03:39 AM okhttp3.mockwebserver.MockWebServer$3 processOneRequest
INFO: MockWebServer[54740] received request: GET /apis/entando.org/v1/namespaces/default/entandoclusterinfrastructures HTTP/1.1 and responded: HTTP/1.1 200 OK
Feb 25, 2021 9:03:39 AM okhttp3.mockwebserver.MockWebServer$3 processOneRequest
INFO: MockWebServer[54740] received request: GET /api/v1/namespaces/entando-k8s-controller-coordinator-carcpr68 HTTP/1.1 and responded: HTTP/1.1 404 Client Error
Feb 25, 2021 9:03:39 AM okhttp3.mockwebserver.MockWebServer$3 processOneRequest
INFO: MockWebServer[54740] received request: GET /apis/entando.org/v1/namespaces/default/entandoclusterinfrastructures HTTP/1.1 and responded: HTTP/1.1 200 OK
Feb 25, 2021 9:03:39 AM org.entando.kubernetes.client.KubernetesRestInterceptor invoke
INFO: Entering method getNamespace in class org.entando.kubernetes.controller.support.client.EntandoResourceClient
Feb 25, 2021 9:03:39 AM org.entando.kubernetes.client.KubernetesRestInterceptor invoke
INFO: Exiting method getNamespace in class org.entando.kubernetes.controller.support.client.EntandoResourceClient
Feb 25, 2021 9:03:39 AM okhttp3.mockwebserver.MockWebServer$3 processOneRequest
INFO: MockWebServer[54740] received request: GET /apis/entando.org/v1/namespaces/entando-k8s-controller-coordinator-carcpr68/entandoclusterinfrastructures HTTP/1.1 and responded: HTTP/1.1 200 OK
Feb 25, 2021 9:03:39 AM okhttp3.mockwebserver.MockWebServer$3 processOneRequest
INFO: MockWebServer[54740] received request: GET /apis/entando.org/v1/namespaces/entando-k8s-controller-coordinator-carcpr68/entandoclusterinfrastructures?watch=**** HTTP/1.1 and responded: HTTP/1.1 200 OK
Feb 25, 2021 9:03:39 AM okhttp3.mockwebserver.MockWebServer$3 processOneRequest
INFO: MockWebServer[54740] received request: GET /apis/entando.org/v1/namespaces/entando-k8s-controller-coordinator-carcpr68/entandoclusterinfrastructures?watch=**** HTTP/1.1 and responded: HTTP/1.1 200 OK
Feb 25, 2021 9:03:39 AM okhttp3.mockwebserver.MockWebServer$3 processOneRequest
INFO: MockWebServer[54740] received request: GET /apis/apiextensions.k8s.io/v1beta1/customresourcedefinitions/entandoplugins.entando.org HTTP/1.1 and responded: HTTP/1.1 404 Client Error
Feb 25, 2021 9:03:39 AM io.fabric8.kubernetes.client.dsl.internal.WatchHTTPManager$1 onResponse
INFO: Watch terminated unexpectedly. reason: \n not found: limit=46 content=7b2261706956657273696f6e223a227631222c226b696e64223a224c69737422â€¦
Feb 25, 2021 9:03:39 AM okhttp3.mockwebserver.MockWebServer$3 processOneRequest
INFO: MockWebServer[54740] received request: POST /apis/apiextensions.k8s.io/v1beta1/customresourcedefinitions HTTP/1.1 and responded: HTTP/1.1 202 OK
Feb 25, 2021 9:03:39 AM okhttp3.mockwebserver.MockWebServer$3 processOneRequest
INFO: MockWebServer[54740] received request: GET /api/v1/namespaces/entando-k8s-controller-coordinator-carcpr68 HTTP/1.1 and responded: HTTP/1.1 404 Client Error
Feb 25, 2021 9:03:39 AM okhttp3.mockwebserver.MockWebServer$3 processOneRequest
INFO: MockWebServer[54740] received request: GET /apis/entando.org/v1/namespaces/default/entandoplugins HTTP/1.1 and responded: HTTP/1.1 200 OK
Feb 25, 2021 9:03:39 AM okhttp3.mockwebserver.MockWebServer$3 processOneRequest
INFO: MockWebServer[54740] received request: GET /api/v1/namespaces/entando-k8s-controller-coordinator-carcpr68 HTTP/1.1 and responded: HTTP/1.1 404 Client Error
Feb 25, 2021 9:03:39 AM io.fabric8.kubernetes.client.dsl.internal.WatchHTTPManager$1 onResponse
INFO: Watch terminated unexpectedly. reason: \n not found: limit=46 content=7b2261706956657273696f6e223a227631222c226b696e64223a224c69737422â€¦
Feb 25, 2021 9:03:39 AM okhttp3.mockwebserver.MockWebServer$3 processOneRequest
INFO: MockWebServer[54740] received request: GET /apis/entando.org/v1/namespaces/entando-k8s-controller-coordinator-carcpr68/entandokeycloakservers?watch=**** HTTP/1.1 and responded: HTTP/1.1 200 OK
Feb 25, 2021 9:03:39 AM okhttp3.mockwebserver.MockWebServer$3 processOneRequest
INFO: MockWebServer[54740] received request: GET /apis/entando.org/v1/namespaces/default/entandoplugins HTTP/1.1 and responded: HTTP/1.1 200 OK
Feb 25, 2021 9:03:39 AM org.entando.kubernetes.client.KubernetesRestInterceptor invoke
INFO: Entering method getNamespace in class org.entando.kubernetes.controller.support.client.EntandoResourceClient
Feb 25, 2021 9:03:39 AM org.entando.kubernetes.client.KubernetesRestInterceptor invoke
INFO: Exiting method getNamespace in class org.entando.kubernetes.controller.support.client.EntandoResourceClient
Feb 25, 2021 9:03:40 AM okhttp3.mockwebserver.MockWebServer$3 processOneRequest
INFO: MockWebServer[54740] received request: GET /apis/entando.org/v1/namespaces/entando-k8s-controller-coordinator-carcpr68/entandoplugins HTTP/1.1 and responded: HTTP/1.1 200 OK
Feb 25, 2021 9:03:40 AM okhttp3.mockwebserver.MockWebServer$3 processOneRequest
INFO: MockWebServer[54740] received request: GET /apis/entando.org/v1/namespaces/entando-k8s-controller-coordinator-carcpr68/entandoplugins?watch=**** HTTP/1.1 and responded: HTTP/1.1 200 OK
Feb 25, 2021 9:03:40 AM okhttp3.mockwebserver.MockWebServer$3 processOneRequest
INFO: MockWebServer[54740] received request: GET /apis/entando.org/v1/namespaces/entando-k8s-controller-coordinator-carcpr68/entandoplugins?watch=**** HTTP/1.1 and responded: HTTP/1.1 200 OK
Feb 25, 2021 9:03:40 AM okhttp3.mockwebserver.MockWebServer$3 processOneRequest
INFO: MockWebServer[54740] received request: GET /apis/apiextensions.k8s.io/v1beta1/customresourcedefinitions/entandocompositeapps.entando.org HTTP/1.1 and responded: HTTP/1.1 404 Client Error
Feb 25, 2021 9:03:40 AM io.fabric8.kubernetes.client.dsl.internal.WatchHTTPManager$1 onResponse
INFO: Watch terminated unexpectedly. reason: \n not found: limit=46 content=7b2261706956657273696f6e223a227631222c226b696e64223a224c69737422â€¦
Feb 25, 2021 9:03:40 AM okhttp3.mockwebserver.MockWebServer$3 processOneRequest
INFO: MockWebServer[54740] received request: POST /apis/apiextensions.k8s.io/v1beta1/customresourcedefinitions HTTP/1.1 and responded: HTTP/1.1 202 OK
Feb 25, 2021 9:03:40 AM okhttp3.mockwebserver.MockWebServer$3 processOneRequest
INFO: MockWebServer[54740] received request: GET /api/v1/namespaces/entando-k8s-controller-coordinator-carcpr68 HTTP/1.1 and responded: HTTP/1.1 404 Client Error
Feb 25, 2021 9:03:40 AM okhttp3.mockwebserver.MockWebServer$3 processOneRequest
INFO: MockWebServer[54740] received request: GET /apis/entando.org/v1/namespaces/default/entandocompositeapps HTTP/1.1 and responded: HTTP/1.1 200 OK
Feb 25, 2021 9:03:40 AM okhttp3.mockwebserver.MockWebServer$3 processOneRequest
INFO: MockWebServer[54740] received request: GET /api/v1/namespaces/entando-k8s-controller-coordinator-carcpr68 HTTP/1.1 and responded: HTTP/1.1 404 Client Error
Feb 25, 2021 9:03:40 AM okhttp3.mockwebserver.MockWebServer$3 processOneRequest
INFO: MockWebServer[54740] received request: GET /apis/entando.org/v1/namespaces/default/entandocompositeapps HTTP/1.1 and responded: HTTP/1.1 200 OK
Feb 25, 2021 9:03:40 AM org.entando.kubernetes.client.KubernetesRestInterceptor invoke
INFO: Entering method getNamespace in class org.entando.kubernetes.controller.support.client.EntandoResourceClient
Feb 25, 2021 9:03:40 AM org.entando.kubernetes.client.KubernetesRestInterceptor invoke
INFO: Exiting method getNamespace in class org.entando.kubernetes.controller.support.client.EntandoResourceClient
Feb 25, 2021 9:03:40 AM okhttp3.mockwebserver.MockWebServer$3 processOneRequest
INFO: MockWebServer[54740] received request: GET /apis/entando.org/v1/namespaces/entando-k8s-controller-coordinator-carcpr68/entandoclusterinfrastructures?watch=**** HTTP/1.1 and responded: HTTP/1.1 200 OK
Feb 25, 2021 9:03:40 AM io.fabric8.kubernetes.client.dsl.internal.WatchHTTPManager$1 onResponse
INFO: Watch terminated unexpectedly. reason: \n not found: limit=46 content=7b2261706956657273696f6e223a227631222c226b696e64223a224c69737422â€¦
Feb 25, 2021 9:03:40 AM okhttp3.mockwebserver.MockWebServer$3 processOneRequest
INFO: MockWebServer[54740] received request: GET /apis/entando.org/v1/namespaces/entando-k8s-controller-coordinator-carcpr68/entandocompositeapps HTTP/1.1 and responded: HTTP/1.1 200 OK
Feb 25, 2021 9:03:40 AM okhttp3.mockwebserver.MockWebServer$3 processOneRequest
INFO: MockWebServer[54740] received request: GET /apis/entando.org/v1/namespaces/entando-k8s-controller-coordinator-carcpr68/entandocompositeapps?watch=**** HTTP/1.1 and responded: HTTP/1.1 200 OK
Feb 25, 2021 9:03:40 AM okhttp3.mockwebserver.MockWebServer$3 processOneRequest
INFO: MockWebServer[54740] received request: GET /apis/entando.org/v1/namespaces/entando-k8s-controller-coordinator-carcpr68/entandocompositeapps?watch=**** HTTP/1.1 and responded: HTTP/1.1 200 OK
Feb 25, 2021 9:03:40 AM okhttp3.mockwebserver.MockWebServer$3 processOneRequest
INFO: MockWebServer[54740] received request: GET /apis/apiextensions.k8s.io/v1beta1/customresourcedefinitions/entandodatabaseservices.entando.org HTTP/1.1 and responded: HTTP/1.1 404 Client Error
Feb 25, 2021 9:03:40 AM io.fabric8.kubernetes.client.dsl.internal.WatchHTTPManager$1 onResponse
INFO: Watch terminated unexpectedly. reason: \n not found: limit=46 content=7b2261706956657273696f6e223a227631222c226b696e64223a224c69737422â€¦
Feb 25, 2021 9:03:40 AM okhttp3.mockwebserver.MockWebServer$3 processOneRequest
INFO: MockWebServer[54740] received request: POST /apis/apiextensions.k8s.io/v1beta1/customresourcedefinitions HTTP/1.1 and responded: HTTP/1.1 202 OK
Feb 25, 2021 9:03:40 AM okhttp3.mockwebserver.MockWebServer$3 processOneRequest
INFO: MockWebServer[54740] received request: GET /api/v1/namespaces/entando-k8s-controller-coordinator-carcpr68 HTTP/1.1 and responded: HTTP/1.1 404 Client Error
Feb 25, 2021 9:03:41 AM okhttp3.mockwebserver.MockWebServer$3 processOneRequest
INFO: MockWebServer[54740] received request: GET /apis/entando.org/v1/namespaces/default/entandodatabaseservices HTTP/1.1 and responded: HTTP/1.1 200 OK
Feb 25, 2021 9:03:41 AM okhttp3.mockwebserver.MockWebServer$3 processOneRequest
INFO: MockWebServer[54740] received request: GET /api/v1/namespaces/entando-k8s-controller-coordinator-carcpr68 HTTP/1.1 and responded: HTTP/1.1 404 Client Error
Feb 25, 2021 9:03:41 AM okhttp3.mockwebserver.MockWebServer$3 processOneRequest
INFO: MockWebServer[54740] received request: GET /apis/entando.org/v1/namespaces/default/entandodatabaseservices HTTP/1.1 and responded: HTTP/1.1 200 OK
Feb 25, 2021 9:03:41 AM org.entando.kubernetes.client.KubernetesRestInterceptor invoke
INFO: Entering method getNamespace in class org.entando.kubernetes.controller.support.client.EntandoResourceClient
Feb 25, 2021 9:03:41 AM org.entando.kubernetes.client.KubernetesRestInterceptor invoke
INFO: Exiting method getNamespace in class org.entando.kubernetes.controller.support.client.EntandoResourceClient
Feb 25, 2021 9:03:41 AM okhttp3.mockwebserver.MockWebServer$3 processOneRequest
INFO: MockWebServer[54740] received request: GET /apis/entando.org/v1/namespaces/entando-k8s-controller-coordinator-carcpr68/entandodatabaseservices HTTP/1.1 and responded: HTTP/1.1 200 OK
Feb 25, 2021 9:03:41 AM okhttp3.mockwebserver.MockWebServer$3 processOneRequest
INFO: MockWebServer[54740] received request: GET /apis/entando.org/v1/namespaces/entando-k8s-controller-coordinator-carcpr68/entandoplugins?watch=**** HTTP/1.1 and responded: HTTP/1.1 200 OK
Feb 25, 2021 9:03:41 AM io.fabric8.kubernetes.client.dsl.internal.WatchHTTPManager$1 onResponse
INFO: Watch terminated unexpectedly. reason: \n not found: limit=46 content=7b2261706956657273696f6e223a227631222c226b696e64223a224c69737422â€¦
Feb 25, 2021 9:03:41 AM okhttp3.mockwebserver.MockWebServer$3 processOneRequest
INFO: MockWebServer[54740] received request: GET /apis/entando.org/v1/namespaces/entando-k8s-controller-coordinator-carcpr68/entandodatabaseservices?watch=**** HTTP/1.1 and responded: HTTP/1.1 200 OK
Feb 25, 2021 9:03:41 AM okhttp3.mockwebserver.MockWebServer$3 processOneRequest
INFO: MockWebServer[54740] received request: GET /apis/entando.org/v1/namespaces/entando-k8s-controller-coordinator-carcpr68/entandodatabaseservices?watch=**** HTTP/1.1 and responded: HTTP/1.1 200 OK
Feb 25, 2021 9:03:41 AM okhttp3.mockwebserver.MockWebServer$3 processOneRequest
INFO: MockWebServer[54740] received request: GET /apis/apiextensions.k8s.io/v1beta1/customresourcedefinitions/entandoapps.entando.org HTTP/1.1 and responded: HTTP/1.1 404 Client Error
Feb 25, 2021 9:03:41 AM io.fabric8.kubernetes.client.dsl.internal.WatchHTTPManager$1 onResponse
INFO: Watch terminated unexpectedly. reason: \n not found: limit=46 content=7b2261706956657273696f6e223a227631222c226b696e64223a224c69737422â€¦
Feb 25, 2021 9:03:41 AM okhttp3.mockwebserver.MockWebServer$3 processOneRequest
INFO: MockWebServer[54740] received request: POST /apis/apiextensions.k8s.io/v1beta1/customresourcedefinitions HTTP/1.1 and responded: HTTP/1.1 202 OK
Feb 25, 2021 9:03:41 AM okhttp3.mockwebserver.MockWebServer$3 processOneRequest
INFO: MockWebServer[54740] received request: GET /api/v1/namespaces/entando-k8s-controller-coordinator-carcpr68 HTTP/1.1 and responded: HTTP/1.1 404 Client Error
Feb 25, 2021 9:03:41 AM okhttp3.mockwebserver.MockWebServer$3 processOneRequest
INFO: MockWebServer[54740] received request: GET /apis/entando.org/v1/namespaces/default/entandoapps HTTP/1.1 and responded: HTTP/1.1 200 OK
Feb 25, 2021 9:03:41 AM okhttp3.mockwebserver.MockWebServer$3 processOneRequest
INFO: MockWebServer[54740] received request: GET /api/v1/namespaces/entando-k8s-controller-coordinator-carcpr68 HTTP/1.1 and responded: HTTP/1.1 404 Client Error
Feb 25, 2021 9:03:41 AM okhttp3.mockwebserver.MockWebServer$3 processOneRequest
INFO: MockWebServer[54740] received request: GET /apis/entando.org/v1/namespaces/default/entandoapps HTTP/1.1 and responded: HTTP/1.1 200 OK
Feb 25, 2021 9:03:41 AM org.entando.kubernetes.client.KubernetesRestInterceptor invoke
INFO: Entering method getNamespace in class org.entando.kubernetes.controller.support.client.EntandoResourceClient
Feb 25, 2021 9:03:41 AM org.entando.kubernetes.client.KubernetesRestInterceptor invoke
INFO: Exiting method getNamespace in class org.entando.kubernetes.controller.support.client.EntandoResourceClient
Feb 25, 2021 9:03:41 AM okhttp3.mockwebserver.MockWebServer$3 processOneRequest
INFO: MockWebServer[54740] received request: GET /apis/entando.org/v1/namespaces/entando-k8s-controller-coordinator-carcpr68/entandocompositeapps?watch=**** HTTP/1.1 and responded: HTTP/1.1 200 OK
Feb 25, 2021 9:03:41 AM io.fabric8.kubernetes.client.dsl.internal.WatchHTTPManager$1 onResponse
INFO: Watch terminated unexpectedly. reason: \n not found: limit=46 content=7b2261706956657273696f6e223a227631222c226b696e64223a224c69737422â€¦
Feb 25, 2021 9:03:41 AM okhttp3.mockwebserver.MockWebServer$3 processOneRequest
INFO: MockWebServer[54740] received request: GET /apis/entando.org/v1/namespaces/entando-k8s-controller-coordinator-carcpr68/entandokeycloakservers?watch=**** HTTP/1.1 and responded: HTTP/1.1 200 OK
Feb 25, 2021 9:03:41 AM okhttp3.mockwebserver.MockWebServer$3 processOneRequest
INFO: MockWebServer[54740] received request: GET /apis/entando.org/v1/namespaces/entando-k8s-controller-coordinator-carcpr68/entandoapps HTTP/1.1 and responded: HTTP/1.1 200 OK
Feb 25, 2021 9:03:41 AM io.fabric8.kubernetes.client.dsl.internal.WatchHTTPManager$1 onResponse
INFO: Watch terminated unexpectedly. reason: \n not found: limit=46 content=7b2261706956657273696f6e223a227631222c226b696e64223a224c69737422â€¦
Feb 25, 2021 9:03:42 AM okhttp3.mockwebserver.MockWebServer$3 processOneRequest
INFO: MockWebServer[54740] received request: GET /apis/entando.org/v1/namespaces/entando-k8s-controller-coordinator-carcpr68/entandoapps?watch=**** HTTP/1.1 and responded: HTTP/1.1 200 OK
Feb 25, 2021 9:03:42 AM okhttp3.mockwebserver.MockWebServer$3 processOneRequest
INFO: MockWebServer[54740] received request: GET /apis/entando.org/v1/namespaces/entando-k8s-controller-coordinator-carcpr68/entandoapps?watch=**** HTTP/1.1 and responded: HTTP/1.1 200 OK
Feb 25, 2021 9:03:42 AM io.fabric8.kubernetes.client.dsl.internal.WatchHTTPManager$1 onResponse
INFO: Watch terminated unexpectedly. reason: \n not found: limit=46 content=7b2261706956657273696f6e223a227631222c226b696e64223a224c69737422â€¦
Feb 25, 2021 9:03:42 AM okhttp3.mockwebserver.MockWebServer$3 processOneRequest
INFO: MockWebServer[54740] received request: GET /apis/apiextensions.k8s.io/v1beta1/customresourcedefinitions/entandoapppluginlinks.entando.org HTTP/1.1 and responded: HTTP/1.1 404 Client Error
Feb 25, 2021 9:03:42 AM okhttp3.mockwebserver.MockWebServer$3 processOneRequest
INFO: MockWebServer[54740] received request: POST /apis/apiextensions.k8s.io/v1beta1/customresourcedefinitions HTTP/1.1 and responded: HTTP/1.1 202 OK
Feb 25, 2021 9:03:42 AM okhttp3.mockwebserver.MockWebServer$3 processOneRequest
INFO: MockWebServer[54740] received request: GET /api/v1/namespaces/entando-k8s-controller-coordinator-carcpr68 HTTP/1.1 and responded: HTTP/1.1 404 Client Error
Feb 25, 2021 9:03:42 AM okhttp3.mockwebserver.MockWebServer$3 processOneRequest
INFO: MockWebServer[54740] received request: GET /apis/entando.org/v1/namespaces/default/entandoapppluginlinks HTTP/1.1 and responded: HTTP/1.1 200 OK
Feb 25, 2021 9:03:42 AM okhttp3.mockwebserver.MockWebServer$3 processOneRequest
INFO: MockWebServer[54740] received request: GET /api/v1/namespaces/entando-k8s-controller-coordinator-carcpr68 HTTP/1.1 and responded: HTTP/1.1 404 Client Error
Feb 25, 2021 9:03:42 AM okhttp3.mockwebserver.MockWebServer$3 processOneRequest
INFO: MockWebServer[54740] received request: GET /apis/entando.org/v1/namespaces/entando-k8s-controller-coordinator-carcpr68/entandodatabaseservices?watch=**** HTTP/1.1 and responded: HTTP/1.1 200 OK
Feb 25, 2021 9:03:42 AM io.fabric8.kubernetes.client.dsl.internal.WatchHTTPManager$1 onResponse
INFO: Watch terminated unexpectedly. reason: \n not found: limit=46 content=7b2261706956657273696f6e223a227631222c226b696e64223a224c69737422â€¦
Feb 25, 2021 9:03:42 AM okhttp3.mockwebserver.MockWebServer$3 processOneRequest
INFO: MockWebServer[54740] received request: GET /apis/entando.org/v1/namespaces/default/entandoapppluginlinks HTTP/1.1 and responded: HTTP/1.1 200 OK
Feb 25, 2021 9:03:42 AM org.entando.kubernetes.client.KubernetesRestInterceptor invoke
INFO: Entering method getNamespace in class org.entando.kubernetes.controller.support.client.EntandoResourceClient
Feb 25, 2021 9:03:42 AM org.entando.kubernetes.client.KubernetesRestInterceptor invoke
INFO: Exiting method getNamespace in class org.entando.kubernetes.controller.support.client.EntandoResourceClient
Feb 25, 2021 9:03:42 AM okhttp3.mockwebserver.MockWebServer$3 processOneRequest
INFO: MockWebServer[54740] received request: GET /apis/entando.org/v1/namespaces/entando-k8s-controller-coordinator-carcpr68/entandoapppluginlinks HTTP/1.1 and responded: HTTP/1.1 200 OK
Feb 25, 2021 9:03:42 AM okhttp3.mockwebserver.MockWebServer$3 processOneRequest
INFO: MockWebServer[54740] received request: GET /apis/entando.org/v1/namespaces/entando-k8s-controller-coordinator-carcpr68/entandoclusterinfrastructures?watch=**** HTTP/1.1 and responded: HTTP/1.1 200 OK
Feb 25, 2021 9:03:42 AM io.fabric8.kubernetes.client.dsl.internal.WatchHTTPManager$1 onResponse
INFO: Watch terminated unexpectedly. reason: \n not found: limit=46 content=7b2261706956657273696f6e223a227631222c226b696e64223a224c69737422â€¦
Feb 25, 2021 9:03:42 AM okhttp3.mockwebserver.MockWebServer$3 processOneRequest
INFO: MockWebServer[54740] received request: GET /apis/entando.org/v1/namespaces/entando-k8s-controller-coordinator-carcpr68/entandoapppluginlinks?watch=**** HTTP/1.1 and responded: HTTP/1.1 200 OK
Feb 25, 2021 9:03:42 AM okhttp3.mockwebserver.MockWebServer$3 processOneRequest
INFO: MockWebServer[54740] received request: GET /apis/entando.org/v1/namespaces/entando-k8s-controller-coordinator-carcpr68/entandoapppluginlinks?watch=**** HTTP/1.1 and responded: HTTP/1.1 200 OK
Feb 25, 2021 9:03:42 AM okhttp3.mockwebserver.MockWebServer$3 processOneRequest
INFO: MockWebServer[54740] received request: GET /apis/apiextensions.k8s.io/v1beta1/customresourcedefinitions/entandodebundles.entando.org HTTP/1.1 and responded: HTTP/1.1 404 Client Error
Feb 25, 2021 9:03:42 AM io.fabric8.kubernetes.client.dsl.internal.WatchHTTPManager$1 onResponse
INFO: Watch terminated unexpectedly. reason: \n not found: limit=46 content=7b2261706956657273696f6e223a227631222c226b696e64223a224c69737422â€¦
Feb 25, 2021 9:03:42 AM okhttp3.mockwebserver.MockWebServer$3 processOneRequest
INFO: MockWebServer[54740] received request: POST /apis/apiextensions.k8s.io/v1beta1/customresourcedefinitions HTTP/1.1 and responded: HTTP/1.1 202 OK
Feb 25, 2021 9:03:42 AM okhttp3.mockwebserver.MockWebServer$3 processOneRequest
INFO: MockWebServer[54740] received request: GET /api/v1/namespaces/entando-k8s-controller-coordinator-carcpr68 HTTP/1.1 and responded: HTTP/1.1 404 Client Error
Feb 25, 2021 9:03:43 AM okhttp3.mockwebserver.MockWebServer$3 processOneRequest
INFO: MockWebServer[54740] received request: GET /apis/entando.org/v1/namespaces/default/entandodebundles HTTP/1.1 and responded: HTTP/1.1 200 OK
Feb 25, 2021 9:03:43 AM okhttp3.mockwebserver.MockWebServer$3 processOneRequest
INFO: MockWebServer[54740] received request: GET /api/v1/namespaces/entando-k8s-controller-coordinator-carcpr68 HTTP/1.1 and responded: HTTP/1.1 404 Client Error
Feb 25, 2021 9:03:43 AM okhttp3.mockwebserver.MockWebServer$3 processOneRequest
INFO: MockWebServer[54740] received request: GET /apis/entando.org/v1/namespaces/entando-k8s-controller-coordinator-carcpr68/entandoapps?watch=**** HTTP/1.1 and responded: HTTP/1.1 200 OK
Feb 25, 2021 9:03:43 AM io.fabric8.kubernetes.client.dsl.internal.WatchHTTPManager$1 onResponse
INFO: Watch terminated unexpectedly. reason: \n not found: limit=46 content=7b2261706956657273696f6e223a227631222c226b696e64223a224c69737422â€¦
Feb 25, 2021 9:03:43 AM okhttp3.mockwebserver.MockWebServer$3 processOneRequest
INFO: MockWebServer[54740] received request: GET /apis/entando.org/v1/namespaces/default/entandodebundles HTTP/1.1 and responded: HTTP/1.1 200 OK
Feb 25, 2021 9:03:43 AM org.entando.kubernetes.client.KubernetesRestInterceptor invoke
INFO: Entering method getNamespace in class org.entando.kubernetes.controller.support.client.EntandoResourceClient
Feb 25, 2021 9:03:43 AM org.entando.kubernetes.client.KubernetesRestInterceptor invoke
INFO: Exiting method getNamespace in class org.entando.kubernetes.controller.support.client.EntandoResourceClient
Feb 25, 2021 9:03:43 AM okhttp3.mockwebserver.MockWebServer$3 processOneRequest
INFO: MockWebServer[54740] received request: GET /apis/entando.org/v1/namespaces/entando-k8s-controller-coordinator-carcpr68/entandodebundles HTTP/1.1 and responded: HTTP/1.1 200 OK
Feb 25, 2021 9:03:43 AM io.fabric8.kubernetes.client.dsl.internal.WatchHTTPManager$1 onResponse
INFO: Watch terminated unexpectedly. reason: \n not found: limit=46 content=7b2261706956657273696f6e223a227631222c226b696e64223a224c69737422â€¦
Feb 25, 2021 9:03:43 AM okhttp3.mockwebserver.MockWebServer$3 processOneRequest
INFO: MockWebServer[54740] received request: GET /apis/entando.org/v1/namespaces/entando-k8s-controller-coordinator-carcpr68/entandoplugins?watch=**** HTTP/1.1 and responded: HTTP/1.1 200 OK
Feb 25, 2021 9:03:43 AM okhttp3.mockwebserver.MockWebServer$3 processOneRequest
INFO: MockWebServer[54740] received request: GET /apis/entando.org/v1/namespaces/entando-k8s-controller-coordinator-carcpr68/entandodebundles?watch=**** HTTP/1.1 and responded: HTTP/1.1 200 OK
Feb 25, 2021 9:03:43 AM okhttp3.mockwebserver.MockWebServer$3 processOneRequest
INFO: MockWebServer[54740] received request: GET /apis/entando.org/v1/namespaces/entando-k8s-controller-coordinator-carcpr68/entandodebundles?watch=**** HTTP/1.1 and responded: HTTP/1.1 200 OK
Feb 25, 2021 9:03:43 AM okhttp3.mockwebserver.MockWebServer$3 processOneRequest
INFO: MockWebServer[54740] received request: GET /api/v1/namespaces/entando-k8s-controller-coordinator-carcpr68 HTTP/1.1 and responded: HTTP/1.1 404 Client Error
Feb 25, 2021 9:03:43 AM io.fabric8.kubernetes.client.dsl.internal.WatchHTTPManager$1 onResponse
INFO: Watch terminated unexpectedly. reason: \n not found: limit=46 content=7b2261706956657273696f6e223a227631222c226b696e64223a224c69737422â€¦
Feb 25, 2021 9:03:43 AM okhttp3.mockwebserver.MockWebServer$3 processOneRequest
INFO: MockWebServer[54740] received request: POST /api/v1/namespaces HTTP/1.1 and responded: HTTP/1.1 202 OK
Feb 25, 2021 9:03:43 AM okhttp3.mockwebserver.MockWebServer$3 processOneRequest
INFO: MockWebServer[54740] received request: GET /api/v1/namespaces/entando/configmaps/entando-docker-image-info-v6.3 HTTP/1.1 and responded: HTTP/1.1 404 Client Error
Feb 25, 2021 9:03:43 AM okhttp3.mockwebserver.MockWebServer$3 processOneRequest
INFO: MockWebServer[54740] received request: POST /api/v1/namespaces/entando/configmaps HTTP/1.1 and responded: HTTP/1.1 202 OK
Feb 25, 2021 9:03:43 AM okhttp3.mockwebserver.MockWebServer$3 processOneRequest
INFO: MockWebServer[54740] received request: GET /api/v1/namespaces/entando-k8s-controller-coordinator-carcpr68 HTTP/1.1 and responded: HTTP/1.1 200 OK
Feb 25, 2021 9:03:43 AM okhttp3.mockwebserver.MockWebServer$3 processOneRequest
INFO: MockWebServer[54740] received request: GET /apis/entando.org/v1/namespaces/entando-k8s-controller-coordinator-carcpr68/entandokeycloakservers HTTP/1.1 and responded: HTTP/1.1 200 OK
Feb 25, 2021 9:03:43 AM okhttp3.mockwebserver.MockWebServer$3 processOneRequest
INFO: MockWebServer[54740] received request: GET /apis/entando.org/v1/namespaces/entando-k8s-controller-coordinator-carcpr68/entandoapppluginlinks?watch=**** HTTP/1.1 and responded: HTTP/1.1 200 OK
Feb 25, 2021 9:03:43 AM io.fabric8.kubernetes.client.dsl.internal.WatchHTTPManager$1 onResponse
INFO: Watch terminated unexpectedly. reason: \n not found: limit=46 content=7b2261706956657273696f6e223a227631222c226b696e64223a224c69737422â€¦
Feb 25, 2021 9:03:43 AM okhttp3.mockwebserver.MockWebServer$3 processOneRequest
INFO: MockWebServer[54740] received request: GET /api/v1/namespaces/entando-k8s-controller-coordinator-carcpr68 HTTP/1.1 and responded: HTTP/1.1 200 OK
Feb 25, 2021 9:03:43 AM okhttp3.mockwebserver.MockWebServer$3 processOneRequest
INFO: MockWebServer[54740] received request: GET /apis/entando.org/v1/namespaces/entando-k8s-controller-coordinator-carcpr68/entandocompositeapps?watch=**** HTTP/1.1 and responded: HTTP/1.1 200 OK
Feb 25, 2021 9:03:43 AM io.fabric8.kubernetes.client.dsl.internal.WatchHTTPManager$1 onResponse
INFO: Watch terminated unexpectedly. reason: \n not found: limit=46 content=7b2261706956657273696f6e223a227631222c226b696e64223a224c69737422â€¦
Feb 25, 2021 9:03:43 AM okhttp3.mockwebserver.MockWebServer$3 processOneRequest
INFO: MockWebServer[54740] received request: GET /apis/entando.org/v1/namespaces/entando-k8s-controller-coordinator-carcpr68/entandokeycloakservers HTTP/1.1 and responded: HTTP/1.1 200 OK
Feb 25, 2021 9:03:44 AM okhttp3.mockwebserver.MockWebServer$3 processOneRequest
INFO: MockWebServer[54740] received request: POST /apis/entando.org/v1/namespaces/entando-k8s-controller-coordinator-carcpr68/entandokeycloakservers HTTP/1.1 and responded: HTTP/1.1 202 OK
Feb 25, 2021 9:03:44 AM org.entando.kubernetes.controller.coordinator.EntandoResourceObserver logResource
WARNING: EntandoKeycloakServer entando-k8s-controller-coordinator-carcpr68/test-keycloak has a new resource version: 1
Feb 25, 2021 9:03:44 AM org.entando.kubernetes.controller.coordinator.EntandoResourceObserver logResource
WARNING: EntandoKeycloakServer entando-k8s-controller-coordinator-carcpr68/test-keycloak is a top level resource
Feb 25, 2021 9:03:44 AM org.entando.kubernetes.controller.coordinator.EntandoResourceObserver logResource
WARNING: EntandoKeycloakServer entando-k8s-controller-coordinator-carcpr68/test-keycloak is processed after a metadata.generation increment.
Feb 25, 2021 9:03:44 AM org.entando.kubernetes.controller.coordinator.EntandoResourceObserver logResource
INFO: Received ADDED for the EntandoKeycloakServer entando-k8s-controller-coordinator-carcpr68/test-keycloak
Feb 25, 2021 9:03:44 AM org.entando.kubernetes.client.KubernetesRestInterceptor invoke
INFO: Entering method getNamespace in class org.entando.kubernetes.controller.support.client.EntandoResourceClient
Feb 25, 2021 9:03:44 AM org.entando.kubernetes.client.KubernetesRestInterceptor invoke
INFO: Exiting method getNamespace in class org.entando.kubernetes.controller.support.client.EntandoResourceClient
Feb 25, 2021 9:03:44 AM org.entando.kubernetes.client.KubernetesRestInterceptor invoke
INFO: Entering method loadDockerImageInfoConfigMap in class org.entando.kubernetes.controller.support.client.EntandoResourceClient
Feb 25, 2021 9:03:44 AM okhttp3.mockwebserver.MockWebServer$3 processOneRequest
INFO: MockWebServer[54740] received request: GET /api/v1/namespaces/entando/configmaps/entando-docker-image-info-v6.3 HTTP/1.1 and responded: HTTP/1.1 200 OK
Feb 25, 2021 9:03:44 AM org.entando.kubernetes.client.KubernetesRestInterceptor invoke
INFO: Exiting method loadDockerImageInfoConfigMap in class org.entando.kubernetes.controller.support.client.EntandoResourceClient
Feb 25, 2021 9:03:44 AM org.entando.kubernetes.client.KubernetesRestInterceptor invoke
INFO: Entering method removeAndWait in class org.entando.kubernetes.controller.support.client.PodClient with entando-k8s-controller-coordinator-carcpr68,{EntandoKeycloakServer=test-keycloak, EntandoResourceNamespace=entando-k8s-controller-coordinator-carcpr68, EntandoResourceKind=EntandoKeycloakServer}
Feb 25, 2021 9:03:44 AM okhttp3.mockwebserver.MockWebServer$3 processOneRequest
INFO: MockWebServer[54740] received request: GET /api/v1/namespaces/entando-k8s-controller-coordinator-carcpr68/pods?labelSelector=EntandoResourceNamespace%3Dentando-k8s-controller-coordinator-carcpr68%2CEntandoResourceKind%3DEntandoKeycloakServer%2CEntandoKeycloakServer%3Dtest-keycloak HTTP/1.1 and responded: HTTP/1.1 200 OK
Feb 25, 2021 9:03:44 AM okhttp3.mockwebserver.MockWebServer$3 processOneRequest
INFO: MockWebServer[54740] received request: GET /api/v1/namespaces/entando-k8s-controller-coordinator-carcpr68/pods?labelSelector=EntandoResourceKind%3DEntandoKeycloakServer HTTP/1.1 and responded: HTTP/1.1 200 OK
Feb 25, 2021 9:03:44 AM okhttp3.mockwebserver.MockWebServer$3 processOneRequest
INFO: MockWebServer[54740] received request: GET /apis/entando.org/v1/namespaces/entando-k8s-controller-coordinator-carcpr68/entandodebundles?watch=**** HTTP/1.1 and responded: HTTP/1.1 200 OK
Feb 25, 2021 9:03:44 AM io.fabric8.kubernetes.client.dsl.internal.WatchHTTPManager$1 onResponse
INFO: Watch terminated unexpectedly. reason: \n not found: limit=46 content=7b2261706956657273696f6e223a227631222c226b696e64223a224c69737422â€¦
Feb 25, 2021 9:03:44 AM okhttp3.mockwebserver.MockWebServer$3 processOneRequest
INFO: MockWebServer[54740] received request: GET /apis/entando.org/v1/namespaces/entando-k8s-controller-coordinator-carcpr68/entandodatabaseservices?watch=**** HTTP/1.1 and responded: HTTP/1.1 200 OK
Feb 25, 2021 9:03:44 AM okhttp3.mockwebserver.MockWebServer$3 processOneRequest
INFO: MockWebServer[54740] received request: GET /api/v1/namespaces/entando-k8s-controller-coordinator-carcpr68/pods?labelSelector=EntandoResourceNamespace%3Dentando-k8s-controller-coordinator-carcpr68%2CEntandoResourceKind%3DEntandoKeycloakServer%2CEntandoKeycloakServer%3Dtest-keycloak&watch=**** HTTP/1.1 and responded: HTTP/1.1 200 OK
Feb 25, 2021 9:03:44 AM io.fabric8.kubernetes.client.dsl.internal.WatchHTTPManager$1 onResponse
INFO: Watch terminated unexpectedly. reason: \n not found: limit=46 content=7b2261706956657273696f6e223a227631222c226b696e64223a224c69737422â€¦
Feb 25, 2021 9:03:44 AM okhttp3.mockwebserver.MockWebServer$3 processOneRequest
INFO: MockWebServer[54740] received request: GET /api/v1/namespaces/entando-k8s-controller-coordinator-carcpr68/pods?labelSelector=EntandoResourceNamespace%3Dentando-k8s-controller-coordinator-carcpr68%2CEntandoResourceKind%3DEntandoKeycloakServer%2CEntandoKeycloakServer%3Dtest-keycloak&watch=**** HTTP/1.1 and responded: HTTP/1.1 200 OK
Feb 25, 2021 9:03:44 AM okhttp3.mockwebserver.MockWebServer$3 processOneRequest
INFO: MockWebServer[54740] received request: GET /api/v1/namespaces/entando-k8s-controller-coordinator-carcpr68/pods?labelSelector=EntandoResourceNamespace%3Dentando-k8s-controller-coordinator-carcpr68%2CEntandoResourceKind%3DEntandoKeycloakServer%2CEntandoKeycloakServer%3Dtest-keycloak HTTP/1.1 and responded: HTTP/1.1 200 OK
Feb 25, 2021 9:03:44 AM io.fabric8.kubernetes.client.dsl.internal.WatchHTTPManager$1 onResponse
INFO: Watch terminated unexpectedly. reason: \n not found: limit=46 content=7b2261706956657273696f6e223a227631222c226b696e64223a224c69737422â€¦
Feb 25, 2021 9:03:44 AM okhttp3.mockwebserver.MockWebServer$3 processOneRequest
INFO: MockWebServer[54740] received request: GET /api/v1/namespaces/entando-k8s-controller-coordinator-carcpr68/pods?labelSelector=EntandoResourceKind%3DEntandoKeycloakServer HTTP/1.1 and responded: HTTP/1.1 200 OK
Feb 25, 2021 9:03:44 AM okhttp3.mockwebserver.MockWebServer$3 processOneRequest
INFO: MockWebServer[54740] received request: GET /api/v1/namespaces/entando-k8s-controller-coordinator-carcpr68/pods?labelSelector=EntandoResourceNamespace%3Dentando-k8s-controller-coordinator-carcpr68%2CEntandoResourceKind%3DEntandoKeycloakServer%2CEntandoKeycloakServer%3Dtest-keycloak HTTP/1.1 and responded: HTTP/1.1 200 OK
Feb 25, 2021 9:03:44 AM okhttp3.mockwebserver.MockWebServer$3 processOneRequest
INFO: MockWebServer[54740] received request: GET /api/v1/namespaces/entando-k8s-controller-coordinator-carcpr68/pods?labelSelector=EntandoResourceKind%3DEntandoKeycloakServer HTTP/1.1 and responded: HTTP/1.1 200 OK
Feb 25, 2021 9:03:45 AM okhttp3.mockwebserver.MockWebServer$3 processOneRequest
INFO: MockWebServer[54740] received request: GET /api/v1/namespaces/entando-k8s-controller-coordinator-carcpr68/pods?labelSelector=EntandoResourceKind%3DEntandoKeycloakServer HTTP/1.1 and responded: HTTP/1.1 200 OK
Feb 25, 2021 9:03:45 AM okhttp3.mockwebserver.MockWebServer$3 processOneRequest
INFO: MockWebServer[54740] received request: GET /api/v1/namespaces/entando-k8s-controller-coordinator-carcpr68/pods?labelSelector=EntandoResourceKind%3DEntandoKeycloakServer HTTP/1.1 and responded: HTTP/1.1 200 OK
Feb 25, 2021 9:03:45 AM io.fabric8.kubernetes.client.dsl.internal.WatchHTTPManager$1 onResponse
INFO: Watch terminated unexpectedly. reason: \n not found: limit=46 content=7b2261706956657273696f6e223a227631222c226b696e64223a224c69737422â€¦
Feb 25, 2021 9:03:45 AM okhttp3.mockwebserver.MockWebServer$3 processOneRequest
INFO: MockWebServer[54740] received request: GET /apis/entando.org/v1/namespaces/entando-k8s-controller-coordinator-carcpr68/entandoapps?watch=**** HTTP/1.1 and responded: HTTP/1.1 200 OK
Feb 25, 2021 9:03:45 AM okhttp3.mockwebserver.MockWebServer$3 processOneRequest
INFO: MockWebServer[54740] received request: GET /api/v1/namespaces/entando-k8s-controller-coordinator-carcpr68/pods?labelSelector=EntandoResourceKind%3DEntandoKeycloakServer HTTP/1.1 and responded: HTTP/1.1 200 OK
Feb 25, 2021 9:03:45 AM okhttp3.mockwebserver.MockWebServer$3 processOneRequest
INFO: MockWebServer[54740] received request: GET /api/v1/namespaces/entando-k8s-controller-coordinator-carcpr68/pods?labelSelector=EntandoResourceKind%3DEntandoKeycloakServer HTTP/1.1 and responded: HTTP/1.1 200 OK
Feb 25, 2021 9:03:45 AM okhttp3.mockwebserver.MockWebServer$3 processOneRequest
INFO: MockWebServer[54740] received request: GET /api/v1/namespaces/entando-k8s-controller-coordinator-carcpr68/pods?labelSelector=EntandoResourceKind%3DEntandoKeycloakServer HTTP/1.1 and responded: HTTP/1.1 200 OK
Feb 25, 2021 9:03:45 AM org.entando.kubernetes.client.KubernetesRestInterceptor invoke
INFO: Exiting method removeAndWait in class org.entando.kubernetes.controller.support.client.PodClient
Feb 25, 2021 9:03:45 AM org.entando.kubernetes.client.KubernetesRestInterceptor invoke
INFO: Entering method overwriteControllerSecret in class org.entando.kubernetes.controller.support.client.SecretClient with Secret: null/test-keycloak-controller-ca-cert-secret
Feb 25, 2021 9:03:45 AM io.fabric8.kubernetes.client.dsl.internal.WatchHTTPManager$1 onResponse
INFO: Watch terminated unexpectedly. reason: \n not found: limit=46 content=7b2261706956657273696f6e223a227631222c226b696e64223a224c69737422â€¦
Feb 25, 2021 9:03:45 AM io.fabric8.kubernetes.client.dsl.internal.WatchHTTPManager scheduleReconnect
WARN: Ignoring error for already closed/closing connection
Feb 25, 2021 9:03:45 AM okhttp3.mockwebserver.MockWebServer$3 processOneRequest
INFO: MockWebServer[54740] received request: GET /api/v1/namespaces/entando-k8s-controller-coordinator-carcpr68/pods?labelSelector=EntandoResourceNamespace%3Dentando-k8s-controller-coordinator-carcpr68%2CEntandoResourceKind%3DEntandoKeycloakServer%2CEntandoKeycloakServer%3Dtest-keycloak&watch=**** HTTP/1.1 and responded: HTTP/1.1 200 OK
Feb 25, 2021 9:03:45 AM okhttp3.mockwebserver.MockWebServer$3 processOneRequest
INFO: MockWebServer[54740] received request: GET /api/v1/namespaces/entando-k8s-controller-coordinator-carcpr68/pods?labelSelector=EntandoResourceKind%3DEntandoKeycloakServer HTTP/1.1 and responded: HTTP/1.1 200 OK
Feb 25, 2021 9:03:45 AM okhttp3.mockwebserver.MockWebServer$3 processOneRequest
INFO: MockWebServer[54740] received request: GET /api/v1/namespaces/entando-k8s-controller-coordinator-carcpr68/secrets/test-keycloak-controller-ca-cert-secret HTTP/1.1 and responded: HTTP/1.1 404 Client Error
Feb 25, 2021 9:03:45 AM okhttp3.mockwebserver.MockWebServer$3 processOneRequest
INFO: MockWebServer[54740] received request: POST /api/v1/namespaces/entando-k8s-controller-coordinator-carcpr68/secrets HTTP/1.1 and responded: HTTP/1.1 202 OK
Feb 25, 2021 9:03:45 AM org.entando.kubernetes.client.KubernetesRestInterceptor invoke
INFO: Exiting method overwriteControllerSecret in class org.entando.kubernetes.controller.support.client.SecretClient
Feb 25, 2021 9:03:45 AM org.entando.kubernetes.client.KubernetesRestInterceptor invoke
INFO: Entering method start in class org.entando.kubernetes.controller.support.client.PodClient with Pod: entando-k8s-controller-coordinator-carcpr68/test-keycloak-deployer-6592
Feb 25, 2021 9:03:45 AM okhttp3.mockwebserver.MockWebServer$3 processOneRequest
INFO: MockWebServer[54740] received request: GET /api/v1/namespaces/entando-k8s-controller-coordinator-carcpr68/pods?labelSelector=EntandoResourceKind%3DEntandoKeycloakServer HTTP/1.1 and responded: HTTP/1.1 200 OK
Feb 25, 2021 9:03:45 AM okhttp3.mockwebserver.MockWebServer$3 processOneRequest
INFO: MockWebServer[54740] received request: POST /api/v1/namespaces/entando-k8s-controller-coordinator-carcpr68/pods HTTP/1.1 and responded: HTTP/1.1 202 OK
Feb 25, 2021 9:03:45 AM org.entando.kubernetes.client.KubernetesRestInterceptor invoke
INFO: Exiting method start in class org.entando.kubernetes.controller.support.client.PodClient
Feb 25, 2021 9:03:45 AM okhttp3.mockwebserver.MockWebServer$3 processOneRequest
INFO: MockWebServer[54740] received request: GET /apis/entando.org/v1/namespaces/entando-k8s-controller-coordinator-carcpr68/entandoapppluginlinks?watch=**** HTTP/1.1 and responded: HTTP/1.1 200 OK
Feb 25, 2021 9:03:45 AM io.fabric8.kubernetes.client.dsl.internal.WatchHTTPManager$1 onResponse
INFO: Watch terminated unexpectedly. reason: \n not found: limit=46 content=7b2261706956657273696f6e223a227631222c226b696e64223a224c69737422â€¦
Feb 25, 2021 9:03:46 AM okhttp3.mockwebserver.MockWebServer$3 processOneRequest
INFO: MockWebServer[54740] received request: GET /apis/entando.org/v1/namespaces/entando-k8s-controller-coordinator-carcpr68/entandokeycloakservers?watch=**** HTTP/1.1 and responded: HTTP/1.1 200 OK
Feb 25, 2021 9:03:46 AM io.fabric8.kubernetes.client.dsl.internal.WatchHTTPManager$1 onResponse
INFO: Watch terminated unexpectedly. reason: \n not found: limit=282 content=7b2261706956657273696f6e223a227631222c226b696e64223a224c69737422â€¦
Feb 25, 2021 9:03:46 AM okhttp3.mockwebserver.MockWebServer$3 processOneRequest
INFO: MockWebServer[54740] received request: GET /api/v1/namespaces/entando-k8s-controller-coordinator-carcpr68/pods?labelSelector=EntandoResourceKind%3DEntandoKeycloakServer HTTP/1.1 and responded: HTTP/1.1 200 OK
Feb 25, 2021 9:03:46 AM okhttp3.mockwebserver.MockWebServer$3 processOneRequest
INFO: MockWebServer[54740] received request: GET /api/v1/namespaces/entando-k8s-controller-coordinator-carcpr68/pods?labelSelector=EntandoResourceKind%3DEntandoKeycloakServer HTTP/1.1 and responded: HTTP/1.1 200 OK
Feb 25, 2021 9:03:46 AM okhttp3.mockwebserver.MockWebServer$2 acceptConnections
INFO: MockWebServer[54740] done accepting connections: Socket closed
Feb 25, 2021 9:03:46 AM okhttp3.mockwebserver.MockWebServer$2 e**cute
INFO: MockWebServer[38486] starting to accept connections
Feb 25, 2021 9:03:46 AM okhttp3.mockwebserver.MockWebServer$3 processOneRequest
INFO: MockWebServer[38486] received request: GET /api/v1/namespaces/entando-k8s-controller-coordinator-carcpr68 HTTP/1.1 and responded: HTTP/1.1 404 Client Error
Feb 25, 2021 9:03:46 AM okhttp3.mockwebserver.MockWebServer$3 processOneRequest
INFO: MockWebServer[38486] received request: GET /apis/entando.org/v1/namespaces/default/entandokeycloakservers HTTP/1.1 and responded: HTTP/1.1 200 OK
Feb 25, 2021 9:03:46 AM okhttp3.mockwebserver.MockWebServer$3 processOneRequest
INFO: MockWebServer[38486] received request: GET /api/v1/namespaces/entando-k8s-controller-coordinator-carcpr68 HTTP/1.1 and responded: HTTP/1.1 404 Client Error
Feb 25, 2021 9:03:46 AM io.fabric8.kubernetes.client.dsl.internal.WatchHTTPManager$1 onFailure
INFO: Watch connection failed. reason: e**cutor rejected
Feb 25, 2021 9:03:46 AM okhttp3.mockwebserver.MockWebServer$3 processOneRequest
INFO: MockWebServer[38486] received request: GET /apis/entando.org/v1/namespaces/default/entandokeycloakservers HTTP/1.1 and responded: HTTP/1.1 200 OK
Feb 25, 2021 9:03:46 AM okhttp3.mockwebserver.MockWebServer$3 processOneRequest
INFO: MockWebServer[38486] received request: GET /apis/entando.org/v1/namespaces/entando-k8s-controller-coordinator-carcpr68/entandokeycloakservers HTTP/1.1 and responded: HTTP/1.1 200 OK
Feb 25, 2021 9:03:46 AM io.fabric8.kubernetes.client.dsl.internal.WatchHTTPManager$1 onFailure
INFO: Watch connection failed. reason: e**cutor rejected
Feb 25, 2021 9:03:46 AM okhttp3.mockwebserver.MockWebServer$3 processOneRequest
INFO: MockWebServer[38486] received request: GET /apis/entando.org/v1/namespaces/entando-k8s-controller-coordinator-carcpr68/entandokeycloakservers?watch=**** HTTP/1.1 and responded: HTTP/1.1 200 OK
Feb 25, 2021 9:03:46 AM okhttp3.mockwebserver.MockWebServer$3 processOneRequest
INFO: MockWebServer[38486] received request: GET /apis/entando.org/v1/namespaces/entando-k8s-controller-coordinator-carcpr68/entandokeycloakservers?watch=**** HTTP/1.1 and responded: HTTP/1.1 200 OK
Feb 25, 2021 9:03:46 AM okhttp3.mockwebserver.MockWebServer$3 processOneRequest
INFO: MockWebServer[38486] received request: GET /api/v1/namespaces/entando-k8s-controller-coordinator-carcpr68 HTTP/1.1 and responded: HTTP/1.1 404 Client Error
Feb 25, 2021 9:03:46 AM io.fabric8.kubernetes.client.dsl.internal.WatchHTTPManager$1 onResponse
INFO: Watch terminated unexpectedly. reason: \n not found: limit=46 content=7b2261706956657273696f6e223a227631222c226b696e64223a224c69737422â€¦
Feb 25, 2021 9:03:46 AM okhttp3.mockwebserver.MockWebServer$3 processOneRequest
INFO: MockWebServer[38486] received request: GET /apis/entando.org/v1/namespaces/default/entandoclusterinfrastructures HTTP/1.1 and responded: HTTP/1.1 200 OK
Feb 25, 2021 9:03:46 AM okhttp3.mockwebserver.MockWebServer$3 processOneRequest
INFO: MockWebServer[38486] received request: GET /api/v1/namespaces/entando-k8s-controller-coordinator-carcpr68 HTTP/1.1 and responded: HTTP/1.1 404 Client Error
Feb 25, 2021 9:03:46 AM okhttp3.mockwebserver.MockWebServer$3 processOneRequest
INFO: MockWebServer[38486] received request: GET /apis/entando.org/v1/namespaces/default/entandoclusterinfrastructures HTTP/1.1 and responded: HTTP/1.1 200 OK
Feb 25, 2021 9:03:47 AM okhttp3.mockwebserver.MockWebServer$3 processOneRequest
INFO: MockWebServer[38486] received request: GET /apis/entando.org/v1/namespaces/entando-k8s-controller-coordinator-carcpr68/entandoclusterinfrastructures HTTP/1.1 and responded: HTTP/1.1 200 OK
Feb 25, 2021 9:03:47 AM okhttp3.mockwebserver.MockWebServer$3 processOneRequest
INFO: MockWebServer[38486] received request: GET /apis/entando.org/v1/namespaces/entando-k8s-controller-coordinator-carcpr68/entandoclusterinfrastructures?watch=**** HTTP/1.1 and responded: HTTP/1.1 200 OK
Feb 25, 2021 9:03:47 AM okhttp3.mockwebserver.MockWebServer$3 processOneRequest
INFO: MockWebServer[38486] received request: GET /apis/entando.org/v1/namespaces/entando-k8s-controller-coordinator-carcpr68/entandoclusterinfrastructures?watch=**** HTTP/1.1 and responded: HTTP/1.1 200 OK
Feb 25, 2021 9:03:47 AM okhttp3.mockwebserver.MockWebServer$3 processOneRequest
INFO: MockWebServer[38486] received request: GET /api/v1/namespaces/entando-k8s-controller-coordinator-carcpr68 HTTP/1.1 and responded: HTTP/1.1 404 Client Error
Feb 25, 2021 9:03:47 AM io.fabric8.kubernetes.client.dsl.internal.WatchHTTPManager$1 onResponse
INFO: Watch terminated unexpectedly. reason: \n not found: limit=46 content=7b2261706956657273696f6e223a227631222c226b696e64223a224c69737422â€¦
Feb 25, 2021 9:03:47 AM okhttp3.mockwebserver.MockWebServer$3 processOneRequest
INFO: MockWebServer[38486] received request: GET /apis/entando.org/v1/namespaces/default/entandoplugins HTTP/1.1 and responded: HTTP/1.1 200 OK
Feb 25, 2021 9:03:47 AM io.fabric8.kubernetes.client.dsl.internal.WatchHTTPManager$1 onFailure
INFO: Watch connection failed. reason: e**cutor rejected
Feb 25, 2021 9:03:47 AM okhttp3.mockwebserver.MockWebServer$3 processOneRequest
INFO: MockWebServer[38486] received request: GET /api/v1/namespaces/entando-k8s-controller-coordinator-carcpr68 HTTP/1.1 and responded: HTTP/1.1 404 Client Error
Feb 25, 2021 9:03:47 AM okhttp3.mockwebserver.MockWebServer$3 processOneRequest
INFO: MockWebServer[38486] received request: GET /apis/entando.org/v1/namespaces/default/entandoplugins HTTP/1.1 and responded: HTTP/1.1 200 OK
Feb 25, 2021 9:03:47 AM okhttp3.mockwebserver.MockWebServer$3 processOneRequest
INFO: MockWebServer[38486] received request: GET /apis/entando.org/v1/namespaces/entando-k8s-controller-coordinator-carcpr68/entandoplugins HTTP/1.1 and responded: HTTP/1.1 200 OK
Feb 25, 2021 9:03:47 AM okhttp3.mockwebserver.MockWebServer$3 processOneRequest
INFO: MockWebServer[38486] received request: GET /apis/entando.org/v1/namespaces/entando-k8s-controller-coordinator-carcpr68/entandoplugins?watch=**** HTTP/1.1 and responded: HTTP/1.1 200 OK
Feb 25, 2021 9:03:47 AM okhttp3.mockwebserver.MockWebServer$3 processOneRequest
INFO: MockWebServer[38486] received request: GET /api/v1/namespaces/entando-k8s-controller-coordinator-carcpr68 HTTP/1.1 and responded: HTTP/1.1 404 Client Error
Feb 25, 2021 9:03:47 AM okhttp3.mockwebserver.MockWebServer$3 processOneRequest
INFO: MockWebServer[38486] received request: GET /apis/entando.org/v1/namespaces/entando-k8s-controller-coordinator-carcpr68/entandoplugins?watch=**** HTTP/1.1 and responded: HTTP/1.1 200 OK
Feb 25, 2021 9:03:47 AM io.fabric8.kubernetes.client.dsl.internal.WatchHTTPManager$1 onResponse
INFO: Watch terminated unexpectedly. reason: \n not found: limit=46 content=7b2261706956657273696f6e223a227631222c226b696e64223a224c69737422â€¦
Feb 25, 2021 9:03:47 AM okhttp3.mockwebserver.MockWebServer$3 processOneRequest
INFO: MockWebServer[38486] received request: GET /apis/entando.org/v1/namespaces/default/entandocompositeapps HTTP/1.1 and responded: HTTP/1.1 200 OK
Feb 25, 2021 9:03:47 AM okhttp3.mockwebserver.MockWebServer$3 processOneRequest
INFO: MockWebServer[38486] received request: GET /api/v1/namespaces/entando-k8s-controller-coordinator-carcpr68 HTTP/1.1 and responded: HTTP/1.1 404 Client Error
Feb 25, 2021 9:03:47 AM okhttp3.mockwebserver.MockWebServer$3 processOneRequest
INFO: MockWebServer[38486] received request: GET /apis/entando.org/v1/namespaces/default/entandocompositeapps HTTP/1.1 and responded: HTTP/1.1 200 OK
Feb 25, 2021 9:03:47 AM okhttp3.mockwebserver.MockWebServer$3 processOneRequest
INFO: MockWebServer[38486] received request: GET /apis/entando.org/v1/namespaces/entando-k8s-controller-coordinator-carcpr68/entandokeycloakservers?watch=**** HTTP/1.1 and responded: HTTP/1.1 200 OK
Feb 25, 2021 9:03:47 AM io.fabric8.kubernetes.client.dsl.internal.WatchHTTPManager$1 onResponse
INFO: Watch terminated unexpectedly. reason: \n not found: limit=46 content=7b2261706956657273696f6e223a227631222c226b696e64223a224c69737422â€¦
Feb 25, 2021 9:03:47 AM okhttp3.mockwebserver.MockWebServer$3 processOneRequest
INFO: MockWebServer[38486] received request: GET /apis/entando.org/v1/namespaces/entando-k8s-controller-coordinator-carcpr68/entandocompositeapps HTTP/1.1 and responded: HTTP/1.1 200 OK
Feb 25, 2021 9:03:47 AM okhttp3.mockwebserver.MockWebServer$3 processOneRequest
INFO: MockWebServer[38486] received request: GET /apis/entando.org/v1/namespaces/entando-k8s-controller-coordinator-carcpr68/entandocompositeapps?watch=**** HTTP/1.1 and responded: HTTP/1.1 200 OK
Feb 25, 2021 9:03:47 AM io.fabric8.kubernetes.client.dsl.internal.WatchHTTPManager$1 onFailure
INFO: Watch connection failed. reason: e**cutor rejected
Feb 25, 2021 9:03:48 AM okhttp3.mockwebserver.MockWebServer$3 processOneRequest
INFO: MockWebServer[38486] received request: GET /api/v1/namespaces/entando-k8s-controller-coordinator-carcpr68 HTTP/1.1 and responded: HTTP/1.1 404 Client Error
Feb 25, 2021 9:03:48 AM okhttp3.mockwebserver.MockWebServer$3 processOneRequest
INFO: MockWebServer[38486] received request: GET /apis/entando.org/v1/namespaces/entando-k8s-controller-coordinator-carcpr68/entandocompositeapps?watch=**** HTTP/1.1 and responded: HTTP/1.1 200 OK
Feb 25, 2021 9:03:48 AM io.fabric8.kubernetes.client.dsl.internal.WatchHTTPManager$1 onResponse
INFO: Watch terminated unexpectedly. reason: \n not found: limit=46 content=7b2261706956657273696f6e223a227631222c226b696e64223a224c69737422â€¦
Feb 25, 2021 9:03:48 AM okhttp3.mockwebserver.MockWebServer$3 processOneRequest
INFO: MockWebServer[38486] received request: GET /apis/entando.org/v1/namespaces/default/entandodatabaseservices HTTP/1.1 and responded: HTTP/1.1 200 OK
Feb 25, 2021 9:03:48 AM okhttp3.mockwebserver.MockWebServer$3 processOneRequest
INFO: MockWebServer[38486] received request: GET /api/v1/namespaces/entando-k8s-controller-coordinator-carcpr68 HTTP/1.1 and responded: HTTP/1.1 404 Client Error
Feb 25, 2021 9:03:48 AM okhttp3.mockwebserver.MockWebServer$3 processOneRequest
INFO: MockWebServer[38486] received request: GET /apis/entando.org/v1/namespaces/default/entandodatabaseservices HTTP/1.1 and responded: HTTP/1.1 200 OK
Feb 25, 2021 9:03:48 AM okhttp3.mockwebserver.MockWebServer$3 processOneRequest
INFO: MockWebServer[38486] received request: GET /apis/entando.org/v1/namespaces/entando-k8s-controller-coordinator-carcpr68/entandoclusterinfrastructures?watch=**** HTTP/1.1 and responded: HTTP/1.1 200 OK
Feb 25, 2021 9:03:48 AM io.fabric8.kubernetes.client.dsl.internal.WatchHTTPManager$1 onResponse
INFO: Watch terminated unexpectedly. reason: \n not found: limit=46 content=7b2261706956657273696f6e223a227631222c226b696e64223a224c69737422â€¦
Feb 25, 2021 9:03:48 AM okhttp3.mockwebserver.MockWebServer$3 processOneRequest
INFO: MockWebServer[38486] received request: GET /apis/entando.org/v1/namespaces/entando-k8s-controller-coordinator-carcpr68/entandodatabaseservices HTTP/1.1 and responded: HTTP/1.1 200 OK
Feb 25, 2021 9:03:48 AM okhttp3.mockwebserver.MockWebServer$3 processOneRequest
INFO: MockWebServer[38486] received request: GET /apis/entando.org/v1/namespaces/entando-k8s-controller-coordinator-carcpr68/entandodatabaseservices?watch=**** HTTP/1.1 and responded: HTTP/1.1 200 OK
Feb 25, 2021 9:03:48 AM okhttp3.mockwebserver.MockWebServer$3 processOneRequest
INFO: MockWebServer[38486] received request: GET /apis/entando.org/v1/namespaces/entando-k8s-controller-coordinator-carcpr68/entandodatabaseservices?watch=**** HTTP/1.1 and responded: HTTP/1.1 200 OK
Feb 25, 2021 9:03:48 AM okhttp3.mockwebserver.MockWebServer$3 processOneRequest
INFO: MockWebServer[38486] received request: GET /api/v1/namespaces/entando-k8s-controller-coordinator-carcpr68 HTTP/1.1 and responded: HTTP/1.1 404 Client Error
Feb 25, 2021 9:03:48 AM io.fabric8.kubernetes.client.dsl.internal.WatchHTTPManager$1 onResponse
INFO: Watch terminated unexpectedly. reason: \n not found: limit=46 content=7b2261706956657273696f6e223a227631222c226b696e64223a224c69737422â€¦
Feb 25, 2021 9:03:48 AM okhttp3.mockwebserver.MockWebServer$3 processOneRequest
INFO: MockWebServer[38486] received request: GET /apis/entando.org/v1/namespaces/default/entandoapps HTTP/1.1 and responded: HTTP/1.1 200 OK
Feb 25, 2021 9:03:48 AM io.fabric8.kubernetes.client.dsl.internal.WatchHTTPManager$1 onFailure
INFO: Watch connection failed. reason: e**cutor rejected
Feb 25, 2021 9:03:48 AM okhttp3.mockwebserver.MockWebServer$3 processOneRequest
INFO: MockWebServer[38486] received request: GET /api/v1/namespaces/entando-k8s-controller-coordinator-carcpr68 HTTP/1.1 and responded: HTTP/1.1 404 Client Error
Feb 25, 2021 9:03:48 AM okhttp3.mockwebserver.MockWebServer$3 processOneRequest
INFO: MockWebServer[38486] received request: GET /apis/entando.org/v1/namespaces/entando-k8s-controller-coordinator-carcpr68/entandoplugins?watch=**** HTTP/1.1 and responded: HTTP/1.1 200 OK
Feb 25, 2021 9:03:48 AM io.fabric8.kubernetes.client.dsl.internal.WatchHTTPManager$1 onResponse
INFO: Watch terminated unexpectedly. reason: \n not found: limit=46 content=7b2261706956657273696f6e223a227631222c226b696e64223a224c69737422â€¦
Feb 25, 2021 9:03:48 AM okhttp3.mockwebserver.MockWebServer$3 processOneRequest
INFO: MockWebServer[38486] received request: GET /apis/entando.org/v1/namespaces/default/entandoapps HTTP/1.1 and responded: HTTP/1.1 200 OK
Feb 25, 2021 9:03:48 AM okhttp3.mockwebserver.MockWebServer$3 processOneRequest
INFO: MockWebServer[38486] received request: GET /apis/entando.org/v1/namespaces/entando-k8s-controller-coordinator-carcpr68/entandoapps HTTP/1.1 and responded: HTTP/1.1 200 OK
Feb 25, 2021 9:03:48 AM okhttp3.mockwebserver.MockWebServer$3 processOneRequest
INFO: MockWebServer[38486] received request: GET /apis/entando.org/v1/namespaces/entando-k8s-controller-coordinator-carcpr68/entandoapps?watch=**** HTTP/1.1 and responded: HTTP/1.1 200 OK
Feb 25, 2021 9:03:48 AM okhttp3.mockwebserver.MockWebServer$3 processOneRequest
INFO: MockWebServer[38486] received request: GET /apis/entando.org/v1/namespaces/entando-k8s-controller-coordinator-carcpr68/entandoapps?watch=**** HTTP/1.1 and responded: HTTP/1.1 200 OK
Feb 25, 2021 9:03:48 AM okhttp3.mockwebserver.MockWebServer$3 processOneRequest
INFO: MockWebServer[38486] received request: GET /api/v1/namespaces/entando-k8s-controller-coordinator-carcpr68 HTTP/1.1 and responded: HTTP/1.1 404 Client Error
Feb 25, 2021 9:03:49 AM io.fabric8.kubernetes.client.dsl.internal.WatchHTTPManager$1 onResponse
INFO: Watch terminated unexpectedly. reason: \n not found: limit=46 content=7b2261706956657273696f6e223a227631222c226b696e64223a224c69737422â€¦
Feb 25, 2021 9:03:49 AM okhttp3.mockwebserver.MockWebServer$3 processOneRequest
INFO: MockWebServer[38486] received request: GET /apis/entando.org/v1/namespaces/default/entandoapppluginlinks HTTP/1.1 and responded: HTTP/1.1 200 OK
Feb 25, 2021 9:03:49 AM okhttp3.mockwebserver.MockWebServer$3 processOneRequest
INFO: MockWebServer[38486] received request: GET /api/v1/namespaces/entando-k8s-controller-coordinator-carcpr68 HTTP/1.1 and responded: HTTP/1.1 404 Client Error
Feb 25, 2021 9:03:49 AM okhttp3.mockwebserver.MockWebServer$3 processOneRequest
INFO: MockWebServer[38486] received request: GET /apis/entando.org/v1/namespaces/entando-k8s-controller-coordinator-carcpr68/entandocompositeapps?watch=**** HTTP/1.1 and responded: HTTP/1.1 200 OK
Feb 25, 2021 9:03:49 AM okhttp3.mockwebserver.MockWebServer$3 processOneRequest
INFO: MockWebServer[38486] received request: GET /apis/entando.org/v1/namespaces/default/entandoapppluginlinks HTTP/1.1 and responded: HTTP/1.1 200 OK
Feb 25, 2021 9:03:49 AM io.fabric8.kubernetes.client.dsl.internal.WatchHTTPManager$1 onResponse
INFO: Watch terminated unexpectedly. reason: \n not found: limit=46 content=7b2261706956657273696f6e223a227631222c226b696e64223a224c69737422â€¦
Feb 25, 2021 9:03:49 AM io.fabric8.kubernetes.client.dsl.internal.WatchHTTPManager$1 onFailure
INFO: Watch connection failed. reason: e**cutor rejected
Feb 25, 2021 9:03:49 AM okhttp3.mockwebserver.MockWebServer$3 processOneRequest
INFO: MockWebServer[38486] received request: GET /apis/entando.org/v1/namespaces/entando-k8s-controller-coordinator-carcpr68/entandoapppluginlinks HTTP/1.1 and responded: HTTP/1.1 200 OK
Feb 25, 2021 9:03:49 AM okhttp3.mockwebserver.MockWebServer$3 processOneRequest
INFO: MockWebServer[38486] received request: GET /apis/entando.org/v1/namespaces/entando-k8s-controller-coordinator-carcpr68/entandoapppluginlinks?watch=**** HTTP/1.1 and responded: HTTP/1.1 200 OK
Feb 25, 2021 9:03:49 AM okhttp3.mockwebserver.MockWebServer$3 processOneRequest
INFO: MockWebServer[38486] received request: GET /apis/entando.org/v1/namespaces/entando-k8s-controller-coordinator-carcpr68/entandoapppluginlinks?watch=**** HTTP/1.1 and responded: HTTP/1.1 200 OK
Feb 25, 2021 9:03:49 AM okhttp3.mockwebserver.MockWebServer$3 processOneRequest
INFO: MockWebServer[38486] received request: GET /api/v1/namespaces/entando-k8s-controller-coordinator-carcpr68 HTTP/1.1 and responded: HTTP/1.1 404 Client Error
Feb 25, 2021 9:03:49 AM io.fabric8.kubernetes.client.dsl.internal.WatchHTTPManager$1 onResponse
INFO: Watch terminated unexpectedly. reason: \n not found: limit=46 content=7b2261706956657273696f6e223a227631222c226b696e64223a224c69737422â€¦
Feb 25, 2021 9:03:49 AM okhttp3.mockwebserver.MockWebServer$3 processOneRequest
INFO: MockWebServer[38486] received request: GET /apis/entando.org/v1/namespaces/default/entandodebundles HTTP/1.1 and responded: HTTP/1.1 200 OK
Feb 25, 2021 9:03:49 AM okhttp3.mockwebserver.MockWebServer$3 processOneRequest
INFO: MockWebServer[38486] received request: GET /apis/entando.org/v1/namespaces/entando-k8s-controller-coordinator-carcpr68/entandodatabaseservices?watch=**** HTTP/1.1 and responded: HTTP/1.1 200 OK
Feb 25, 2021 9:03:49 AM okhttp3.mockwebserver.MockWebServer$3 processOneRequest
INFO: MockWebServer[38486] received request: GET /api/v1/namespaces/entando-k8s-controller-coordinator-carcpr68 HTTP/1.1 and responded: HTTP/1.1 404 Client Error
Feb 25, 2021 9:03:49 AM io.fabric8.kubernetes.client.dsl.internal.WatchHTTPManager$1 onResponse
INFO: Watch terminated unexpectedly. reason: \n not found: limit=46 content=7b2261706956657273696f6e223a227631222c226b696e64223a224c69737422â€¦
Feb 25, 2021 9:03:49 AM okhttp3.mockwebserver.MockWebServer$3 processOneRequest
INFO: MockWebServer[38486] received request: GET /apis/entando.org/v1/namespaces/default/entandodebundles HTTP/1.1 and responded: HTTP/1.1 200 OK
Feb 25, 2021 9:03:49 AM okhttp3.mockwebserver.MockWebServer$3 processOneRequest
INFO: MockWebServer[38486] received request: GET /apis/entando.org/v1/namespaces/entando-k8s-controller-coordinator-carcpr68/entandodebundles HTTP/1.1 and responded: HTTP/1.1 200 OK
Feb 25, 2021 9:03:49 AM okhttp3.mockwebserver.MockWebServer$3 processOneRequest
INFO: MockWebServer[38486] received request: GET /apis/entando.org/v1/namespaces/entando-k8s-controller-coordinator-carcpr68/entandodebundles?watch=**** HTTP/1.1 and responded: HTTP/1.1 200 OK
Feb 25, 2021 9:03:49 AM okhttp3.mockwebserver.MockWebServer$3 processOneRequest
INFO: MockWebServer[38486] received request: GET /api/v1/namespaces/entando-k8s-controller-coordinator-carcpr68 HTTP/1.1 and responded: HTTP/1.1 404 Client Error
Feb 25, 2021 9:03:49 AM okhttp3.mockwebserver.MockWebServer$3 processOneRequest
INFO: MockWebServer[38486] received request: GET /apis/entando.org/v1/namespaces/entando-k8s-controller-coordinator-carcpr68/entandodebundles?watch=**** HTTP/1.1 and responded: HTTP/1.1 200 OK
Feb 25, 2021 9:03:49 AM okhttp3.mockwebserver.MockWebServer$3 processOneRequest
INFO: MockWebServer[38486] received request: GET /apis/entando.org/v1/namespaces/entando-k8s-controller-coordinator-carcpr68/entandokeycloakservers?watch=**** HTTP/1.1 and responded: HTTP/1.1 200 OK
Feb 25, 2021 9:03:49 AM io.fabric8.kubernetes.client.dsl.internal.WatchHTTPManager$1 onResponse
INFO: Watch terminated unexpectedly. reason: \n not found: limit=46 content=7b2261706956657273696f6e223a227631222c226b696e64223a224c69737422â€¦
Feb 25, 2021 9:03:49 AM okhttp3.mockwebserver.MockWebServer$3 processOneRequest
INFO: MockWebServer[38486] received request: POST /api/v1/namespaces HTTP/1.1 and responded: HTTP/1.1 202 OK
Feb 25, 2021 9:03:49 AM io.fabric8.kubernetes.client.dsl.internal.WatchHTTPManager$1 onResponse
INFO: Watch terminated unexpectedly. reason: \n not found: limit=46 content=7b2261706956657273696f6e223a227631222c226b696e64223a224c69737422â€¦
Feb 25, 2021 9:03:49 AM io.fabric8.kubernetes.client.dsl.internal.WatchHTTPManager$1 onFailure
INFO: Watch connection failed. reason: e**cutor rejected
Feb 25, 2021 9:03:50 AM okhttp3.mockwebserver.MockWebServer$3 processOneRequest
INFO: MockWebServer[38486] received request: GET /api/v1/namespaces/entando/configmaps/entando-docker-image-info-v6.3 HTTP/1.1 and responded: HTTP/1.1 404 Client Error
Feb 25, 2021 9:03:50 AM okhttp3.mockwebserver.MockWebServer$3 processOneRequest
INFO: MockWebServer[38486] received request: POST /api/v1/namespaces/entando/configmaps HTTP/1.1 and responded: HTTP/1.1 202 OK
Feb 25, 2021 9:03:50 AM okhttp3.mockwebserver.MockWebServer$3 processOneRequest
INFO: MockWebServer[38486] received request: GET /apis/entando.org/v1/namespaces/entando-k8s-controller-coordinator-carcpr68/entandoapps?watch=**** HTTP/1.1 and responded: HTTP/1.1 200 OK
Feb 25, 2021 9:03:50 AM io.fabric8.kubernetes.client.dsl.internal.WatchHTTPManager$1 onResponse
INFO: Watch terminated unexpectedly. reason: \n not found: limit=46 content=7b2261706956657273696f6e223a227631222c226b696e64223a224c69737422â€¦
Feb 25, 2021 9:03:50 AM okhttp3.mockwebserver.MockWebServer$3 processOneRequest
INFO: MockWebServer[38486] received request: GET /api/v1/namespaces/entando-k8s-controller-coordinator-carcpr68 HTTP/1.1 and responded: HTTP/1.1 200 OK
Feb 25, 2021 9:03:50 AM okhttp3.mockwebserver.MockWebServer$3 processOneRequest
INFO: MockWebServer[38486] received request: GET /apis/entando.org/v1/namespaces/entando-k8s-controller-coordinator-carcpr68/entandokeycloakservers HTTP/1.1 and responded: HTTP/1.1 200 OK
Feb 25, 2021 9:03:50 AM okhttp3.mockwebserver.MockWebServer$3 processOneRequest
INFO: MockWebServer[38486] received request: GET /api/v1/namespaces/entando-k8s-controller-coordinator-carcpr68 HTTP/1.1 and responded: HTTP/1.1 200 OK
Feb 25, 2021 9:03:50 AM okhttp3.mockwebserver.MockWebServer$3 processOneRequest
INFO: MockWebServer[38486] received request: GET /apis/entando.org/v1/namespaces/entando-k8s-controller-coordinator-carcpr68/entandoclusterinfrastructures?watch=**** HTTP/1.1 and responded: HTTP/1.1 200 OK
Feb 25, 2021 9:03:50 AM io.fabric8.kubernetes.client.dsl.internal.WatchHTTPManager$1 onResponse
INFO: Watch terminated unexpectedly. reason: \n not found: limit=46 content=7b2261706956657273696f6e223a227631222c226b696e64223a224c69737422â€¦
Feb 25, 2021 9:03:50 AM okhttp3.mockwebserver.MockWebServer$3 processOneRequest
INFO: MockWebServer[38486] received request: GET /apis/entando.org/v1/namespaces/entando-k8s-controller-coordinator-carcpr68/entandokeycloakservers HTTP/1.1 and responded: HTTP/1.1 200 OK
Feb 25, 2021 9:03:50 AM okhttp3.mockwebserver.MockWebServer$3 processOneRequest
INFO: MockWebServer[38486] received request: POST /apis/entando.org/v1/namespaces/entando-k8s-controller-coordinator-carcpr68/entandokeycloakservers HTTP/1.1 and responded: HTTP/1.1 202 OK
Feb 25, 2021 9:03:50 AM okhttp3.mockwebserver.MockWebServer$3 processOneRequest
INFO: MockWebServer[38486] received request: GET /apis/entando.org/v1/namespaces/entando-k8s-controller-coordinator-carcpr68/entandoapppluginlinks?watch=**** HTTP/1.1 and responded: HTTP/1.1 200 OK
Feb 25, 2021 9:03:50 AM io.fabric8.kubernetes.client.dsl.internal.WatchHTTPManager$1 onResponse
INFO: Watch terminated unexpectedly. reason: \n not found: limit=46 content=7b2261706956657273696f6e223a227631222c226b696e64223a224c69737422â€¦
Feb 25, 2021 9:03:50 AM io.fabric8.kubernetes.client.dsl.internal.WatchHTTPManager$1 onFailure
INFO: Watch connection failed. reason: e**cutor rejected
Feb 25, 2021 9:03:50 AM org.entando.kubernetes.controller.coordinator.EntandoResourceObserver logResource
WARNING: EntandoKeycloakServer entando-k8s-controller-coordinator-carcpr68/test-keycloak has a new resource version: 1
Feb 25, 2021 9:03:50 AM org.entando.kubernetes.controller.coordinator.EntandoResourceObserver logResource
WARNING: EntandoKeycloakServer entando-k8s-controller-coordinator-carcpr68/test-keycloak is a top level resource
Feb 25, 2021 9:03:50 AM org.entando.kubernetes.controller.coordinator.EntandoResourceObserver logResource
WARNING: EntandoKeycloakServer entando-k8s-controller-coordinator-carcpr68/test-keycloak is processed after a metadata.generation increment.
Feb 25, 2021 9:03:50 AM org.entando.kubernetes.controller.coordinator.EntandoResourceObserver logResource
INFO: Received ADDED for the EntandoKeycloakServer entando-k8s-controller-coordinator-carcpr68/test-keycloak
Feb 25, 2021 9:03:50 AM org.entando.kubernetes.client.KubernetesRestInterceptor invoke
INFO: Entering method getNamespace in class org.entando.kubernetes.controller.support.client.EntandoResourceClient
Feb 25, 2021 9:03:50 AM org.entando.kubernetes.client.KubernetesRestInterceptor invoke
INFO: Exiting method getNamespace in class org.entando.kubernetes.controller.support.client.EntandoResourceClient
Feb 25, 2021 9:03:50 AM org.entando.kubernetes.client.KubernetesRestInterceptor invoke
INFO: Entering method loadDockerImageInfoConfigMap in class org.entando.kubernetes.controller.support.client.EntandoResourceClient
Feb 25, 2021 9:03:50 AM okhttp3.mockwebserver.MockWebServer$3 processOneRequest
INFO: MockWebServer[38486] received request: GET /api/v1/namespaces/entando/configmaps/entando-docker-image-info-v6.3 HTTP/1.1 and responded: HTTP/1.1 200 OK
Feb 25, 2021 9:03:50 AM org.entando.kubernetes.client.KubernetesRestInterceptor invoke
INFO: Exiting method loadDockerImageInfoConfigMap in class org.entando.kubernetes.controller.support.client.EntandoResourceClient
Feb 25, 2021 9:03:50 AM org.entando.kubernetes.client.KubernetesRestInterceptor invoke
INFO: Entering method removeAndWait in class org.entando.kubernetes.controller.support.client.PodClient with entando-k8s-controller-coordinator-carcpr68,{EntandoKeycloakServer=test-keycloak, EntandoResourceNamespace=entando-k8s-controller-coordinator-carcpr68, EntandoResourceKind=EntandoKeycloakServer}
Feb 25, 2021 9:03:50 AM okhttp3.mockwebserver.MockWebServer$3 processOneRequest
INFO: MockWebServer[38486] received request: GET /api/v1/namespaces/entando-k8s-controller-coordinator-carcpr68/pods?labelSelector=EntandoResourceNamespace%3Dentando-k8s-controller-coordinator-carcpr68%2CEntandoResourceKind%3DEntandoKeycloakServer%2CEntandoKeycloakServer%3Dtest-keycloak HTTP/1.1 and responded: HTTP/1.1 200 OK
Feb 25, 2021 9:03:50 AM okhttp3.mockwebserver.MockWebServer$3 processOneRequest
INFO: MockWebServer[38486] received request: GET /api/v1/namespaces/entando-k8s-controller-coordinator-carcpr68/pods?labelSelector=EntandoResourceKind%3DEntandoKeycloakServer HTTP/1.1 and responded: HTTP/1.1 200 OK
Feb 25, 2021 9:03:50 AM okhttp3.mockwebserver.MockWebServer$3 processOneRequest
INFO: MockWebServer[38486] received request: GET /api/v1/namespaces/entando-k8s-controller-coordinator-carcpr68/pods?labelSelector=EntandoResourceNamespace%3Dentando-k8s-controller-coordinator-carcpr68%2CEntandoResourceKind%3DEntandoKeycloakServer%2CEntandoKeycloakServer%3Dtest-keycloak&watch=**** HTTP/1.1 and responded: HTTP/1.1 200 OK
Feb 25, 2021 9:03:50 AM io.fabric8.kubernetes.client.dsl.internal.WatchHTTPManager$1 onResponse
INFO: Watch terminated unexpectedly. reason: \n not found: limit=46 content=7b2261706956657273696f6e223a227631222c226b696e64223a224c69737422â€¦
Feb 25, 2021 9:03:50 AM okhttp3.mockwebserver.MockWebServer$3 processOneRequest
INFO: MockWebServer[38486] received request: GET /apis/entando.org/v1/namespaces/entando-k8s-controller-coordinator-carcpr68/entandoplugins?watch=**** HTTP/1.1 and responded: HTTP/1.1 200 OK
Feb 25, 2021 9:03:50 AM okhttp3.mockwebserver.MockWebServer$3 processOneRequest
INFO: MockWebServer[38486] received request: GET /api/v1/namespaces/entando-k8s-controller-coordinator-carcpr68/pods?labelSelector=EntandoResourceKind%3DEntandoKeycloakServer HTTP/1.1 and responded: HTTP/1.1 200 OK
Feb 25, 2021 9:03:50 AM okhttp3.mockwebserver.MockWebServer$3 processOneRequest
INFO: MockWebServer[38486] received request: GET /api/v1/namespaces/entando-k8s-controller-coordinator-carcpr68/pods?labelSelector=EntandoResourceNamespace%3Dentando-k8s-controller-coordinator-carcpr68%2CEntandoResourceKind%3DEntandoKeycloakServer%2CEntandoKeycloakServer%3Dtest-keycloak HTTP/1.1 and responded: HTTP/1.1 200 OK
Feb 25, 2021 9:03:50 AM okhttp3.mockwebserver.MockWebServer$3 processOneRequest
INFO: MockWebServer[38486] received request: GET /api/v1/namespaces/entando-k8s-controller-coordinator-carcpr68/pods?labelSelector=EntandoResourceNamespace%3Dentando-k8s-controller-coordinator-carcpr68%2CEntandoResourceKind%3DEntandoKeycloakServer%2CEntandoKeycloakServer%3Dtest-keycloak&watch=**** HTTP/1.1 and responded: HTTP/1.1 200 OK
Feb 25, 2021 9:03:50 AM okhttp3.mockwebserver.MockWebServer$3 processOneRequest
INFO: MockWebServer[38486] received request: GET /api/v1/namespaces/entando-k8s-controller-coordinator-carcpr68/pods?labelSelector=EntandoResourceNamespace%3Dentando-k8s-controller-coordinator-carcpr68%2CEntandoResourceKind%3DEntandoKeycloakServer%2CEntandoKeycloakServer%3Dtest-keycloak HTTP/1.1 and responded: HTTP/1.1 200 OK
Feb 25, 2021 9:03:50 AM io.fabric8.kubernetes.client.dsl.internal.WatchHTTPManager$1 onResponse
INFO: Watch terminated unexpectedly. reason: \n not found: limit=46 content=7b2261706956657273696f6e223a227631222c226b696e64223a224c69737422â€¦
Feb 25, 2021 9:03:50 AM io.fabric8.kubernetes.client.dsl.internal.WatchHTTPManager$1 onResponse
INFO: Watch terminated unexpectedly. reason: \n not found: limit=46 content=7b2261706956657273696f6e223a227631222c226b696e64223a224c69737422â€¦
Feb 25, 2021 9:03:50 AM okhttp3.mockwebserver.MockWebServer$3 processOneRequest
INFO: MockWebServer[38486] received request: GET /apis/entando.org/v1/namespaces/entando-k8s-controller-coordinator-carcpr68/entandodebundles?watch=**** HTTP/1.1 and responded: HTTP/1.1 200 OK
Feb 25, 2021 9:03:51 AM okhttp3.mockwebserver.MockWebServer$3 processOneRequest
INFO: MockWebServer[38486] received request: GET /api/v1/namespaces/entando-k8s-controller-coordinator-carcpr68/pods?labelSelector=EntandoResourceKind%3DEntandoKeycloakServer HTTP/1.1 and responded: HTTP/1.1 200 OK
Feb 25, 2021 9:03:51 AM okhttp3.mockwebserver.MockWebServer$3 processOneRequest
INFO: MockWebServer[38486] received request: GET /api/v1/namespaces/entando-k8s-controller-coordinator-carcpr68/pods?labelSelector=EntandoResourceKind%3DEntandoKeycloakServer HTTP/1.1 and responded: HTTP/1.1 200 OK
Feb 25, 2021 9:03:51 AM okhttp3.mockwebserver.MockWebServer$3 processOneRequest
INFO: MockWebServer[38486] received request: GET /apis/entando.org/v1/namespaces/entando-k8s-controller-coordinator-carcpr68/entandocompositeapps?watch=**** HTTP/1.1 and responded: HTTP/1.1 200 OK
Feb 25, 2021 9:03:51 AM io.fabric8.kubernetes.client.dsl.internal.WatchHTTPManager$1 onResponse
INFO: Watch terminated unexpectedly. reason: \n not found: limit=46 content=7b2261706956657273696f6e223a227631222c226b696e64223a224c69737422â€¦
Feb 25, 2021 9:03:51 AM okhttp3.mockwebserver.MockWebServer$3 processOneRequest
INFO: MockWebServer[38486] received request: GET /api/v1/namespaces/entando-k8s-controller-coordinator-carcpr68/pods?labelSelector=EntandoResourceKind%3DEntandoKeycloakServer HTTP/1.1 and responded: HTTP/1.1 200 OK
Feb 25, 2021 9:03:51 AM okhttp3.mockwebserver.MockWebServer$3 processOneRequest
INFO: MockWebServer[38486] received request: GET /api/v1/namespaces/entando-k8s-controller-coordinator-carcpr68/pods?labelSelector=EntandoResourceKind%3DEntandoKeycloakServer HTTP/1.1 and responded: HTTP/1.1 200 OK
Feb 25, 2021 9:03:51 AM okhttp3.mockwebserver.MockWebServer$3 processOneRequest
INFO: MockWebServer[38486] received request: GET /api/v1/namespaces/entando-k8s-controller-coordinator-carcpr68/pods?labelSelector=EntandoResourceKind%3DEntandoKeycloakServer HTTP/1.1 and responded: HTTP/1.1 200 OK
Feb 25, 2021 9:03:51 AM okhttp3.mockwebserver.MockWebServer$3 processOneRequest
INFO: MockWebServer[38486] received request: GET /apis/entando.org/v1/namespaces/entando-k8s-controller-coordinator-carcpr68/entandodatabaseservices?watch=**** HTTP/1.1 and responded: HTTP/1.1 200 OK
Feb 25, 2021 9:03:51 AM io.fabric8.kubernetes.client.dsl.internal.WatchHTTPManager$1 onResponse
INFO: Watch terminated unexpectedly. reason: \n not found: limit=46 content=7b2261706956657273696f6e223a227631222c226b696e64223a224c69737422â€¦
Feb 25, 2021 9:03:51 AM okhttp3.mockwebserver.MockWebServer$3 processOneRequest
INFO: MockWebServer[38486] received request: GET /api/v1/namespaces/entando-k8s-controller-coordinator-carcpr68/pods?labelSelector=EntandoResourceKind%3DEntandoKeycloakServer HTTP/1.1 and responded: HTTP/1.1 200 OK
Feb 25, 2021 9:03:51 AM okhttp3.mockwebserver.MockWebServer$3 processOneRequest
INFO: MockWebServer[38486] received request: GET /api/v1/namespaces/entando-k8s-controller-coordinator-carcpr68/pods?labelSelector=EntandoResourceKind%3DEntandoKeycloakServer HTTP/1.1 and responded: HTTP/1.1 200 OK
Feb 25, 2021 9:03:51 AM org.entando.kubernetes.client.KubernetesRestInterceptor invoke
INFO: Exiting method removeAndWait in class org.entando.kubernetes.controller.support.client.PodClient
Feb 25, 2021 9:03:51 AM org.entando.kubernetes.client.KubernetesRestInterceptor invoke
INFO: Entering method overwriteControllerSecret in class org.entando.kubernetes.controller.support.client.SecretClient with Secret: null/test-keycloak-controller-ca-cert-secret
Feb 25, 2021 9:03:51 AM okhttp3.mockwebserver.MockWebServer$3 processOneRequest
INFO: MockWebServer[38486] received request: GET /api/v1/namespaces/entando-k8s-controller-coordinator-carcpr68/pods?labelSelector=EntandoResourceNamespace%3Dentando-k8s-controller-coordinator-carcpr68%2CEntandoResourceKind%3DEntandoKeycloakServer%2CEntandoKeycloakServer%3Dtest-keycloak&watch=**** HTTP/1.1 and responded: HTTP/1.1 200 OK
Feb 25, 2021 9:03:51 AM okhttp3.mockwebserver.MockWebServer$3 processOneRequest
INFO: MockWebServer[38486] received request: GET /api/v1/namespaces/entando-k8s-controller-coordinator-carcpr68/secrets/test-keycloak-controller-ca-cert-secret HTTP/1.1 and responded: HTTP/1.1 404 Client Error
Feb 25, 2021 9:03:51 AM io.fabric8.kubernetes.client.dsl.internal.WatchHTTPManager$1 onResponse
INFO: Watch terminated unexpectedly. reason: \n not found: limit=46 content=7b2261706956657273696f6e223a227631222c226b696e64223a224c69737422â€¦
Feb 25, 2021 9:03:51 AM io.fabric8.kubernetes.client.dsl.internal.WatchHTTPManager scheduleReconnect
WARN: Ignoring error for already closed/closing connection
Feb 25, 2021 9:03:52 AM okhttp3.mockwebserver.MockWebServer$3 processOneRequest
INFO: MockWebServer[38486] received request: POST /api/v1/namespaces/entando-k8s-controller-coordinator-carcpr68/secrets HTTP/1.1 and responded: HTTP/1.1 202 OK
Feb 25, 2021 9:03:52 AM okhttp3.mockwebserver.MockWebServer$3 processOneRequest
INFO: MockWebServer[38486] received request: GET /api/v1/namespaces/entando-k8s-controller-coordinator-carcpr68/pods?labelSelector=EntandoResourceKind%3DEntandoKeycloakServer HTTP/1.1 and responded: HTTP/1.1 200 OK
Feb 25, 2021 9:03:52 AM org.entando.kubernetes.client.KubernetesRestInterceptor invoke
INFO: Exiting method overwriteControllerSecret in class org.entando.kubernetes.controller.support.client.SecretClient
Feb 25, 2021 9:03:52 AM org.entando.kubernetes.client.KubernetesRestInterceptor invoke
INFO: Entering method start in class org.entando.kubernetes.controller.support.client.PodClient with Pod: entando-k8s-controller-coordinator-carcpr68/test-keycloak-deployer-3082
Feb 25, 2021 9:03:52 AM okhttp3.mockwebserver.MockWebServer$3 processOneRequest
INFO: MockWebServer[38486] received request: POST /api/v1/namespaces/entando-k8s-controller-coordinator-carcpr68/pods HTTP/1.1 and responded: HTTP/1.1 202 OK
Feb 25, 2021 9:03:52 AM okhttp3.mockwebserver.MockWebServer$3 processOneRequest
INFO: MockWebServer[38486] received request: GET /apis/entando.org/v1/namespaces/entando-k8s-controller-coordinator-carcpr68/entandoapps?watch=**** HTTP/1.1 and responded: HTTP/1.1 200 OK
Feb 25, 2021 9:03:52 AM org.entando.kubernetes.client.KubernetesRestInterceptor invoke
INFO: Exiting method start in class org.entando.kubernetes.controller.support.client.PodClient
Feb 25, 2021 9:03:52 AM io.fabric8.kubernetes.client.dsl.internal.WatchHTTPManager$1 onResponse
INFO: Watch terminated unexpectedly. reason: \n not found: limit=46 content=7b2261706956657273696f6e223a227631222c226b696e64223a224c69737422â€¦
Feb 25, 2021 9:03:52 AM okhttp3.mockwebserver.MockWebServer$3 processOneRequest
INFO: MockWebServer[38486] received request: GET /api/v1/namespaces/entando-k8s-controller-coordinator-carcpr68/pods?labelSelector=EntandoResourceKind%3DEntandoKeycloakServer HTTP/1.1 and responded: HTTP/1.1 200 OK
Feb 25, 2021 9:03:52 AM okhttp3.mockwebserver.MockWebServer$3 processOneRequest
INFO: MockWebServer[38486] received request: GET /api/v1/namespaces/entando-k8s-controller-coordinator-carcpr68/pods?labelSelector=EntandoResourceKind%3DEntandoKeycloakServer HTTP/1.1 and responded: HTTP/1.1 200 OK
Feb 25, 2021 9:03:52 AM okhttp3.mockwebserver.MockWebServer$3 processOneRequest
INFO: MockWebServer[38486] received request: GET /api/v1/namespaces/entando-k8s-controller-coordinator-carcpr68/pods/test-keycloak-deployer-3082 HTTP/1.1 and responded: HTTP/1.1 200 OK
Feb 25, 2021 9:03:52 AM org.entando.kubernetes.controller.coordinator.EntandoResourceObserver logResource
WARNING: Duplicate event for EntandoKeycloakServer entando-k8s-controller-coordinator-carcpr68/test-keycloak. ResourceVersion=1
Feb 25, 2021 9:03:52 AM okhttp3.mockwebserver.MockWebServer$3 processOneRequest
INFO: MockWebServer[38486] received request: PATCH /api/v1/namespaces/entando-k8s-controller-coordinator-carcpr68/pods/test-keycloak-deployer-3082 HTTP/1.1 and responded: HTTP/1.1 202 OK
Feb 25, 2021 9:03:52 AM okhttp3.mockwebserver.MockWebServer$3 processOneRequest
INFO: MockWebServer[38486] received request: GET /apis/entando.org/v1/namespaces/entando-k8s-controller-coordinator-carcpr68/entandoapppluginlinks?watch=**** HTTP/1.1 and responded: HTTP/1.1 200 OK
Feb 25, 2021 9:03:52 AM io.fabric8.kubernetes.client.dsl.internal.WatchHTTPManager$1 onResponse
INFO: Watch terminated unexpectedly. reason: \n not found: limit=46 content=7b2261706956657273696f6e223a227631222c226b696e64223a224c69737422â€¦
Feb 25, 2021 9:03:52 AM okhttp3.mockwebserver.MockWebServer$3 processOneRequest
INFO: MockWebServer[38486] received request: GET /api/v1/namespaces/entando-k8s-controller-coordinator-carcpr68/pods?labelSelector=EntandoResourceKind%3DEntandoKeycloakServer HTTP/1.1 and responded: HTTP/1.1 200 OK
Feb 25, 2021 9:03:52 AM okhttp3.mockwebserver.MockWebServer$3 processOneRequest
INFO: MockWebServer[38486] received request: GET /api/v1/namespaces/entando-k8s-controller-coordinator-carcpr68/pods?labelSelector=EntandoResourceKind%3DEntandoKeycloakServer HTTP/1.1 and responded: HTTP/1.1 200 OK
Feb 25, 2021 9:03:52 AM okhttp3.mockwebserver.MockWebServer$3 processOneRequest
INFO: MockWebServer[38486] received request: GET /api/v1/namespaces/entando-k8s-controller-coordinator-carcpr68/pods?labelSelector=EntandoResourceKind%3DEntandoKeycloakServer HTTP/1.1 and responded: HTTP/1.1 200 OK
Feb 25, 2021 9:03:53 AM okhttp3.mockwebserver.MockWebServer$3 processOneRequest
INFO: MockWebServer[38486] received request: GET /apis/entando.org/v1/namespaces/entando-k8s-controller-coordinator-carcpr68/entandodebundles?watch=**** HTTP/1.1 and responded: HTTP/1.1 200 OK
Feb 25, 2021 9:03:53 AM io.fabric8.kubernetes.client.dsl.internal.WatchHTTPManager$1 onResponse
INFO: Watch terminated unexpectedly. reason: \n not found: limit=46 content=7b2261706956657273696f6e223a227631222c226b696e64223a224c69737422â€¦
Feb 25, 2021 9:03:53 AM okhttp3.mockwebserver.MockWebServer$3 processOneRequest
INFO: MockWebServer[38486] received request: GET /api/v1/namespaces/entando-k8s-controller-coordinator-carcpr68/pods?labelSelector=EntandoResourceKind%3DEntandoKeycloakServer HTTP/1.1 and responded: HTTP/1.1 200 OK
Feb 25, 2021 9:03:53 AM okhttp3.mockwebserver.MockWebServer$3 processOneRequest
INFO: MockWebServer[38486] received request: GET /api/v1/namespaces/entando-k8s-controller-coordinator-carcpr68/pods?labelSelector=EntandoResourceKind%3DEntandoKeycloakServer HTTP/1.1 and responded: HTTP/1.1 200 OK
Feb 25, 2021 9:03:53 AM okhttp3.mockwebserver.MockWebServer$3 processOneRequest
INFO: MockWebServer[38486] received request: GET /api/v1/namespaces/entando-k8s-controller-coordinator-carcpr68/pods?labelSelector=EntandoResourceKind%3DEntandoKeycloakServer HTTP/1.1 and responded: HTTP/1.1 200 OK
Feb 25, 2021 9:03:53 AM org.entando.kubernetes.client.KubernetesRestInterceptor invoke
INFO: Entering method removeSuccessfullyCompletedPods in class org.entando.kubernetes.controller.support.client.PodClient with entando-k8s-controller-coordinator-carcpr68,{EntandoKeycloakServer=test-keycloak, EntandoResourceNamespace=entando-k8s-controller-coordinator-carcpr68, EntandoResourceKind=EntandoKeycloakServer}
Feb 25, 2021 9:03:53 AM okhttp3.mockwebserver.MockWebServer$3 processOneRequest
INFO: MockWebServer[38486] received request: GET /api/v1/namespaces/entando-k8s-controller-coordinator-carcpr68/pods?labelSelector=EntandoResourceNamespace%3Dentando-k8s-controller-coordinator-carcpr68%2CEntandoResourceKind%3DEntandoKeycloakServer%2CEntandoKeycloakServer%3Dtest-keycloak HTTP/1.1 and responded: HTTP/1.1 200 OK
Feb 25, 2021 9:03:53 AM okhttp3.mockwebserver.MockWebServer$3 processOneRequest
INFO: MockWebServer[38486] received request: GET /api/v1/namespaces/entando-k8s-controller-coordinator-carcpr68/pods?labelSelector=EntandoResourceKind%3DEntandoKeycloakServer HTTP/1.1 and responded: HTTP/1.1 200 OK
Feb 25, 2021 9:03:53 AM okhttp3.mockwebserver.MockWebServer$3 processOneRequest
INFO: MockWebServer[38486] received request: DELETE /api/v1/namespaces/entando-k8s-controller-coordinator-carcpr68/pods/test-keycloak-deployer-3082 HTTP/1.1 and responded: HTTP/1.1 200 OK
Feb 25, 2021 9:03:53 AM org.entando.kubernetes.client.KubernetesRestInterceptor invoke
INFO: Exiting method removeSuccessfullyCompletedPods in class org.entando.kubernetes.controller.support.client.PodClient
Feb 25, 2021 9:03:53 AM okhttp3.mockwebserver.MockWebServer$3 processOneRequest
INFO: MockWebServer[38486] received request: GET /api/v1/namespaces/entando-k8s-controller-coordinator-carcpr68/pods?labelSelector=EntandoResourceKind%3DEntandoKeycloakServer HTTP/1.1 and responded: HTTP/1.1 200 OK
Feb 25, 2021 9:03:53 AM okhttp3.mockwebserver.MockWebServer$2 acceptConnections
INFO: MockWebServer[38486] done accepting connections: Socket closed
[INFO] Tests run: 2, Failures: 0, Errors: 0, Skipped: 0, Time elapsed: 17.599 s - in org.entando.kubernetes.controller.coordinator.inprocesstests.ControllerCoordinatorMockedTest
[INFO] 
[INFO] Results:
[INFO] 
[INFO] Tests run: 19, Failures: 0, Errors: 0, Skipped: 0
[INFO] 
[INFO] 
[INFO] --- maven-jar-plugin:3.2.0:jar (default-jar) @ entando-k8s-controller-coordinator ---
[INFO] Building jar: /workspace/source/target/entando-k8s-controller-coordinator-0.0.0-SNAPSHOT-PR-68-1.jar
[INFO] 
[INFO] --- maven-jar-plugin:3.2.0:test-jar (build-test-jar) @ entando-k8s-controller-coordinator ---
[INFO] Building jar: /workspace/source/target/entando-k8s-controller-coordinator-0.0.0-SNAPSHOT-PR-68-1-tests.jar
[INFO] 
[INFO] --- maven-javadoc-plugin:3.2.0:jar (attach-javadocs) @ entando-k8s-controller-coordinator ---
[INFO] No previous run data found, generating javadoc.
[INFO] Building jar: /workspace/source/target/entando-k8s-controller-coordinator-0.0.0-SNAPSHOT-PR-68-1-javadoc.jar
[INFO] 
[INFO] --- license-maven-plugin:2.0.0:aggregate-download-licenses (download-licenses) @ entando-k8s-controller-coordinator ---
[WARNING] No license information available for: com.sun.org.apache:jaxp-ri:1.4
[WARNING] No license information available for: javax.xml.parsers:jaxp-api:1.4
[WARNING] Unable to retrieve license from URL 'https://glassfish.dev.java.net/nonav/public/CDDL+GPL.html' for dependency 'javax.servlet:javax.servlet-api:3.0.1': Certificate for <glassfish.dev.java.net> doesn't match any of the subject alternative names: [*.java.net, java.net]
[WARNING] Unable to retrieve license from URL 'LICENSE.txt' for dependency 'org.awaitility:awaitility:4.0.1': null
Feb 25, 2021 9:04:08 AM org.apache.http.client.protocol.ResponseProcessCookies processCookies
WARNING: Invalid cookie header: "Set-Cookie: _octo=GH1.1.2090827297.1614243848; Path=/; Domain=github.com; Expires=Fri, 25 Feb 2022 09:04:08 GMT; Secure; SameSite=Lax". Invalid 'expires' attribute: Fri, 25 Feb 2022 09:04:08 GMT
Feb 25, 2021 9:04:08 AM org.apache.http.client.protocol.ResponseProcessCookies processCookies
WARNING: Invalid cookie header: "Set-Cookie: logged_in=no; Path=/; Domain=github.com; Expires=Fri, 25 Feb 2022 09:04:08 GMT; HttpOnly; Secure; SameSite=Lax". Invalid 'expires' attribute: Fri, 25 Feb 2022 09:04:08 GMT
Feb 25, 2021 9:04:09 AM org.apache.http.client.protocol.ResponseProcessCookies processCookies
WARNING: Invalid cookie header: "Set-Cookie: _octo=GH1.1.38924657.1614243848; Path=/; Domain=github.com; Expires=Fri, 25 Feb 2022 09:04:08 GMT; Secure; SameSite=Lax". Invalid 'expires' attribute: Fri, 25 Feb 2022 09:04:08 GMT
Feb 25, 2021 9:04:09 AM org.apache.http.client.protocol.ResponseProcessCookies processCookies
WARNING: Invalid cookie header: "Set-Cookie: logged_in=no; Path=/; Domain=github.com; Expires=Fri, 25 Feb 2022 09:04:08 GMT; HttpOnly; Secure; SameSite=Lax". Invalid 'expires' attribute: Fri, 25 Feb 2022 09:04:08 GMT
[WARNING] There were 4 download errors - check the warnings above
[INFO] 
[INFO] --- quarkus-maven-plugin:1.2.0.Final:build (default) @ entando-k8s-controller-coordinator ---
[WARNING] [io.quarkus.creator.curator.Curator] These dependencies are not recommended:
	- javax.servlet:javax.servlet-api should be replaced by jakarta.servlet:jakarta.servlet-api
You might end up with two different versions of the same classes or with an artifact you shouldn't have in your classpath.
[INFO] [org.jboss.threads] JBoss Threads version 3.0.0.Final
[WARNING] [io.quarkus.kubernetes.client.deployment.KubernetesClientProcessor] Watcher 'org.entando.kubernetes.controller.coordinator.EntandoResourceObserver' will most likely not work correctly in native mode. Consider specifying the generic type of 'io.fabric8.kubernetes.client.Watcher' that this class handles. See https://quarkus.io/guides/kubernetes-client#note-on-implementing-the-watcher-interface for more details
[WARNING] [io.quarkus.deployment.steps.ReflectiveHierarchyStep] Unable to properly register the hierarchy of the following classes for reflection as they are not in the Jandex index:
	- org.entando.kubernetes.model.EntandoCustomResourceStatus
Consider adding them to the index either by creating a Jandex index for your dependency via the Maven plugin, an empty META-INF/beans.xml or quarkus.index-dependency properties.");.
[INFO] [io.quarkus.deployment.pkg.steps.JarResultBuildStep] Building thin jar: /workspace/source/target/entando-k8s-controller-coordinator-0.0.0-SNAPSHOT-PR-68-1-runner.jar
[INFO] [io.quarkus.deployment.QuarkusAugmentor] Quarkus augmentation completed in 1849ms
[INFO] 
[INFO] --- maven-surefire-report-plugin:3.0.0-M4:failsafe-report-only (integration-tests) @ entando-k8s-controller-coordinator ---
[INFO] 
[INFO] --- dependency-check-maven:6.0.3:aggregate (default) @ entando-k8s-controller-coordinator ---
[INFO] Checking for updates
[INFO] Skipping NVD check since last check was within 4 hours.
[INFO] Check for updates complete (69 ms)
[INFO] 

Dependency-Check is an open source tool performing a best effort analysis of 3rd party dependencies; false positives and false negatives may exist in the analysis performed by the tool. Use of the tool and the reporting provided constitutes acceptance for use in an AS IS condition, and there are NO warranties, implied or otherwise, with regard to the analysis or its use. Any use of the tool and the reporting provided is at the userâ€™s risk. In no event shall the copyright holder or OWASP be held liable for any damages whatsoever arising out of or in connection with the use of this tool, the analysis performed, or the resulting report.


[INFO] Analysis Started
[INFO] Finished Archive Analyzer (0 seconds)
[INFO] Finished File Name Analyzer (0 seconds)
[INFO] Finished Jar Analyzer (0 seconds)
[INFO] Finished Dependency Merging Analyzer (0 seconds)
[INFO] Finished Version Filter Analyzer (0 seconds)
[INFO] Finished Hint Analyzer (0 seconds)
[INFO] Created CPE Index (2 seconds)
[INFO] Finished CPE Analyzer (4 seconds)
[INFO] Finished False Positive Analyzer (0 seconds)
[INFO] Finished NVD CVE Analyzer (0 seconds)
[INFO] Finished Sonatype OSS Index Analyzer (1 seconds)
[INFO] Finished Vulnerability Suppression Analyzer (0 seconds)
[INFO] Finished Dependency Bundling Analyzer (0 seconds)
[INFO] Analysis Complete (8 seconds)
[INFO] 
[INFO] --- jacoco-maven-plugin:0.8.5:report (report) @ entando-k8s-controller-coordinator ---
[INFO] Loading e**cution data file /workspace/source/target/jacoco.e**c
[INFO] Analyzed bundle 'Entando K8S Controller Coordinator' with 8 classes
[INFO] 
[INFO] --- maven-surefire-report-plugin:3.0.0-M4:report-only (unit-tests) @ entando-k8s-controller-coordinator ---
[WARNING] Unable to locate Test Source XRef to link to - DISABLED
[INFO] 
[INFO] --- maven-install-plugin:2.4:install (default-install) @ entando-k8s-controller-coordinator ---
[INFO] Installing /workspace/source/target/entando-k8s-controller-coordinator-0.0.0-SNAPSHOT-PR-68-1.jar to /home/jenkins/.mvnrepository/org/entando/entando-k8s-controller-coordinator/0.0.0-SNAPSHOT-PR-68-1/entando-k8s-controller-coordinator-0.0.0-SNAPSHOT-PR-68-1.jar
[INFO] Installing /workspace/source/pom.xml to /home/jenkins/.mvnrepository/org/entando/entando-k8s-controller-coordinator/0.0.0-SNAPSHOT-PR-68-1/entando-k8s-controller-coordinator-0.0.0-SNAPSHOT-PR-68-1.pom
[INFO] Installing /workspace/source/target/entando-k8s-controller-coordinator-0.0.0-SNAPSHOT-PR-68-1-tests.jar to /home/jenkins/.mvnrepository/org/entando/entando-k8s-controller-coordinator/0.0.0-SNAPSHOT-PR-68-1/entando-k8s-controller-coordinator-0.0.0-SNAPSHOT-PR-68-1-tests.jar
[INFO] Installing /workspace/source/target/entando-k8s-controller-coordinator-0.0.0-SNAPSHOT-PR-68-1-javadoc.jar to /home/jenkins/.mvnrepository/org/entando/entando-k8s-controller-coordinator/0.0.0-SNAPSHOT-PR-68-1/entando-k8s-controller-coordinator-0.0.0-SNAPSHOT-PR-68-1-javadoc.jar
[INFO] 
[INFO] --- maven-deploy-plugin:2.8.2:deploy (default-deploy) @ entando-k8s-controller-coordinator ---
[INFO] Using alternate deployment repository local-nexus::default::http://nexus/repository/maven-releases/
[INFO] 
[INFO] -----------< org.entando:entando-k8s-controller-coordinator >-----------
[INFO] Building Entando K8S Controller Coordinator 0.0.0-SNAPSHOT-PR-68-1
[INFO] --------------------------------[ jar ]---------------------------------
[INFO] 
[INFO] --- sonar-maven-plugin:3.8.0.2131:sonar (default-cli) @ entando-k8s-controller-coordinator ---
[INFO] User cache: /****/.sonar/cache
[INFO] SonarQube version: 8.5.0
[INFO] Default locale: "en_US", source code encoding: "UTF-8"
[INFO] Load global settings
[INFO] Load global settings (done) | time=218ms
[INFO] Server id: 1BD809FA-AWHW8ct9-T_TB3XqouNu
[INFO] User cache: /****/.sonar/cache
[INFO] Load/download plugins
[INFO] Load plugins index
[INFO] Load plugins index (done) | time=76ms
[INFO] Load/download plugins (done) | time=22277ms
[INFO] Loaded core extensions: developer-scanner
[INFO] JavaScript/TypeScript frontend is enabled
[INFO] Load project settings for component key: 'entando-k8s_entando-k8s-controller-coordinator'
[INFO] Load project settings for component key: 'entando-k8s_entando-k8s-controller-coordinator' (done) | time=36ms
[INFO] Process project properties
[INFO] E**cute project builders
[INFO] E**cute project builders (done) | time=2ms
[INFO] Project key: entando-k8s_entando-k8s-controller-coordinator
[INFO] Base dir: /workspace/source
[INFO] Working dir: /workspace/source/target/sonar
[INFO] Load project branches
[INFO] Load project branches (done) | time=30ms
[INFO] Check ALM binding of project 'entando-k8s_entando-k8s-controller-coordinator'
[INFO] Detected project binding: BOUND
[INFO] Check ALM binding of project 'entando-k8s_entando-k8s-controller-coordinator' (done) | time=40ms
[INFO] Load project pull requests
[INFO] Load project pull requests (done) | time=42ms
[INFO] Load branch configuration
[INFO] Load branch configuration (done) | time=522ms
[INFO] Load quality profiles
[INFO] Load quality profiles (done) | time=69ms
[INFO] Load active rules
[INFO] Load active rules (done) | time=1467ms
[INFO] Organization key: entando-k8s
[INFO] Pull request 68 for merge into master from ENG-1829
[INFO] SCM collecting changed files in the branch
[WARNING] Exception caught during e**cution of command '[/usr/local/git/bin/git, config, --******, --edit]' in '/usr/local/git/bin', return code '128', error message 'fatal: Invalid path '/usr/local/git/etc': No such file or directory
'
[INFO] SCM collecting changed files in the branch (done) | time=313ms
[INFO] Indexing files...
[INFO] Project configuration:
[INFO] 19 files inde**d
[INFO] 0 files ignored because of scm ignore settings
[INFO] Quality profile for java: Sonar way
[INFO] Quality profile for xml: Sonar way
[INFO] ------------- Run sensors on module Entando K8S Controller Coordinator
[INFO] JavaScript/TypeScript frontend is enabled
[INFO] Load metrics repository
[INFO] Load metrics repository (done) | time=27ms
[INFO] Sensor JavaSquidSensor [java]
[INFO] Configured Java source version (sonar.java.source): 9
[INFO] JavaClasspath initialization
[INFO] JavaClasspath initialization (done) | time=21ms
[INFO] JavaTestClasspath initialization
[INFO] JavaTestClasspath initialization (done) | time=2ms
[INFO] Java Main Files AST scan
[INFO] 9 source files to be analyzed
[INFO] 9/9 source files have been analyzed
[INFO] Java Main Files AST scan (done) | time=4848ms
[INFO] Java Test Files AST scan
[INFO] 9 source files to be analyzed
[INFO] Java Test Files AST scan (done) | time=1111ms
[INFO] 9/9 source files have been analyzed
[INFO] Java Generated Files AST scan
[INFO] 0 source files to be analyzed
[INFO] Java Generated Files AST scan (done) | time=1ms
[INFO] 0/0 source files have been analyzed
[INFO] Sensor JavaSquidSensor [java] (done) | time=6433ms
[INFO] Sensor SonarCSS Rules [cssfamily]
[INFO] No CSS, PHP, HTML or VueJS files are found in the project. CSS analysis is skipped.
[INFO] Sensor SonarCSS Rules [cssfamily] (done) | time=1ms
[INFO] Sensor C# Properties [csharp]
[INFO] Sensor C# Properties [csharp] (done) | time=1ms
[INFO] Sensor Import of Checkstyle issues [java]
[INFO] Importing /workspace/source/target/checkstyle-result.xml
[INFO] Sensor Import of Checkstyle issues [java] (done) | time=102ms
[INFO] Sensor SurefireSensor [java]
[INFO] parsing [/workspace/source/target/surefire-reports]
[INFO] Sensor SurefireSensor [java] (done) | time=52ms
[INFO] Sensor JavaXmlSensor [java]
[INFO] 1 source files to be analyzed
[INFO] Sensor JavaXmlSensor [java] (done) | time=244ms
[INFO] 1/1 source files have been analyzed
[INFO] Sensor HTML [web]
[INFO] Sensor HTML [web] (done) | time=5ms
[INFO] Sensor XML Sensor [xml]
[INFO] 1 source file to be analyzed
[INFO] 1/1 source file has been analyzed
[INFO] Sensor XML Sensor [xml] (done) | time=214ms
[INFO] Sensor VB.NET Properties [vbnet]
[INFO] Sensor VB.NET Properties [vbnet] (done) | time=1ms
[INFO] Sensor JaCoCo XML Report Importer [jacoco]
[INFO] Importing 1 report(s). Turn your logs in debug mode in order to see the exhaustive list.
[INFO] Sensor JaCoCo XML Report Importer [jacoco] (done) | time=66ms
[INFO] Sensor ThymeLeaf template sensor [securityjavafrontend]
[INFO] Sensor ThymeLeaf template sensor [securityjavafrontend] (done) | time=3ms
[INFO] Sensor JavaSecuritySensor [security]
[INFO] Reading type hierarchy from: /workspace/source/target/sonar/ucfg2/java
[INFO] Read 115 type definitions
[INFO] Reading UCFGs from: /workspace/source/target/sonar/ucfg2/java
[INFO] 09:05:07.335894 Building Runtime Type propagation graph
[INFO] 09:05:07.347823 Running Tarjan on 165 nodes
[INFO] 09:05:07.350443 Tarjan found 165 components
[INFO] 09:05:07.355081 Variable type analysis: done
[INFO] 09:05:07.360002 Building Runtime Type propagation graph
[INFO] 09:05:07.366974 Running Tarjan on 165 nodes
[INFO] 09:05:07.367902 Tarjan found 165 components
[INFO] 09:05:07.368815 Variable type analysis: done
[INFO] Analyzing 49 ucfgs to detect vulnerabilities.
[INFO] All rules entrypoints : 0 Retained UCFGs : 0
[INFO] rule: S5131, entrypoints: 0
[INFO] rule: S5131 done
[INFO] rule: S3649, entrypoints: 0
[INFO] rule: S3649 done
[INFO] rule: S2076, entrypoints: 0
[INFO] rule: S2076 done
[INFO] rule: S2091, entrypoints: 0
[INFO] rule: S2091 done
[INFO] rule: S2078, entrypoints: 0
[INFO] rule: S2078 done
[INFO] rule: S2631, entrypoints: 0
[INFO] rule: S2631 done
[INFO] rule: S5135, entrypoints: 0
[INFO] rule: S5135 done
[INFO] rule: S2083, entrypoints: 0
[INFO] rule: S2083 done
[INFO] rule: S5167, entrypoints: 0
[INFO] rule: S5167 done
[INFO] rule: S5144, entrypoints: 0
[INFO] rule: S5144 done
[INFO] rule: S5145, entrypoints: 0
[INFO] rule: S5145 done
[INFO] rule: S5146, entrypoints: 0
[INFO] rule: S5146 done
[INFO] rule: S5334, entrypoints: 0
[INFO] rule: S5334 done
[INFO] rule: S6096, entrypoints: 0
[INFO] rule: S6096 done
[INFO] Sensor JavaSecuritySensor [security] (done) | time=676ms
[INFO] Sensor CSharpSecuritySensor [security]
[INFO] Reading type hierarchy from: /workspace/source/target/ucfg_cs2
[INFO] Read 0 type definitions
[INFO] Reading UCFGs from: /workspace/source/target/ucfg_cs2
[INFO] No UCFGs have been included for analysis.
[INFO] Sensor CSharpSecuritySensor [security] (done) | time=1ms
[INFO] Sensor PhpSecuritySensor [security]
[INFO] Reading type hierarchy from: /workspace/source/target/sonar/ucfg2/php
[INFO] Read 0 type definitions
[INFO] Reading UCFGs from: /workspace/source/target/sonar/ucfg2/php
[INFO] No UCFGs have been included for analysis.
[INFO] Sensor PhpSecuritySensor [security] (done) | time=1ms
[INFO] Sensor PythonSecuritySensor [security]
[INFO] Reading type hierarchy from: /workspace/source/target/sonar/ucfg2/python
[INFO] Read 0 type definitions
[INFO] Reading UCFGs from: /workspace/source/target/sonar/ucfg2/python
[INFO] No UCFGs have been included for analysis.
[INFO] Sensor PythonSecuritySensor [security] (done) | time=1ms
[INFO] Sensor JsSecuritySensor [security]
[INFO] Reading type hierarchy from: /workspace/source/target/sonar/ucfg2/js
[INFO] Read 0 type definitions
[INFO] Reading UCFGs from: /workspace/source/target/sonar/ucfg2/js
[INFO] No UCFGs have been included for analysis.
[INFO] Sensor JsSecuritySensor [security] (done) | time=2ms
[INFO] ------------- Run sensors on project
[INFO] Sensor Zero Coverage Sensor
[INFO] Sensor Zero Coverage Sensor (done) | time=0ms
[INFO] Sensor Java CPD Block Inde**r
[INFO] Sensor Java CPD Block Inde**r (done) | time=51ms
[INFO] SCM Publisher SCM provider for this project is: git
[INFO] SCM Publisher 6 source files to be analyzed
[INFO] SCM Publisher 5/6 source files have been analyzed (done) | time=169ms
[WARNING] Missing blame information for the following files:
[WARNING]   * pom.xml
[WARNING] This may lead to missing/broken features in SonarCloud
[INFO] CPD E**cutor 2 files had no CPD blocks
[INFO] CPD E**cutor Calculating CPD for 7 files
[INFO] CPD E**cutor CPD calculation finished (done) | time=11ms
[INFO] SCM writing changed lines
[WARNING] File '/workspace/source/src/main/java/org/entando/kubernetes/controller/coordinator/EntandoOperatorMatcher.java' was detected as changed but without having changed lines
[INFO] SCM writing changed lines (done) | time=89ms
[INFO] Analysis report generated in 248ms, dir size=270 KB
[INFO] Analysis report compressed in 39ms, zip size=75 KB
[INFO] Analysis report uploaded in 142ms
[INFO] ANALYSIS SUCCESSFUL, you can find the results at: https://sonarcloud.io/dashboard?id=entando-k8s_entando-k8s-controller-coordinator&pullRequest=68
[INFO] Note that you will be able to access the updated dashboard once the server has processed the submitted analysis report
[INFO] More about the report processing at https://sonarcloud.io/api/ce/task?id=AXfYb0s3FW2D2Zalu-QJ
[INFO] Analysis total time: 14.568 s
[INFO] ------------------------------------------------------------------------
[INFO] BUILD SUCCESS
[INFO] ------------------------------------------------------------------------
[INFO] Total time:  01:54 min
[INFO] Finished at: 2021-02-25T09:05:08Z
[INFO] ------------------------------------------------------------------------
Picked up _JAVA_OPTIONS: -XX:+UnlockExperimentalVMOptions -Dsun.zip.disableMemoryMapping=**** -XX:+UseParallelGC -XX:MinHeapFreeRatio=5 -XX:MaxHeapFreeRatio=10 -XX:GCTimeRatio=4 -XX:AdaptiveSizePolicyWeight=90 -Xms1000m -Xmx12000m
[INFO] Scanning for projects...
[INFO] 
[INFO] -----------< org.entando:entando-k8s-controller-coordinator >-----------
[INFO] Building Entando K8S Controller Coordinator 0.0.0-SNAPSHOT-PR-68-1
[INFO] --------------------------------[ jar ]---------------------------------
[INFO] 
[INFO] --- maven-site-plugin:3.9.0:site (default-site) @ entando-k8s-controller-coordinator ---
[INFO] configuring report plugin org.apache.maven.plugins:maven-project-info-reports-plugin:3.0.0
[INFO] 9 reports configured for maven-project-info-reports-plugin:3.0.0: dependency-info, distribution-management, index, ci-management, issue-management, licenses, plugins, scm, summary
[INFO] Rendering site with default locale English (en)
[WARNING] Unable to find a URL to the parent project. The parent menu will NOT be added.
[INFO] Relativizing decoration links with respect to localized project URL: https://central.entando.com
[INFO] Rendering content with org.apache.maven.skins:maven-default-skin:jar:1.3 skin.
[INFO] Generating "Dependency Information" report --- maven-project-info-reports-plugin:3.0.0:dependency-info
[INFO] Generating "About" report         --- maven-project-info-reports-plugin:3.0.0:index
[INFO] Generating "Issue Management" report --- maven-project-info-reports-plugin:3.0.0:issue-management
[INFO] Generating "Licenses" report      --- maven-project-info-reports-plugin:3.0.0:licenses
[INFO] Generating "Plugins" report       --- maven-project-info-reports-plugin:3.0.0:plugins
[INFO] Generating "Source Code Management" report --- maven-project-info-reports-plugin:3.0.0:scm
[INFO] Generating "Summary" report       --- maven-project-info-reports-plugin:3.0.0:summary
[INFO] ------------------------------------------------------------------------
[INFO] BUILD SUCCESS
[INFO] ------------------------------------------------------------------------
[INFO] Total time:  8.746 s
[INFO] Finished at: 2021-02-25T09:05:19Z
[INFO] ------------------------------------------------------------------------
error: etcdserver: request is too large
Congratulations! No build failures found for entando-k8s-controller-coordinator-PR-68.

Showing logs for build [32mentando-k8s-entando-k8s-control-5bmjh-1[0m stage [32mfrom-build-pack[0m and container [32mstep-build-container-build[0m
Generating tags...
 - entando/entando-k8s-controller-coordinator -> docker.io/entando/entando-k8s-controller-coordinator:0.0.0-SNAPSHOT-PR-68-1
Checking cache...
 - entando/entando-k8s-controller-coordinator: Not found. Building
Building [entando/entando-k8s-controller-coordinator]...
Sending build context to Docker daemon  157.2kB
Step 1/7 : FROM entando/entando-k8s-operator-common:6.3.7
 ---> 85633026ebbe
Step 2/7 : ARG VERSION
 ---> Using cache
 ---> 597e7d1410af
Step 3/7 : LABEL name "Entando K8S Controller Coordinator" vendor "Entando" version "v${VERSION}" release "6" summary "This container is the entrypoint for the Entando Operator and launches delegate containers to process Entando custom resources." description "This is container runs background threads that observe events occurring against Entando custom resources.                    When it detects an event against a known Entando custom resource, it spawns the appropriate run-to-completion                    container to process the event in question."
 ---> Running in c411f1983db2
 ---> 66c15f0d70ba
Step 4/7 : ENV JAVA_OPTIONS "-Djava.util.logging.manager=org.jboss.logmanager.LogManager"
 ---> Running in cf13074d9d00
 ---> 13727c1dccbc
Step 5/7 : ENV AB_ENABLED jmx_exporter
 ---> Running in fdc082688b54
 ---> bc18b0827312
Step 6/7 : COPY target/*-runner.jar /deployments/app.jar
 ---> 9997dd1f7b97
Step 7/7 : ENTRYPOINT /deployments/run-java.sh
 ---> Running in 338e441a0d49
 ---> e4c5f8d04f52
Successfully built e4c5f8d04f52
The push refers to a repository [docker.io/entando/entando-k8s-controller-coordinator]
863b74c5f5a0: Preparing
1863128980ff: Preparing
e811284c96e8: Preparing
523a9c2720f8: Preparing
088e643aafac: Preparing
00af10937683: Preparing
3aa55ff7bca1: Preparing
00af10937683: Waiting
088e643aafac: Layer already exists
00af10937683: Layer already exists
523a9c2720f8: Mounted from entando/entando-k8s-plugin-controller
e811284c96e8: Mounted from entando/entando-k8s-plugin-controller
3aa55ff7bca1: Layer already exists
1863128980ff: Mounted from entando/entando-k8s-plugin-controller
863b74c5f5a0: Pushed
0.0.0-SNAPSHOT-PR-68-1: digest: sha256:0c11cda8bfe84c9b51210a3c69fdfef4369e20bfd25ba2aa46cbfa8a7c84074f size: 1791

Showing logs for build [32mentando-k8s-entando-k8s-control-5bmjh-1[0m stage [32mfrom-build-pack[0m and container [32mstep-postbuild-post-build[0m
no CVE provider running in the current ** namespace so skip adding image to be analysed

Showing logs for build [32mentando-k8s-entando-k8s-control-5bmjh-1[0m stage [32mfrom-build-pack[0m and container [32mstep-promote-make-preview[0m
Creating /builder/home/.helm 
Creating /builder/home/.helm/repository 
Creating /builder/home/.helm/repository/cache 
Creating /builder/home/.helm/repository/local 
Creating /builder/home/.helm/plugins 
Creating /builder/home/.helm/starters 
Creating /builder/home/.helm/cache/archive 
Creating /builder/home/.helm/repository/repositories.yaml 
Adding stable repo with URL: https://charts.helm.sh/stable 
Adding local repo with URL: http://127.0.0.1:8879/charts 
$HELM_HOME has been configured at /builder/home/.helm.
Not installing Tiller due to 'client-only' flag having been set
sed -i -e "s/version:.*/version: 0.0.0-SNAPSHOT-PR-68-1/" Chart.yaml
sed -i -e "s/version:.*/version: 0.0.0-SNAPSHOT-PR-68-1/" ../*/Chart.yaml
sed -i -e "s|repository:.*|repository: docker.io\/entando\/entando-k8s-controller-coordinator|" values.yaml
sed -i -e "s/tag:.*/tag: 0.0.0-SNAPSHOT-PR-68-1/" values.yaml
sed -i -e "s/redhatRegistryCredentials:.*/redhatRegistryCredentials: ********************************************************************************************************************************************************************************************************************************************************************************************************************************************************************/" values.yaml
sed -i -e "s/ENTANDO_DOCKER_REGISTRY_OVERRIDE:.*/ENTANDO_DOCKER_REGISTRY_OVERRIDE: docker.io/" values.yaml
echo "  version: 0.0.0-SNAPSHOT-PR-68-1" >> requirements.yaml
** step helm build
WARNING: No $CHART_REPOSITORY defined so using the default value of: http://jenkins-x-chartmuseum:8080
Adding missing Helm repo: storage.googleapis.com https://storage.googleapis.com/chartmuseum.jenkins-x.io
Successfully added Helm repository storage.googleapis.com.
Adding missing Helm repo: jenkins-x-chartmuseum http://jenkins-x-chartmuseum:8080
Successfully added Helm repository jenkins-x-chartmuseum.
WARNING: No $CHART_REPOSITORY defined so using the default value of: http://jenkins-x-chartmuseum:8080

Showing logs for build [32mentando-k8s-entando-k8s-control-5bmjh-1[0m stage [32mfrom-build-pack[0m and container [32mstep-promote-jx-preview[0m
Creating a preview
Found commit author match for: ampie with email address: ampie.private@gmail.com
Created environment entando-k8s-controller-coordinator-carcpr68
Namespace entando-k8s-controller-coordinator-carcpr68 created 
expose:
  Annotations:
    helm.sh/hook: post-install,post-upgrade
    helm.sh/hook-delete-policy: hook-succeeded
  config:
    domain: *************
    exposer: Ingress
    http: "****"
preview:
  image:
    repository: docker.io/entando/entando-k8s-controller-coordinator
    tag: 0.0.0-SNAPSHOT-PR-68-1

WARNING: Could not find the service URL in namespace entando-k8s-controller-coordinator-carcpr68 for names : Timed out after 1m0s, last error: %!s(<nil>)
Updating PipelineActivities entando-k8s-entando-k8s-controller-coordinator-pr-68-1 which has status Running
WARNING: Failed to find the service entando-k8s-controller-coordinator : failed to find service entando-k8s-controller-coordinator in namespace entando-k8s-controller-coordinator-carcpr68: services "entando-k8s-controller-coordinator" not found

Showing logs for build [32mentando-k8s-entando-k8s-control-5bmjh-1[0m stage [32mfrom-build-pack[0m and container [32mstep-promote-run-post-deployment-tests[0m
Picked up _JAVA_OPTIONS: -XX:+UnlockExperimentalVMOptions -Dsun.zip.disableMemoryMapping=**** -XX:+UseParallelGC -XX:MinHeapFreeRatio=5 -XX:MaxHeapFreeRatio=10 -XX:GCTimeRatio=4 -XX:AdaptiveSizePolicyWeight=90 -Xms1000m -Xmx12000m
[INFO] Scanning for projects...
[INFO] 
[INFO] -----------< org.entando:entando-k8s-controller-coordinator >-----------
[INFO] Building Entando K8S Controller Coordinator 0.0.0-SNAPSHOT-PR-68-1
[INFO] --------------------------------[ jar ]---------------------------------
[INFO] 
[INFO] --- maven-resources-plugin:2.6:resources (default-resources) @ entando-k8s-controller-coordinator ---
[INFO] Using 'UTF-8' encoding to copy filtered resources.
[INFO] Copying 3 resources
[INFO] 
[INFO] --- maven-compiler-plugin:3.8.1:compile (default-compile) @ entando-k8s-controller-coordinator ---
[INFO] Nothing to compile - all classes are up to date
[INFO] 
[INFO] --- maven-resources-plugin:2.6:testResources (default-testResources) @ entando-k8s-controller-coordinator ---
[INFO] Using 'UTF-8' encoding to copy filtered resources.
[INFO] Copying 6 resources
[INFO] 
[INFO] --- maven-compiler-plugin:3.8.1:testCompile (default-testCompile) @ entando-k8s-controller-coordinator ---
[INFO] Nothing to compile - all classes are up to date
[INFO] 
[INFO] --- maven-surefire-plugin:3.0.0-M1:test (default-test) @ entando-k8s-controller-coordinator ---
[INFO] Tests are skipped.
[INFO] 
[INFO] --- maven-jar-plugin:3.2.0:jar (default-jar) @ entando-k8s-controller-coordinator ---
[INFO] 
[INFO] --- maven-jar-plugin:3.2.0:test-jar (build-test-jar) @ entando-k8s-controller-coordinator ---
[INFO] 
[INFO] --- maven-failsafe-plugin:3.0.0-M4:integration-test (run-tests) @ entando-k8s-controller-coordinator ---
[INFO] 
[INFO] -------------------------------------------------------
[INFO]  T E S T S
[INFO] -------------------------------------------------------
[INFO] Running org.entando.kubernetes.controller.coordinator.interprocesstests.ControllerCoordinatorIntegratedTest
ADDED:PodStatus(conditions=[PodCondition(lastProbeTime=null, lastTransitionTime=2021-02-25T09:07:53Z, message=null, reason=null, status=True, type=PodScheduled, additionalProperties={})], containerStatuses=[], ephemeralContainerStatuses=[], hostIP=null, initContainerStatuses=[], message=null, nominatedNodeName=null, phase=Pending, podIP=null, podIPs=[], qosClass=Burstable, reason=null, startTime=null, additionalProperties={})
MODIFIED:PodStatus(conditions=[PodCondition(lastProbeTime=null, lastTransitionTime=2021-02-25T09:07:53Z, message=null, reason=null, status=True, type=Initialized, additionalProperties={}), PodCondition(lastProbeTime=null, lastTransitionTime=2021-02-25T09:07:53Z, message=containers with unready status: [db-container], reason=ContainersNotReady, status=False, type=Ready, additionalProperties={}), PodCondition(lastProbeTime=null, lastTransitionTime=null, message=containers with unready status: [db-container], reason=ContainersNotReady, status=False, type=ContainersReady, additionalProperties={}), PodCondition(lastProbeTime=null, lastTransitionTime=2021-02-25T09:07:53Z, message=null, reason=null, status=True, type=PodScheduled, additionalProperties={})], containerStatuses=[ContainerStatus(containerID=null, image=registry.redhat.io/rhel8/********ql-12:latest, imageID=, lastState=ContainerState(running=null, terminated=null, waiting=null, additionalProperties={}), name=db-container, ready=false, restartCount=0, started=null, state=ContainerState(running=null, terminated=null, waiting=ContainerStateWaiting(message=null, reason=ContainerCreating, additionalProperties={}), additionalProperties={}), additionalProperties={})], ephemeralContainerStatuses=[], hostIP=54.36.53.206, initContainerStatuses=[], message=null, nominatedNodeName=null, phase=Pending, podIP=null, podIPs=[], qosClass=Burstable, reason=null, startTime=2021-02-25T09:07:53Z, additionalProperties={})
MODIFIED:PodStatus(conditions=[PodCondition(lastProbeTime=null, lastTransitionTime=2021-02-25T09:07:53Z, message=null, reason=null, status=True, type=Initialized, additionalProperties={}), PodCondition(lastProbeTime=null, lastTransitionTime=2021-02-25T09:07:53Z, message=containers with unready status: [db-container], reason=ContainersNotReady, status=False, type=Ready, additionalProperties={}), PodCondition(lastProbeTime=null, lastTransitionTime=null, message=containers with unready status: [db-container], reason=ContainersNotReady, status=False, type=ContainersReady, additionalProperties={}), PodCondition(lastProbeTime=null, lastTransitionTime=2021-02-25T09:07:53Z, message=null, reason=null, status=True, type=PodScheduled, additionalProperties={})], containerStatuses=[ContainerStatus(containerID=docker://fd72f84346ca1807f162462b294f95446773bba0ea445f3a8b039e8e75153e0e, image=registry.redhat.io/rhel8/********ql-12:latest, imageID=docker-pullable://registry.redhat.io/rhel8/********ql-12@sha256:c6b6da4f762c2f68bfe558efe954739438ffa2e9aae1c617b50011fb0eed8347, lastState=ContainerState(running=null, terminated=null, waiting=null, additionalProperties={}), name=db-container, ready=false, restartCount=0, started=null, state=ContainerState(running=ContainerStateRunning(startedAt=2021-02-25T09:07:58Z, additionalProperties={}), terminated=null, waiting=null, additionalProperties={}), additionalProperties={})], ephemeralContainerStatuses=[], hostIP=54.36.53.206, initContainerStatuses=[], message=null, nominatedNodeName=null, phase=Running, podIP=10.128.1.250, podIPs=[], qosClass=Burstable, reason=null, startTime=2021-02-25T09:07:53Z, additionalProperties={})
MODIFIED:PodStatus(conditions=[PodCondition(lastProbeTime=null, lastTransitionTime=2021-02-25T09:07:53Z, message=null, reason=null, status=True, type=Initialized, additionalProperties={}), PodCondition(lastProbeTime=null, lastTransitionTime=2021-02-25T09:07:53Z, message=containers with unready status: [db-container], reason=ContainersNotReady, status=False, type=Ready, additionalProperties={}), PodCondition(lastProbeTime=null, lastTransitionTime=null, message=containers with unready status: [db-container], reason=ContainersNotReady, status=False, type=ContainersReady, additionalProperties={}), PodCondition(lastProbeTime=null, lastTransitionTime=2021-02-25T09:07:53Z, message=null, reason=null, status=True, type=PodScheduled, additionalProperties={})], containerStatuses=[ContainerStatus(containerID=docker://fd72f84346ca1807f162462b294f95446773bba0ea445f3a8b039e8e75153e0e, image=registry.redhat.io/rhel8/********ql-12:latest, imageID=docker-pullable://registry.redhat.io/rhel8/********ql-12@sha256:c6b6da4f762c2f68bfe558efe954739438ffa2e9aae1c617b50011fb0eed8347, lastState=ContainerState(running=null, terminated=null, waiting=null, additionalProperties={}), name=db-container, ready=false, restartCount=0, started=null, state=ContainerState(running=null, terminated=ContainerStateTerminated(containerID=docker://fd72f84346ca1807f162462b294f95446773bba0ea445f3a8b039e8e75153e0e, exitCode=1, finishedAt=2021-02-25T09:08:04Z, message=null, reason=Error, signal=null, startedAt=2021-02-25T09:07:58Z, additionalProperties={}), waiting=null, additionalProperties={}), additionalProperties={})], ephemeralContainerStatuses=[], hostIP=54.36.53.206, initContainerStatuses=[], message=null, nominatedNodeName=null, phase=Running, podIP=10.128.1.250, podIPs=[], qosClass=Burstable, reason=null, startTime=2021-02-25T09:07:53Z, additionalProperties={})
Finished: test-keycloak-db-deployment-5dd995cb96-dfrs2
Feb 25, 2021 9:08:06 AM org.entando.kubernetes.client.integrationtesthelpers.DeletionWaiter lambda$deleteSingleItem$2
WARNING: Deleting deployments  entando-k8s-controller-coordinator-carcpr68/test-keycloak-db-deployment to zero
Feb 25, 2021 9:08:07 AM org.entando.kubernetes.client.integrationtesthelpers.DeletionWaiter lambda$deleteSingleItem$2
WARNING: Deleting deployments  entando-k8s-controller-coordinator-carcpr68/test-keycloak-db-deployment
Feb 25, 2021 9:08:07 AM org.entando.kubernetes.client.integrationtesthelpers.DeletionWaiter lambda$deleteSingleItem$2
WARNING: Deleting pods  entando-k8s-controller-coordinator-carcpr68/test-keycloak-db-deployment-5dd995cb96-dfrs2
Feb 25, 2021 9:08:07 AM org.entando.kubernetes.client.integrationtesthelpers.DeletionWaiter lambda$deleteSingleItem$2
WARNING: Deleting pods  entando-k8s-controller-coordinator-carcpr68/test-keycloak-deployer-0500
[ERROR] Tests run: 2, Failures: 0, Errors: 1, Skipped: 0, Time elapsed: 358.789 s <<< FAILURE! - in org.entando.kubernetes.controller.coordinator.interprocesstests.ControllerCoordinatorIntegratedTest
[ERROR] org.entando.kubernetes.controller.coordinator.interprocesstests.ControllerCoordinatorIntegratedTest.testE**cuteKeycloakControllerPod  Time elapsed: 25.139 s  <<< ERROR!
java.lang.IllegalStateException: Error during COMPLETED
	at org.entando.kubernetes.controller.coordinator.interprocesstests.ControllerCoordinatorIntegratedTest.testE**cuteKeycloakControllerPod(ControllerCoordinatorIntegratedTest.java:171)

[INFO] 
[INFO] Results:
[INFO] 
[ERROR] Errors: 
[ERROR]   ControllerCoordinatorIntegratedTest.testE**cuteKeycloakControllerPod:171 Â» IllegalState
[INFO] 
[ERROR] Tests run: 2, Failures: 0, Errors: 1, Skipped: 0
[INFO] 
[INFO] 
[INFO] --- maven-surefire-report-plugin:3.0.0-M4:failsafe-report-only (integration-tests) @ entando-k8s-controller-coordinator ---
[WARNING] Unable to locate Test Source XRef to link to - DISABLED
[INFO] 
[INFO] --- maven-surefire-report-plugin:3.0.0-M4:report-only (unit-tests) @ entando-k8s-controller-coordinator ---
[WARNING] Unable to locate Test Source XRef to link to - DISABLED
[INFO] 
[INFO] --- maven-failsafe-plugin:3.0.0-M4:verify (run-tests) @ entando-k8s-controller-coordinator ---
[ERROR] There are test failures.

Please refer to /workspace/source/target/failsafe-reports for the individual test results.
Please refer to dump files (if any exist) [date].dump, [date]-***Run[N].dump and [date].dumpstream.
[INFO] 
[INFO] --- maven-site-plugin:3.9.0:site (default-site) @ entando-k8s-controller-coordinator ---
[INFO] configuring report plugin org.apache.maven.plugins:maven-project-info-reports-plugin:3.0.0
[INFO] 9 reports configured for maven-project-info-reports-plugin:3.0.0: dependency-info, distribution-management, index, ci-management, issue-management, licenses, plugins, scm, summary
[INFO] Rendering site with default locale English (en)
[WARNING] Unable to find a URL to the parent project. The parent menu will NOT be added.
[INFO] Relativizing decoration links with respect to localized project URL: https://central.entando.com
[INFO] Rendering content with org.apache.maven.skins:maven-default-skin:jar:1.3 skin.
[INFO] Generating "Dependency Information" report --- maven-project-info-reports-plugin:3.0.0:dependency-info
[INFO] Generating "About" report         --- maven-project-info-reports-plugin:3.0.0:index
[INFO] Generating "Issue Management" report --- maven-project-info-reports-plugin:3.0.0:issue-management
[INFO] Generating "Licenses" report      --- maven-project-info-reports-plugin:3.0.0:licenses
[INFO] Generating "Plugins" report       --- maven-project-info-reports-plugin:3.0.0:plugins
[INFO] Generating "Source Code Management" report --- maven-project-info-reports-plugin:3.0.0:scm
[INFO] Generating "Summary" report       --- maven-project-info-reports-plugin:3.0.0:summary
[INFO] ------------------------------------------------------------------------
[INFO] BUILD SUCCESS
[INFO] ------------------------------------------------------------------------
[INFO] Total time:  06:09 min
[INFO] Finished at: 2021-02-25T09:13:39Z
[INFO] ------------------------------------------------------------------------
error: etcdserver: request is too large
Post-deployment tests failed for entando-k8s-controller-coordinator-PR-68.
[31m
Pipeline failed on stage 'from-build-pack' : container 'step-promote-run-post-deployment-tests'. The execution of the pipeline has stopped.[0m
