
Showing logs for build [32mentando-k8s-entando-k8s-control-jtjqq-2[0m stage [32mfrom-build-pack[0m and container [32mstep-credential-initializer-xtft2[0m
{"level":"warn","ts":1614322555.7984972,"logger":"fallback-logger","caller":"logging/config.go:69","msg":"Fetch GitHub commit ID from kodata failed: \"ref: refs/heads/0.8.0-**-support-backwards-incompats\" is not a valid GitHub commit ID"}
{"level":"info","ts":1614322555.804859,"logger":"fallback-logger","caller":"creds-init/main.go:40","msg":"Credentials initialized."}

Showing logs for build [32mentando-k8s-entando-k8s-control-jtjqq-2[0m stage [32mfrom-build-pack[0m and container [32mstep-working-dir-initializer-mrbcd[0m
{"level":"warn","ts":1614322559.661813,"logger":"fallback-logger","caller":"logging/config.go:69","msg":"Fetch GitHub commit ID from kodata failed: open /var/run/ko/HEAD: no such file or directory"}
{"level":"info","ts":1614322559.6773484,"logger":"fallback-logger","caller":"bash/main.go:64","msg":"Successfully e**cuted command \"sh -c mkdir -p /workspace/source\"; output "}

Showing logs for build [32mentando-k8s-entando-k8s-control-jtjqq-2[0m stage [32mfrom-build-pack[0m and container [32mstep-place-tools[0m

Showing logs for build [32mentando-k8s-entando-k8s-control-jtjqq-2[0m stage [32mfrom-build-pack[0m and container [32mstep-git-source-entando-k8s-entando-k8s-control-jkqrq[0m
{"level":"warn","ts":1614322599.16853,"logger":"fallback-logger","caller":"logging/config.go:69","msg":"Fetch GitHub commit ID from kodata failed: \"ref: refs/heads/0.8.0-**-support-backwards-incompats\" is not a valid GitHub commit ID"}
{"level":"info","ts":1614322600.5009243,"logger":"fallback-logger","caller":"git/git.go:103","msg":"Successfully cloned https://github.com/entando-k8s/entando-k8s-controller-coordinator.git @ master in path /workspace/source"}

Showing logs for build [32mentando-k8s-entando-k8s-control-jtjqq-2[0m stage [32mfrom-build-pack[0m and container [32mstep-git-merge[0m
Using SHAs from PULL_REFS=master:d24bdde1aa7c66652548f1fa2f80553e888a6f84,68:f91a3fc1f55d56c5919568cb16c42a9363303b59
DEBUG: ran git fetch --unshallow origin f91a3fc1f55d56c5919568cb16c42a9363303b59: d24bdde1aa7c66652548f1fa2f80553e888a6f84: in 
DEBUG: ran git checkout master in 
DEBUG: ran git reset --hard d24bdde1aa7c66652548f1fa2f80553e888a6f84 in 
DEBUG: ran clean --force -d . in 
DEBUG: ran git merge f91a3fc1f55d56c5919568cb16c42a9363303b59 in 
Merged SHA f91a3fc1f55d56c5919568cb16c42a9363303b59 with commit message 'ENG-1829 refined upgrade logic' into base branch master
Merged SHA 8b4b7952494fa9af5557339c03abf528cde07808 with commit message 'ENG-1829 improved resource management' into base branch master

Showing logs for build [32mentando-k8s-entando-k8s-control-jtjqq-2[0m stage [32mfrom-build-pack[0m and container [32mstep-build-set-version[0m
Picked up _JAVA_OPTIONS: -XX:+UnlockExperimentalVMOptions -Dsun.zip.disableMemoryMapping=**** -XX:+UseParallelGC -XX:MinHeapFreeRatio=5 -XX:MaxHeapFreeRatio=10 -XX:GCTimeRatio=4 -XX:AdaptiveSizePolicyWeight=90 -Xms1000m -Xmx12000m
[INFO] Scanning for projects...
[INFO] 
[INFO] -----------< org.entando:entando-k8s-controller-coordinator >-----------
[INFO] Building Entando K8S Controller Coordinator 6.3.0-SNAPSHOT
[INFO] --------------------------------[ jar ]---------------------------------
[INFO] 
[INFO] --- versions-maven-plugin:2.8.1:set (default-cli) @ entando-k8s-controller-coordinator ---
[INFO] Local aggregation ****: /workspace/source
[INFO] Processing change of org.entando:entando-k8s-controller-coordinator:6.3.0-SNAPSHOT -> 0.0.0-SNAPSHOT-PR-68-2
[INFO] Processing org.entando:entando-k8s-controller-coordinator
[INFO]     Updating project org.entando:entando-k8s-controller-coordinator
[INFO]         from version 6.3.0-SNAPSHOT to 0.0.0-SNAPSHOT-PR-68-2
[INFO] 
[INFO] ------------------------------------------------------------------------
[INFO] BUILD SUCCESS
[INFO] ------------------------------------------------------------------------
[INFO] Total time:  11.949 s
[INFO] Finished at: 2021-02-26T06:56:58Z
[INFO] ------------------------------------------------------------------------

Showing logs for build [32mentando-k8s-entando-k8s-control-jtjqq-2[0m stage [32mfrom-build-pack[0m and container [32mstep-build-fix-git-for-sonar[0m
Switched to a new branch 'PR-68'
M	pom.xml
Deleted branch master (was f91a3fc).
From https://github.com/entando-k8s/entando-k8s-controller-coordinator
 * [new branch]      master                  -> master
 * [new tag]         Entando6.2.1-pre-test01 -> Entando6.2.1-pre-test01

Showing logs for build [32mentando-k8s-entando-k8s-control-jtjqq-2[0m stage [32mfrom-build-pack[0m and container [32mstep-build-mvn-verify-pr[0m
Picked up _JAVA_OPTIONS: -XX:+UnlockExperimentalVMOptions -Dsun.zip.disableMemoryMapping=**** -XX:+UseParallelGC -XX:MinHeapFreeRatio=5 -XX:MaxHeapFreeRatio=10 -XX:GCTimeRatio=4 -XX:AdaptiveSizePolicyWeight=90 -Xms1000m -Xmx12000m
[INFO] Scanning for projects...
[INFO] 
[INFO] -----------< org.entando:entando-k8s-controller-coordinator >-----------
[INFO] Building Entando K8S Controller Coordinator 0.0.0-SNAPSHOT-PR-68-2
[INFO] --------------------------------[ jar ]---------------------------------
[INFO] 
[INFO] --- maven-checkstyle-plugin:3.1.1:check (validate) @ entando-k8s-controller-coordinator ---
[INFO] Starting audit...
Audit done.
[INFO] You have 0 Checkstyle violations.
[INFO] 
[INFO] --- maven-checkstyle-plugin:3.1.1:checkstyle (validate) @ entando-k8s-controller-coordinator ---
[INFO] Starting audit...
Audit done.
[INFO] 
[INFO] --- jacoco-maven-plugin:0.8.5:prepare-agent (prepare-agent) @ entando-k8s-controller-coordinator ---
[INFO] argLine set to -javaagent:/home/jenkins/.mvnrepository/org/jacoco/org.jacoco.agent/0.8.5/org.jacoco.agent-0.8.5-runtime.jar=destfile=/workspace/source/target/jacoco.e**c
[INFO] 
[INFO] --- maven-resources-plugin:2.6:resources (default-resources) @ entando-k8s-controller-coordinator ---
[INFO] Using 'UTF-8' encoding to copy filtered resources.
[INFO] Copying 3 resources
[INFO] 
[INFO] --- maven-compiler-plugin:3.8.1:compile (default-compile) @ entando-k8s-controller-coordinator ---
[INFO] Changes detected - recompiling the module!
[INFO] Compiling 9 source files to /workspace/source/target/classes
[INFO] 
[INFO] --- maven-resources-plugin:2.6:testResources (default-testResources) @ entando-k8s-controller-coordinator ---
[INFO] Using 'UTF-8' encoding to copy filtered resources.
[INFO] Copying 6 resources
[INFO] 
[INFO] --- maven-compiler-plugin:3.8.1:testCompile (default-testCompile) @ entando-k8s-controller-coordinator ---
[INFO] Changes detected - recompiling the module!
[INFO] Compiling 9 source files to /workspace/source/target/test-classes
[INFO] 
[INFO] --- maven-surefire-plugin:3.0.0-M1:test (default-test) @ entando-k8s-controller-coordinator ---
[INFO] 
[INFO] -------------------------------------------------------
[INFO]  T E S T S
[INFO] -------------------------------------------------------
[INFO] Running org.entando.kubernetes.controller.coordinator.inprocesstests.EntandoOperatorMatcherTest
Feb 26, 2021 6:57:30 AM org.entando.kubernetes.controller.coordinator.EntandoOperatorMatcher matchesThisOperator
WARNING: Operator ID mismatch. Ignoring resource EntandoApp:null/null
Feb 26, 2021 6:57:31 AM org.entando.kubernetes.controller.coordinator.EntandoOperatorMatcher matchesThisOperator
WARNING: Operator version mismatch. Ignoring resource EntandoApp:null/null
Feb 26, 2021 6:57:31 AM org.entando.kubernetes.controller.coordinator.EntandoOperatorMatcher matchesThisOperator
WARNING: Operator ID mismatch. Ignoring resource EntandoApp:null/null
Feb 26, 2021 6:57:31 AM org.entando.kubernetes.controller.coordinator.EntandoOperatorMatcher matchesThisOperator
WARNING: Operator ID mismatch. Ignoring resource EntandoApp:null/null
[INFO] Tests run: 7, Failures: 0, Errors: 0, Skipped: 0, Time elapsed: 0.265 s - in org.entando.kubernetes.controller.coordinator.inprocesstests.EntandoOperatorMatcherTest
[INFO] Running org.entando.kubernetes.controller.coordinator.inprocesstests.ControllerCoordinatorEdgeConditionsTest
Feb 26, 2021 6:57:33 AM org.entando.kubernetes.controller.coordinator.EntandoResourceObserver logResource
WARNING: EntandoKeycloakServer observed-namespace/test-keycloak has a new resource version: 2
Feb 26, 2021 6:57:33 AM org.entando.kubernetes.controller.coordinator.EntandoResourceObserver logResource
WARNING: EntandoKeycloakServer observed-namespace/test-keycloak is a top level resource
Feb 26, 2021 6:57:33 AM org.entando.kubernetes.controller.coordinator.EntandoResourceObserver logResource
WARNING: EntandoKeycloakServer observed-namespace/test-keycloak is processed after a metadata.generation increment.
Feb 26, 2021 6:57:33 AM org.entando.kubernetes.controller.coordinator.EntandoResourceObserver logResource
INFO: Received ADDED for the EntandoKeycloakServer observed-namespace/test-keycloak
Feb 26, 2021 6:57:33 AM org.entando.kubernetes.controller.coordinator.EntandoResourceObserver logResource
WARNING: Duplicate event for EntandoKeycloakServer observed-namespace/test-keycloak. ResourceVersion=1
Feb 26, 2021 6:57:33 AM org.entando.kubernetes.controller.coordinator.EntandoResourceObserver logResource
WARNING: EntandoKeycloakServer observed-namespace/test-keycloak has a new resource version: 1
Feb 26, 2021 6:57:33 AM org.entando.kubernetes.controller.coordinator.EntandoResourceObserver logResource
WARNING: EntandoKeycloakServer observed-namespace/test-keycloak is a top level resource
Feb 26, 2021 6:57:33 AM org.entando.kubernetes.controller.coordinator.EntandoResourceObserver logResource
WARNING: Processing of EntandoKeycloakServer observed-namespace/test-keycloak has been deferred or ignored using entando.org/processing-instruction.
Feb 26, 2021 6:57:33 AM org.entando.kubernetes.controller.coordinator.EntandoResourceObserver logResource
WARNING: EntandoKeycloakServer observed-namespace/test-keycloak has a new resource version: 1
Feb 26, 2021 6:57:33 AM org.entando.kubernetes.controller.coordinator.EntandoResourceObserver logResource
WARNING: EntandoKeycloakServer observed-namespace/test-keycloak is a top level resource
Feb 26, 2021 6:57:33 AM org.entando.kubernetes.controller.coordinator.EntandoResourceObserver logResource
WARNING: EntandoKeycloakServer observed-namespace/test-keycloak is processed after a metadata.generation increment.
Feb 26, 2021 6:57:33 AM org.entando.kubernetes.controller.coordinator.EntandoResourceObserver logResource
INFO: Received MODIFIED for the EntandoKeycloakServer observed-namespace/test-keycloak
Feb 26, 2021 6:57:33 AM org.entando.kubernetes.controller.coordinator.EntandoResourceObserver logResource
WARNING: EntandoKeycloakServer observed-namespace/test-keycloak has a new resource version: 1
Feb 26, 2021 6:57:33 AM org.entando.kubernetes.controller.coordinator.EntandoResourceObserver logResource
WARNING: EntandoKeycloakServer observed-namespace/test-keycloak is a top level resource
Feb 26, 2021 6:57:33 AM org.entando.kubernetes.controller.coordinator.EntandoResourceObserver logResource
WARNING: Processing of EntandoKeycloakServer observed-namespace/test-keycloak has been forced using entando.org/processing-instruction.
Feb 26, 2021 6:57:33 AM org.entando.kubernetes.controller.coordinator.EntandoResourceObserver logResource
INFO: Received MODIFIED for the EntandoKeycloakServer observed-namespace/test-keycloak
Feb 26, 2021 6:57:33 AM org.entando.kubernetes.controller.coordinator.EntandoResourceObserver logResource
WARNING: EntandoKeycloakServer observed-namespace/test-keycloak has a new resource version: 1
Feb 26, 2021 6:57:33 AM org.entando.kubernetes.controller.coordinator.EntandoResourceObserver logResource
WARNING: EntandoKeycloakServer observed-namespace/test-keycloak is a top level resource
Feb 26, 2021 6:57:33 AM org.entando.kubernetes.controller.coordinator.EntandoResourceObserver logResource
WARNING: EntandoKeycloakServer observed-namespace/test-keycloak is processed after a metadata.generation increment.
Feb 26, 2021 6:57:33 AM org.entando.kubernetes.controller.coordinator.EntandoResourceObserver logResource
INFO: Received MODIFIED for the EntandoKeycloakServer observed-namespace/test-keycloak
Feb 26, 2021 6:57:33 AM org.entando.kubernetes.controller.coordinator.EntandoResourceObserver logResource
WARNING: Duplicate event for EntandoKeycloakServer observed-namespace/test-keycloak. ResourceVersion=5
Feb 26, 2021 6:57:33 AM org.entando.kubernetes.controller.coordinator.EntandoResourceObserver logResource
WARNING: EntandoKeycloakServer observed-namespace/test-keycloak needs to be processed as part of the upgrade to the version 6.3.1
Feb 26, 2021 6:57:33 AM org.entando.kubernetes.controller.coordinator.EntandoResourceObserver logResource
INFO: Received MODIFIED for the EntandoKeycloakServer observed-namespace/test-keycloak
Feb 26, 2021 6:57:34 AM org.entando.kubernetes.controller.coordinator.EntandoResourceObserver logResource
WARNING: Duplicate event for EntandoKeycloakServer observed-namespace/test-keycloak. ResourceVersion=5
Feb 26, 2021 6:57:34 AM org.entando.kubernetes.controller.coordinator.EntandoResourceObserver logResource
WARNING: EntandoKeycloakServer observed-namespace/test-keycloak has a new resource version: 1
Feb 26, 2021 6:57:34 AM org.entando.kubernetes.controller.coordinator.EntandoResourceObserver logResource
WARNING: EntandoKeycloakServer observed-namespace/test-keycloak is a top level resource
Feb 26, 2021 6:57:34 AM org.entando.kubernetes.controller.coordinator.EntandoResourceObserver logResource
WARNING: EntandoDeBundle observed-namespace/my-de-bundle has a new resource version: 123
Feb 26, 2021 6:57:34 AM org.entando.kubernetes.controller.coordinator.EntandoResourceObserver logResource
WARNING: EntandoDeBundle observed-namespace/my-de-bundle is a top level resource
Feb 26, 2021 6:57:34 AM org.entando.kubernetes.controller.coordinator.EntandoResourceObserver logResource
WARNING: EntandoDeBundle observed-namespace/my-de-bundle is processed after a metadata.generation increment.
Feb 26, 2021 6:57:34 AM org.entando.kubernetes.controller.coordinator.EntandoResourceObserver logResource
INFO: Received MODIFIED for the EntandoDeBundle observed-namespace/my-de-bundle
Feb 26, 2021 6:57:34 AM org.entando.kubernetes.controller.coordinator.EntandoResourceObserver logResource
WARNING: EntandoKeycloakServer observed-namespace/test-keycloak has a new resource version: 1
Feb 26, 2021 6:57:34 AM org.entando.kubernetes.controller.coordinator.EntandoResourceObserver logResource
WARNING: EntandoCompositeApp observed-namespace/composite-app has a new resource version: 123
Feb 26, 2021 6:57:34 AM org.entando.kubernetes.controller.coordinator.EntandoResourceObserver logResource
WARNING: EntandoCompositeApp observed-namespace/composite-app is a top level resource
Feb 26, 2021 6:57:34 AM org.entando.kubernetes.controller.coordinator.EntandoResourceObserver logResource
WARNING: Processing of EntandoCompositeApp observed-namespace/composite-app has been deferred or ignored using entando.org/processing-instruction.
Feb 26, 2021 6:57:34 AM org.entando.kubernetes.controller.coordinator.EntandoResourceObserver logResource
WARNING: EntandoKeycloakServer observed-namespace/test-keycloak has a new resource version: 2
Feb 26, 2021 6:57:34 AM org.entando.kubernetes.controller.coordinator.EntandoResourceObserver logResource
WARNING: EntandoKeycloakServer observed-namespace/test-keycloak is a top level resource
Feb 26, 2021 6:57:34 AM org.entando.kubernetes.controller.coordinator.EntandoResourceObserver logResource
WARNING: EntandoKeycloakServer observed-namespace/test-keycloak is processed after a metadata.generation increment.
Feb 26, 2021 6:57:34 AM org.entando.kubernetes.controller.coordinator.EntandoResourceObserver logResource
INFO: Received MODIFIED for the EntandoKeycloakServer observed-namespace/test-keycloak
[INFO] Tests run: 10, Failures: 0, Errors: 0, Skipped: 0, Time elapsed: 3.204 s - in org.entando.kubernetes.controller.coordinator.inprocesstests.ControllerCoordinatorEdgeConditionsTest
[INFO] Running org.entando.kubernetes.controller.coordinator.inprocesstests.ControllerCoordinatorMockedTest
Feb 26, 2021 6:57:35 AM okhttp3.mockwebserver.MockWebServer$2 e**cute
INFO: MockWebServer[58288] starting to accept connections
Feb 26, 2021 6:57:35 AM okhttp3.mockwebserver.MockWebServer$3 processOneRequest
INFO: MockWebServer[58288] received request: GET /apis/apiextensions.k8s.io/v1beta1/customresourcedefinitions/entandokeycloakservers.entando.org HTTP/1.1 and responded: HTTP/1.1 404 Client Error
Feb 26, 2021 6:57:36 AM okhttp3.mockwebserver.MockWebServer$3 processOneRequest
INFO: MockWebServer[58288] received request: POST /apis/apiextensions.k8s.io/v1beta1/customresourcedefinitions HTTP/1.1 and responded: HTTP/1.1 202 OK
Feb 26, 2021 6:57:36 AM okhttp3.mockwebserver.MockWebServer$3 processOneRequest
INFO: MockWebServer[58288] received request: GET /api/v1/namespaces/entando-k8s-controller-coordinator-carcpr68 HTTP/1.1 and responded: HTTP/1.1 404 Client Error
Feb 26, 2021 6:57:36 AM okhttp3.mockwebserver.MockWebServer$3 processOneRequest
INFO: MockWebServer[58288] received request: GET /apis/entando.org/v1/namespaces/default/entandokeycloakservers HTTP/1.1 and responded: HTTP/1.1 200 OK
Feb 26, 2021 6:57:36 AM okhttp3.mockwebserver.MockWebServer$3 processOneRequest
INFO: MockWebServer[58288] received request: GET /api/v1/namespaces/entando-k8s-controller-coordinator-carcpr68 HTTP/1.1 and responded: HTTP/1.1 404 Client Error
Feb 26, 2021 6:57:36 AM okhttp3.mockwebserver.MockWebServer$3 processOneRequest
INFO: MockWebServer[58288] received request: GET /apis/entando.org/v1/namespaces/default/entandokeycloakservers HTTP/1.1 and responded: HTTP/1.1 200 OK
Feb 26, 2021 6:57:36 AM org.entando.kubernetes.client.KubernetesRestInterceptor invoke
INFO: Entering method getNamespace in class org.entando.kubernetes.controller.support.client.EntandoResourceClient
Feb 26, 2021 6:57:36 AM org.entando.kubernetes.client.KubernetesRestInterceptor invoke
INFO: Exiting method getNamespace in class org.entando.kubernetes.controller.support.client.EntandoResourceClient
Feb 26, 2021 6:57:36 AM okhttp3.mockwebserver.MockWebServer$3 processOneRequest
INFO: MockWebServer[58288] received request: GET /apis/entando.org/v1/namespaces/entando-k8s-controller-coordinator-carcpr68/entandokeycloakservers HTTP/1.1 and responded: HTTP/1.1 200 OK
Feb 26, 2021 6:57:36 AM okhttp3.mockwebserver.MockWebServer$3 processOneRequest
INFO: MockWebServer[58288] received request: GET /apis/entando.org/v1/namespaces/entando-k8s-controller-coordinator-carcpr68/entandokeycloakservers?watch=**** HTTP/1.1 and responded: HTTP/1.1 200 OK
Feb 26, 2021 6:57:37 AM okhttp3.mockwebserver.MockWebServer$3 processOneRequest
INFO: MockWebServer[58288] received request: GET /apis/entando.org/v1/namespaces/entando-k8s-controller-coordinator-carcpr68/entandokeycloakservers?watch=**** HTTP/1.1 and responded: HTTP/1.1 200 OK
Feb 26, 2021 6:57:37 AM okhttp3.mockwebserver.MockWebServer$3 processOneRequest
INFO: MockWebServer[58288] received request: GET /apis/apiextensions.k8s.io/v1beta1/customresourcedefinitions/entandoclusterinfrastructures.entando.org HTTP/1.1 and responded: HTTP/1.1 404 Client Error
Feb 26, 2021 6:57:37 AM io.fabric8.kubernetes.client.dsl.internal.WatchHTTPManager$1 onResponse
INFO: Watch terminated unexpectedly. reason: \n not found: limit=46 content=7b2261706956657273696f6e223a227631222c226b696e64223a224c69737422â€¦
Feb 26, 2021 6:57:37 AM okhttp3.mockwebserver.MockWebServer$3 processOneRequest
INFO: MockWebServer[58288] received request: POST /apis/apiextensions.k8s.io/v1beta1/customresourcedefinitions HTTP/1.1 and responded: HTTP/1.1 202 OK
Feb 26, 2021 6:57:37 AM okhttp3.mockwebserver.MockWebServer$3 processOneRequest
INFO: MockWebServer[58288] received request: GET /api/v1/namespaces/entando-k8s-controller-coordinator-carcpr68 HTTP/1.1 and responded: HTTP/1.1 404 Client Error
Feb 26, 2021 6:57:37 AM okhttp3.mockwebserver.MockWebServer$3 processOneRequest
INFO: MockWebServer[58288] received request: GET /apis/entando.org/v1/namespaces/default/entandoclusterinfrastructures HTTP/1.1 and responded: HTTP/1.1 200 OK
Feb 26, 2021 6:57:37 AM okhttp3.mockwebserver.MockWebServer$3 processOneRequest
INFO: MockWebServer[58288] received request: GET /api/v1/namespaces/entando-k8s-controller-coordinator-carcpr68 HTTP/1.1 and responded: HTTP/1.1 404 Client Error
Feb 26, 2021 6:57:37 AM okhttp3.mockwebserver.MockWebServer$3 processOneRequest
INFO: MockWebServer[58288] received request: GET /apis/entando.org/v1/namespaces/default/entandoclusterinfrastructures HTTP/1.1 and responded: HTTP/1.1 200 OK
Feb 26, 2021 6:57:37 AM org.entando.kubernetes.client.KubernetesRestInterceptor invoke
INFO: Entering method getNamespace in class org.entando.kubernetes.controller.support.client.EntandoResourceClient
Feb 26, 2021 6:57:37 AM org.entando.kubernetes.client.KubernetesRestInterceptor invoke
INFO: Exiting method getNamespace in class org.entando.kubernetes.controller.support.client.EntandoResourceClient
Feb 26, 2021 6:57:37 AM okhttp3.mockwebserver.MockWebServer$3 processOneRequest
INFO: MockWebServer[58288] received request: GET /apis/entando.org/v1/namespaces/entando-k8s-controller-coordinator-carcpr68/entandoclusterinfrastructures HTTP/1.1 and responded: HTTP/1.1 200 OK
Feb 26, 2021 6:57:37 AM okhttp3.mockwebserver.MockWebServer$3 processOneRequest
INFO: MockWebServer[58288] received request: GET /apis/entando.org/v1/namespaces/entando-k8s-controller-coordinator-carcpr68/entandoclusterinfrastructures?watch=**** HTTP/1.1 and responded: HTTP/1.1 200 OK
Feb 26, 2021 6:57:37 AM okhttp3.mockwebserver.MockWebServer$3 processOneRequest
INFO: MockWebServer[58288] received request: GET /apis/entando.org/v1/namespaces/entando-k8s-controller-coordinator-carcpr68/entandoclusterinfrastructures?watch=**** HTTP/1.1 and responded: HTTP/1.1 200 OK
Feb 26, 2021 6:57:37 AM okhttp3.mockwebserver.MockWebServer$3 processOneRequest
INFO: MockWebServer[58288] received request: GET /apis/apiextensions.k8s.io/v1beta1/customresourcedefinitions/entandoplugins.entando.org HTTP/1.1 and responded: HTTP/1.1 404 Client Error
Feb 26, 2021 6:57:37 AM io.fabric8.kubernetes.client.dsl.internal.WatchHTTPManager$1 onResponse
INFO: Watch terminated unexpectedly. reason: \n not found: limit=46 content=7b2261706956657273696f6e223a227631222c226b696e64223a224c69737422â€¦
Feb 26, 2021 6:57:37 AM okhttp3.mockwebserver.MockWebServer$3 processOneRequest
INFO: MockWebServer[58288] received request: POST /apis/apiextensions.k8s.io/v1beta1/customresourcedefinitions HTTP/1.1 and responded: HTTP/1.1 202 OK
Feb 26, 2021 6:57:37 AM okhttp3.mockwebserver.MockWebServer$3 processOneRequest
INFO: MockWebServer[58288] received request: GET /api/v1/namespaces/entando-k8s-controller-coordinator-carcpr68 HTTP/1.1 and responded: HTTP/1.1 404 Client Error
Feb 26, 2021 6:57:37 AM okhttp3.mockwebserver.MockWebServer$3 processOneRequest
INFO: MockWebServer[58288] received request: GET /apis/entando.org/v1/namespaces/default/entandoplugins HTTP/1.1 and responded: HTTP/1.1 200 OK
Feb 26, 2021 6:57:38 AM okhttp3.mockwebserver.MockWebServer$3 processOneRequest
INFO: MockWebServer[58288] received request: GET /api/v1/namespaces/entando-k8s-controller-coordinator-carcpr68 HTTP/1.1 and responded: HTTP/1.1 404 Client Error
Feb 26, 2021 6:57:38 AM okhttp3.mockwebserver.MockWebServer$3 processOneRequest
INFO: MockWebServer[58288] received request: GET /apis/entando.org/v1/namespaces/entando-k8s-controller-coordinator-carcpr68/entandokeycloakservers?watch=**** HTTP/1.1 and responded: HTTP/1.1 200 OK
Feb 26, 2021 6:57:38 AM io.fabric8.kubernetes.client.dsl.internal.WatchHTTPManager$1 onResponse
INFO: Watch terminated unexpectedly. reason: \n not found: limit=46 content=7b2261706956657273696f6e223a227631222c226b696e64223a224c69737422â€¦
Feb 26, 2021 6:57:38 AM okhttp3.mockwebserver.MockWebServer$3 processOneRequest
INFO: MockWebServer[58288] received request: GET /apis/entando.org/v1/namespaces/default/entandoplugins HTTP/1.1 and responded: HTTP/1.1 200 OK
Feb 26, 2021 6:57:38 AM org.entando.kubernetes.client.KubernetesRestInterceptor invoke
INFO: Entering method getNamespace in class org.entando.kubernetes.controller.support.client.EntandoResourceClient
Feb 26, 2021 6:57:38 AM org.entando.kubernetes.client.KubernetesRestInterceptor invoke
INFO: Exiting method getNamespace in class org.entando.kubernetes.controller.support.client.EntandoResourceClient
Feb 26, 2021 6:57:38 AM okhttp3.mockwebserver.MockWebServer$3 processOneRequest
INFO: MockWebServer[58288] received request: GET /apis/entando.org/v1/namespaces/entando-k8s-controller-coordinator-carcpr68/entandoplugins HTTP/1.1 and responded: HTTP/1.1 200 OK
Feb 26, 2021 6:57:38 AM okhttp3.mockwebserver.MockWebServer$3 processOneRequest
INFO: MockWebServer[58288] received request: GET /apis/entando.org/v1/namespaces/entando-k8s-controller-coordinator-carcpr68/entandoplugins?watch=**** HTTP/1.1 and responded: HTTP/1.1 200 OK
Feb 26, 2021 6:57:38 AM okhttp3.mockwebserver.MockWebServer$3 processOneRequest
INFO: MockWebServer[58288] received request: GET /apis/entando.org/v1/namespaces/entando-k8s-controller-coordinator-carcpr68/entandoplugins?watch=**** HTTP/1.1 and responded: HTTP/1.1 200 OK
Feb 26, 2021 6:57:38 AM okhttp3.mockwebserver.MockWebServer$3 processOneRequest
INFO: MockWebServer[58288] received request: GET /apis/apiextensions.k8s.io/v1beta1/customresourcedefinitions/entandocompositeapps.entando.org HTTP/1.1 and responded: HTTP/1.1 404 Client Error
Feb 26, 2021 6:57:38 AM io.fabric8.kubernetes.client.dsl.internal.WatchHTTPManager$1 onResponse
INFO: Watch terminated unexpectedly. reason: \n not found: limit=46 content=7b2261706956657273696f6e223a227631222c226b696e64223a224c69737422â€¦
Feb 26, 2021 6:57:38 AM okhttp3.mockwebserver.MockWebServer$3 processOneRequest
INFO: MockWebServer[58288] received request: POST /apis/apiextensions.k8s.io/v1beta1/customresourcedefinitions HTTP/1.1 and responded: HTTP/1.1 202 OK
Feb 26, 2021 6:57:38 AM okhttp3.mockwebserver.MockWebServer$3 processOneRequest
INFO: MockWebServer[58288] received request: GET /api/v1/namespaces/entando-k8s-controller-coordinator-carcpr68 HTTP/1.1 and responded: HTTP/1.1 404 Client Error
Feb 26, 2021 6:57:38 AM okhttp3.mockwebserver.MockWebServer$3 processOneRequest
INFO: MockWebServer[58288] received request: GET /apis/entando.org/v1/namespaces/default/entandocompositeapps HTTP/1.1 and responded: HTTP/1.1 200 OK
Feb 26, 2021 6:57:38 AM okhttp3.mockwebserver.MockWebServer$3 processOneRequest
INFO: MockWebServer[58288] received request: GET /api/v1/namespaces/entando-k8s-controller-coordinator-carcpr68 HTTP/1.1 and responded: HTTP/1.1 404 Client Error
Feb 26, 2021 6:57:38 AM okhttp3.mockwebserver.MockWebServer$3 processOneRequest
INFO: MockWebServer[58288] received request: GET /apis/entando.org/v1/namespaces/default/entandocompositeapps HTTP/1.1 and responded: HTTP/1.1 200 OK
Feb 26, 2021 6:57:38 AM okhttp3.mockwebserver.MockWebServer$3 processOneRequest
INFO: MockWebServer[58288] received request: GET /apis/entando.org/v1/namespaces/entando-k8s-controller-coordinator-carcpr68/entandoclusterinfrastructures?watch=**** HTTP/1.1 and responded: HTTP/1.1 200 OK
Feb 26, 2021 6:57:38 AM io.fabric8.kubernetes.client.dsl.internal.WatchHTTPManager$1 onResponse
INFO: Watch terminated unexpectedly. reason: \n not found: limit=46 content=7b2261706956657273696f6e223a227631222c226b696e64223a224c69737422â€¦
Feb 26, 2021 6:57:38 AM org.entando.kubernetes.client.KubernetesRestInterceptor invoke
INFO: Entering method getNamespace in class org.entando.kubernetes.controller.support.client.EntandoResourceClient
Feb 26, 2021 6:57:38 AM org.entando.kubernetes.client.KubernetesRestInterceptor invoke
INFO: Exiting method getNamespace in class org.entando.kubernetes.controller.support.client.EntandoResourceClient
Feb 26, 2021 6:57:38 AM okhttp3.mockwebserver.MockWebServer$3 processOneRequest
INFO: MockWebServer[58288] received request: GET /apis/entando.org/v1/namespaces/entando-k8s-controller-coordinator-carcpr68/entandocompositeapps HTTP/1.1 and responded: HTTP/1.1 200 OK
Feb 26, 2021 6:57:38 AM okhttp3.mockwebserver.MockWebServer$3 processOneRequest
INFO: MockWebServer[58288] received request: GET /apis/entando.org/v1/namespaces/entando-k8s-controller-coordinator-carcpr68/entandocompositeapps?watch=**** HTTP/1.1 and responded: HTTP/1.1 200 OK
Feb 26, 2021 6:57:39 AM okhttp3.mockwebserver.MockWebServer$3 processOneRequest
INFO: MockWebServer[58288] received request: GET /apis/entando.org/v1/namespaces/entando-k8s-controller-coordinator-carcpr68/entandocompositeapps?watch=**** HTTP/1.1 and responded: HTTP/1.1 200 OK
Feb 26, 2021 6:57:39 AM okhttp3.mockwebserver.MockWebServer$3 processOneRequest
INFO: MockWebServer[58288] received request: GET /apis/apiextensions.k8s.io/v1beta1/customresourcedefinitions/entandodatabaseservices.entando.org HTTP/1.1 and responded: HTTP/1.1 404 Client Error
Feb 26, 2021 6:57:39 AM io.fabric8.kubernetes.client.dsl.internal.WatchHTTPManager$1 onResponse
INFO: Watch terminated unexpectedly. reason: \n not found: limit=46 content=7b2261706956657273696f6e223a227631222c226b696e64223a224c69737422â€¦
Feb 26, 2021 6:57:39 AM okhttp3.mockwebserver.MockWebServer$3 processOneRequest
INFO: MockWebServer[58288] received request: POST /apis/apiextensions.k8s.io/v1beta1/customresourcedefinitions HTTP/1.1 and responded: HTTP/1.1 202 OK
Feb 26, 2021 6:57:39 AM okhttp3.mockwebserver.MockWebServer$3 processOneRequest
INFO: MockWebServer[58288] received request: GET /api/v1/namespaces/entando-k8s-controller-coordinator-carcpr68 HTTP/1.1 and responded: HTTP/1.1 404 Client Error
Feb 26, 2021 6:57:39 AM okhttp3.mockwebserver.MockWebServer$3 processOneRequest
INFO: MockWebServer[58288] received request: GET /apis/entando.org/v1/namespaces/default/entandodatabaseservices HTTP/1.1 and responded: HTTP/1.1 200 OK
Feb 26, 2021 6:57:39 AM okhttp3.mockwebserver.MockWebServer$3 processOneRequest
INFO: MockWebServer[58288] received request: GET /api/v1/namespaces/entando-k8s-controller-coordinator-carcpr68 HTTP/1.1 and responded: HTTP/1.1 404 Client Error
Feb 26, 2021 6:57:39 AM okhttp3.mockwebserver.MockWebServer$3 processOneRequest
INFO: MockWebServer[58288] received request: GET /apis/entando.org/v1/namespaces/default/entandodatabaseservices HTTP/1.1 and responded: HTTP/1.1 200 OK
Feb 26, 2021 6:57:39 AM org.entando.kubernetes.client.KubernetesRestInterceptor invoke
INFO: Entering method getNamespace in class org.entando.kubernetes.controller.support.client.EntandoResourceClient
Feb 26, 2021 6:57:39 AM org.entando.kubernetes.client.KubernetesRestInterceptor invoke
INFO: Exiting method getNamespace in class org.entando.kubernetes.controller.support.client.EntandoResourceClient
Feb 26, 2021 6:57:39 AM okhttp3.mockwebserver.MockWebServer$3 processOneRequest
INFO: MockWebServer[58288] received request: GET /apis/entando.org/v1/namespaces/entando-k8s-controller-coordinator-carcpr68/entandoplugins?watch=**** HTTP/1.1 and responded: HTTP/1.1 200 OK
Feb 26, 2021 6:57:39 AM io.fabric8.kubernetes.client.dsl.internal.WatchHTTPManager$1 onResponse
INFO: Watch terminated unexpectedly. reason: \n not found: limit=46 content=7b2261706956657273696f6e223a227631222c226b696e64223a224c69737422â€¦
Feb 26, 2021 6:57:39 AM okhttp3.mockwebserver.MockWebServer$3 processOneRequest
INFO: MockWebServer[58288] received request: GET /apis/entando.org/v1/namespaces/entando-k8s-controller-coordinator-carcpr68/entandodatabaseservices HTTP/1.1 and responded: HTTP/1.1 200 OK
Feb 26, 2021 6:57:39 AM okhttp3.mockwebserver.MockWebServer$3 processOneRequest
INFO: MockWebServer[58288] received request: GET /apis/entando.org/v1/namespaces/entando-k8s-controller-coordinator-carcpr68/entandodatabaseservices?watch=**** HTTP/1.1 and responded: HTTP/1.1 200 OK
Feb 26, 2021 6:57:39 AM okhttp3.mockwebserver.MockWebServer$3 processOneRequest
INFO: MockWebServer[58288] received request: GET /apis/apiextensions.k8s.io/v1beta1/customresourcedefinitions/entandoapps.entando.org HTTP/1.1 and responded: HTTP/1.1 404 Client Error
Feb 26, 2021 6:57:39 AM okhttp3.mockwebserver.MockWebServer$3 processOneRequest
INFO: MockWebServer[58288] received request: GET /apis/entando.org/v1/namespaces/entando-k8s-controller-coordinator-carcpr68/entandodatabaseservices?watch=**** HTTP/1.1 and responded: HTTP/1.1 200 OK
Feb 26, 2021 6:57:39 AM io.fabric8.kubernetes.client.dsl.internal.WatchHTTPManager$1 onResponse
INFO: Watch terminated unexpectedly. reason: \n not found: limit=46 content=7b2261706956657273696f6e223a227631222c226b696e64223a224c69737422â€¦
Feb 26, 2021 6:57:39 AM okhttp3.mockwebserver.MockWebServer$3 processOneRequest
INFO: MockWebServer[58288] received request: POST /apis/apiextensions.k8s.io/v1beta1/customresourcedefinitions HTTP/1.1 and responded: HTTP/1.1 202 OK
Feb 26, 2021 6:57:39 AM okhttp3.mockwebserver.MockWebServer$3 processOneRequest
INFO: MockWebServer[58288] received request: GET /api/v1/namespaces/entando-k8s-controller-coordinator-carcpr68 HTTP/1.1 and responded: HTTP/1.1 404 Client Error
Feb 26, 2021 6:57:39 AM okhttp3.mockwebserver.MockWebServer$3 processOneRequest
INFO: MockWebServer[58288] received request: GET /apis/entando.org/v1/namespaces/default/entandoapps HTTP/1.1 and responded: HTTP/1.1 200 OK
Feb 26, 2021 6:57:39 AM okhttp3.mockwebserver.MockWebServer$3 processOneRequest
INFO: MockWebServer[58288] received request: GET /api/v1/namespaces/entando-k8s-controller-coordinator-carcpr68 HTTP/1.1 and responded: HTTP/1.1 404 Client Error
Feb 26, 2021 6:57:40 AM okhttp3.mockwebserver.MockWebServer$3 processOneRequest
INFO: MockWebServer[58288] received request: GET /apis/entando.org/v1/namespaces/default/entandoapps HTTP/1.1 and responded: HTTP/1.1 200 OK
Feb 26, 2021 6:57:40 AM org.entando.kubernetes.client.KubernetesRestInterceptor invoke
INFO: Entering method getNamespace in class org.entando.kubernetes.controller.support.client.EntandoResourceClient
Feb 26, 2021 6:57:40 AM org.entando.kubernetes.client.KubernetesRestInterceptor invoke
INFO: Exiting method getNamespace in class org.entando.kubernetes.controller.support.client.EntandoResourceClient
Feb 26, 2021 6:57:40 AM okhttp3.mockwebserver.MockWebServer$3 processOneRequest
INFO: MockWebServer[58288] received request: GET /apis/entando.org/v1/namespaces/entando-k8s-controller-coordinator-carcpr68/entandocompositeapps?watch=**** HTTP/1.1 and responded: HTTP/1.1 200 OK
Feb 26, 2021 6:57:40 AM io.fabric8.kubernetes.client.dsl.internal.WatchHTTPManager$1 onResponse
INFO: Watch terminated unexpectedly. reason: \n not found: limit=46 content=7b2261706956657273696f6e223a227631222c226b696e64223a224c69737422â€¦
Feb 26, 2021 6:57:40 AM okhttp3.mockwebserver.MockWebServer$3 processOneRequest
INFO: MockWebServer[58288] received request: GET /apis/entando.org/v1/namespaces/entando-k8s-controller-coordinator-carcpr68/entandoapps HTTP/1.1 and responded: HTTP/1.1 200 OK
Feb 26, 2021 6:57:40 AM okhttp3.mockwebserver.MockWebServer$3 processOneRequest
INFO: MockWebServer[58288] received request: GET /apis/entando.org/v1/namespaces/entando-k8s-controller-coordinator-carcpr68/entandokeycloakservers?watch=**** HTTP/1.1 and responded: HTTP/1.1 200 OK
Feb 26, 2021 6:57:40 AM io.fabric8.kubernetes.client.dsl.internal.WatchHTTPManager$1 onResponse
INFO: Watch terminated unexpectedly. reason: \n not found: limit=46 content=7b2261706956657273696f6e223a227631222c226b696e64223a224c69737422â€¦
Feb 26, 2021 6:57:40 AM okhttp3.mockwebserver.MockWebServer$3 processOneRequest
INFO: MockWebServer[58288] received request: GET /apis/entando.org/v1/namespaces/entando-k8s-controller-coordinator-carcpr68/entandoapps?watch=**** HTTP/1.1 and responded: HTTP/1.1 200 OK
Feb 26, 2021 6:57:40 AM okhttp3.mockwebserver.MockWebServer$3 processOneRequest
INFO: MockWebServer[58288] received request: GET /apis/entando.org/v1/namespaces/entando-k8s-controller-coordinator-carcpr68/entandoapps?watch=**** HTTP/1.1 and responded: HTTP/1.1 200 OK
Feb 26, 2021 6:57:40 AM okhttp3.mockwebserver.MockWebServer$3 processOneRequest
INFO: MockWebServer[58288] received request: GET /apis/apiextensions.k8s.io/v1beta1/customresourcedefinitions/entandoapppluginlinks.entando.org HTTP/1.1 and responded: HTTP/1.1 404 Client Error
Feb 26, 2021 6:57:40 AM io.fabric8.kubernetes.client.dsl.internal.WatchHTTPManager$1 onResponse
INFO: Watch terminated unexpectedly. reason: \n not found: limit=46 content=7b2261706956657273696f6e223a227631222c226b696e64223a224c69737422â€¦
Feb 26, 2021 6:57:40 AM okhttp3.mockwebserver.MockWebServer$3 processOneRequest
INFO: MockWebServer[58288] received request: POST /apis/apiextensions.k8s.io/v1beta1/customresourcedefinitions HTTP/1.1 and responded: HTTP/1.1 202 OK
Feb 26, 2021 6:57:40 AM okhttp3.mockwebserver.MockWebServer$3 processOneRequest
INFO: MockWebServer[58288] received request: GET /api/v1/namespaces/entando-k8s-controller-coordinator-carcpr68 HTTP/1.1 and responded: HTTP/1.1 404 Client Error
Feb 26, 2021 6:57:40 AM okhttp3.mockwebserver.MockWebServer$3 processOneRequest
INFO: MockWebServer[58288] received request: GET /apis/entando.org/v1/namespaces/default/entandoapppluginlinks HTTP/1.1 and responded: HTTP/1.1 200 OK
Feb 26, 2021 6:57:40 AM okhttp3.mockwebserver.MockWebServer$3 processOneRequest
INFO: MockWebServer[58288] received request: GET /api/v1/namespaces/entando-k8s-controller-coordinator-carcpr68 HTTP/1.1 and responded: HTTP/1.1 404 Client Error
Feb 26, 2021 6:57:40 AM okhttp3.mockwebserver.MockWebServer$3 processOneRequest
INFO: MockWebServer[58288] received request: GET /apis/entando.org/v1/namespaces/default/entandoapppluginlinks HTTP/1.1 and responded: HTTP/1.1 200 OK
Feb 26, 2021 6:57:40 AM org.entando.kubernetes.client.KubernetesRestInterceptor invoke
INFO: Entering method getNamespace in class org.entando.kubernetes.controller.support.client.EntandoResourceClient
Feb 26, 2021 6:57:40 AM org.entando.kubernetes.client.KubernetesRestInterceptor invoke
INFO: Exiting method getNamespace in class org.entando.kubernetes.controller.support.client.EntandoResourceClient
Feb 26, 2021 6:57:40 AM okhttp3.mockwebserver.MockWebServer$3 processOneRequest
INFO: MockWebServer[58288] received request: GET /apis/entando.org/v1/namespaces/entando-k8s-controller-coordinator-carcpr68/entandoapppluginlinks HTTP/1.1 and responded: HTTP/1.1 200 OK
Feb 26, 2021 6:57:40 AM okhttp3.mockwebserver.MockWebServer$3 processOneRequest
INFO: MockWebServer[58288] received request: GET /apis/entando.org/v1/namespaces/entando-k8s-controller-coordinator-carcpr68/entandodatabaseservices?watch=**** HTTP/1.1 and responded: HTTP/1.1 200 OK
Feb 26, 2021 6:57:40 AM io.fabric8.kubernetes.client.dsl.internal.WatchHTTPManager$1 onResponse
INFO: Watch terminated unexpectedly. reason: \n not found: limit=46 content=7b2261706956657273696f6e223a227631222c226b696e64223a224c69737422â€¦
Feb 26, 2021 6:57:40 AM okhttp3.mockwebserver.MockWebServer$3 processOneRequest
INFO: MockWebServer[58288] received request: GET /apis/entando.org/v1/namespaces/entando-k8s-controller-coordinator-carcpr68/entandoapppluginlinks?watch=**** HTTP/1.1 and responded: HTTP/1.1 200 OK
Feb 26, 2021 6:57:40 AM okhttp3.mockwebserver.MockWebServer$3 processOneRequest
INFO: MockWebServer[58288] received request: GET /apis/entando.org/v1/namespaces/entando-k8s-controller-coordinator-carcpr68/entandoclusterinfrastructures?watch=**** HTTP/1.1 and responded: HTTP/1.1 200 OK
Feb 26, 2021 6:57:40 AM io.fabric8.kubernetes.client.dsl.internal.WatchHTTPManager$1 onResponse
INFO: Watch terminated unexpectedly. reason: \n not found: limit=46 content=7b2261706956657273696f6e223a227631222c226b696e64223a224c69737422â€¦
Feb 26, 2021 6:57:40 AM okhttp3.mockwebserver.MockWebServer$3 processOneRequest
INFO: MockWebServer[58288] received request: GET /apis/apiextensions.k8s.io/v1beta1/customresourcedefinitions/entandodebundles.entando.org HTTP/1.1 and responded: HTTP/1.1 404 Client Error
Feb 26, 2021 6:57:40 AM okhttp3.mockwebserver.MockWebServer$3 processOneRequest
INFO: MockWebServer[58288] received request: GET /apis/entando.org/v1/namespaces/entando-k8s-controller-coordinator-carcpr68/entandoapppluginlinks?watch=**** HTTP/1.1 and responded: HTTP/1.1 200 OK
Feb 26, 2021 6:57:40 AM io.fabric8.kubernetes.client.dsl.internal.WatchHTTPManager$1 onResponse
INFO: Watch terminated unexpectedly. reason: \n not found: limit=46 content=7b2261706956657273696f6e223a227631222c226b696e64223a224c69737422â€¦
Feb 26, 2021 6:57:41 AM okhttp3.mockwebserver.MockWebServer$3 processOneRequest
INFO: MockWebServer[58288] received request: POST /apis/apiextensions.k8s.io/v1beta1/customresourcedefinitions HTTP/1.1 and responded: HTTP/1.1 202 OK
Feb 26, 2021 6:57:41 AM okhttp3.mockwebserver.MockWebServer$3 processOneRequest
INFO: MockWebServer[58288] received request: GET /api/v1/namespaces/entando-k8s-controller-coordinator-carcpr68 HTTP/1.1 and responded: HTTP/1.1 404 Client Error
Feb 26, 2021 6:57:41 AM okhttp3.mockwebserver.MockWebServer$3 processOneRequest
INFO: MockWebServer[58288] received request: GET /apis/entando.org/v1/namespaces/default/entandodebundles HTTP/1.1 and responded: HTTP/1.1 200 OK
Feb 26, 2021 6:57:41 AM okhttp3.mockwebserver.MockWebServer$3 processOneRequest
INFO: MockWebServer[58288] received request: GET /api/v1/namespaces/entando-k8s-controller-coordinator-carcpr68 HTTP/1.1 and responded: HTTP/1.1 404 Client Error
Feb 26, 2021 6:57:41 AM okhttp3.mockwebserver.MockWebServer$3 processOneRequest
INFO: MockWebServer[58288] received request: GET /apis/entando.org/v1/namespaces/default/entandodebundles HTTP/1.1 and responded: HTTP/1.1 200 OK
Feb 26, 2021 6:57:41 AM okhttp3.mockwebserver.MockWebServer$3 processOneRequest
INFO: MockWebServer[58288] received request: GET /apis/entando.org/v1/namespaces/entando-k8s-controller-coordinator-carcpr68/entandoapps?watch=**** HTTP/1.1 and responded: HTTP/1.1 200 OK
Feb 26, 2021 6:57:41 AM io.fabric8.kubernetes.client.dsl.internal.WatchHTTPManager$1 onResponse
INFO: Watch terminated unexpectedly. reason: \n not found: limit=46 content=7b2261706956657273696f6e223a227631222c226b696e64223a224c69737422â€¦
Feb 26, 2021 6:57:41 AM org.entando.kubernetes.client.KubernetesRestInterceptor invoke
INFO: Entering method getNamespace in class org.entando.kubernetes.controller.support.client.EntandoResourceClient
Feb 26, 2021 6:57:41 AM org.entando.kubernetes.client.KubernetesRestInterceptor invoke
INFO: Exiting method getNamespace in class org.entando.kubernetes.controller.support.client.EntandoResourceClient
Feb 26, 2021 6:57:41 AM okhttp3.mockwebserver.MockWebServer$3 processOneRequest
INFO: MockWebServer[58288] received request: GET /apis/entando.org/v1/namespaces/entando-k8s-controller-coordinator-carcpr68/entandodebundles HTTP/1.1 and responded: HTTP/1.1 200 OK
Feb 26, 2021 6:57:41 AM okhttp3.mockwebserver.MockWebServer$3 processOneRequest
INFO: MockWebServer[58288] received request: GET /apis/entando.org/v1/namespaces/entando-k8s-controller-coordinator-carcpr68/entandoplugins?watch=**** HTTP/1.1 and responded: HTTP/1.1 200 OK
Feb 26, 2021 6:57:41 AM io.fabric8.kubernetes.client.dsl.internal.WatchHTTPManager$1 onResponse
INFO: Watch terminated unexpectedly. reason: \n not found: limit=46 content=7b2261706956657273696f6e223a227631222c226b696e64223a224c69737422â€¦
Feb 26, 2021 6:57:41 AM okhttp3.mockwebserver.MockWebServer$3 processOneRequest
INFO: MockWebServer[58288] received request: GET /apis/entando.org/v1/namespaces/entando-k8s-controller-coordinator-carcpr68/entandodebundles?watch=**** HTTP/1.1 and responded: HTTP/1.1 200 OK
Feb 26, 2021 6:57:41 AM okhttp3.mockwebserver.MockWebServer$3 processOneRequest
INFO: MockWebServer[58288] received request: GET /apis/entando.org/v1/namespaces/entando-k8s-controller-coordinator-carcpr68/entandodebundles?watch=**** HTTP/1.1 and responded: HTTP/1.1 200 OK
Feb 26, 2021 6:57:41 AM okhttp3.mockwebserver.MockWebServer$3 processOneRequest
INFO: MockWebServer[58288] received request: GET /api/v1/namespaces/entando-k8s-controller-coordinator-carcpr68 HTTP/1.1 and responded: HTTP/1.1 404 Client Error
Feb 26, 2021 6:57:41 AM io.fabric8.kubernetes.client.dsl.internal.WatchHTTPManager$1 onResponse
INFO: Watch terminated unexpectedly. reason: \n not found: limit=46 content=7b2261706956657273696f6e223a227631222c226b696e64223a224c69737422â€¦
Feb 26, 2021 6:57:41 AM okhttp3.mockwebserver.MockWebServer$3 processOneRequest
INFO: MockWebServer[58288] received request: POST /api/v1/namespaces HTTP/1.1 and responded: HTTP/1.1 202 OK
Feb 26, 2021 6:57:41 AM okhttp3.mockwebserver.MockWebServer$3 processOneRequest
INFO: MockWebServer[58288] received request: GET /api/v1/namespaces/entando/configmaps/entando-docker-image-info-v6.3 HTTP/1.1 and responded: HTTP/1.1 404 Client Error
Feb 26, 2021 6:57:41 AM okhttp3.mockwebserver.MockWebServer$3 processOneRequest
INFO: MockWebServer[58288] received request: POST /api/v1/namespaces/entando/configmaps HTTP/1.1 and responded: HTTP/1.1 202 OK
Feb 26, 2021 6:57:41 AM okhttp3.mockwebserver.MockWebServer$3 processOneRequest
INFO: MockWebServer[58288] received request: GET /api/v1/namespaces/entando-k8s-controller-coordinator-carcpr68 HTTP/1.1 and responded: HTTP/1.1 200 OK
Feb 26, 2021 6:57:42 AM okhttp3.mockwebserver.MockWebServer$3 processOneRequest
INFO: MockWebServer[58288] received request: GET /apis/entando.org/v1/namespaces/entando-k8s-controller-coordinator-carcpr68/entandoapppluginlinks?watch=**** HTTP/1.1 and responded: HTTP/1.1 200 OK
Feb 26, 2021 6:57:42 AM io.fabric8.kubernetes.client.dsl.internal.WatchHTTPManager$1 onResponse
INFO: Watch terminated unexpectedly. reason: \n not found: limit=46 content=7b2261706956657273696f6e223a227631222c226b696e64223a224c69737422â€¦
Feb 26, 2021 6:57:42 AM okhttp3.mockwebserver.MockWebServer$3 processOneRequest
INFO: MockWebServer[58288] received request: GET /apis/entando.org/v1/namespaces/entando-k8s-controller-coordinator-carcpr68/entandokeycloakservers HTTP/1.1 and responded: HTTP/1.1 200 OK
Feb 26, 2021 6:57:42 AM okhttp3.mockwebserver.MockWebServer$3 processOneRequest
INFO: MockWebServer[58288] received request: GET /api/v1/namespaces/entando-k8s-controller-coordinator-carcpr68 HTTP/1.1 and responded: HTTP/1.1 200 OK
Feb 26, 2021 6:57:42 AM okhttp3.mockwebserver.MockWebServer$3 processOneRequest
INFO: MockWebServer[58288] received request: GET /apis/entando.org/v1/namespaces/entando-k8s-controller-coordinator-carcpr68/entandocompositeapps?watch=**** HTTP/1.1 and responded: HTTP/1.1 200 OK
Feb 26, 2021 6:57:42 AM io.fabric8.kubernetes.client.dsl.internal.WatchHTTPManager$1 onResponse
INFO: Watch terminated unexpectedly. reason: \n not found: limit=46 content=7b2261706956657273696f6e223a227631222c226b696e64223a224c69737422â€¦
Feb 26, 2021 6:57:42 AM okhttp3.mockwebserver.MockWebServer$3 processOneRequest
INFO: MockWebServer[58288] received request: GET /apis/entando.org/v1/namespaces/entando-k8s-controller-coordinator-carcpr68/entandokeycloakservers HTTP/1.1 and responded: HTTP/1.1 200 OK
Feb 26, 2021 6:57:42 AM okhttp3.mockwebserver.MockWebServer$3 processOneRequest
INFO: MockWebServer[58288] received request: POST /apis/entando.org/v1/namespaces/entando-k8s-controller-coordinator-carcpr68/entandokeycloakservers HTTP/1.1 and responded: HTTP/1.1 202 OK
Feb 26, 2021 6:57:42 AM org.entando.kubernetes.controller.coordinator.EntandoResourceObserver logResource
WARNING: EntandoKeycloakServer entando-k8s-controller-coordinator-carcpr68/test-keycloak has a new resource version: 1
Feb 26, 2021 6:57:42 AM org.entando.kubernetes.controller.coordinator.EntandoResourceObserver logResource
WARNING: EntandoKeycloakServer entando-k8s-controller-coordinator-carcpr68/test-keycloak is a top level resource
Feb 26, 2021 6:57:42 AM org.entando.kubernetes.controller.coordinator.EntandoResourceObserver logResource
WARNING: EntandoKeycloakServer entando-k8s-controller-coordinator-carcpr68/test-keycloak is processed after a metadata.generation increment.
Feb 26, 2021 6:57:42 AM org.entando.kubernetes.controller.coordinator.EntandoResourceObserver logResource
INFO: Received ADDED for the EntandoKeycloakServer entando-k8s-controller-coordinator-carcpr68/test-keycloak
Feb 26, 2021 6:57:42 AM org.entando.kubernetes.client.KubernetesRestInterceptor invoke
INFO: Entering method getNamespace in class org.entando.kubernetes.controller.support.client.EntandoResourceClient
Feb 26, 2021 6:57:42 AM org.entando.kubernetes.client.KubernetesRestInterceptor invoke
INFO: Exiting method getNamespace in class org.entando.kubernetes.controller.support.client.EntandoResourceClient
Feb 26, 2021 6:57:42 AM org.entando.kubernetes.client.KubernetesRestInterceptor invoke
INFO: Entering method loadDockerImageInfoConfigMap in class org.entando.kubernetes.controller.support.client.EntandoResourceClient
Feb 26, 2021 6:57:42 AM okhttp3.mockwebserver.MockWebServer$3 processOneRequest
INFO: MockWebServer[58288] received request: GET /api/v1/namespaces/entando/configmaps/entando-docker-image-info-v6.3 HTTP/1.1 and responded: HTTP/1.1 200 OK
Feb 26, 2021 6:57:42 AM org.entando.kubernetes.client.KubernetesRestInterceptor invoke
INFO: Exiting method loadDockerImageInfoConfigMap in class org.entando.kubernetes.controller.support.client.EntandoResourceClient
Feb 26, 2021 6:57:42 AM org.entando.kubernetes.client.KubernetesRestInterceptor invoke
INFO: Entering method removeAndWait in class org.entando.kubernetes.controller.support.client.PodClient with entando-k8s-controller-coordinator-carcpr68,{EntandoResourceKind=EntandoKeycloakServer, EntandoKeycloakServer=test-keycloak, EntandoResourceNamespace=entando-k8s-controller-coordinator-carcpr68}
Feb 26, 2021 6:57:42 AM okhttp3.mockwebserver.MockWebServer$3 processOneRequest
INFO: MockWebServer[58288] received request: GET /api/v1/namespaces/entando-k8s-controller-coordinator-carcpr68/pods?labelSelector=EntandoResourceNamespace%3Dentando-k8s-controller-coordinator-carcpr68%2CEntandoResourceKind%3DEntandoKeycloakServer%2CEntandoKeycloakServer%3Dtest-keycloak HTTP/1.1 and responded: HTTP/1.1 200 OK
Feb 26, 2021 6:57:42 AM okhttp3.mockwebserver.MockWebServer$3 processOneRequest
INFO: MockWebServer[58288] received request: GET /api/v1/namespaces/entando-k8s-controller-coordinator-carcpr68/pods?labelSelector=EntandoResourceKind%3DEntandoKeycloakServer HTTP/1.1 and responded: HTTP/1.1 200 OK
Feb 26, 2021 6:57:42 AM io.fabric8.kubernetes.client.dsl.internal.WatchHTTPManager$1 onResponse
INFO: Watch terminated unexpectedly. reason: \n not found: limit=46 content=7b2261706956657273696f6e223a227631222c226b696e64223a224c69737422â€¦
Feb 26, 2021 6:57:42 AM okhttp3.mockwebserver.MockWebServer$3 processOneRequest
INFO: MockWebServer[58288] received request: GET /apis/entando.org/v1/namespaces/entando-k8s-controller-coordinator-carcpr68/entandodebundles?watch=**** HTTP/1.1 and responded: HTTP/1.1 200 OK
Feb 26, 2021 6:57:42 AM okhttp3.mockwebserver.MockWebServer$3 processOneRequest
INFO: MockWebServer[58288] received request: GET /apis/entando.org/v1/namespaces/entando-k8s-controller-coordinator-carcpr68/entandodatabaseservices?watch=**** HTTP/1.1 and responded: HTTP/1.1 200 OK
Feb 26, 2021 6:57:42 AM io.fabric8.kubernetes.client.dsl.internal.WatchHTTPManager$1 onResponse
INFO: Watch terminated unexpectedly. reason: \n not found: limit=46 content=7b2261706956657273696f6e223a227631222c226b696e64223a224c69737422â€¦
Feb 26, 2021 6:57:42 AM okhttp3.mockwebserver.MockWebServer$3 processOneRequest
INFO: MockWebServer[58288] received request: GET /api/v1/namespaces/entando-k8s-controller-coordinator-carcpr68/pods?labelSelector=EntandoResourceNamespace%3Dentando-k8s-controller-coordinator-carcpr68%2CEntandoResourceKind%3DEntandoKeycloakServer%2CEntandoKeycloakServer%3Dtest-keycloak&watch=**** HTTP/1.1 and responded: HTTP/1.1 200 OK
Feb 26, 2021 6:57:42 AM okhttp3.mockwebserver.MockWebServer$3 processOneRequest
INFO: MockWebServer[58288] received request: GET /api/v1/namespaces/entando-k8s-controller-coordinator-carcpr68/pods?labelSelector=EntandoResourceNamespace%3Dentando-k8s-controller-coordinator-carcpr68%2CEntandoResourceKind%3DEntandoKeycloakServer%2CEntandoKeycloakServer%3Dtest-keycloak HTTP/1.1 and responded: HTTP/1.1 200 OK
Feb 26, 2021 6:57:42 AM okhttp3.mockwebserver.MockWebServer$3 processOneRequest
INFO: MockWebServer[58288] received request: GET /api/v1/namespaces/entando-k8s-controller-coordinator-carcpr68/pods?labelSelector=EntandoResourceNamespace%3Dentando-k8s-controller-coordinator-carcpr68%2CEntandoResourceKind%3DEntandoKeycloakServer%2CEntandoKeycloakServer%3Dtest-keycloak&watch=**** HTTP/1.1 and responded: HTTP/1.1 200 OK
Feb 26, 2021 6:57:42 AM okhttp3.mockwebserver.MockWebServer$3 processOneRequest
INFO: MockWebServer[58288] received request: GET /api/v1/namespaces/entando-k8s-controller-coordinator-carcpr68/pods?labelSelector=EntandoResourceKind%3DEntandoKeycloakServer HTTP/1.1 and responded: HTTP/1.1 200 OK
Feb 26, 2021 6:57:43 AM io.fabric8.kubernetes.client.dsl.internal.WatchHTTPManager$1 onResponse
INFO: Watch terminated unexpectedly. reason: \n not found: limit=46 content=7b2261706956657273696f6e223a227631222c226b696e64223a224c69737422â€¦
Feb 26, 2021 6:57:43 AM okhttp3.mockwebserver.MockWebServer$3 processOneRequest
INFO: MockWebServer[58288] received request: GET /api/v1/namespaces/entando-k8s-controller-coordinator-carcpr68/pods?labelSelector=EntandoResourceNamespace%3Dentando-k8s-controller-coordinator-carcpr68%2CEntandoResourceKind%3DEntandoKeycloakServer%2CEntandoKeycloakServer%3Dtest-keycloak HTTP/1.1 and responded: HTTP/1.1 200 OK
Feb 26, 2021 6:57:43 AM okhttp3.mockwebserver.MockWebServer$3 processOneRequest
INFO: MockWebServer[58288] received request: GET /api/v1/namespaces/entando-k8s-controller-coordinator-carcpr68/pods?labelSelector=EntandoResourceKind%3DEntandoKeycloakServer HTTP/1.1 and responded: HTTP/1.1 200 OK
Feb 26, 2021 6:57:43 AM okhttp3.mockwebserver.MockWebServer$3 processOneRequest
INFO: MockWebServer[58288] received request: GET /api/v1/namespaces/entando-k8s-controller-coordinator-carcpr68/pods?labelSelector=EntandoResourceKind%3DEntandoKeycloakServer HTTP/1.1 and responded: HTTP/1.1 200 OK
Feb 26, 2021 6:57:43 AM okhttp3.mockwebserver.MockWebServer$3 processOneRequest
INFO: MockWebServer[58288] received request: GET /api/v1/namespaces/entando-k8s-controller-coordinator-carcpr68/pods?labelSelector=EntandoResourceKind%3DEntandoKeycloakServer HTTP/1.1 and responded: HTTP/1.1 200 OK
Feb 26, 2021 6:57:43 AM okhttp3.mockwebserver.MockWebServer$3 processOneRequest
INFO: MockWebServer[58288] received request: GET /apis/entando.org/v1/namespaces/entando-k8s-controller-coordinator-carcpr68/entandoapps?watch=**** HTTP/1.1 and responded: HTTP/1.1 200 OK
Feb 26, 2021 6:57:43 AM io.fabric8.kubernetes.client.dsl.internal.WatchHTTPManager$1 onResponse
INFO: Watch terminated unexpectedly. reason: \n not found: limit=46 content=7b2261706956657273696f6e223a227631222c226b696e64223a224c69737422â€¦
Feb 26, 2021 6:57:43 AM okhttp3.mockwebserver.MockWebServer$3 processOneRequest
INFO: MockWebServer[58288] received request: GET /api/v1/namespaces/entando-k8s-controller-coordinator-carcpr68/pods?labelSelector=EntandoResourceKind%3DEntandoKeycloakServer HTTP/1.1 and responded: HTTP/1.1 200 OK
Feb 26, 2021 6:57:43 AM okhttp3.mockwebserver.MockWebServer$3 processOneRequest
INFO: MockWebServer[58288] received request: GET /api/v1/namespaces/entando-k8s-controller-coordinator-carcpr68/pods?labelSelector=EntandoResourceKind%3DEntandoKeycloakServer HTTP/1.1 and responded: HTTP/1.1 200 OK
Feb 26, 2021 6:57:43 AM okhttp3.mockwebserver.MockWebServer$3 processOneRequest
INFO: MockWebServer[58288] received request: GET /api/v1/namespaces/entando-k8s-controller-coordinator-carcpr68/pods?labelSelector=EntandoResourceKind%3DEntandoKeycloakServer HTTP/1.1 and responded: HTTP/1.1 200 OK
Feb 26, 2021 6:57:44 AM org.entando.kubernetes.client.KubernetesRestInterceptor invoke
INFO: Exiting method removeAndWait in class org.entando.kubernetes.controller.support.client.PodClient
Feb 26, 2021 6:57:44 AM okhttp3.mockwebserver.MockWebServer$3 processOneRequest
INFO: MockWebServer[58288] received request: GET /api/v1/namespaces/entando-k8s-controller-coordinator-carcpr68/pods?labelSelector=EntandoResourceKind%3DEntandoKeycloakServer HTTP/1.1 and responded: HTTP/1.1 200 OK
Feb 26, 2021 6:57:44 AM org.entando.kubernetes.client.KubernetesRestInterceptor invoke
INFO: Entering method overwriteControllerSecret in class org.entando.kubernetes.controller.support.client.SecretClient with Secret: null/test-keycloak-controller-ca-cert-secret
Feb 26, 2021 6:57:44 AM okhttp3.mockwebserver.MockWebServer$3 processOneRequest
INFO: MockWebServer[58288] received request: GET /api/v1/namespaces/entando-k8s-controller-coordinator-carcpr68/pods?labelSelector=EntandoResourceNamespace%3Dentando-k8s-controller-coordinator-carcpr68%2CEntandoResourceKind%3DEntandoKeycloakServer%2CEntandoKeycloakServer%3Dtest-keycloak&watch=**** HTTP/1.1 and responded: HTTP/1.1 200 OK
Feb 26, 2021 6:57:44 AM io.fabric8.kubernetes.client.dsl.internal.WatchHTTPManager$1 onResponse
INFO: Watch terminated unexpectedly. reason: \n not found: limit=46 content=7b2261706956657273696f6e223a227631222c226b696e64223a224c69737422â€¦
Feb 26, 2021 6:57:44 AM io.fabric8.kubernetes.client.dsl.internal.WatchHTTPManager scheduleReconnect
WARN: Ignoring error for already closed/closing connection
Feb 26, 2021 6:57:44 AM okhttp3.mockwebserver.MockWebServer$3 processOneRequest
INFO: MockWebServer[58288] received request: GET /apis/entando.org/v1/namespaces/entando-k8s-controller-coordinator-carcpr68/entandoapppluginlinks?watch=**** HTTP/1.1 and responded: HTTP/1.1 200 OK
Feb 26, 2021 6:57:44 AM io.fabric8.kubernetes.client.dsl.internal.WatchHTTPManager$1 onResponse
INFO: Watch terminated unexpectedly. reason: \n not found: limit=46 content=7b2261706956657273696f6e223a227631222c226b696e64223a224c69737422â€¦
Feb 26, 2021 6:57:44 AM okhttp3.mockwebserver.MockWebServer$3 processOneRequest
INFO: MockWebServer[58288] received request: GET /api/v1/namespaces/entando-k8s-controller-coordinator-carcpr68/secrets/test-keycloak-controller-ca-cert-secret HTTP/1.1 and responded: HTTP/1.1 404 Client Error
Feb 26, 2021 6:57:44 AM okhttp3.mockwebserver.MockWebServer$3 processOneRequest
INFO: MockWebServer[58288] received request: GET /api/v1/namespaces/entando-k8s-controller-coordinator-carcpr68/pods?labelSelector=EntandoResourceKind%3DEntandoKeycloakServer HTTP/1.1 and responded: HTTP/1.1 200 OK
Feb 26, 2021 6:57:44 AM okhttp3.mockwebserver.MockWebServer$3 processOneRequest
INFO: MockWebServer[58288] received request: POST /api/v1/namespaces/entando-k8s-controller-coordinator-carcpr68/secrets HTTP/1.1 and responded: HTTP/1.1 202 OK
Feb 26, 2021 6:57:44 AM org.entando.kubernetes.client.KubernetesRestInterceptor invoke
INFO: Exiting method overwriteControllerSecret in class org.entando.kubernetes.controller.support.client.SecretClient
Feb 26, 2021 6:57:44 AM org.entando.kubernetes.client.KubernetesRestInterceptor invoke
INFO: Entering method start in class org.entando.kubernetes.controller.support.client.PodClient with Pod: entando-k8s-controller-coordinator-carcpr68/test-keycloak-deployer-8831
Feb 26, 2021 6:57:44 AM okhttp3.mockwebserver.MockWebServer$3 processOneRequest
INFO: MockWebServer[58288] received request: GET /apis/entando.org/v1/namespaces/entando-k8s-controller-coordinator-carcpr68/entandokeycloakservers?watch=**** HTTP/1.1 and responded: HTTP/1.1 200 OK
Feb 26, 2021 6:57:44 AM io.fabric8.kubernetes.client.dsl.internal.WatchHTTPManager$1 onResponse
INFO: Watch terminated unexpectedly. reason: \n not found: limit=282 content=7b2261706956657273696f6e223a227631222c226b696e64223a224c69737422â€¦
Feb 26, 2021 6:57:44 AM okhttp3.mockwebserver.MockWebServer$3 processOneRequest
INFO: MockWebServer[58288] received request: POST /api/v1/namespaces/entando-k8s-controller-coordinator-carcpr68/pods HTTP/1.1 and responded: HTTP/1.1 202 OK
Feb 26, 2021 6:57:44 AM okhttp3.mockwebserver.MockWebServer$3 processOneRequest
INFO: MockWebServer[58288] received request: GET /api/v1/namespaces/entando-k8s-controller-coordinator-carcpr68/pods?labelSelector=EntandoResourceKind%3DEntandoKeycloakServer HTTP/1.1 and responded: HTTP/1.1 200 OK
Feb 26, 2021 6:57:44 AM org.entando.kubernetes.client.KubernetesRestInterceptor invoke
INFO: Exiting method start in class org.entando.kubernetes.controller.support.client.PodClient
Feb 26, 2021 6:57:44 AM okhttp3.mockwebserver.MockWebServer$3 processOneRequest
INFO: MockWebServer[58288] received request: GET /api/v1/namespaces/entando-k8s-controller-coordinator-carcpr68/pods?labelSelector=EntandoResourceKind%3DEntandoKeycloakServer HTTP/1.1 and responded: HTTP/1.1 200 OK
Feb 26, 2021 6:57:44 AM okhttp3.mockwebserver.MockWebServer$2 acceptConnections
INFO: MockWebServer[58288] done accepting connections: Socket closed
Feb 26, 2021 6:57:44 AM okhttp3.mockwebserver.MockWebServer$2 e**cute
INFO: MockWebServer[52974] starting to accept connections
Feb 26, 2021 6:57:44 AM okhttp3.mockwebserver.MockWebServer$3 processOneRequest
INFO: MockWebServer[52974] received request: GET /api/v1/namespaces/entando-k8s-controller-coordinator-carcpr68 HTTP/1.1 and responded: HTTP/1.1 404 Client Error
Feb 26, 2021 6:57:44 AM okhttp3.mockwebserver.MockWebServer$3 processOneRequest
INFO: MockWebServer[52974] received request: GET /apis/entando.org/v1/namespaces/default/entandokeycloakservers HTTP/1.1 and responded: HTTP/1.1 200 OK
Feb 26, 2021 6:57:44 AM io.fabric8.kubernetes.client.dsl.internal.WatchHTTPManager$1 onFailure
INFO: Watch connection failed. reason: e**cutor rejected
Feb 26, 2021 6:57:44 AM okhttp3.mockwebserver.MockWebServer$3 processOneRequest
INFO: MockWebServer[52974] received request: GET /api/v1/namespaces/entando-k8s-controller-coordinator-carcpr68 HTTP/1.1 and responded: HTTP/1.1 404 Client Error
Feb 26, 2021 6:57:44 AM okhttp3.mockwebserver.MockWebServer$3 processOneRequest
INFO: MockWebServer[52974] received request: GET /apis/entando.org/v1/namespaces/default/entandokeycloakservers HTTP/1.1 and responded: HTTP/1.1 200 OK
Feb 26, 2021 6:57:44 AM io.fabric8.kubernetes.client.dsl.internal.WatchHTTPManager$1 onFailure
INFO: Watch connection failed. reason: e**cutor rejected
Feb 26, 2021 6:57:44 AM okhttp3.mockwebserver.MockWebServer$3 processOneRequest
INFO: MockWebServer[52974] received request: GET /apis/entando.org/v1/namespaces/entando-k8s-controller-coordinator-carcpr68/entandokeycloakservers HTTP/1.1 and responded: HTTP/1.1 200 OK
Feb 26, 2021 6:57:45 AM okhttp3.mockwebserver.MockWebServer$3 processOneRequest
INFO: MockWebServer[52974] received request: GET /apis/entando.org/v1/namespaces/entando-k8s-controller-coordinator-carcpr68/entandokeycloakservers?watch=**** HTTP/1.1 and responded: HTTP/1.1 200 OK
Feb 26, 2021 6:57:45 AM okhttp3.mockwebserver.MockWebServer$3 processOneRequest
INFO: MockWebServer[52974] received request: GET /apis/entando.org/v1/namespaces/entando-k8s-controller-coordinator-carcpr68/entandokeycloakservers?watch=**** HTTP/1.1 and responded: HTTP/1.1 200 OK
Feb 26, 2021 6:57:45 AM okhttp3.mockwebserver.MockWebServer$3 processOneRequest
INFO: MockWebServer[52974] received request: GET /api/v1/namespaces/entando-k8s-controller-coordinator-carcpr68 HTTP/1.1 and responded: HTTP/1.1 404 Client Error
Feb 26, 2021 6:57:45 AM io.fabric8.kubernetes.client.dsl.internal.WatchHTTPManager$1 onResponse
INFO: Watch terminated unexpectedly. reason: \n not found: limit=46 content=7b2261706956657273696f6e223a227631222c226b696e64223a224c69737422â€¦
Feb 26, 2021 6:57:45 AM okhttp3.mockwebserver.MockWebServer$3 processOneRequest
INFO: MockWebServer[52974] received request: GET /apis/entando.org/v1/namespaces/default/entandoclusterinfrastructures HTTP/1.1 and responded: HTTP/1.1 200 OK
Feb 26, 2021 6:57:45 AM okhttp3.mockwebserver.MockWebServer$3 processOneRequest
INFO: MockWebServer[52974] received request: GET /api/v1/namespaces/entando-k8s-controller-coordinator-carcpr68 HTTP/1.1 and responded: HTTP/1.1 404 Client Error
Feb 26, 2021 6:57:45 AM okhttp3.mockwebserver.MockWebServer$3 processOneRequest
INFO: MockWebServer[52974] received request: GET /apis/entando.org/v1/namespaces/default/entandoclusterinfrastructures HTTP/1.1 and responded: HTTP/1.1 200 OK
Feb 26, 2021 6:57:45 AM okhttp3.mockwebserver.MockWebServer$3 processOneRequest
INFO: MockWebServer[52974] received request: GET /apis/entando.org/v1/namespaces/entando-k8s-controller-coordinator-carcpr68/entandoclusterinfrastructures HTTP/1.1 and responded: HTTP/1.1 200 OK
Feb 26, 2021 6:57:45 AM okhttp3.mockwebserver.MockWebServer$3 processOneRequest
INFO: MockWebServer[52974] received request: GET /apis/entando.org/v1/namespaces/entando-k8s-controller-coordinator-carcpr68/entandoclusterinfrastructures?watch=**** HTTP/1.1 and responded: HTTP/1.1 200 OK
Feb 26, 2021 6:57:45 AM okhttp3.mockwebserver.MockWebServer$3 processOneRequest
INFO: MockWebServer[52974] received request: GET /api/v1/namespaces/entando-k8s-controller-coordinator-carcpr68 HTTP/1.1 and responded: HTTP/1.1 404 Client Error
Feb 26, 2021 6:57:45 AM okhttp3.mockwebserver.MockWebServer$3 processOneRequest
INFO: MockWebServer[52974] received request: GET /apis/entando.org/v1/namespaces/entando-k8s-controller-coordinator-carcpr68/entandoclusterinfrastructures?watch=**** HTTP/1.1 and responded: HTTP/1.1 200 OK
Feb 26, 2021 6:57:45 AM io.fabric8.kubernetes.client.dsl.internal.WatchHTTPManager$1 onFailure
INFO: Watch connection failed. reason: e**cutor rejected
Feb 26, 2021 6:57:45 AM io.fabric8.kubernetes.client.dsl.internal.WatchHTTPManager$1 onResponse
INFO: Watch terminated unexpectedly. reason: \n not found: limit=46 content=7b2261706956657273696f6e223a227631222c226b696e64223a224c69737422â€¦
Feb 26, 2021 6:57:45 AM okhttp3.mockwebserver.MockWebServer$3 processOneRequest
INFO: MockWebServer[52974] received request: GET /apis/entando.org/v1/namespaces/default/entandoplugins HTTP/1.1 and responded: HTTP/1.1 200 OK
Feb 26, 2021 6:57:45 AM okhttp3.mockwebserver.MockWebServer$3 processOneRequest
INFO: MockWebServer[52974] received request: GET /api/v1/namespaces/entando-k8s-controller-coordinator-carcpr68 HTTP/1.1 and responded: HTTP/1.1 404 Client Error
Feb 26, 2021 6:57:45 AM okhttp3.mockwebserver.MockWebServer$3 processOneRequest
INFO: MockWebServer[52974] received request: GET /apis/entando.org/v1/namespaces/default/entandoplugins HTTP/1.1 and responded: HTTP/1.1 200 OK
Feb 26, 2021 6:57:45 AM okhttp3.mockwebserver.MockWebServer$3 processOneRequest
INFO: MockWebServer[52974] received request: GET /apis/entando.org/v1/namespaces/entando-k8s-controller-coordinator-carcpr68/entandoplugins HTTP/1.1 and responded: HTTP/1.1 200 OK
Feb 26, 2021 6:57:45 AM okhttp3.mockwebserver.MockWebServer$3 processOneRequest
INFO: MockWebServer[52974] received request: GET /apis/entando.org/v1/namespaces/entando-k8s-controller-coordinator-carcpr68/entandoplugins?watch=**** HTTP/1.1 and responded: HTTP/1.1 200 OK
Feb 26, 2021 6:57:45 AM okhttp3.mockwebserver.MockWebServer$3 processOneRequest
INFO: MockWebServer[52974] received request: GET /apis/entando.org/v1/namespaces/entando-k8s-controller-coordinator-carcpr68/entandoplugins?watch=**** HTTP/1.1 and responded: HTTP/1.1 200 OK
Feb 26, 2021 6:57:45 AM okhttp3.mockwebserver.MockWebServer$3 processOneRequest
INFO: MockWebServer[52974] received request: GET /api/v1/namespaces/entando-k8s-controller-coordinator-carcpr68 HTTP/1.1 and responded: HTTP/1.1 404 Client Error
Feb 26, 2021 6:57:45 AM io.fabric8.kubernetes.client.dsl.internal.WatchHTTPManager$1 onResponse
INFO: Watch terminated unexpectedly. reason: \n not found: limit=46 content=7b2261706956657273696f6e223a227631222c226b696e64223a224c69737422â€¦
Feb 26, 2021 6:57:45 AM okhttp3.mockwebserver.MockWebServer$3 processOneRequest
INFO: MockWebServer[52974] received request: GET /apis/entando.org/v1/namespaces/default/entandocompositeapps HTTP/1.1 and responded: HTTP/1.1 200 OK
Feb 26, 2021 6:57:46 AM okhttp3.mockwebserver.MockWebServer$3 processOneRequest
INFO: MockWebServer[52974] received request: GET /api/v1/namespaces/entando-k8s-controller-coordinator-carcpr68 HTTP/1.1 and responded: HTTP/1.1 404 Client Error
Feb 26, 2021 6:57:46 AM okhttp3.mockwebserver.MockWebServer$3 processOneRequest
INFO: MockWebServer[52974] received request: GET /apis/entando.org/v1/namespaces/default/entandocompositeapps HTTP/1.1 and responded: HTTP/1.1 200 OK
Feb 26, 2021 6:57:46 AM io.fabric8.kubernetes.client.dsl.internal.WatchHTTPManager$1 onResponse
INFO: Watch terminated unexpectedly. reason: \n not found: limit=46 content=7b2261706956657273696f6e223a227631222c226b696e64223a224c69737422â€¦
Feb 26, 2021 6:57:46 AM okhttp3.mockwebserver.MockWebServer$3 processOneRequest
INFO: MockWebServer[52974] received request: GET /apis/entando.org/v1/namespaces/entando-k8s-controller-coordinator-carcpr68/entandokeycloakservers?watch=**** HTTP/1.1 and responded: HTTP/1.1 200 OK
Feb 26, 2021 6:57:46 AM io.fabric8.kubernetes.client.dsl.internal.WatchHTTPManager$1 onFailure
INFO: Watch connection failed. reason: e**cutor rejected
Feb 26, 2021 6:57:46 AM okhttp3.mockwebserver.MockWebServer$3 processOneRequest
INFO: MockWebServer[52974] received request: GET /apis/entando.org/v1/namespaces/entando-k8s-controller-coordinator-carcpr68/entandocompositeapps HTTP/1.1 and responded: HTTP/1.1 200 OK
Feb 26, 2021 6:57:46 AM okhttp3.mockwebserver.MockWebServer$3 processOneRequest
INFO: MockWebServer[52974] received request: GET /apis/entando.org/v1/namespaces/entando-k8s-controller-coordinator-carcpr68/entandocompositeapps?watch=**** HTTP/1.1 and responded: HTTP/1.1 200 OK
Feb 26, 2021 6:57:46 AM okhttp3.mockwebserver.MockWebServer$3 processOneRequest
INFO: MockWebServer[52974] received request: GET /api/v1/namespaces/entando-k8s-controller-coordinator-carcpr68 HTTP/1.1 and responded: HTTP/1.1 404 Client Error
Feb 26, 2021 6:57:46 AM okhttp3.mockwebserver.MockWebServer$3 processOneRequest
INFO: MockWebServer[52974] received request: GET /apis/entando.org/v1/namespaces/entando-k8s-controller-coordinator-carcpr68/entandocompositeapps?watch=**** HTTP/1.1 and responded: HTTP/1.1 200 OK
Feb 26, 2021 6:57:46 AM io.fabric8.kubernetes.client.dsl.internal.WatchHTTPManager$1 onResponse
INFO: Watch terminated unexpectedly. reason: \n not found: limit=46 content=7b2261706956657273696f6e223a227631222c226b696e64223a224c69737422â€¦
Feb 26, 2021 6:57:46 AM okhttp3.mockwebserver.MockWebServer$3 processOneRequest
INFO: MockWebServer[52974] received request: GET /apis/entando.org/v1/namespaces/default/entandodatabaseservices HTTP/1.1 and responded: HTTP/1.1 200 OK
Feb 26, 2021 6:57:46 AM okhttp3.mockwebserver.MockWebServer$3 processOneRequest
INFO: MockWebServer[52974] received request: GET /api/v1/namespaces/entando-k8s-controller-coordinator-carcpr68 HTTP/1.1 and responded: HTTP/1.1 404 Client Error
Feb 26, 2021 6:57:46 AM okhttp3.mockwebserver.MockWebServer$3 processOneRequest
INFO: MockWebServer[52974] received request: GET /apis/entando.org/v1/namespaces/default/entandodatabaseservices HTTP/1.1 and responded: HTTP/1.1 200 OK
Feb 26, 2021 6:57:46 AM okhttp3.mockwebserver.MockWebServer$3 processOneRequest
INFO: MockWebServer[52974] received request: GET /apis/entando.org/v1/namespaces/entando-k8s-controller-coordinator-carcpr68/entandoclusterinfrastructures?watch=**** HTTP/1.1 and responded: HTTP/1.1 200 OK
Feb 26, 2021 6:57:46 AM io.fabric8.kubernetes.client.dsl.internal.WatchHTTPManager$1 onResponse
INFO: Watch terminated unexpectedly. reason: \n not found: limit=46 content=7b2261706956657273696f6e223a227631222c226b696e64223a224c69737422â€¦
Feb 26, 2021 6:57:46 AM okhttp3.mockwebserver.MockWebServer$3 processOneRequest
INFO: MockWebServer[52974] received request: GET /apis/entando.org/v1/namespaces/entando-k8s-controller-coordinator-carcpr68/entandodatabaseservices HTTP/1.1 and responded: HTTP/1.1 200 OK
Feb 26, 2021 6:57:46 AM okhttp3.mockwebserver.MockWebServer$3 processOneRequest
INFO: MockWebServer[52974] received request: GET /apis/entando.org/v1/namespaces/entando-k8s-controller-coordinator-carcpr68/entandodatabaseservices?watch=**** HTTP/1.1 and responded: HTTP/1.1 200 OK
Feb 26, 2021 6:57:46 AM okhttp3.mockwebserver.MockWebServer$3 processOneRequest
INFO: MockWebServer[52974] received request: GET /apis/entando.org/v1/namespaces/entando-k8s-controller-coordinator-carcpr68/entandodatabaseservices?watch=**** HTTP/1.1 and responded: HTTP/1.1 200 OK
Feb 26, 2021 6:57:46 AM okhttp3.mockwebserver.MockWebServer$3 processOneRequest
INFO: MockWebServer[52974] received request: GET /api/v1/namespaces/entando-k8s-controller-coordinator-carcpr68 HTTP/1.1 and responded: HTTP/1.1 404 Client Error
Feb 26, 2021 6:57:46 AM io.fabric8.kubernetes.client.dsl.internal.WatchHTTPManager$1 onFailure
INFO: Watch connection failed. reason: e**cutor rejected
Feb 26, 2021 6:57:46 AM io.fabric8.kubernetes.client.dsl.internal.WatchHTTPManager$1 onResponse
INFO: Watch terminated unexpectedly. reason: \n not found: limit=46 content=7b2261706956657273696f6e223a227631222c226b696e64223a224c69737422â€¦
Feb 26, 2021 6:57:46 AM okhttp3.mockwebserver.MockWebServer$3 processOneRequest
INFO: MockWebServer[52974] received request: GET /apis/entando.org/v1/namespaces/default/entandoapps HTTP/1.1 and responded: HTTP/1.1 200 OK
Feb 26, 2021 6:57:46 AM okhttp3.mockwebserver.MockWebServer$3 processOneRequest
INFO: MockWebServer[52974] received request: GET /api/v1/namespaces/entando-k8s-controller-coordinator-carcpr68 HTTP/1.1 and responded: HTTP/1.1 404 Client Error
Feb 26, 2021 6:57:46 AM okhttp3.mockwebserver.MockWebServer$3 processOneRequest
INFO: MockWebServer[52974] received request: GET /apis/entando.org/v1/namespaces/default/entandoapps HTTP/1.1 and responded: HTTP/1.1 200 OK
Feb 26, 2021 6:57:47 AM okhttp3.mockwebserver.MockWebServer$3 processOneRequest
INFO: MockWebServer[52974] received request: GET /apis/entando.org/v1/namespaces/entando-k8s-controller-coordinator-carcpr68/entandoapps HTTP/1.1 and responded: HTTP/1.1 200 OK
Feb 26, 2021 6:57:47 AM io.fabric8.kubernetes.client.dsl.internal.WatchHTTPManager$1 onResponse
INFO: Watch terminated unexpectedly. reason: \n not found: limit=46 content=7b2261706956657273696f6e223a227631222c226b696e64223a224c69737422â€¦
Feb 26, 2021 6:57:47 AM okhttp3.mockwebserver.MockWebServer$3 processOneRequest
INFO: MockWebServer[52974] received request: GET /apis/entando.org/v1/namespaces/entando-k8s-controller-coordinator-carcpr68/entandoplugins?watch=**** HTTP/1.1 and responded: HTTP/1.1 200 OK
Feb 26, 2021 6:57:47 AM okhttp3.mockwebserver.MockWebServer$3 processOneRequest
INFO: MockWebServer[52974] received request: GET /apis/entando.org/v1/namespaces/entando-k8s-controller-coordinator-carcpr68/entandoapps?watch=**** HTTP/1.1 and responded: HTTP/1.1 200 OK
Feb 26, 2021 6:57:47 AM okhttp3.mockwebserver.MockWebServer$3 processOneRequest
INFO: MockWebServer[52974] received request: GET /api/v1/namespaces/entando-k8s-controller-coordinator-carcpr68 HTTP/1.1 and responded: HTTP/1.1 404 Client Error
Feb 26, 2021 6:57:47 AM okhttp3.mockwebserver.MockWebServer$3 processOneRequest
INFO: MockWebServer[52974] received request: GET /apis/entando.org/v1/namespaces/entando-k8s-controller-coordinator-carcpr68/entandoapps?watch=**** HTTP/1.1 and responded: HTTP/1.1 200 OK
Feb 26, 2021 6:57:47 AM okhttp3.mockwebserver.MockWebServer$3 processOneRequest
INFO: MockWebServer[52974] received request: GET /apis/entando.org/v1/namespaces/default/entandoapppluginlinks HTTP/1.1 and responded: HTTP/1.1 200 OK
Feb 26, 2021 6:57:47 AM io.fabric8.kubernetes.client.dsl.internal.WatchHTTPManager$1 onResponse
INFO: Watch terminated unexpectedly. reason: \n not found: limit=46 content=7b2261706956657273696f6e223a227631222c226b696e64223a224c69737422â€¦
Feb 26, 2021 6:57:47 AM okhttp3.mockwebserver.MockWebServer$3 processOneRequest
INFO: MockWebServer[52974] received request: GET /api/v1/namespaces/entando-k8s-controller-coordinator-carcpr68 HTTP/1.1 and responded: HTTP/1.1 404 Client Error
Feb 26, 2021 6:57:47 AM okhttp3.mockwebserver.MockWebServer$3 processOneRequest
INFO: MockWebServer[52974] received request: GET /apis/entando.org/v1/namespaces/entando-k8s-controller-coordinator-carcpr68/entandocompositeapps?watch=**** HTTP/1.1 and responded: HTTP/1.1 200 OK
Feb 26, 2021 6:57:47 AM io.fabric8.kubernetes.client.dsl.internal.WatchHTTPManager$1 onResponse
INFO: Watch terminated unexpectedly. reason: \n not found: limit=46 content=7b2261706956657273696f6e223a227631222c226b696e64223a224c69737422â€¦
Feb 26, 2021 6:57:47 AM io.fabric8.kubernetes.client.dsl.internal.WatchHTTPManager$1 onFailure
INFO: Watch connection failed. reason: e**cutor rejected
Feb 26, 2021 6:57:47 AM okhttp3.mockwebserver.MockWebServer$3 processOneRequest
INFO: MockWebServer[52974] received request: GET /apis/entando.org/v1/namespaces/default/entandoapppluginlinks HTTP/1.1 and responded: HTTP/1.1 200 OK
Feb 26, 2021 6:57:47 AM okhttp3.mockwebserver.MockWebServer$3 processOneRequest
INFO: MockWebServer[52974] received request: GET /apis/entando.org/v1/namespaces/entando-k8s-controller-coordinator-carcpr68/entandoapppluginlinks HTTP/1.1 and responded: HTTP/1.1 200 OK
Feb 26, 2021 6:57:47 AM okhttp3.mockwebserver.MockWebServer$3 processOneRequest
INFO: MockWebServer[52974] received request: GET /apis/entando.org/v1/namespaces/entando-k8s-controller-coordinator-carcpr68/entandoapppluginlinks?watch=**** HTTP/1.1 and responded: HTTP/1.1 200 OK
Feb 26, 2021 6:57:47 AM okhttp3.mockwebserver.MockWebServer$3 processOneRequest
INFO: MockWebServer[52974] received request: GET /apis/entando.org/v1/namespaces/entando-k8s-controller-coordinator-carcpr68/entandoapppluginlinks?watch=**** HTTP/1.1 and responded: HTTP/1.1 200 OK
Feb 26, 2021 6:57:47 AM okhttp3.mockwebserver.MockWebServer$3 processOneRequest
INFO: MockWebServer[52974] received request: GET /api/v1/namespaces/entando-k8s-controller-coordinator-carcpr68 HTTP/1.1 and responded: HTTP/1.1 404 Client Error
Feb 26, 2021 6:57:47 AM io.fabric8.kubernetes.client.dsl.internal.WatchHTTPManager$1 onResponse
INFO: Watch terminated unexpectedly. reason: \n not found: limit=46 content=7b2261706956657273696f6e223a227631222c226b696e64223a224c69737422â€¦
Feb 26, 2021 6:57:47 AM okhttp3.mockwebserver.MockWebServer$3 processOneRequest
INFO: MockWebServer[52974] received request: GET /apis/entando.org/v1/namespaces/default/entandodebundles HTTP/1.1 and responded: HTTP/1.1 200 OK
Feb 26, 2021 6:57:47 AM okhttp3.mockwebserver.MockWebServer$3 processOneRequest
INFO: MockWebServer[52974] received request: GET /apis/entando.org/v1/namespaces/entando-k8s-controller-coordinator-carcpr68/entandodatabaseservices?watch=**** HTTP/1.1 and responded: HTTP/1.1 200 OK
Feb 26, 2021 6:57:47 AM okhttp3.mockwebserver.MockWebServer$3 processOneRequest
INFO: MockWebServer[52974] received request: GET /api/v1/namespaces/entando-k8s-controller-coordinator-carcpr68 HTTP/1.1 and responded: HTTP/1.1 404 Client Error
Feb 26, 2021 6:57:47 AM io.fabric8.kubernetes.client.dsl.internal.WatchHTTPManager$1 onResponse
INFO: Watch terminated unexpectedly. reason: \n not found: limit=46 content=7b2261706956657273696f6e223a227631222c226b696e64223a224c69737422â€¦
Feb 26, 2021 6:57:47 AM okhttp3.mockwebserver.MockWebServer$3 processOneRequest
INFO: MockWebServer[52974] received request: GET /apis/entando.org/v1/namespaces/default/entandodebundles HTTP/1.1 and responded: HTTP/1.1 200 OK
Feb 26, 2021 6:57:48 AM okhttp3.mockwebserver.MockWebServer$3 processOneRequest
INFO: MockWebServer[52974] received request: GET /apis/entando.org/v1/namespaces/entando-k8s-controller-coordinator-carcpr68/entandodebundles HTTP/1.1 and responded: HTTP/1.1 200 OK
Feb 26, 2021 6:57:48 AM io.fabric8.kubernetes.client.dsl.internal.WatchHTTPManager$1 onFailure
INFO: Watch connection failed. reason: e**cutor rejected
Feb 26, 2021 6:57:48 AM okhttp3.mockwebserver.MockWebServer$3 processOneRequest
INFO: MockWebServer[52974] received request: GET /apis/entando.org/v1/namespaces/entando-k8s-controller-coordinator-carcpr68/entandodebundles?watch=**** HTTP/1.1 and responded: HTTP/1.1 200 OK
Feb 26, 2021 6:57:48 AM okhttp3.mockwebserver.MockWebServer$3 processOneRequest
INFO: MockWebServer[52974] received request: GET /apis/entando.org/v1/namespaces/entando-k8s-controller-coordinator-carcpr68/entandokeycloakservers?watch=**** HTTP/1.1 and responded: HTTP/1.1 200 OK
Feb 26, 2021 6:57:48 AM io.fabric8.kubernetes.client.dsl.internal.WatchHTTPManager$1 onResponse
INFO: Watch terminated unexpectedly. reason: \n not found: limit=46 content=7b2261706956657273696f6e223a227631222c226b696e64223a224c69737422â€¦
Feb 26, 2021 6:57:48 AM okhttp3.mockwebserver.MockWebServer$3 processOneRequest
INFO: MockWebServer[52974] received request: GET /apis/entando.org/v1/namespaces/entando-k8s-controller-coordinator-carcpr68/entandodebundles?watch=**** HTTP/1.1 and responded: HTTP/1.1 200 OK
Feb 26, 2021 6:57:48 AM okhttp3.mockwebserver.MockWebServer$3 processOneRequest
INFO: MockWebServer[52974] received request: GET /api/v1/namespaces/entando-k8s-controller-coordinator-carcpr68 HTTP/1.1 and responded: HTTP/1.1 404 Client Error
Feb 26, 2021 6:57:48 AM io.fabric8.kubernetes.client.dsl.internal.WatchHTTPManager$1 onResponse
INFO: Watch terminated unexpectedly. reason: \n not found: limit=46 content=7b2261706956657273696f6e223a227631222c226b696e64223a224c69737422â€¦
Feb 26, 2021 6:57:48 AM okhttp3.mockwebserver.MockWebServer$3 processOneRequest
INFO: MockWebServer[52974] received request: POST /api/v1/namespaces HTTP/1.1 and responded: HTTP/1.1 202 OK
Feb 26, 2021 6:57:48 AM okhttp3.mockwebserver.MockWebServer$3 processOneRequest
INFO: MockWebServer[52974] received request: GET /api/v1/namespaces/entando/configmaps/entando-docker-image-info-v6.3 HTTP/1.1 and responded: HTTP/1.1 404 Client Error
Feb 26, 2021 6:57:48 AM okhttp3.mockwebserver.MockWebServer$3 processOneRequest
INFO: MockWebServer[52974] received request: POST /api/v1/namespaces/entando/configmaps HTTP/1.1 and responded: HTTP/1.1 202 OK
Feb 26, 2021 6:57:48 AM io.fabric8.kubernetes.client.dsl.internal.WatchHTTPManager$1 onResponse
INFO: Watch terminated unexpectedly. reason: \n not found: limit=46 content=7b2261706956657273696f6e223a227631222c226b696e64223a224c69737422â€¦
Feb 26, 2021 6:57:48 AM okhttp3.mockwebserver.MockWebServer$3 processOneRequest
INFO: MockWebServer[52974] received request: GET /apis/entando.org/v1/namespaces/entando-k8s-controller-coordinator-carcpr68/entandoapps?watch=**** HTTP/1.1 and responded: HTTP/1.1 200 OK
Feb 26, 2021 6:57:48 AM okhttp3.mockwebserver.MockWebServer$3 processOneRequest
INFO: MockWebServer[52974] received request: GET /api/v1/namespaces/entando-k8s-controller-coordinator-carcpr68 HTTP/1.1 and responded: HTTP/1.1 200 OK
Feb 26, 2021 6:57:48 AM okhttp3.mockwebserver.MockWebServer$3 processOneRequest
INFO: MockWebServer[52974] received request: GET /apis/entando.org/v1/namespaces/entando-k8s-controller-coordinator-carcpr68/entandokeycloakservers HTTP/1.1 and responded: HTTP/1.1 200 OK
Feb 26, 2021 6:57:48 AM io.fabric8.kubernetes.client.dsl.internal.WatchHTTPManager$1 onResponse
INFO: Watch terminated unexpectedly. reason: \n not found: limit=46 content=7b2261706956657273696f6e223a227631222c226b696e64223a224c69737422â€¦
Feb 26, 2021 6:57:48 AM okhttp3.mockwebserver.MockWebServer$3 processOneRequest
INFO: MockWebServer[52974] received request: GET /apis/entando.org/v1/namespaces/entando-k8s-controller-coordinator-carcpr68/entandoclusterinfrastructures?watch=**** HTTP/1.1 and responded: HTTP/1.1 200 OK
Feb 26, 2021 6:57:48 AM okhttp3.mockwebserver.MockWebServer$3 processOneRequest
INFO: MockWebServer[52974] received request: GET /api/v1/namespaces/entando-k8s-controller-coordinator-carcpr68 HTTP/1.1 and responded: HTTP/1.1 200 OK
Feb 26, 2021 6:57:48 AM io.fabric8.kubernetes.client.dsl.internal.WatchHTTPManager$1 onFailure
INFO: Watch connection failed. reason: e**cutor rejected
Feb 26, 2021 6:57:48 AM okhttp3.mockwebserver.MockWebServer$3 processOneRequest
INFO: MockWebServer[52974] received request: GET /apis/entando.org/v1/namespaces/entando-k8s-controller-coordinator-carcpr68/entandokeycloakservers HTTP/1.1 and responded: HTTP/1.1 200 OK
Feb 26, 2021 6:57:48 AM okhttp3.mockwebserver.MockWebServer$3 processOneRequest
INFO: MockWebServer[52974] received request: POST /apis/entando.org/v1/namespaces/entando-k8s-controller-coordinator-carcpr68/entandokeycloakservers HTTP/1.1 and responded: HTTP/1.1 202 OK
Feb 26, 2021 6:57:48 AM io.fabric8.kubernetes.client.dsl.internal.WatchHTTPManager$1 onResponse
INFO: Watch terminated unexpectedly. reason: \n not found: limit=46 content=7b2261706956657273696f6e223a227631222c226b696e64223a224c69737422â€¦
Feb 26, 2021 6:57:48 AM okhttp3.mockwebserver.MockWebServer$3 processOneRequest
INFO: MockWebServer[52974] received request: GET /apis/entando.org/v1/namespaces/entando-k8s-controller-coordinator-carcpr68/entandoapppluginlinks?watch=**** HTTP/1.1 and responded: HTTP/1.1 200 OK
Feb 26, 2021 6:57:48 AM org.entando.kubernetes.controller.coordinator.EntandoResourceObserver logResource
WARNING: EntandoKeycloakServer entando-k8s-controller-coordinator-carcpr68/test-keycloak has a new resource version: 1
Feb 26, 2021 6:57:48 AM org.entando.kubernetes.controller.coordinator.EntandoResourceObserver logResource
WARNING: EntandoKeycloakServer entando-k8s-controller-coordinator-carcpr68/test-keycloak is a top level resource
Feb 26, 2021 6:57:48 AM org.entando.kubernetes.controller.coordinator.EntandoResourceObserver logResource
WARNING: EntandoKeycloakServer entando-k8s-controller-coordinator-carcpr68/test-keycloak is processed after a metadata.generation increment.
Feb 26, 2021 6:57:48 AM org.entando.kubernetes.controller.coordinator.EntandoResourceObserver logResource
INFO: Received ADDED for the EntandoKeycloakServer entando-k8s-controller-coordinator-carcpr68/test-keycloak
Feb 26, 2021 6:57:48 AM org.entando.kubernetes.client.KubernetesRestInterceptor invoke
INFO: Entering method getNamespace in class org.entando.kubernetes.controller.support.client.EntandoResourceClient
Feb 26, 2021 6:57:48 AM org.entando.kubernetes.client.KubernetesRestInterceptor invoke
INFO: Exiting method getNamespace in class org.entando.kubernetes.controller.support.client.EntandoResourceClient
Feb 26, 2021 6:57:48 AM org.entando.kubernetes.client.KubernetesRestInterceptor invoke
INFO: Entering method loadDockerImageInfoConfigMap in class org.entando.kubernetes.controller.support.client.EntandoResourceClient
Feb 26, 2021 6:57:48 AM okhttp3.mockwebserver.MockWebServer$3 processOneRequest
INFO: MockWebServer[52974] received request: GET /api/v1/namespaces/entando/configmaps/entando-docker-image-info-v6.3 HTTP/1.1 and responded: HTTP/1.1 200 OK
Feb 26, 2021 6:57:48 AM org.entando.kubernetes.client.KubernetesRestInterceptor invoke
INFO: Exiting method loadDockerImageInfoConfigMap in class org.entando.kubernetes.controller.support.client.EntandoResourceClient
Feb 26, 2021 6:57:48 AM org.entando.kubernetes.client.KubernetesRestInterceptor invoke
INFO: Entering method removeAndWait in class org.entando.kubernetes.controller.support.client.PodClient with entando-k8s-controller-coordinator-carcpr68,{EntandoResourceKind=EntandoKeycloakServer, EntandoKeycloakServer=test-keycloak, EntandoResourceNamespace=entando-k8s-controller-coordinator-carcpr68}
Feb 26, 2021 6:57:49 AM okhttp3.mockwebserver.MockWebServer$3 processOneRequest
INFO: MockWebServer[52974] received request: GET /api/v1/namespaces/entando-k8s-controller-coordinator-carcpr68/pods?labelSelector=EntandoResourceNamespace%3Dentando-k8s-controller-coordinator-carcpr68%2CEntandoResourceKind%3DEntandoKeycloakServer%2CEntandoKeycloakServer%3Dtest-keycloak HTTP/1.1 and responded: HTTP/1.1 200 OK
Feb 26, 2021 6:57:49 AM okhttp3.mockwebserver.MockWebServer$3 processOneRequest
INFO: MockWebServer[52974] received request: GET /api/v1/namespaces/entando-k8s-controller-coordinator-carcpr68/pods?labelSelector=EntandoResourceKind%3DEntandoKeycloakServer HTTP/1.1 and responded: HTTP/1.1 200 OK
Feb 26, 2021 6:57:49 AM okhttp3.mockwebserver.MockWebServer$3 processOneRequest
INFO: MockWebServer[52974] received request: GET /api/v1/namespaces/entando-k8s-controller-coordinator-carcpr68/pods?labelSelector=EntandoResourceNamespace%3Dentando-k8s-controller-coordinator-carcpr68%2CEntandoResourceKind%3DEntandoKeycloakServer%2CEntandoKeycloakServer%3Dtest-keycloak&watch=**** HTTP/1.1 and responded: HTTP/1.1 200 OK
Feb 26, 2021 6:57:49 AM okhttp3.mockwebserver.MockWebServer$3 processOneRequest
INFO: MockWebServer[52974] received request: GET /api/v1/namespaces/entando-k8s-controller-coordinator-carcpr68/pods?labelSelector=EntandoResourceNamespace%3Dentando-k8s-controller-coordinator-carcpr68%2CEntandoResourceKind%3DEntandoKeycloakServer%2CEntandoKeycloakServer%3Dtest-keycloak HTTP/1.1 and responded: HTTP/1.1 200 OK
Feb 26, 2021 6:57:49 AM okhttp3.mockwebserver.MockWebServer$3 processOneRequest
INFO: MockWebServer[52974] received request: GET /api/v1/namespaces/entando-k8s-controller-coordinator-carcpr68/pods?labelSelector=EntandoResourceKind%3DEntandoKeycloakServer HTTP/1.1 and responded: HTTP/1.1 200 OK
Feb 26, 2021 6:57:49 AM okhttp3.mockwebserver.MockWebServer$3 processOneRequest
INFO: MockWebServer[52974] received request: GET /api/v1/namespaces/entando-k8s-controller-coordinator-carcpr68/pods?labelSelector=EntandoResourceNamespace%3Dentando-k8s-controller-coordinator-carcpr68%2CEntandoResourceKind%3DEntandoKeycloakServer%2CEntandoKeycloakServer%3Dtest-keycloak&watch=**** HTTP/1.1 and responded: HTTP/1.1 200 OK
Feb 26, 2021 6:57:49 AM okhttp3.mockwebserver.MockWebServer$3 processOneRequest
INFO: MockWebServer[52974] received request: GET /api/v1/namespaces/entando-k8s-controller-coordinator-carcpr68/pods?labelSelector=EntandoResourceNamespace%3Dentando-k8s-controller-coordinator-carcpr68%2CEntandoResourceKind%3DEntandoKeycloakServer%2CEntandoKeycloakServer%3Dtest-keycloak HTTP/1.1 and responded: HTTP/1.1 200 OK
Feb 26, 2021 6:57:49 AM io.fabric8.kubernetes.client.dsl.internal.WatchHTTPManager$1 onResponse
INFO: Watch terminated unexpectedly. reason: \n not found: limit=46 content=7b2261706956657273696f6e223a227631222c226b696e64223a224c69737422â€¦
Feb 26, 2021 6:57:49 AM okhttp3.mockwebserver.MockWebServer$3 processOneRequest
INFO: MockWebServer[52974] received request: GET /apis/entando.org/v1/namespaces/entando-k8s-controller-coordinator-carcpr68/entandoplugins?watch=**** HTTP/1.1 and responded: HTTP/1.1 200 OK
Feb 26, 2021 6:57:49 AM io.fabric8.kubernetes.client.dsl.internal.WatchHTTPManager$1 onResponse
INFO: Watch terminated unexpectedly. reason: \n not found: limit=46 content=7b2261706956657273696f6e223a227631222c226b696e64223a224c69737422â€¦
Feb 26, 2021 6:57:49 AM okhttp3.mockwebserver.MockWebServer$3 processOneRequest
INFO: MockWebServer[52974] received request: GET /apis/entando.org/v1/namespaces/entando-k8s-controller-coordinator-carcpr68/entandodebundles?watch=**** HTTP/1.1 and responded: HTTP/1.1 200 OK
Feb 26, 2021 6:57:49 AM okhttp3.mockwebserver.MockWebServer$3 processOneRequest
INFO: MockWebServer[52974] received request: GET /api/v1/namespaces/entando-k8s-controller-coordinator-carcpr68/pods?labelSelector=EntandoResourceKind%3DEntandoKeycloakServer HTTP/1.1 and responded: HTTP/1.1 200 OK
Feb 26, 2021 6:57:49 AM io.fabric8.kubernetes.client.dsl.internal.WatchHTTPManager$1 onResponse
INFO: Watch terminated unexpectedly. reason: \n not found: limit=46 content=7b2261706956657273696f6e223a227631222c226b696e64223a224c69737422â€¦
Feb 26, 2021 6:57:49 AM okhttp3.mockwebserver.MockWebServer$3 processOneRequest
INFO: MockWebServer[52974] received request: GET /api/v1/namespaces/entando-k8s-controller-coordinator-carcpr68/pods?labelSelector=EntandoResourceKind%3DEntandoKeycloakServer HTTP/1.1 and responded: HTTP/1.1 200 OK
Feb 26, 2021 6:57:49 AM okhttp3.mockwebserver.MockWebServer$3 processOneRequest
INFO: MockWebServer[52974] received request: GET /apis/entando.org/v1/namespaces/entando-k8s-controller-coordinator-carcpr68/entandocompositeapps?watch=**** HTTP/1.1 and responded: HTTP/1.1 200 OK
Feb 26, 2021 6:57:49 AM io.fabric8.kubernetes.client.dsl.internal.WatchHTTPManager$1 onResponse
INFO: Watch terminated unexpectedly. reason: \n not found: limit=46 content=7b2261706956657273696f6e223a227631222c226b696e64223a224c69737422â€¦
Feb 26, 2021 6:57:49 AM okhttp3.mockwebserver.MockWebServer$3 processOneRequest
INFO: MockWebServer[52974] received request: GET /api/v1/namespaces/entando-k8s-controller-coordinator-carcpr68/pods?labelSelector=EntandoResourceKind%3DEntandoKeycloakServer HTTP/1.1 and responded: HTTP/1.1 200 OK
Feb 26, 2021 6:57:49 AM okhttp3.mockwebserver.MockWebServer$3 processOneRequest
INFO: MockWebServer[52974] received request: GET /api/v1/namespaces/entando-k8s-controller-coordinator-carcpr68/pods?labelSelector=EntandoResourceKind%3DEntandoKeycloakServer HTTP/1.1 and responded: HTTP/1.1 200 OK
Feb 26, 2021 6:57:49 AM okhttp3.mockwebserver.MockWebServer$3 processOneRequest
INFO: MockWebServer[52974] received request: GET /api/v1/namespaces/entando-k8s-controller-coordinator-carcpr68/pods?labelSelector=EntandoResourceKind%3DEntandoKeycloakServer HTTP/1.1 and responded: HTTP/1.1 200 OK
Feb 26, 2021 6:57:49 AM io.fabric8.kubernetes.client.dsl.internal.WatchHTTPManager$1 onResponse
INFO: Watch terminated unexpectedly. reason: \n not found: limit=46 content=7b2261706956657273696f6e223a227631222c226b696e64223a224c69737422â€¦
Feb 26, 2021 6:57:49 AM okhttp3.mockwebserver.MockWebServer$3 processOneRequest
INFO: MockWebServer[52974] received request: GET /apis/entando.org/v1/namespaces/entando-k8s-controller-coordinator-carcpr68/entandodatabaseservices?watch=**** HTTP/1.1 and responded: HTTP/1.1 200 OK
Feb 26, 2021 6:57:50 AM okhttp3.mockwebserver.MockWebServer$3 processOneRequest
INFO: MockWebServer[52974] received request: GET /api/v1/namespaces/entando-k8s-controller-coordinator-carcpr68/pods?labelSelector=EntandoResourceKind%3DEntandoKeycloakServer HTTP/1.1 and responded: HTTP/1.1 200 OK
Feb 26, 2021 6:57:50 AM org.entando.kubernetes.client.KubernetesRestInterceptor invoke
INFO: Exiting method removeAndWait in class org.entando.kubernetes.controller.support.client.PodClient
Feb 26, 2021 6:57:50 AM okhttp3.mockwebserver.MockWebServer$3 processOneRequest
INFO: MockWebServer[52974] received request: GET /api/v1/namespaces/entando-k8s-controller-coordinator-carcpr68/pods?labelSelector=EntandoResourceKind%3DEntandoKeycloakServer HTTP/1.1 and responded: HTTP/1.1 200 OK
Feb 26, 2021 6:57:50 AM org.entando.kubernetes.client.KubernetesRestInterceptor invoke
INFO: Entering method overwriteControllerSecret in class org.entando.kubernetes.controller.support.client.SecretClient with Secret: null/test-keycloak-controller-ca-cert-secret
Feb 26, 2021 6:57:50 AM okhttp3.mockwebserver.MockWebServer$3 processOneRequest
INFO: MockWebServer[52974] received request: GET /api/v1/namespaces/entando-k8s-controller-coordinator-carcpr68/pods?labelSelector=EntandoResourceNamespace%3Dentando-k8s-controller-coordinator-carcpr68%2CEntandoResourceKind%3DEntandoKeycloakServer%2CEntandoKeycloakServer%3Dtest-keycloak&watch=**** HTTP/1.1 and responded: HTTP/1.1 200 OK
Feb 26, 2021 6:57:50 AM io.fabric8.kubernetes.client.dsl.internal.WatchHTTPManager$1 onResponse
INFO: Watch terminated unexpectedly. reason: \n not found: limit=46 content=7b2261706956657273696f6e223a227631222c226b696e64223a224c69737422â€¦
Feb 26, 2021 6:57:50 AM io.fabric8.kubernetes.client.dsl.internal.WatchHTTPManager scheduleReconnect
WARN: Ignoring error for already closed/closing connection
Feb 26, 2021 6:57:50 AM okhttp3.mockwebserver.MockWebServer$3 processOneRequest
INFO: MockWebServer[52974] received request: GET /api/v1/namespaces/entando-k8s-controller-coordinator-carcpr68/secrets/test-keycloak-controller-ca-cert-secret HTTP/1.1 and responded: HTTP/1.1 404 Client Error
Feb 26, 2021 6:57:50 AM okhttp3.mockwebserver.MockWebServer$3 processOneRequest
INFO: MockWebServer[52974] received request: GET /api/v1/namespaces/entando-k8s-controller-coordinator-carcpr68/pods?labelSelector=EntandoResourceKind%3DEntandoKeycloakServer HTTP/1.1 and responded: HTTP/1.1 200 OK
Feb 26, 2021 6:57:50 AM okhttp3.mockwebserver.MockWebServer$3 processOneRequest
INFO: MockWebServer[52974] received request: POST /api/v1/namespaces/entando-k8s-controller-coordinator-carcpr68/secrets HTTP/1.1 and responded: HTTP/1.1 202 OK
Feb 26, 2021 6:57:50 AM org.entando.kubernetes.client.KubernetesRestInterceptor invoke
INFO: Exiting method overwriteControllerSecret in class org.entando.kubernetes.controller.support.client.SecretClient
Feb 26, 2021 6:57:50 AM org.entando.kubernetes.client.KubernetesRestInterceptor invoke
INFO: Entering method start in class org.entando.kubernetes.controller.support.client.PodClient with Pod: entando-k8s-controller-coordinator-carcpr68/test-keycloak-deployer-9133
Feb 26, 2021 6:57:50 AM okhttp3.mockwebserver.MockWebServer$3 processOneRequest
INFO: MockWebServer[52974] received request: POST /api/v1/namespaces/entando-k8s-controller-coordinator-carcpr68/pods HTTP/1.1 and responded: HTTP/1.1 202 OK
Feb 26, 2021 6:57:50 AM okhttp3.mockwebserver.MockWebServer$3 processOneRequest
INFO: MockWebServer[52974] received request: GET /apis/entando.org/v1/namespaces/entando-k8s-controller-coordinator-carcpr68/entandoapps?watch=**** HTTP/1.1 and responded: HTTP/1.1 200 OK
Feb 26, 2021 6:57:50 AM org.entando.kubernetes.client.KubernetesRestInterceptor invoke
INFO: Exiting method start in class org.entando.kubernetes.controller.support.client.PodClient
Feb 26, 2021 6:57:50 AM io.fabric8.kubernetes.client.dsl.internal.WatchHTTPManager$1 onResponse
INFO: Watch terminated unexpectedly. reason: \n not found: limit=46 content=7b2261706956657273696f6e223a227631222c226b696e64223a224c69737422â€¦
Feb 26, 2021 6:57:50 AM okhttp3.mockwebserver.MockWebServer$3 processOneRequest
INFO: MockWebServer[52974] received request: GET /api/v1/namespaces/entando-k8s-controller-coordinator-carcpr68/pods?labelSelector=EntandoResourceKind%3DEntandoKeycloakServer HTTP/1.1 and responded: HTTP/1.1 200 OK
Feb 26, 2021 6:57:50 AM okhttp3.mockwebserver.MockWebServer$3 processOneRequest
INFO: MockWebServer[52974] received request: GET /api/v1/namespaces/entando-k8s-controller-coordinator-carcpr68/pods?labelSelector=EntandoResourceKind%3DEntandoKeycloakServer HTTP/1.1 and responded: HTTP/1.1 200 OK
Feb 26, 2021 6:57:50 AM okhttp3.mockwebserver.MockWebServer$3 processOneRequest
INFO: MockWebServer[52974] received request: GET /api/v1/namespaces/entando-k8s-controller-coordinator-carcpr68/pods/test-keycloak-deployer-9133 HTTP/1.1 and responded: HTTP/1.1 200 OK
Feb 26, 2021 6:57:50 AM okhttp3.mockwebserver.MockWebServer$3 processOneRequest
INFO: MockWebServer[52974] received request: GET /apis/entando.org/v1/namespaces/entando-k8s-controller-coordinator-carcpr68/entandoapppluginlinks?watch=**** HTTP/1.1 and responded: HTTP/1.1 200 OK
Feb 26, 2021 6:57:50 AM io.fabric8.kubernetes.client.dsl.internal.WatchHTTPManager$1 onResponse
INFO: Watch terminated unexpectedly. reason: \n not found: limit=46 content=7b2261706956657273696f6e223a227631222c226b696e64223a224c69737422â€¦
Feb 26, 2021 6:57:50 AM okhttp3.mockwebserver.MockWebServer$3 processOneRequest
INFO: MockWebServer[52974] received request: PATCH /api/v1/namespaces/entando-k8s-controller-coordinator-carcpr68/pods/test-keycloak-deployer-9133 HTTP/1.1 and responded: HTTP/1.1 202 OK
Feb 26, 2021 6:57:50 AM org.entando.kubernetes.controller.coordinator.EntandoResourceObserver logResource
WARNING: Duplicate event for EntandoKeycloakServer entando-k8s-controller-coordinator-carcpr68/test-keycloak. ResourceVersion=1
Feb 26, 2021 6:57:51 AM okhttp3.mockwebserver.MockWebServer$3 processOneRequest
INFO: MockWebServer[52974] received request: GET /api/v1/namespaces/entando-k8s-controller-coordinator-carcpr68/pods?labelSelector=EntandoResourceKind%3DEntandoKeycloakServer HTTP/1.1 and responded: HTTP/1.1 200 OK
Feb 26, 2021 6:57:51 AM okhttp3.mockwebserver.MockWebServer$3 processOneRequest
INFO: MockWebServer[52974] received request: GET /api/v1/namespaces/entando-k8s-controller-coordinator-carcpr68/pods?labelSelector=EntandoResourceKind%3DEntandoKeycloakServer HTTP/1.1 and responded: HTTP/1.1 200 OK
Feb 26, 2021 6:57:51 AM okhttp3.mockwebserver.MockWebServer$3 processOneRequest
INFO: MockWebServer[52974] received request: GET /api/v1/namespaces/entando-k8s-controller-coordinator-carcpr68/pods?labelSelector=EntandoResourceKind%3DEntandoKeycloakServer HTTP/1.1 and responded: HTTP/1.1 200 OK
Feb 26, 2021 6:57:51 AM io.fabric8.kubernetes.client.dsl.internal.WatchHTTPManager$1 onResponse
INFO: Watch terminated unexpectedly. reason: \n not found: limit=46 content=7b2261706956657273696f6e223a227631222c226b696e64223a224c69737422â€¦
Feb 26, 2021 6:57:51 AM okhttp3.mockwebserver.MockWebServer$3 processOneRequest
INFO: MockWebServer[52974] received request: GET /apis/entando.org/v1/namespaces/entando-k8s-controller-coordinator-carcpr68/entandodebundles?watch=**** HTTP/1.1 and responded: HTTP/1.1 200 OK
Feb 26, 2021 6:57:51 AM okhttp3.mockwebserver.MockWebServer$3 processOneRequest
INFO: MockWebServer[52974] received request: GET /api/v1/namespaces/entando-k8s-controller-coordinator-carcpr68/pods?labelSelector=EntandoResourceKind%3DEntandoKeycloakServer HTTP/1.1 and responded: HTTP/1.1 200 OK
Feb 26, 2021 6:57:51 AM okhttp3.mockwebserver.MockWebServer$3 processOneRequest
INFO: MockWebServer[52974] received request: GET /api/v1/namespaces/entando-k8s-controller-coordinator-carcpr68/pods?labelSelector=EntandoResourceKind%3DEntandoKeycloakServer HTTP/1.1 and responded: HTTP/1.1 200 OK
Feb 26, 2021 6:57:51 AM okhttp3.mockwebserver.MockWebServer$3 processOneRequest
INFO: MockWebServer[52974] received request: GET /api/v1/namespaces/entando-k8s-controller-coordinator-carcpr68/pods?labelSelector=EntandoResourceKind%3DEntandoKeycloakServer HTTP/1.1 and responded: HTTP/1.1 200 OK
Feb 26, 2021 6:57:51 AM org.entando.kubernetes.client.KubernetesRestInterceptor invoke
INFO: Entering method removeSuccessfullyCompletedPods in class org.entando.kubernetes.controller.support.client.PodClient with entando-k8s-controller-coordinator-carcpr68,{EntandoResourceKind=EntandoKeycloakServer, EntandoKeycloakServer=test-keycloak, EntandoResourceNamespace=entando-k8s-controller-coordinator-carcpr68}
Feb 26, 2021 6:57:51 AM okhttp3.mockwebserver.MockWebServer$3 processOneRequest
INFO: MockWebServer[52974] received request: GET /api/v1/namespaces/entando-k8s-controller-coordinator-carcpr68/pods?labelSelector=EntandoResourceNamespace%3Dentando-k8s-controller-coordinator-carcpr68%2CEntandoResourceKind%3DEntandoKeycloakServer%2CEntandoKeycloakServer%3Dtest-keycloak HTTP/1.1 and responded: HTTP/1.1 200 OK
Feb 26, 2021 6:57:52 AM okhttp3.mockwebserver.MockWebServer$3 processOneRequest
INFO: MockWebServer[52974] received request: GET /api/v1/namespaces/entando-k8s-controller-coordinator-carcpr68/pods?labelSelector=EntandoResourceKind%3DEntandoKeycloakServer HTTP/1.1 and responded: HTTP/1.1 200 OK
Feb 26, 2021 6:57:52 AM okhttp3.mockwebserver.MockWebServer$3 processOneRequest
INFO: MockWebServer[52974] received request: DELETE /api/v1/namespaces/entando-k8s-controller-coordinator-carcpr68/pods/test-keycloak-deployer-9133 HTTP/1.1 and responded: HTTP/1.1 200 OK
Feb 26, 2021 6:57:52 AM org.entando.kubernetes.client.KubernetesRestInterceptor invoke
INFO: Exiting method removeSuccessfullyCompletedPods in class org.entando.kubernetes.controller.support.client.PodClient
Feb 26, 2021 6:57:52 AM okhttp3.mockwebserver.MockWebServer$3 processOneRequest
INFO: MockWebServer[52974] received request: GET /api/v1/namespaces/entando-k8s-controller-coordinator-carcpr68/pods?labelSelector=EntandoResourceKind%3DEntandoKeycloakServer HTTP/1.1 and responded: HTTP/1.1 200 OK
Feb 26, 2021 6:57:52 AM okhttp3.mockwebserver.MockWebServer$2 acceptConnections
INFO: MockWebServer[52974] done accepting connections: Socket closed
Feb 26, 2021 6:57:52 AM io.fabric8.kubernetes.client.dsl.internal.WatchHTTPManager$1 onFailure
INFO: Watch connection failed. reason: Canceled
[INFO] Tests run: 2, Failures: 0, Errors: 0, Skipped: 0, Time elapsed: 17.853 s - in org.entando.kubernetes.controller.coordinator.inprocesstests.ControllerCoordinatorMockedTest
Feb 26, 2021 6:57:52 AM io.fabric8.kubernetes.client.dsl.internal.WatchHTTPManager$1 onFailure
INFO: Watch connection failed. reason: e**cutor rejected
[INFO] 
[INFO] Results:
[INFO] 
[INFO] Tests run: 19, Failures: 0, Errors: 0, Skipped: 0
[INFO] 
[INFO] 
[INFO] --- maven-jar-plugin:3.2.0:jar (default-jar) @ entando-k8s-controller-coordinator ---
[INFO] Building jar: /workspace/source/target/entando-k8s-controller-coordinator-0.0.0-SNAPSHOT-PR-68-2.jar
[INFO] 
[INFO] --- maven-jar-plugin:3.2.0:test-jar (build-test-jar) @ entando-k8s-controller-coordinator ---
[INFO] Building jar: /workspace/source/target/entando-k8s-controller-coordinator-0.0.0-SNAPSHOT-PR-68-2-tests.jar
[INFO] 
[INFO] --- maven-javadoc-plugin:3.2.0:jar (attach-javadocs) @ entando-k8s-controller-coordinator ---
[INFO] No previous run data found, generating javadoc.
[INFO] Building jar: /workspace/source/target/entando-k8s-controller-coordinator-0.0.0-SNAPSHOT-PR-68-2-javadoc.jar
[INFO] 
[INFO] --- license-maven-plugin:2.0.0:aggregate-download-licenses (download-licenses) @ entando-k8s-controller-coordinator ---
[WARNING] No license information available for: com.sun.org.apache:jaxp-ri:1.4
[WARNING] No license information available for: javax.xml.parsers:jaxp-api:1.4
[WARNING] Unable to retrieve license from URL 'https://glassfish.dev.java.net/nonav/public/CDDL+GPL.html' for dependency 'javax.servlet:javax.servlet-api:3.0.1': Certificate for <glassfish.dev.java.net> doesn't match any of the subject alternative names: [*.java.net, java.net]
[WARNING] Unable to retrieve license from URL 'LICENSE.txt' for dependency 'org.awaitility:awaitility:4.0.1': null
Feb 26, 2021 6:58:12 AM org.apache.http.client.protocol.ResponseProcessCookies processCookies
WARNING: Invalid cookie header: "Set-Cookie: _octo=GH1.1.557837508.1614322692; Path=/; Domain=github.com; Expires=Sat, 26 Feb 2022 06:58:12 GMT; Secure; SameSite=Lax". Invalid 'expires' attribute: Sat, 26 Feb 2022 06:58:12 GMT
Feb 26, 2021 6:58:12 AM org.apache.http.client.protocol.ResponseProcessCookies processCookies
WARNING: Invalid cookie header: "Set-Cookie: logged_in=no; Path=/; Domain=github.com; Expires=Sat, 26 Feb 2022 06:58:12 GMT; HttpOnly; Secure; SameSite=Lax". Invalid 'expires' attribute: Sat, 26 Feb 2022 06:58:12 GMT
Feb 26, 2021 6:58:12 AM org.apache.http.client.protocol.ResponseProcessCookies processCookies
WARNING: Invalid cookie header: "Set-Cookie: _octo=GH1.1.299264104.1614322692; Path=/; Domain=github.com; Expires=Sat, 26 Feb 2022 06:58:12 GMT; Secure; SameSite=Lax". Invalid 'expires' attribute: Sat, 26 Feb 2022 06:58:12 GMT
Feb 26, 2021 6:58:13 AM org.apache.http.client.protocol.ResponseProcessCookies processCookies
WARNING: Invalid cookie header: "Set-Cookie: logged_in=no; Path=/; Domain=github.com; Expires=Sat, 26 Feb 2022 06:58:12 GMT; HttpOnly; Secure; SameSite=Lax". Invalid 'expires' attribute: Sat, 26 Feb 2022 06:58:12 GMT
[WARNING] There were 4 download errors - check the warnings above
[INFO] 
[INFO] --- quarkus-maven-plugin:1.2.0.Final:build (default) @ entando-k8s-controller-coordinator ---
[WARNING] [io.quarkus.creator.curator.Curator] These dependencies are not recommended:
	- javax.servlet:javax.servlet-api should be replaced by jakarta.servlet:jakarta.servlet-api
You might end up with two different versions of the same classes or with an artifact you shouldn't have in your classpath.
[INFO] [org.jboss.threads] JBoss Threads version 3.0.0.Final
[WARNING] [io.quarkus.kubernetes.client.deployment.KubernetesClientProcessor] Watcher 'org.entando.kubernetes.controller.coordinator.EntandoResourceObserver' will most likely not work correctly in native mode. Consider specifying the generic type of 'io.fabric8.kubernetes.client.Watcher' that this class handles. See https://quarkus.io/guides/kubernetes-client#note-on-implementing-the-watcher-interface for more details
[WARNING] [io.quarkus.deployment.steps.ReflectiveHierarchyStep] Unable to properly register the hierarchy of the following classes for reflection as they are not in the Jandex index:
	- org.entando.kubernetes.model.EntandoCustomResourceStatus
Consider adding them to the index either by creating a Jandex index for your dependency via the Maven plugin, an empty META-INF/beans.xml or quarkus.index-dependency properties.");.
[INFO] [io.quarkus.deployment.pkg.steps.JarResultBuildStep] Building thin jar: /workspace/source/target/entando-k8s-controller-coordinator-0.0.0-SNAPSHOT-PR-68-2-runner.jar
[INFO] [io.quarkus.deployment.QuarkusAugmentor] Quarkus augmentation completed in 1917ms
[INFO] 
[INFO] --- maven-surefire-report-plugin:3.0.0-M4:failsafe-report-only (integration-tests) @ entando-k8s-controller-coordinator ---
[INFO] 
[INFO] --- dependency-check-maven:6.0.3:aggregate (default) @ entando-k8s-controller-coordinator ---
[INFO] Checking for updates
[INFO] Download Started for NVD CVE - Modified
[INFO] Download Complete for NVD CVE - Modified  (764 ms)
[INFO] Processing Started for NVD CVE - Modified
WARNING: An illegal reflective access operation has occurred
WARNING: Illegal reflective access by com.fasterxml.jackson.module.afterburner.util.MyClassLoader (file:/home/jenkins/.mvnrepository/com/fasterxml/jackson/module/jackson-module-afterburner/2.11.3/jackson-module-afterburner-2.11.3.jar) to method java.lang.ClassLoader.findLoadedClass(java.lang.String)
WARNING: Please consider reporting this to the maintainers of com.fasterxml.jackson.module.afterburner.util.MyClassLoader
WARNING: Use --illegal-access=warn to enable warnings of further illegal reflective access operations
WARNING: All illegal access operations will be denied in a future release
[INFO] Processing Complete for NVD CVE - Modified  (7465 ms)
[INFO] Begin database maintenance
[INFO] Updated the CPE eco****** on 1 NVD records
[INFO] Removed the CPE eco****** on 102 NVD records
[INFO] End database maintenance (797 ms)
[INFO] Check for updates complete (9763 ms)
[INFO] 

Dependency-Check is an open source tool performing a best effort analysis of 3rd party dependencies; false positives and false negatives may exist in the analysis performed by the tool. Use of the tool and the reporting provided constitutes acceptance for use in an AS IS condition, and there are NO warranties, implied or otherwise, with regard to the analysis or its use. Any use of the tool and the reporting provided is at the userâ€™s risk. In no event shall the copyright holder or OWASP be held liable for any damages whatsoever arising out of or in connection with the use of this tool, the analysis performed, or the resulting report.


[INFO] Analysis Started
[INFO] Finished Archive Analyzer (0 seconds)
[INFO] Finished File Name Analyzer (0 seconds)
[INFO] Finished Jar Analyzer (0 seconds)
[INFO] Finished Dependency Merging Analyzer (0 seconds)
[INFO] Finished Version Filter Analyzer (0 seconds)
[INFO] Finished Hint Analyzer (0 seconds)
[INFO] Created CPE Index (2 seconds)
[INFO] Finished CPE Analyzer (4 seconds)
[INFO] Finished False Positive Analyzer (0 seconds)
[INFO] Finished NVD CVE Analyzer (0 seconds)
[INFO] Finished Sonatype OSS Index Analyzer (1 seconds)
[INFO] Finished Vulnerability Suppression Analyzer (0 seconds)
[INFO] Finished Dependency Bundling Analyzer (0 seconds)
[INFO] Analysis Complete (8 seconds)
[INFO] 
[INFO] --- jacoco-maven-plugin:0.8.5:report (report) @ entando-k8s-controller-coordinator ---
[INFO] Loading e**cution data file /workspace/source/target/jacoco.e**c
[INFO] Analyzed bundle 'Entando K8S Controller Coordinator' with 8 classes
[INFO] 
[INFO] --- maven-surefire-report-plugin:3.0.0-M4:report-only (unit-tests) @ entando-k8s-controller-coordinator ---
[WARNING] Unable to locate Test Source XRef to link to - DISABLED
[INFO] 
[INFO] --- maven-install-plugin:2.4:install (default-install) @ entando-k8s-controller-coordinator ---
[INFO] Installing /workspace/source/target/entando-k8s-controller-coordinator-0.0.0-SNAPSHOT-PR-68-2.jar to /home/jenkins/.mvnrepository/org/entando/entando-k8s-controller-coordinator/0.0.0-SNAPSHOT-PR-68-2/entando-k8s-controller-coordinator-0.0.0-SNAPSHOT-PR-68-2.jar
[INFO] Installing /workspace/source/pom.xml to /home/jenkins/.mvnrepository/org/entando/entando-k8s-controller-coordinator/0.0.0-SNAPSHOT-PR-68-2/entando-k8s-controller-coordinator-0.0.0-SNAPSHOT-PR-68-2.pom
[INFO] Installing /workspace/source/target/entando-k8s-controller-coordinator-0.0.0-SNAPSHOT-PR-68-2-tests.jar to /home/jenkins/.mvnrepository/org/entando/entando-k8s-controller-coordinator/0.0.0-SNAPSHOT-PR-68-2/entando-k8s-controller-coordinator-0.0.0-SNAPSHOT-PR-68-2-tests.jar
[INFO] Installing /workspace/source/target/entando-k8s-controller-coordinator-0.0.0-SNAPSHOT-PR-68-2-javadoc.jar to /home/jenkins/.mvnrepository/org/entando/entando-k8s-controller-coordinator/0.0.0-SNAPSHOT-PR-68-2/entando-k8s-controller-coordinator-0.0.0-SNAPSHOT-PR-68-2-javadoc.jar
[INFO] 
[INFO] --- maven-deploy-plugin:2.8.2:deploy (default-deploy) @ entando-k8s-controller-coordinator ---
[INFO] Using alternate deployment repository local-nexus::default::http://nexus/repository/maven-releases/
[INFO] 
[INFO] -----------< org.entando:entando-k8s-controller-coordinator >-----------
[INFO] Building Entando K8S Controller Coordinator 0.0.0-SNAPSHOT-PR-68-2
[INFO] --------------------------------[ jar ]---------------------------------
[INFO] 
[INFO] --- sonar-maven-plugin:3.8.0.2131:sonar (default-cli) @ entando-k8s-controller-coordinator ---
[INFO] User cache: /****/.sonar/cache
[INFO] SonarQube version: 8.5.0
[INFO] Default locale: "en_US", source code encoding: "UTF-8"
[INFO] Load global settings
[INFO] Load global settings (done) | time=230ms
[INFO] Server id: 1BD809FA-AWHW8ct9-T_TB3XqouNu
[INFO] User cache: /****/.sonar/cache
[INFO] Load/download plugins
[INFO] Load plugins index
[INFO] Load plugins index (done) | time=91ms
[INFO] Load/download plugins (done) | time=23337ms
[INFO] Loaded core extensions: developer-scanner
[INFO] JavaScript/TypeScript frontend is enabled
[INFO] Load project settings for component key: 'entando-k8s_entando-k8s-controller-coordinator'
[INFO] Load project settings for component key: 'entando-k8s_entando-k8s-controller-coordinator' (done) | time=36ms
[INFO] Process project properties
[INFO] E**cute project builders
[INFO] E**cute project builders (done) | time=2ms
[INFO] Project key: entando-k8s_entando-k8s-controller-coordinator
[INFO] Base dir: /workspace/source
[INFO] Working dir: /workspace/source/target/sonar
[INFO] Load project branches
[INFO] Load project branches (done) | time=53ms
[INFO] Check ALM binding of project 'entando-k8s_entando-k8s-controller-coordinator'
[INFO] Detected project binding: BOUND
[INFO] Check ALM binding of project 'entando-k8s_entando-k8s-controller-coordinator' (done) | time=22ms
[INFO] Load project pull requests
[INFO] Load project pull requests (done) | time=61ms
[INFO] Load branch configuration
[INFO] Load branch configuration (done) | time=503ms
[INFO] Load quality profiles
[INFO] Load quality profiles (done) | time=94ms
[INFO] Load active rules
[INFO] Load active rules (done) | time=1280ms
[INFO] Organization key: entando-k8s
[INFO] Pull request 68 for merge into master from ENG-1829
[INFO] SCM collecting changed files in the branch
[WARNING] Exception caught during e**cution of command '[/usr/local/git/bin/git, config, --******, --edit]' in '/usr/local/git/bin', return code '128', error message 'fatal: Invalid path '/usr/local/git/etc': No such file or directory
'
[INFO] SCM collecting changed files in the branch (done) | time=325ms
[INFO] Indexing files...
[INFO] Project configuration:
[INFO] 19 files inde**d
[INFO] 0 files ignored because of scm ignore settings
[INFO] Quality profile for java: Sonar way
[INFO] Quality profile for xml: Sonar way
[INFO] ------------- Run sensors on module Entando K8S Controller Coordinator
[INFO] JavaScript/TypeScript frontend is enabled
[INFO] Load metrics repository
[INFO] Load metrics repository (done) | time=29ms
[INFO] Sensor JavaSquidSensor [java]
[INFO] Configured Java source version (sonar.java.source): 9
[INFO] JavaClasspath initialization
[INFO] JavaClasspath initialization (done) | time=24ms
[INFO] JavaTestClasspath initialization
[INFO] JavaTestClasspath initialization (done) | time=3ms
[INFO] Java Main Files AST scan
[INFO] 9 source files to be analyzed
[INFO] Java Main Files AST scan (done) | time=5316ms
[INFO] Java Test Files AST scan
[INFO] 9 source files to be analyzed
[INFO] 9/9 source files have been analyzed
[INFO] Java Test Files AST scan (done) | time=1148ms
[INFO] Java Generated Files AST scan
[INFO] 0 source files to be analyzed
[INFO] Java Generated Files AST scan (done) | time=1ms
[INFO] 0/0 source files have been analyzed
[INFO] Sensor JavaSquidSensor [java] (done) | time=6996ms
[INFO] Sensor SonarCSS Rules [cssfamily]
[INFO] No CSS, PHP, HTML or VueJS files are found in the project. CSS analysis is skipped.
[INFO] Sensor SonarCSS Rules [cssfamily] (done) | time=1ms
[INFO] Sensor C# Properties [csharp]
[INFO] 9/9 source files have been analyzed
[INFO] Sensor C# Properties [csharp] (done) | time=1ms
[INFO] Sensor Import of Checkstyle issues [java]
[INFO] Importing /workspace/source/target/checkstyle-result.xml
[INFO] Sensor Import of Checkstyle issues [java] (done) | time=91ms
[INFO] Sensor SurefireSensor [java]
[INFO] parsing [/workspace/source/target/surefire-reports]
[INFO] Sensor SurefireSensor [java] (done) | time=47ms
[INFO] Sensor JavaXmlSensor [java]
[INFO] 1 source files to be analyzed
[INFO] Sensor JavaXmlSensor [java] (done) | time=244ms
[INFO] 1/1 source files have been analyzed
[INFO] Sensor HTML [web]
[INFO] Sensor HTML [web] (done) | time=6ms
[INFO] Sensor XML Sensor [xml]
[INFO] 1 source file to be analyzed
[INFO] 1/1 source file has been analyzed
[INFO] Sensor XML Sensor [xml] (done) | time=253ms
[INFO] Sensor VB.NET Properties [vbnet]
[INFO] Sensor VB.NET Properties [vbnet] (done) | time=1ms
[INFO] Sensor JaCoCo XML Report Importer [jacoco]
[INFO] Importing 1 report(s). Turn your logs in debug mode in order to see the exhaustive list.
[INFO] Sensor JaCoCo XML Report Importer [jacoco] (done) | time=43ms
[INFO] Sensor ThymeLeaf template sensor [securityjavafrontend]
[INFO] Sensor ThymeLeaf template sensor [securityjavafrontend] (done) | time=3ms
[INFO] Sensor JavaSecuritySensor [security]
[INFO] Reading type hierarchy from: /workspace/source/target/sonar/ucfg2/java
[INFO] Read 115 type definitions
[INFO] Reading UCFGs from: /workspace/source/target/sonar/ucfg2/java
[INFO] 06:59:25.886773 Building Runtime Type propagation graph
[INFO] 06:59:25.906008 Running Tarjan on 172 nodes
[INFO] 06:59:25.910318 Tarjan found 172 components
[INFO] 06:59:25.916481 Variable type analysis: done
[INFO] 06:59:25.917656 Building Runtime Type propagation graph
[INFO] 06:59:25.930097 Running Tarjan on 172 nodes
[INFO] 06:59:25.931839 Tarjan found 172 components
[INFO] 06:59:25.933379 Variable type analysis: done
[INFO] Analyzing 52 ucfgs to detect vulnerabilities.
[INFO] All rules entrypoints : 0 Retained UCFGs : 0
[INFO] rule: S5131, entrypoints: 0
[INFO] rule: S5131 done
[INFO] rule: S3649, entrypoints: 0
[INFO] rule: S3649 done
[INFO] rule: S2076, entrypoints: 0
[INFO] rule: S2076 done
[INFO] rule: S2091, entrypoints: 0
[INFO] rule: S2091 done
[INFO] rule: S2078, entrypoints: 0
[INFO] rule: S2078 done
[INFO] rule: S2631, entrypoints: 0
[INFO] rule: S2631 done
[INFO] rule: S5135, entrypoints: 0
[INFO] rule: S5135 done
[INFO] rule: S2083, entrypoints: 0
[INFO] rule: S2083 done
[INFO] rule: S5167, entrypoints: 0
[INFO] rule: S5167 done
[INFO] rule: S5144, entrypoints: 0
[INFO] rule: S5144 done
[INFO] rule: S5145, entrypoints: 0
[INFO] rule: S5145 done
[INFO] rule: S5146, entrypoints: 0
[INFO] rule: S5146 done
[INFO] rule: S5334, entrypoints: 0
[INFO] rule: S5334 done
[INFO] rule: S6096, entrypoints: 0
[INFO] rule: S6096 done
[INFO] Sensor JavaSecuritySensor [security] (done) | time=686ms
[INFO] Sensor CSharpSecuritySensor [security]
[INFO] Reading type hierarchy from: /workspace/source/target/ucfg_cs2
[INFO] Read 0 type definitions
[INFO] Reading UCFGs from: /workspace/source/target/ucfg_cs2
[INFO] No UCFGs have been included for analysis.
[INFO] Sensor CSharpSecuritySensor [security] (done) | time=1ms
[INFO] Sensor PhpSecuritySensor [security]
[INFO] Reading type hierarchy from: /workspace/source/target/sonar/ucfg2/php
[INFO] Read 0 type definitions
[INFO] Reading UCFGs from: /workspace/source/target/sonar/ucfg2/php
[INFO] No UCFGs have been included for analysis.
[INFO] Sensor PhpSecuritySensor [security] (done) | time=1ms
[INFO] Sensor PythonSecuritySensor [security]
[INFO] Reading type hierarchy from: /workspace/source/target/sonar/ucfg2/python
[INFO] Read 0 type definitions
[INFO] Reading UCFGs from: /workspace/source/target/sonar/ucfg2/python
[INFO] No UCFGs have been included for analysis.
[INFO] Sensor PythonSecuritySensor [security] (done) | time=1ms
[INFO] Sensor JsSecuritySensor [security]
[INFO] Reading type hierarchy from: /workspace/source/target/sonar/ucfg2/js
[INFO] Read 0 type definitions
[INFO] Reading UCFGs from: /workspace/source/target/sonar/ucfg2/js
[INFO] No UCFGs have been included for analysis.
[INFO] Sensor JsSecuritySensor [security] (done) | time=0ms
[INFO] ------------- Run sensors on project
[INFO] Sensor Zero Coverage Sensor
[INFO] Sensor Zero Coverage Sensor (done) | time=1ms
[INFO] Sensor Java CPD Block Inde**r
[INFO] Sensor Java CPD Block Inde**r (done) | time=49ms
[INFO] SCM Publisher SCM provider for this project is: git
[INFO] SCM Publisher 6 source files to be analyzed
[INFO] SCM Publisher 5/6 source files have been analyzed (done) | time=205ms
[WARNING] Missing blame information for the following files:
[WARNING]   * pom.xml
[WARNING] This may lead to missing/broken features in SonarCloud
[INFO] CPD E**cutor 2 files had no CPD blocks
[INFO] CPD E**cutor Calculating CPD for 7 files
[INFO] CPD E**cutor CPD calculation finished (done) | time=13ms
[INFO] SCM writing changed lines
[WARNING] File '/workspace/source/src/main/java/org/entando/kubernetes/controller/coordinator/EntandoOperatorMatcher.java' was detected as changed but without having changed lines
[INFO] SCM writing changed lines (done) | time=79ms
[INFO] Analysis report generated in 235ms, dir size=272 KB
[INFO] Analysis report compressed in 59ms, zip size=75 KB
[INFO] Analysis report uploaded in 146ms
[INFO] ANALYSIS SUCCESSFUL, you can find the results at: https://sonarcloud.io/dashboard?id=entando-k8s_entando-k8s-controller-coordinator&pullRequest=68
[INFO] Note that you will be able to access the updated dashboard once the server has processed the submitted analysis report
[INFO] More about the report processing at https://sonarcloud.io/api/ce/task?id=AXfdIpSCkrvyTOkZ7-bk
[INFO] Analysis total time: 15.106 s
[INFO] ------------------------------------------------------------------------
[INFO] BUILD SUCCESS
[INFO] ------------------------------------------------------------------------
[INFO] Total time:  02:21 min
[INFO] Finished at: 2021-02-26T06:59:27Z
[INFO] ------------------------------------------------------------------------
Picked up _JAVA_OPTIONS: -XX:+UnlockExperimentalVMOptions -Dsun.zip.disableMemoryMapping=**** -XX:+UseParallelGC -XX:MinHeapFreeRatio=5 -XX:MaxHeapFreeRatio=10 -XX:GCTimeRatio=4 -XX:AdaptiveSizePolicyWeight=90 -Xms1000m -Xmx12000m
[INFO] Scanning for projects...
[INFO] 
[INFO] -----------< org.entando:entando-k8s-controller-coordinator >-----------
[INFO] Building Entando K8S Controller Coordinator 0.0.0-SNAPSHOT-PR-68-2
[INFO] --------------------------------[ jar ]---------------------------------
[INFO] 
[INFO] --- maven-site-plugin:3.9.0:site (default-site) @ entando-k8s-controller-coordinator ---
[INFO] configuring report plugin org.apache.maven.plugins:maven-project-info-reports-plugin:3.0.0
[INFO] 9 reports configured for maven-project-info-reports-plugin:3.0.0: dependency-info, distribution-management, index, ci-management, issue-management, licenses, plugins, scm, summary
[INFO] Rendering site with default locale English (en)
[WARNING] Unable to find a URL to the parent project. The parent menu will NOT be added.
[INFO] Relativizing decoration links with respect to localized project URL: https://central.entando.com
[INFO] Rendering content with org.apache.maven.skins:maven-default-skin:jar:1.3 skin.
[INFO] Generating "Dependency Information" report --- maven-project-info-reports-plugin:3.0.0:dependency-info
[INFO] Generating "About" report         --- maven-project-info-reports-plugin:3.0.0:index
[INFO] Generating "Issue Management" report --- maven-project-info-reports-plugin:3.0.0:issue-management
[INFO] Generating "Licenses" report      --- maven-project-info-reports-plugin:3.0.0:licenses
[INFO] Generating "Plugins" report       --- maven-project-info-reports-plugin:3.0.0:plugins
[INFO] Generating "Source Code Management" report --- maven-project-info-reports-plugin:3.0.0:scm
[INFO] Generating "Summary" report       --- maven-project-info-reports-plugin:3.0.0:summary
[INFO] ------------------------------------------------------------------------
[INFO] BUILD SUCCESS
[INFO] ------------------------------------------------------------------------
[INFO] Total time:  16.055 s
[INFO] Finished at: 2021-02-26T06:59:45Z
[INFO] ------------------------------------------------------------------------
error: etcdserver: request is too large
Congratulations! No build failures found for entando-k8s-controller-coordinator-PR-68.

Showing logs for build [32mentando-k8s-entando-k8s-control-jtjqq-2[0m stage [32mfrom-build-pack[0m and container [32mstep-build-container-build[0m
Generating tags...
 - entando/entando-k8s-controller-coordinator -> docker.io/entando/entando-k8s-controller-coordinator:0.0.0-SNAPSHOT-PR-68-2
Checking cache...
 - entando/entando-k8s-controller-coordinator: Not found. Building
Building [entando/entando-k8s-controller-coordinator]...
Sending build context to Docker daemon  157.7kB
Step 1/7 : FROM entando/entando-k8s-operator-common:6.3.7
 ---> 85633026ebbe
Step 2/7 : ARG VERSION
 ---> Using cache
 ---> 597e7d1410af
Step 3/7 : LABEL name "Entando K8S Controller Coordinator" vendor "Entando" version "v${VERSION}" release "6" summary "This container is the entrypoint for the Entando Operator and launches delegate containers to process Entando custom resources." description "This is container runs background threads that observe events occurring against Entando custom resources.                    When it detects an event against a known Entando custom resource, it spawns the appropriate run-to-completion                    container to process the event in question."
 ---> Running in 662961f9bc5e
 ---> 0e683e2d9f0e
Step 4/7 : ENV JAVA_OPTIONS "-Djava.util.logging.manager=org.jboss.logmanager.LogManager"
 ---> Running in 6cbf10af27ad
 ---> 4b162e92f7c0
Step 5/7 : ENV AB_ENABLED jmx_exporter
 ---> Running in 7642a789baa5
 ---> 6cec1884cbfd
Step 6/7 : COPY target/*-runner.jar /deployments/app.jar
 ---> 48ef44aee2af
Step 7/7 : ENTRYPOINT /deployments/run-java.sh
 ---> Running in 4895ac2de9b1
 ---> 2d6fa841e073
Successfully built 2d6fa841e073
The push refers to a repository [docker.io/entando/entando-k8s-controller-coordinator]
9b223b27b64d: Preparing
1863128980ff: Preparing
e811284c96e8: Preparing
523a9c2720f8: Preparing
088e643aafac: Preparing
00af10937683: Preparing
3aa55ff7bca1: Preparing
00af10937683: Waiting
1863128980ff: Layer already exists
523a9c2720f8: Layer already exists
088e643aafac: Layer already exists
e811284c96e8: Layer already exists
3aa55ff7bca1: Layer already exists
00af10937683: Layer already exists
9b223b27b64d: Pushed
0.0.0-SNAPSHOT-PR-68-2: digest: sha256:aacfc92978a05d92ec8694d6f19d63bad8c32218f96d4c1d9c91b08d6c448a79 size: 1791

Showing logs for build [32mentando-k8s-entando-k8s-control-jtjqq-2[0m stage [32mfrom-build-pack[0m and container [32mstep-postbuild-post-build[0m
no CVE provider running in the current ** namespace so skip adding image to be analysed

Showing logs for build [32mentando-k8s-entando-k8s-control-jtjqq-2[0m stage [32mfrom-build-pack[0m and container [32mstep-promote-make-preview[0m
Creating /builder/home/.helm 
Creating /builder/home/.helm/repository 
Creating /builder/home/.helm/repository/cache 
Creating /builder/home/.helm/repository/local 
Creating /builder/home/.helm/plugins 
Creating /builder/home/.helm/starters 
Creating /builder/home/.helm/cache/archive 
Creating /builder/home/.helm/repository/repositories.yaml 
Adding stable repo with URL: https://charts.helm.sh/stable 
Adding local repo with URL: http://127.0.0.1:8879/charts 
$HELM_HOME has been configured at /builder/home/.helm.
Not installing Tiller due to 'client-only' flag having been set
sed -i -e "s/version:.*/version: 0.0.0-SNAPSHOT-PR-68-2/" Chart.yaml
sed -i -e "s/version:.*/version: 0.0.0-SNAPSHOT-PR-68-2/" ../*/Chart.yaml
sed -i -e "s|repository:.*|repository: docker.io\/entando\/entando-k8s-controller-coordinator|" values.yaml
sed -i -e "s/tag:.*/tag: 0.0.0-SNAPSHOT-PR-68-2/" values.yaml
sed -i -e "s/redhatRegistryCredentials:.*/redhatRegistryCredentials: ********************************************************************************************************************************************************************************************************************************************************************************************************************************************************************/" values.yaml
sed -i -e "s/ENTANDO_DOCKER_REGISTRY_OVERRIDE:.*/ENTANDO_DOCKER_REGISTRY_OVERRIDE: docker.io/" values.yaml
echo "  version: 0.0.0-SNAPSHOT-PR-68-2" >> requirements.yaml
** step helm build
WARNING: No $CHART_REPOSITORY defined so using the default value of: http://jenkins-x-chartmuseum:8080
Adding missing Helm repo: storage.googleapis.com https://storage.googleapis.com/chartmuseum.jenkins-x.io
Successfully added Helm repository storage.googleapis.com.
Adding missing Helm repo: jenkins-x-chartmuseum http://jenkins-x-chartmuseum:8080
Successfully added Helm repository jenkins-x-chartmuseum.
WARNING: No $CHART_REPOSITORY defined so using the default value of: http://jenkins-x-chartmuseum:8080

Showing logs for build [32mentando-k8s-entando-k8s-control-jtjqq-2[0m stage [32mfrom-build-pack[0m and container [32mstep-promote-jx-preview[0m
Creating a preview
Found commit author match for: ampie with email address: ampie.private@gmail.com
Namespace entando-k8s-controller-coordinator-carcpr68 created 
expose:
  Annotations:
    helm.sh/hook: post-install,post-upgrade
    helm.sh/hook-delete-policy: hook-succeeded
  config:
    domain: *************
    exposer: Ingress
    http: "****"
preview:
  image:
    repository: docker.io/entando/entando-k8s-controller-coordinator
    tag: 0.0.0-SNAPSHOT-PR-68-2

WARNING: Could not find the service URL in namespace entando-k8s-controller-coordinator-carcpr68 for names : Timed out after 1m0s, last error: %!s(<nil>)
Updating PipelineActivities entando-k8s-entando-k8s-controller-coordinator-pr-68-2 which has status Running
WARNING: Failed to find the service entando-k8s-controller-coordinator : failed to find service entando-k8s-controller-coordinator in namespace entando-k8s-controller-coordinator-carcpr68: services "entando-k8s-controller-coordinator" not found

Showing logs for build [32mentando-k8s-entando-k8s-control-jtjqq-2[0m stage [32mfrom-build-pack[0m and container [32mstep-promote-run-post-deployment-tests[0m
Picked up _JAVA_OPTIONS: -XX:+UnlockExperimentalVMOptions -Dsun.zip.disableMemoryMapping=**** -XX:+UseParallelGC -XX:MinHeapFreeRatio=5 -XX:MaxHeapFreeRatio=10 -XX:GCTimeRatio=4 -XX:AdaptiveSizePolicyWeight=90 -Xms1000m -Xmx12000m
[INFO] Scanning for projects...
[INFO] 
[INFO] -----------< org.entando:entando-k8s-controller-coordinator >-----------
[INFO] Building Entando K8S Controller Coordinator 0.0.0-SNAPSHOT-PR-68-2
[INFO] --------------------------------[ jar ]---------------------------------
[INFO] 
[INFO] --- maven-resources-plugin:2.6:resources (default-resources) @ entando-k8s-controller-coordinator ---
[INFO] Using 'UTF-8' encoding to copy filtered resources.
[INFO] Copying 3 resources
[INFO] 
[INFO] --- maven-compiler-plugin:3.8.1:compile (default-compile) @ entando-k8s-controller-coordinator ---
[INFO] Nothing to compile - all classes are up to date
[INFO] 
[INFO] --- maven-resources-plugin:2.6:testResources (default-testResources) @ entando-k8s-controller-coordinator ---
[INFO] Using 'UTF-8' encoding to copy filtered resources.
[INFO] Copying 6 resources
[INFO] 
[INFO] --- maven-compiler-plugin:3.8.1:testCompile (default-testCompile) @ entando-k8s-controller-coordinator ---
[INFO] Nothing to compile - all classes are up to date
[INFO] 
[INFO] --- maven-surefire-plugin:3.0.0-M1:test (default-test) @ entando-k8s-controller-coordinator ---
[INFO] Tests are skipped.
[INFO] 
[INFO] --- maven-jar-plugin:3.2.0:jar (default-jar) @ entando-k8s-controller-coordinator ---
[INFO] 
[INFO] --- maven-jar-plugin:3.2.0:test-jar (build-test-jar) @ entando-k8s-controller-coordinator ---
[INFO] 
[INFO] --- maven-failsafe-plugin:3.0.0-M4:integration-test (run-tests) @ entando-k8s-controller-coordinator ---
[INFO] 
[INFO] -------------------------------------------------------
[INFO]  T E S T S
[INFO] -------------------------------------------------------
[INFO] Running org.entando.kubernetes.controller.coordinator.interprocesstests.ControllerCoordinatorIntegratedTest
ADDED:PodStatus(conditions=[PodCondition(lastProbeTime=null, lastTransitionTime=2021-02-26T07:02:28Z, message=null, reason=null, status=True, type=Initialized, additionalProperties={}), PodCondition(lastProbeTime=null, lastTransitionTime=2021-02-26T07:02:28Z, message=containers with unready status: [db-container], reason=ContainersNotReady, status=False, type=Ready, additionalProperties={}), PodCondition(lastProbeTime=null, lastTransitionTime=null, message=containers with unready status: [db-container], reason=ContainersNotReady, status=False, type=ContainersReady, additionalProperties={}), PodCondition(lastProbeTime=null, lastTransitionTime=2021-02-26T07:02:28Z, message=null, reason=null, status=True, type=PodScheduled, additionalProperties={})], containerStatuses=[ContainerStatus(containerID=null, image=registry.redhat.io/rhel8/********ql-12:latest, imageID=, lastState=ContainerState(running=null, terminated=null, waiting=null, additionalProperties={}), name=db-container, ready=false, restartCount=0, started=null, state=ContainerState(running=null, terminated=null, waiting=ContainerStateWaiting(message=null, reason=ContainerCreating, additionalProperties={}), additionalProperties={}), additionalProperties={})], ephemeralContainerStatuses=[], hostIP=54.36.53.206, initContainerStatuses=[], message=null, nominatedNodeName=null, phase=Pending, podIP=null, podIPs=[], qosClass=Burstable, reason=null, startTime=2021-02-26T07:02:28Z, additionalProperties={})
MODIFIED:PodStatus(conditions=[PodCondition(lastProbeTime=null, lastTransitionTime=2021-02-26T07:02:28Z, message=null, reason=null, status=True, type=Initialized, additionalProperties={}), PodCondition(lastProbeTime=null, lastTransitionTime=2021-02-26T07:02:28Z, message=containers with unready status: [db-container], reason=ContainersNotReady, status=False, type=Ready, additionalProperties={}), PodCondition(lastProbeTime=null, lastTransitionTime=null, message=containers with unready status: [db-container], reason=ContainersNotReady, status=False, type=ContainersReady, additionalProperties={}), PodCondition(lastProbeTime=null, lastTransitionTime=2021-02-26T07:02:28Z, message=null, reason=null, status=True, type=PodScheduled, additionalProperties={})], containerStatuses=[ContainerStatus(containerID=docker://18e5d0b5ba12ff7c7f920f59366d3b22ce52b96e114a884ff90570ba41984d37, image=registry.redhat.io/rhel8/********ql-12:latest, imageID=docker-pullable://registry.redhat.io/rhel8/********ql-12@sha256:c6b6da4f762c2f68bfe558efe954739438ffa2e9aae1c617b50011fb0eed8347, lastState=ContainerState(running=null, terminated=null, waiting=null, additionalProperties={}), name=db-container, ready=false, restartCount=0, started=null, state=ContainerState(running=ContainerStateRunning(startedAt=2021-02-26T07:02:33Z, additionalProperties={}), terminated=null, waiting=null, additionalProperties={}), additionalProperties={})], ephemeralContainerStatuses=[], hostIP=54.36.53.206, initContainerStatuses=[], message=null, nominatedNodeName=null, phase=Running, podIP=10.128.0.85, podIPs=[], qosClass=Burstable, reason=null, startTime=2021-02-26T07:02:28Z, additionalProperties={})
MODIFIED:PodStatus(conditions=[PodCondition(lastProbeTime=null, lastTransitionTime=2021-02-26T07:02:28Z, message=null, reason=null, status=True, type=Initialized, additionalProperties={}), PodCondition(lastProbeTime=null, lastTransitionTime=2021-02-26T07:03:11Z, message=null, reason=null, status=True, type=Ready, additionalProperties={}), PodCondition(lastProbeTime=null, lastTransitionTime=null, message=null, reason=null, status=True, type=ContainersReady, additionalProperties={}), PodCondition(lastProbeTime=null, lastTransitionTime=2021-02-26T07:02:28Z, message=null, reason=null, status=True, type=PodScheduled, additionalProperties={})], containerStatuses=[ContainerStatus(containerID=docker://18e5d0b5ba12ff7c7f920f59366d3b22ce52b96e114a884ff90570ba41984d37, image=registry.redhat.io/rhel8/********ql-12:latest, imageID=docker-pullable://registry.redhat.io/rhel8/********ql-12@sha256:c6b6da4f762c2f68bfe558efe954739438ffa2e9aae1c617b50011fb0eed8347, lastState=ContainerState(running=null, terminated=null, waiting=null, additionalProperties={}), name=db-container, ready=****, restartCount=0, started=null, state=ContainerState(running=ContainerStateRunning(startedAt=2021-02-26T07:02:33Z, additionalProperties={}), terminated=null, waiting=null, additionalProperties={}), additionalProperties={})], ephemeralContainerStatuses=[], hostIP=54.36.53.206, initContainerStatuses=[], message=null, nominatedNodeName=null, phase=Running, podIP=10.128.0.85, podIPs=[], qosClass=Burstable, reason=null, startTime=2021-02-26T07:02:28Z, additionalProperties={})
Finished: test-keycloak-db-deployment-5dd995cb96-68nsz
ADDED:PodStatus(conditions=[PodCondition(lastProbeTime=null, lastTransitionTime=2021-02-26T07:03:12Z, message=containers with incomplete status: [test-keycloak-db-schema-creation-job], reason=ContainersNotInitialized, status=False, type=Initialized, additionalProperties={}), PodCondition(lastProbeTime=null, lastTransitionTime=2021-02-26T07:03:12Z, message=containers with unready status: [dummy], reason=ContainersNotReady, status=False, type=Ready, additionalProperties={}), PodCondition(lastProbeTime=null, lastTransitionTime=null, message=containers with unready status: [dummy], reason=ContainersNotReady, status=False, type=ContainersReady, additionalProperties={}), PodCondition(lastProbeTime=null, lastTransitionTime=2021-02-26T07:03:12Z, message=null, reason=null, status=True, type=PodScheduled, additionalProperties={})], containerStatuses=[ContainerStatus(containerID=null, image=docker.io/entando/busybox:latest, imageID=, lastState=ContainerState(running=null, terminated=null, waiting=null, additionalProperties={}), name=dummy, ready=false, restartCount=0, started=null, state=ContainerState(running=null, terminated=null, waiting=ContainerStateWaiting(message=null, reason=PodInitializing, additionalProperties={}), additionalProperties={}), additionalProperties={})], ephemeralContainerStatuses=[], hostIP=54.36.53.206, initContainerStatuses=[ContainerStatus(containerID=null, image=docker.io/entando/entando-k8s-dbjob:6.3.1, imageID=, lastState=ContainerState(running=null, terminated=null, waiting=null, additionalProperties={}), name=test-keycloak-db-schema-creation-job, ready=false, restartCount=0, started=null, state=ContainerState(running=null, terminated=null, waiting=ContainerStateWaiting(message=null, reason=PodInitializing, additionalProperties={}), additionalProperties={}), additionalProperties={})], message=null, nominatedNodeName=null, phase=Pending, podIP=null, podIPs=[], qosClass=BestEffort, reason=null, startTime=2021-02-26T07:03:12Z, additionalProperties={})
MODIFIED:PodStatus(conditions=[PodCondition(lastProbeTime=null, lastTransitionTime=2021-02-26T07:03:12Z, message=containers with incomplete status: [test-keycloak-db-schema-creation-job], reason=ContainersNotInitialized, status=False, type=Initialized, additionalProperties={}), PodCondition(lastProbeTime=null, lastTransitionTime=2021-02-26T07:03:12Z, message=containers with unready status: [dummy], reason=ContainersNotReady, status=False, type=Ready, additionalProperties={}), PodCondition(lastProbeTime=null, lastTransitionTime=null, message=containers with unready status: [dummy], reason=ContainersNotReady, status=False, type=ContainersReady, additionalProperties={}), PodCondition(lastProbeTime=null, lastTransitionTime=2021-02-26T07:03:12Z, message=null, reason=null, status=True, type=PodScheduled, additionalProperties={})], containerStatuses=[ContainerStatus(containerID=null, image=docker.io/entando/busybox:latest, imageID=, lastState=ContainerState(running=null, terminated=null, waiting=null, additionalProperties={}), name=dummy, ready=false, restartCount=0, started=null, state=ContainerState(running=null, terminated=null, waiting=ContainerStateWaiting(message=null, reason=PodInitializing, additionalProperties={}), additionalProperties={}), additionalProperties={})], ephemeralContainerStatuses=[], hostIP=54.36.53.206, initContainerStatuses=[ContainerStatus(containerID=docker://c55b7c767b652d0c81f5ee4627b644618ae422ae37552d4d17e61ae2da10f122, image=docker.io/entando/entando-k8s-dbjob:6.3.1, imageID=docker-pullable://docker.io/entando/entando-k8s-dbjob@sha256:a953072b663edeb3081c6f1a720079bdad2bdcc65e8ecca215363b3b2cd0e2f3, lastState=ContainerState(running=null, terminated=null, waiting=null, additionalProperties={}), name=test-keycloak-db-schema-creation-job, ready=false, restartCount=0, started=null, state=ContainerState(running=ContainerStateRunning(startedAt=2021-02-26T07:03:15Z, additionalProperties={}), terminated=null, waiting=null, additionalProperties={}), additionalProperties={})], message=null, nominatedNodeName=null, phase=Pending, podIP=10.128.0.88, podIPs=[], qosClass=BestEffort, reason=null, startTime=2021-02-26T07:03:12Z, additionalProperties={})
MODIFIED:PodStatus(conditions=[PodCondition(lastProbeTime=null, lastTransitionTime=2021-02-26T07:03:17Z, message=null, reason=null, status=True, type=Initialized, additionalProperties={}), PodCondition(lastProbeTime=null, lastTransitionTime=2021-02-26T07:03:12Z, message=containers with unready status: [dummy], reason=ContainersNotReady, status=False, type=Ready, additionalProperties={}), PodCondition(lastProbeTime=null, lastTransitionTime=null, message=containers with unready status: [dummy], reason=ContainersNotReady, status=False, type=ContainersReady, additionalProperties={}), PodCondition(lastProbeTime=null, lastTransitionTime=2021-02-26T07:03:12Z, message=null, reason=null, status=True, type=PodScheduled, additionalProperties={})], containerStatuses=[ContainerStatus(containerID=null, image=docker.io/entando/busybox:latest, imageID=, lastState=ContainerState(running=null, terminated=null, waiting=null, additionalProperties={}), name=dummy, ready=false, restartCount=0, started=null, state=ContainerState(running=null, terminated=null, waiting=ContainerStateWaiting(message=null, reason=PodInitializing, additionalProperties={}), additionalProperties={}), additionalProperties={})], ephemeralContainerStatuses=[], hostIP=54.36.53.206, initContainerStatuses=[ContainerStatus(containerID=docker://c55b7c767b652d0c81f5ee4627b644618ae422ae37552d4d17e61ae2da10f122, image=docker.io/entando/entando-k8s-dbjob:6.3.1, imageID=docker-pullable://docker.io/entando/entando-k8s-dbjob@sha256:a953072b663edeb3081c6f1a720079bdad2bdcc65e8ecca215363b3b2cd0e2f3, lastState=ContainerState(running=null, terminated=null, waiting=null, additionalProperties={}), name=test-keycloak-db-schema-creation-job, ready=****, restartCount=0, started=null, state=ContainerState(running=null, terminated=ContainerStateTerminated(containerID=docker://c55b7c767b652d0c81f5ee4627b644618ae422ae37552d4d17e61ae2da10f122, exitCode=0, finishedAt=2021-02-26T07:03:17Z, message=null, reason=Completed, signal=null, startedAt=2021-02-26T07:03:15Z, additionalProperties={}), waiting=null, additionalProperties={}), additionalProperties={})], message=null, nominatedNodeName=null, phase=Pending, podIP=10.128.0.88, podIPs=[], qosClass=BestEffort, reason=null, startTime=2021-02-26T07:03:12Z, additionalProperties={})
MODIFIED:PodStatus(conditions=[PodCondition(lastProbeTime=null, lastTransitionTime=2021-02-26T07:03:17Z, message=null, reason=null, status=True, type=Initialized, additionalProperties={}), PodCondition(lastProbeTime=null, lastTransitionTime=2021-02-26T07:03:20Z, message=null, reason=null, status=True, type=Ready, additionalProperties={}), PodCondition(lastProbeTime=null, lastTransitionTime=null, message=null, reason=null, status=True, type=ContainersReady, additionalProperties={}), PodCondition(lastProbeTime=null, lastTransitionTime=2021-02-26T07:03:12Z, message=null, reason=null, status=True, type=PodScheduled, additionalProperties={})], containerStatuses=[ContainerStatus(containerID=docker://73936013204f081e1480c60cda3285020b18e8e4816d5b67c8b4515b9378ed11, image=docker.io/entando/busybox:latest, imageID=docker-pullable://docker.io/entando/busybox@sha256:400ee2ed939df769d4681023810d2e4fb9479b8401d97003c710d0e20f7c49c6, lastState=ContainerState(running=null, terminated=null, waiting=null, additionalProperties={}), name=dummy, ready=****, restartCount=0, started=null, state=ContainerState(running=ContainerStateRunning(startedAt=2021-02-26T07:03:20Z, additionalProperties={}), terminated=null, waiting=null, additionalProperties={}), additionalProperties={})], ephemeralContainerStatuses=[], hostIP=54.36.53.206, initContainerStatuses=[ContainerStatus(containerID=docker://c55b7c767b652d0c81f5ee4627b644618ae422ae37552d4d17e61ae2da10f122, image=docker.io/entando/entando-k8s-dbjob:6.3.1, imageID=docker-pullable://docker.io/entando/entando-k8s-dbjob@sha256:a953072b663edeb3081c6f1a720079bdad2bdcc65e8ecca215363b3b2cd0e2f3, lastState=ContainerState(running=null, terminated=null, waiting=null, additionalProperties={}), name=test-keycloak-db-schema-creation-job, ready=****, restartCount=0, started=null, state=ContainerState(running=null, terminated=ContainerStateTerminated(containerID=docker://c55b7c767b652d0c81f5ee4627b644618ae422ae37552d4d17e61ae2da10f122, exitCode=0, finishedAt=2021-02-26T07:03:17Z, message=null, reason=Completed, signal=null, startedAt=2021-02-26T07:03:15Z, additionalProperties={}), waiting=null, additionalProperties={}), additionalProperties={})], message=null, nominatedNodeName=null, phase=Running, podIP=10.128.0.88, podIPs=[], qosClass=BestEffort, reason=null, startTime=2021-02-26T07:03:12Z, additionalProperties={})
MODIFIED:PodStatus(conditions=[PodCondition(lastProbeTime=null, lastTransitionTime=2021-02-26T07:03:17Z, message=null, reason=PodCompleted, status=True, type=Initialized, additionalProperties={}), PodCondition(lastProbeTime=null, lastTransitionTime=2021-02-26T07:03:26Z, message=null, reason=PodCompleted, status=False, type=Ready, additionalProperties={}), PodCondition(lastProbeTime=null, lastTransitionTime=null, message=null, reason=PodCompleted, status=False, type=ContainersReady, additionalProperties={}), PodCondition(lastProbeTime=null, lastTransitionTime=2021-02-26T07:03:12Z, message=null, reason=null, status=True, type=PodScheduled, additionalProperties={})], containerStatuses=[ContainerStatus(containerID=docker://73936013204f081e1480c60cda3285020b18e8e4816d5b67c8b4515b9378ed11, image=docker.io/entando/busybox:latest, imageID=docker-pullable://docker.io/entando/busybox@sha256:400ee2ed939df769d4681023810d2e4fb9479b8401d97003c710d0e20f7c49c6, lastState=ContainerState(running=null, terminated=null, waiting=null, additionalProperties={}), name=dummy, ready=false, restartCount=0, started=null, state=ContainerState(running=null, terminated=ContainerStateTerminated(containerID=docker://73936013204f081e1480c60cda3285020b18e8e4816d5b67c8b4515b9378ed11, exitCode=0, finishedAt=2021-02-26T07:03:20Z, message=null, reason=Completed, signal=null, startedAt=2021-02-26T07:03:20Z, additionalProperties={}), waiting=null, additionalProperties={}), additionalProperties={})], ephemeralContainerStatuses=[], hostIP=54.36.53.206, initContainerStatuses=[ContainerStatus(containerID=docker://c55b7c767b652d0c81f5ee4627b644618ae422ae37552d4d17e61ae2da10f122, image=docker.io/entando/entando-k8s-dbjob:6.3.1, imageID=docker-pullable://docker.io/entando/entando-k8s-dbjob@sha256:a953072b663edeb3081c6f1a720079bdad2bdcc65e8ecca215363b3b2cd0e2f3, lastState=ContainerState(running=null, terminated=null, waiting=null, additionalProperties={}), name=test-keycloak-db-schema-creation-job, ready=****, restartCount=0, started=null, state=ContainerState(running=null, terminated=ContainerStateTerminated(containerID=docker://c55b7c767b652d0c81f5ee4627b644618ae422ae37552d4d17e61ae2da10f122, exitCode=0, finishedAt=2021-02-26T07:03:17Z, message=null, reason=Completed, signal=null, startedAt=2021-02-26T07:03:15Z, additionalProperties={}), waiting=null, additionalProperties={}), additionalProperties={})], message=null, nominatedNodeName=null, phase=Succeeded, podIP=10.128.0.88, podIPs=[], qosClass=BestEffort, reason=null, startTime=2021-02-26T07:03:12Z, additionalProperties={})
Finished: test-keycloak-dbprep-37da
ADDED:PodStatus(conditions=[PodCondition(lastProbeTime=null, lastTransitionTime=2021-02-26T07:03:28Z, message=null, reason=null, status=True, type=PodScheduled, additionalProperties={})], containerStatuses=[], ephemeralContainerStatuses=[], hostIP=null, initContainerStatuses=[], message=null, nominatedNodeName=null, phase=Pending, podIP=null, podIPs=[], qosClass=Burstable, reason=null, startTime=null, additionalProperties={})
MODIFIED:PodStatus(conditions=[PodCondition(lastProbeTime=null, lastTransitionTime=2021-02-26T07:03:28Z, message=null, reason=null, status=True, type=Initialized, additionalProperties={}), PodCondition(lastProbeTime=null, lastTransitionTime=2021-02-26T07:03:28Z, message=containers with unready status: [server-container], reason=ContainersNotReady, status=False, type=Ready, additionalProperties={}), PodCondition(lastProbeTime=null, lastTransitionTime=null, message=containers with unready status: [server-container], reason=ContainersNotReady, status=False, type=ContainersReady, additionalProperties={}), PodCondition(lastProbeTime=null, lastTransitionTime=2021-02-26T07:03:28Z, message=null, reason=null, status=True, type=PodScheduled, additionalProperties={})], containerStatuses=[ContainerStatus(containerID=null, image=docker.io/entando/entando-redhat-sso:6.3.4, imageID=, lastState=ContainerState(running=null, terminated=null, waiting=null, additionalProperties={}), name=server-container, ready=false, restartCount=0, started=null, state=ContainerState(running=null, terminated=null, waiting=ContainerStateWaiting(message=null, reason=ContainerCreating, additionalProperties={}), additionalProperties={}), additionalProperties={})], ephemeralContainerStatuses=[], hostIP=54.36.53.206, initContainerStatuses=[], message=null, nominatedNodeName=null, phase=Pending, podIP=null, podIPs=[], qosClass=Burstable, reason=null, startTime=2021-02-26T07:03:28Z, additionalProperties={})
MODIFIED:PodStatus(conditions=[PodCondition(lastProbeTime=null, lastTransitionTime=2021-02-26T07:03:28Z, message=null, reason=null, status=True, type=Initialized, additionalProperties={}), PodCondition(lastProbeTime=null, lastTransitionTime=2021-02-26T07:03:28Z, message=containers with unready status: [server-container], reason=ContainersNotReady, status=False, type=Ready, additionalProperties={}), PodCondition(lastProbeTime=null, lastTransitionTime=null, message=containers with unready status: [server-container], reason=ContainersNotReady, status=False, type=ContainersReady, additionalProperties={}), PodCondition(lastProbeTime=null, lastTransitionTime=2021-02-26T07:03:28Z, message=null, reason=null, status=True, type=PodScheduled, additionalProperties={})], containerStatuses=[ContainerStatus(containerID=docker://edde07314d510d78ed13c49b6642c04938aaefc625ad831b9107cf236107f618, image=docker.io/entando/entando-redhat-sso:6.3.4, imageID=docker-pullable://docker.io/entando/entando-redhat-sso@sha256:cc2fb237a59ae0793a561bf1f0428654ddd7f79f12ede42335031eeb863121b6, lastState=ContainerState(running=null, terminated=null, waiting=null, additionalProperties={}), name=server-container, ready=false, restartCount=0, started=null, state=ContainerState(running=ContainerStateRunning(startedAt=2021-02-26T07:03:45Z, additionalProperties={}), terminated=null, waiting=null, additionalProperties={}), additionalProperties={})], ephemeralContainerStatuses=[], hostIP=54.36.53.206, initContainerStatuses=[], message=null, nominatedNodeName=null, phase=Running, podIP=10.128.0.89, podIPs=[], qosClass=Burstable, reason=null, startTime=2021-02-26T07:03:28Z, additionalProperties={})
MODIFIED:PodStatus(conditions=[PodCondition(lastProbeTime=null, lastTransitionTime=2021-02-26T07:03:28Z, message=null, reason=null, status=True, type=Initialized, additionalProperties={}), PodCondition(lastProbeTime=null, lastTransitionTime=2021-02-26T07:03:28Z, message=containers with unready status: [server-container], reason=ContainersNotReady, status=False, type=Ready, additionalProperties={}), PodCondition(lastProbeTime=null, lastTransitionTime=null, message=containers with unready status: [server-container], reason=ContainersNotReady, status=False, type=ContainersReady, additionalProperties={}), PodCondition(lastProbeTime=null, lastTransitionTime=2021-02-26T07:03:28Z, message=null, reason=null, status=True, type=PodScheduled, additionalProperties={})], containerStatuses=[ContainerStatus(containerID=docker://edde07314d510d78ed13c49b6642c04938aaefc625ad831b9107cf236107f618, image=docker.io/entando/entando-redhat-sso:6.3.4, imageID=docker-pullable://docker.io/entando/entando-redhat-sso@sha256:cc2fb237a59ae0793a561bf1f0428654ddd7f79f12ede42335031eeb863121b6, lastState=ContainerState(running=null, terminated=null, waiting=null, additionalProperties={}), name=server-container, ready=false, restartCount=0, started=null, state=ContainerState(running=ContainerStateRunning(startedAt=2021-02-26T07:03:45Z, additionalProperties={}), terminated=null, waiting=null, additionalProperties={}), additionalProperties={})], ephemeralContainerStatuses=[], hostIP=54.36.53.206, initContainerStatuses=[], message=null, nominatedNodeName=null, phase=Running, podIP=10.128.0.89, podIPs=[], qosClass=Burstable, reason=null, startTime=2021-02-26T07:03:28Z, additionalProperties={})
MODIFIED:PodStatus(conditions=[PodCondition(lastProbeTime=null, lastTransitionTime=2021-02-26T07:03:28Z, message=null, reason=null, status=True, type=Initialized, additionalProperties={}), PodCondition(lastProbeTime=null, lastTransitionTime=2021-02-26T07:03:28Z, message=containers with unready status: [server-container], reason=ContainersNotReady, status=False, type=Ready, additionalProperties={}), PodCondition(lastProbeTime=null, lastTransitionTime=null, message=containers with unready status: [server-container], reason=ContainersNotReady, status=False, type=ContainersReady, additionalProperties={}), PodCondition(lastProbeTime=null, lastTransitionTime=2021-02-26T07:03:28Z, message=null, reason=null, status=True, type=PodScheduled, additionalProperties={})], containerStatuses=[ContainerStatus(containerID=docker://edde07314d510d78ed13c49b6642c04938aaefc625ad831b9107cf236107f618, image=docker.io/entando/entando-redhat-sso:6.3.4, imageID=docker-pullable://docker.io/entando/entando-redhat-sso@sha256:cc2fb237a59ae0793a561bf1f0428654ddd7f79f12ede42335031eeb863121b6, lastState=ContainerState(running=null, terminated=null, waiting=null, additionalProperties={}), name=server-container, ready=false, restartCount=0, started=null, state=ContainerState(running=ContainerStateRunning(startedAt=2021-02-26T07:03:45Z, additionalProperties={}), terminated=null, waiting=null, additionalProperties={}), additionalProperties={})], ephemeralContainerStatuses=[], hostIP=54.36.53.206, initContainerStatuses=[], message=null, nominatedNodeName=null, phase=Running, podIP=10.128.0.89, podIPs=[], qosClass=Burstable, reason=null, startTime=2021-02-26T07:03:28Z, additionalProperties={})
DELETED:PodStatus(conditions=[PodCondition(lastProbeTime=null, lastTransitionTime=2021-02-26T07:03:28Z, message=null, reason=null, status=True, type=Initialized, additionalProperties={}), PodCondition(lastProbeTime=null, lastTransitionTime=2021-02-26T07:03:28Z, message=containers with unready status: [server-container], reason=ContainersNotReady, status=False, type=Ready, additionalProperties={}), PodCondition(lastProbeTime=null, lastTransitionTime=null, message=containers with unready status: [server-container], reason=ContainersNotReady, status=False, type=ContainersReady, additionalProperties={}), PodCondition(lastProbeTime=null, lastTransitionTime=2021-02-26T07:03:28Z, message=null, reason=null, status=True, type=PodScheduled, additionalProperties={})], containerStatuses=[ContainerStatus(containerID=docker://edde07314d510d78ed13c49b6642c04938aaefc625ad831b9107cf236107f618, image=docker.io/entando/entando-redhat-sso:6.3.4, imageID=docker-pullable://docker.io/entando/entando-redhat-sso@sha256:cc2fb237a59ae0793a561bf1f0428654ddd7f79f12ede42335031eeb863121b6, lastState=ContainerState(running=null, terminated=null, waiting=null, additionalProperties={}), name=server-container, ready=false, restartCount=0, started=null, state=ContainerState(running=ContainerStateRunning(startedAt=2021-02-26T07:03:45Z, additionalProperties={}), terminated=null, waiting=null, additionalProperties={}), additionalProperties={})], ephemeralContainerStatuses=[], hostIP=54.36.53.206, initContainerStatuses=[], message=null, nominatedNodeName=null, phase=Running, podIP=10.128.0.89, podIPs=[], qosClass=Burstable, reason=null, startTime=2021-02-26T07:03:28Z, additionalProperties={})
Feb 26, 2021 7:08:50 AM org.entando.kubernetes.client.integrationtesthelpers.DeletionWaiter lambda$deleteSingleItem$2
WARNING: Deleting pods  entando-k8s-controller-coordinator-carcpr68/my-app-carcpr68-deployer-5592
Feb 26, 2021 7:08:51 AM org.entando.kubernetes.client.integrationtesthelpers.DeletionWaiter lambda$deleteSingleItem$2
WARNING: Deleting pods  entando-k8s-controller-coordinator-carcpr68/test-keycloak-carcpr68-deployer-0638
Feb 26, 2021 7:08:52 AM org.entando.kubernetes.client.integrationtesthelpers.DeletionWaiter lambda$deleteSingleItem$2
WARNING: Deleting pods  entando-k8s-controller-coordinator-carcpr68/test-keycloak-carcpr68-server-deployment-65dbd6f49d-4c6n2
[ERROR] Tests run: 2, Failures: 0, Errors: 1, Skipped: 0, Time elapsed: 696.492 s <<< FAILURE! - in org.entando.kubernetes.controller.coordinator.interprocesstests.ControllerCoordinatorIntegratedTest
[ERROR] org.entando.kubernetes.controller.coordinator.interprocesstests.ControllerCoordinatorIntegratedTest.testE**cuteKeycloakControllerPod  Time elapsed: 395.989 s  <<< ERROR!
java.lang.NullPointerException
	at org.entando.kubernetes.controller.coordinator.interprocesstests.ControllerCoordinatorIntegratedTest.testE**cuteKeycloakControllerPod(ControllerCoordinatorIntegratedTest.java:176)

[INFO] 
[INFO] Results:
[INFO] 
[ERROR] Errors: 
[ERROR]   ControllerCoordinatorIntegratedTest.testE**cuteKeycloakControllerPod:176 Â» NullPointer
[INFO] 
[ERROR] Tests run: 2, Failures: 0, Errors: 1, Skipped: 0
[INFO] 
[INFO] 
[INFO] --- maven-surefire-report-plugin:3.0.0-M4:failsafe-report-only (integration-tests) @ entando-k8s-controller-coordinator ---
[WARNING] Unable to locate Test Source XRef to link to - DISABLED
[INFO] 
[INFO] --- maven-surefire-report-plugin:3.0.0-M4:report-only (unit-tests) @ entando-k8s-controller-coordinator ---
[WARNING] Unable to locate Test Source XRef to link to - DISABLED
[INFO] 
[INFO] --- maven-failsafe-plugin:3.0.0-M4:verify (run-tests) @ entando-k8s-controller-coordinator ---
[ERROR] There are test failures.

Please refer to /workspace/source/target/failsafe-reports for the individual test results.
Please refer to dump files (if any exist) [date].dump, [date]-***Run[N].dump and [date].dumpstream.
[INFO] 
[INFO] --- maven-site-plugin:3.9.0:site (default-site) @ entando-k8s-controller-coordinator ---
[INFO] configuring report plugin org.apache.maven.plugins:maven-project-info-reports-plugin:3.0.0
[INFO] 9 reports configured for maven-project-info-reports-plugin:3.0.0: dependency-info, distribution-management, index, ci-management, issue-management, licenses, plugins, scm, summary
[INFO] Rendering site with default locale English (en)
[WARNING] Unable to find a URL to the parent project. The parent menu will NOT be added.
[INFO] Relativizing decoration links with respect to localized project URL: https://central.entando.com
[INFO] Rendering content with org.apache.maven.skins:maven-default-skin:jar:1.3 skin.
[INFO] Generating "Dependency Information" report --- maven-project-info-reports-plugin:3.0.0:dependency-info
[INFO] Generating "About" report         --- maven-project-info-reports-plugin:3.0.0:index
[INFO] Generating "Issue Management" report --- maven-project-info-reports-plugin:3.0.0:issue-management
[INFO] Generating "Licenses" report      --- maven-project-info-reports-plugin:3.0.0:licenses
[INFO] Generating "Plugins" report       --- maven-project-info-reports-plugin:3.0.0:plugins
[INFO] Generating "Source Code Management" report --- maven-project-info-reports-plugin:3.0.0:scm
[INFO] Generating "Summary" report       --- maven-project-info-reports-plugin:3.0.0:summary
[INFO] ------------------------------------------------------------------------
[INFO] BUILD SUCCESS
[INFO] ------------------------------------------------------------------------
[INFO] Total time:  11:47 min
[INFO] Finished at: 2021-02-26T07:13:50Z
[INFO] ------------------------------------------------------------------------
error: etcdserver: request is too large
Post-deployment tests failed for entando-k8s-controller-coordinator-PR-68.
[31m
Pipeline failed on stage 'from-build-pack' : container 'step-promote-run-post-deployment-tests'. The execution of the pipeline has stopped.[0m
