
Showing logs for build [32mentando-k8s-entando-k8s-app-con-hr8sk-17[0m stage [32mfrom-build-pack[0m and container [32mstep-credential-initializer-knz2w[0m
{"level":"warn","ts":1613656635.2308445,"logger":"fallback-logger","caller":"logging/config.go:69","msg":"Fetch GitHub commit ID from kodata failed: \"ref: refs/heads/0.8.0-**-support-backwards-incompats\" is not a valid GitHub commit ID"}
{"level":"info","ts":1613656635.2493298,"logger":"fallback-logger","caller":"creds-init/main.go:40","msg":"Credentials initialized."}

Showing logs for build [32mentando-k8s-entando-k8s-app-con-hr8sk-17[0m stage [32mfrom-build-pack[0m and container [32mstep-working-dir-initializer-cvctd[0m
{"level":"warn","ts":1613656636.7562468,"logger":"fallback-logger","caller":"logging/config.go:69","msg":"Fetch GitHub commit ID from kodata failed: open /var/run/ko/HEAD: no such file or directory"}
{"level":"info","ts":1613656636.7814915,"logger":"fallback-logger","caller":"bash/main.go:64","msg":"Successfully e**cuted command \"sh -c mkdir -p /workspace/source\"; output "}

Showing logs for build [32mentando-k8s-entando-k8s-app-con-hr8sk-17[0m stage [32mfrom-build-pack[0m and container [32mstep-place-tools[0m

Showing logs for build [32mentando-k8s-entando-k8s-app-con-hr8sk-17[0m stage [32mfrom-build-pack[0m and container [32mstep-git-source-entando-k8s-entando-k8s-app-con-z4244[0m
{"level":"warn","ts":1613656749.319382,"logger":"fallback-logger","caller":"logging/config.go:69","msg":"Fetch GitHub commit ID from kodata failed: \"ref: refs/heads/0.8.0-**-support-backwards-incompats\" is not a valid GitHub commit ID"}
{"level":"info","ts":1613656750.7409024,"logger":"fallback-logger","caller":"git/git.go:103","msg":"Successfully cloned https://github.com/entando-k8s/entando-k8s-app-controller.git @ master in path /workspace/source"}

Showing logs for build [32mentando-k8s-entando-k8s-app-con-hr8sk-17[0m stage [32mfrom-build-pack[0m and container [32mstep-git-merge[0m
Using SHAs from PULL_REFS=master:6145f1257fe34dcd9618baa12b0dfc23b2a0e146,26:2b920ecf60aa4fc41d6b95271d3225e199517bda
DEBUG: ran git fetch --unshallow origin 2b920ecf60aa4fc41d6b95271d3225e199517bda: 6145f1257fe34dcd9618baa12b0dfc23b2a0e146: in 
DEBUG: ran git checkout master in 
DEBUG: ran git reset --hard 6145f1257fe34dcd9618baa12b0dfc23b2a0e146 in 
DEBUG: ran clean --force -d . in 
DEBUG: ran git merge 2b920ecf60aa4fc41d6b95271d3225e199517bda in 
Merged SHA 2b920ecf60aa4fc41d6b95271d3225e199517bda with commit message 'ENG-1829 bumped to latest operator-common' into base branch master
Merged SHA 98a5831c8bfa6b22b937b211a1c39a09f8fff489 with commit message 'ENG-1829 using correct baseimage' into base branch master
Merged SHA 250ae82f96959fba4d2ae282248b99c3083feeb6 with commit message 'ENG-1829 using known working images for entando-de-app' into base branch master
Merged SHA 879fc1d87224c427e13b3fe0a1ee8d1199294d1c with commit message 'ENG-1829 bumped to latest operator-common' into base branch master
Merged SHA b39626887eca0545ec988348b8caebdc4ee3e18f with commit message 'ENG-1829 now creating service accounts irrespective of deployment model' into base branch master
Merged SHA 0d795cf8cb03cda4ea1c4b4e4eb155cec207a2e1 with commit message 'ENG-1829 fi**d bug in DB variable preparation' into base branch master
Merged SHA 1a35f768632d0f4b3418f252753dc387f6520b45 with commit message 'ENG-1829 fi**d inconsistency in use of namespaces' into base branch master
Merged SHA ef140f7dfdf295405f577e252d17c80bbbc6b6c4 with commit message 'ENG-1829 using correct version of custom-model' into base branch master
Merged SHA fb5afeec7458efa40bab29ab3fda***c274439bc with commit message 'ENG-1829 using correct version of custom-model' into base branch master
Merged SHA 593571e0b9b6f0a2b89e9e2196a5724e839d079f with commit message 'ENG-1829 using correct version of custom-model' into base branch master
Merged SHA b342c4638a22826e4984490bb6829c01e357d194 with commit message 'ENG-1829 dependency-check' into base branch master
Merged SHA 37cb59b23e04e1209477d223de30845f05fe6264 with commit message 'ENG-1829 bumped operator-common' into base branch master

Showing logs for build [32mentando-k8s-entando-k8s-app-con-hr8sk-17[0m stage [32mfrom-build-pack[0m and container [32mstep-build-set-version[0m
Picked up _JAVA_OPTIONS: -XX:+UnlockExperimentalVMOptions -Dsun.zip.disableMemoryMapping=**** -XX:+UseParallelGC -XX:MinHeapFreeRatio=5 -XX:MaxHeapFreeRatio=10 -XX:GCTimeRatio=4 -XX:AdaptiveSizePolicyWeight=90 -Xms1000m -Xmx12000m
[INFO] Scanning for projects...
[INFO] 
[INFO] ---------------< org.entando:entando-k8s-app-controller >---------------
[INFO] Building Entando K8S Controller for Entando App Deployments 6.3.0-SNAPSHOT
[INFO] --------------------------------[ jar ]---------------------------------
[INFO] 
[INFO] --- versions-maven-plugin:2.8.1:set (default-cli) @ entando-k8s-app-controller ---
[INFO] Local aggregation ****: /workspace/source
[INFO] Processing change of org.entando:entando-k8s-app-controller:6.3.0-SNAPSHOT -> 0.0.0-SNAPSHOT-PR-26-17
[INFO] Processing org.entando:entando-k8s-app-controller
[INFO]     Updating project org.entando:entando-k8s-app-controller
[INFO]         from version 6.3.0-SNAPSHOT to 0.0.0-SNAPSHOT-PR-26-17
[INFO] 
[INFO] ------------------------------------------------------------------------
[INFO] BUILD SUCCESS
[INFO] ------------------------------------------------------------------------
[INFO] Total time:  11.248 s
[INFO] Finished at: 2021-02-18T13:59:28Z
[INFO] ------------------------------------------------------------------------

Showing logs for build [32mentando-k8s-entando-k8s-app-con-hr8sk-17[0m stage [32mfrom-build-pack[0m and container [32mstep-build-fix-git-for-sonar[0m
Switched to a new branch 'PR-26'
M	pom.xml
Deleted branch master (was 2b920ec).
From https://github.com/entando-k8s/entando-k8s-app-controller
 * [new branch]      master     -> master

Showing logs for build [32mentando-k8s-entando-k8s-app-con-hr8sk-17[0m stage [32mfrom-build-pack[0m and container [32mstep-build-mvn-verify-pr[0m
Picked up _JAVA_OPTIONS: -XX:+UnlockExperimentalVMOptions -Dsun.zip.disableMemoryMapping=**** -XX:+UseParallelGC -XX:MinHeapFreeRatio=5 -XX:MaxHeapFreeRatio=10 -XX:GCTimeRatio=4 -XX:AdaptiveSizePolicyWeight=90 -Xms1000m -Xmx12000m
[INFO] Scanning for projects...
[INFO] 
[INFO] ---------------< org.entando:entando-k8s-app-controller >---------------
[INFO] Building Entando K8S Controller for Entando App Deployments 0.0.0-SNAPSHOT-PR-26-17
[INFO] --------------------------------[ jar ]---------------------------------
[INFO] 
[INFO] --- maven-checkstyle-plugin:3.1.1:check (validate) @ entando-k8s-app-controller ---
[INFO] Starting audit...
Audit done.
[INFO] You have 0 Checkstyle violations.
[INFO] 
[INFO] --- maven-checkstyle-plugin:3.1.1:checkstyle (validate) @ entando-k8s-app-controller ---
[INFO] Starting audit...
Audit done.
[INFO] 
[INFO] --- jacoco-maven-plugin:0.8.5:prepare-agent (prepare-agent) @ entando-k8s-app-controller ---
[INFO] argLine set to -javaagent:/home/jenkins/.mvnrepository/org/jacoco/org.jacoco.agent/0.8.5/org.jacoco.agent-0.8.5-runtime.jar=destfile=/workspace/source/target/jacoco.e**c
[INFO] 
[INFO] --- maven-resources-plugin:2.6:resources (default-resources) @ entando-k8s-app-controller ---
[INFO] Using 'UTF-8' encoding to copy filtered resources.
[INFO] Copying 3 resources
[INFO] 
[INFO] --- maven-compiler-plugin:3.8.1:compile (default-compile) @ entando-k8s-app-controller ---
[INFO] Changes detected - recompiling the module!
[INFO] Compiling 10 source files to /workspace/source/target/classes
[INFO] 
[INFO] --- maven-resources-plugin:2.6:testResources (default-testResources) @ entando-k8s-app-controller ---
[INFO] Using 'UTF-8' encoding to copy filtered resources.
[INFO] Copying 3 resources
[INFO] 
[INFO] --- maven-compiler-plugin:3.8.1:testCompile (default-testCompile) @ entando-k8s-app-controller ---
[INFO] Changes detected - recompiling the module!
[INFO] Compiling 9 source files to /workspace/source/target/test-classes
[INFO] 
[INFO] --- maven-surefire-plugin:3.0.0-M1:test (default-test) @ entando-k8s-app-controller ---
[INFO] 
[INFO] -------------------------------------------------------
[INFO]  T E S T S
[INFO] -------------------------------------------------------
[INFO] Running org.entando.kubernetes.controller.app.inprocesstests.DeployEntandoDbTest
[INFO] Tests run: 5, Failures: 0, Errors: 0, Skipped: 0, Time elapsed: 5.457 s - in org.entando.kubernetes.controller.app.inprocesstests.DeployEntandoDbTest
[INFO] Running org.entando.kubernetes.controller.app.inprocesstests.DeployEntandoServiceTest
[ERROR] Tests run: 4, Failures: 1, Errors: 0, Skipped: 0, Time elapsed: 2.053 s <<< FAILURE! - in org.entando.kubernetes.controller.app.inprocesstests.DeployEntandoServiceTest
[ERROR] testDeployment  Time elapsed: 0.598 s  <<< FAILURE!
java.lang.AssertionError: 

Expected: is "docker.io/entando/entando-de-app-eap:6.0.0"
     but: was "entando/entando-de-app-eap@sha256:627c3708fc042d6887db43ff8aa23b959031fe1cf8847535c54fb5aa671d5f4d"
	at org.entando.kubernetes.controller.app.inprocesstests.DeployEntandoServiceTest.verifyTheEntandoServerContainer(DeployEntandoServiceTest.java:415)
	at org.entando.kubernetes.controller.app.inprocesstests.DeployEntandoServiceTest.testDeployment(DeployEntandoServiceTest.java:299)

[INFO] Running org.entando.kubernetes.controller.app.inprocesstests.DeployEntandoOnExternalDbTest
[INFO] Tests run: 2, Failures: 0, Errors: 0, Skipped: 0, Time elapsed: 0.956 s - in org.entando.kubernetes.controller.app.inprocesstests.DeployEntandoOnExternalDbTest
[INFO] Running org.entando.kubernetes.controller.app.inprocesstests.DeployEntandoWithEmbeddedDbTest
[INFO] Tests run: 2, Failures: 0, Errors: 0, Skipped: 0, Time elapsed: 0.939 s - in org.entando.kubernetes.controller.app.inprocesstests.DeployEntandoWithEmbeddedDbTest
[INFO] 
[INFO] Results:
[INFO] 
[ERROR] Failures: 
[ERROR]   DeployEntandoServiceTest.testDeployment:299->verifyTheEntandoServerContainer:415 
Expected: is "docker.io/entando/entando-de-app-eap:6.0.0"
     but: was "entando/entando-de-app-eap@sha256:627c3708fc042d6887db43ff8aa23b959031fe1cf8847535c54fb5aa671d5f4d"
[INFO] 
[ERROR] Tests run: 13, Failures: 1, Errors: 0, Skipped: 0
[INFO] 
[ERROR] There are test failures.

Please refer to /workspace/source/target/surefire-reports for the individual test results.
Please refer to dump files (if any exist) [date].dump, [date]-***Run[N].dump and [date].dumpstream.
[INFO] 
[INFO] --- maven-jar-plugin:3.2.0:jar (default-jar) @ entando-k8s-app-controller ---
[INFO] Building jar: /workspace/source/target/entando-k8s-app-controller-0.0.0-SNAPSHOT-PR-26-17.jar
[INFO] 
[INFO] --- maven-jar-plugin:3.2.0:test-jar (build-test-jar) @ entando-k8s-app-controller ---
[INFO] Building jar: /workspace/source/target/entando-k8s-app-controller-0.0.0-SNAPSHOT-PR-26-17-tests.jar
[INFO] 
[INFO] --- maven-javadoc-plugin:3.2.0:jar (attach-javadocs) @ entando-k8s-app-controller ---
[INFO] No previous run data found, generating javadoc.
[INFO] Building jar: /workspace/source/target/entando-k8s-app-controller-0.0.0-SNAPSHOT-PR-26-17-javadoc.jar
[INFO] 
[INFO] --- license-maven-plugin:2.0.0:aggregate-download-licenses (download-licenses) @ entando-k8s-app-controller ---
[INFO] skip flag is on, will skip goal.
[INFO] 
[INFO] --- quarkus-maven-plugin:1.2.0.Final:build (default) @ entando-k8s-app-controller ---
[WARNING] [io.quarkus.creator.curator.Curator] These dependencies are not recommended:
	- javax.servlet:javax.servlet-api should be replaced by jakarta.servlet:jakarta.servlet-api
You might end up with two different versions of the same classes or with an artifact you shouldn't have in your classpath.
[INFO] [org.jboss.threads] JBoss Threads version 3.0.0.Final
[WARNING] [io.quarkus.deployment.steps.ReflectiveHierarchyStep] Unable to properly register the hierarchy of the following classes for reflection as they are not in the Jandex index:
	- org.entando.kubernetes.model.EntandoCustomResourceStatus
Consider adding them to the index either by creating a Jandex index for your dependency via the Maven plugin, an empty META-INF/beans.xml or quarkus.index-dependency properties.");.
[INFO] [io.quarkus.deployment.pkg.steps.JarResultBuildStep] Building thin jar: /workspace/source/target/entando-k8s-app-controller-0.0.0-SNAPSHOT-PR-26-17-runner.jar
[INFO] [io.quarkus.deployment.QuarkusAugmentor] Quarkus augmentation completed in 1825ms
[INFO] 
[INFO] --- maven-surefire-report-plugin:3.0.0-M4:failsafe-report-only (integration-tests) @ entando-k8s-app-controller ---
[INFO] 
[INFO] --- dependency-check-maven:6.0.3:aggregate (default) @ entando-k8s-app-controller ---
[INFO] Checking for updates
[INFO] Skipping NVD check since last check was within 4 hours.
[INFO] Check for updates complete (69 ms)
[INFO] 

Dependency-Check is an open source tool performing a best effort analysis of 3rd party dependencies; false positives and false negatives may exist in the analysis performed by the tool. Use of the tool and the reporting provided constitutes acceptance for use in an AS IS condition, and there are NO warranties, implied or otherwise, with regard to the analysis or its use. Any use of the tool and the reporting provided is at the userâ€™s risk. In no event shall the copyright holder or OWASP be held liable for any damages whatsoever arising out of or in connection with the use of this tool, the analysis performed, or the resulting report.


[INFO] Analysis Started
[INFO] Finished Archive Analyzer (0 seconds)
[INFO] Finished File Name Analyzer (0 seconds)
[INFO] Finished Jar Analyzer (0 seconds)
[INFO] Finished Dependency Merging Analyzer (0 seconds)
[INFO] Finished Version Filter Analyzer (0 seconds)
[INFO] Finished Hint Analyzer (0 seconds)
[INFO] Created CPE Index (2 seconds)
[INFO] Finished CPE Analyzer (4 seconds)
[INFO] Finished False Positive Analyzer (0 seconds)
[INFO] Finished NVD CVE Analyzer (0 seconds)
[INFO] Finished Sonatype OSS Index Analyzer (1 seconds)
[INFO] Finished Vulnerability Suppression Analyzer (0 seconds)
[INFO] Finished Dependency Bundling Analyzer (0 seconds)
[INFO] Analysis Complete (8 seconds)
[INFO] 
[INFO] --- jacoco-maven-plugin:0.8.5:report (report) @ entando-k8s-app-controller ---
[INFO] Loading e**cution data file /workspace/source/target/jacoco.e**c
[INFO] Analyzed bundle 'Entando K8S Controller for Entando App Deployments' with 11 classes
[INFO] 
[INFO] --- maven-surefire-report-plugin:3.0.0-M4:report-only (unit-tests) @ entando-k8s-app-controller ---
[WARNING] Unable to locate Test Source XRef to link to - DISABLED
[INFO] 
[INFO] --- maven-install-plugin:2.4:install (default-install) @ entando-k8s-app-controller ---
[INFO] Installing /workspace/source/target/entando-k8s-app-controller-0.0.0-SNAPSHOT-PR-26-17.jar to /home/jenkins/.mvnrepository/org/entando/entando-k8s-app-controller/0.0.0-SNAPSHOT-PR-26-17/entando-k8s-app-controller-0.0.0-SNAPSHOT-PR-26-17.jar
[INFO] Installing /workspace/source/pom.xml to /home/jenkins/.mvnrepository/org/entando/entando-k8s-app-controller/0.0.0-SNAPSHOT-PR-26-17/entando-k8s-app-controller-0.0.0-SNAPSHOT-PR-26-17.pom
[INFO] Installing /workspace/source/target/entando-k8s-app-controller-0.0.0-SNAPSHOT-PR-26-17-tests.jar to /home/jenkins/.mvnrepository/org/entando/entando-k8s-app-controller/0.0.0-SNAPSHOT-PR-26-17/entando-k8s-app-controller-0.0.0-SNAPSHOT-PR-26-17-tests.jar
[INFO] Installing /workspace/source/target/entando-k8s-app-controller-0.0.0-SNAPSHOT-PR-26-17-javadoc.jar to /home/jenkins/.mvnrepository/org/entando/entando-k8s-app-controller/0.0.0-SNAPSHOT-PR-26-17/entando-k8s-app-controller-0.0.0-SNAPSHOT-PR-26-17-javadoc.jar
[INFO] 
[INFO] --- maven-deploy-plugin:2.8.2:deploy (default-deploy) @ entando-k8s-app-controller ---
[INFO] Using alternate deployment repository local-nexus::default::http://nexus/repository/maven-releases/
[INFO] 
[INFO] ---------------< org.entando:entando-k8s-app-controller >---------------
[INFO] Building Entando K8S Controller for Entando App Deployments 0.0.0-SNAPSHOT-PR-26-17
[INFO] --------------------------------[ jar ]---------------------------------
[INFO] 
[INFO] --- sonar-maven-plugin:3.8.0.2131:sonar (default-cli) @ entando-k8s-app-controller ---
[INFO] User cache: /****/.sonar/cache
[INFO] SonarQube version: 8.5.0
[INFO] Default locale: "en_US", source code encoding: "UTF-8"
[INFO] Load global settings
[INFO] Load global settings (done) | time=247ms
[INFO] Server id: 1BD809FA-AWHW8ct9-T_TB3XqouNu
[INFO] User cache: /****/.sonar/cache
[INFO] Load/download plugins
[INFO] Load plugins index
[INFO] Load plugins index (done) | time=85ms
[INFO] Load/download plugins (done) | time=23746ms
[INFO] Loaded core extensions: developer-scanner
[INFO] JavaScript/TypeScript frontend is enabled
[INFO] Load project settings for component key: 'entando-k8s_entando-k8s-app-controller'
[INFO] Load project settings for component key: 'entando-k8s_entando-k8s-app-controller' (done) | time=56ms
[INFO] Process project properties
[INFO] E**cute project builders
[INFO] E**cute project builders (done) | time=2ms
[INFO] Project key: entando-k8s_entando-k8s-app-controller
[INFO] Base dir: /workspace/source
[INFO] Working dir: /workspace/source/target/sonar
[INFO] Load project branches
[INFO] Load project branches (done) | time=30ms
[INFO] Check ALM binding of project 'entando-k8s_entando-k8s-app-controller'
[INFO] Detected project binding: BOUND
[INFO] Check ALM binding of project 'entando-k8s_entando-k8s-app-controller' (done) | time=18ms
[INFO] Load project pull requests
[INFO] Load project pull requests (done) | time=71ms
[INFO] Load branch configuration
[INFO] Load branch configuration (done) | time=645ms
[INFO] Load quality profiles
[INFO] Load quality profiles (done) | time=78ms
[INFO] Load active rules
[INFO] Load active rules (done) | time=1433ms
[INFO] Organization key: entando-k8s
[INFO] Pull request 26 for merge into master from ENG-1829_improved_probes
[INFO] SCM collecting changed files in the branch
[WARNING] Exception caught during e**cution of command '[/usr/local/git/bin/git, config, --******, --edit]' in '/usr/local/git/bin', return code '128', error message 'fatal: Invalid path '/usr/local/git/etc': No such file or directory
'
[INFO] SCM collecting changed files in the branch (done) | time=392ms
[INFO] Indexing files...
[INFO] Project configuration:
[INFO] 20 files inde**d
[INFO] 0 files ignored because of scm ignore settings
[INFO] Quality profile for java: Sonar way
[INFO] Quality profile for xml: Sonar way
[INFO] ------------- Run sensors on module Entando K8S Controller for Entando App Deployments
[INFO] JavaScript/TypeScript frontend is enabled
[INFO] Load metrics repository
[INFO] Load metrics repository (done) | time=25ms
[INFO] Sensor JavaSquidSensor [java]
[INFO] Configured Java source version (sonar.java.source): 8
[INFO] JavaClasspath initialization
[INFO] JavaClasspath initialization (done) | time=23ms
[INFO] JavaTestClasspath initialization
[INFO] JavaTestClasspath initialization (done) | time=3ms
[INFO] Java Main Files AST scan
[INFO] 10 source files to be analyzed
[INFO] Java Main Files AST scan (done) | time=4132ms
[INFO] Java Test Files AST scan
[INFO] 9 source files to be analyzed
[INFO] 10/10 source files have been analyzed
[INFO] Java Test Files AST scan (done) | time=1288ms
[INFO] Java Generated Files AST scan
[INFO] 0 source files to be analyzed
[INFO] Java Generated Files AST scan (done) | time=2ms
[INFO] Sensor JavaSquidSensor [java] (done) | time=5928ms
[INFO] Sensor SonarCSS Rules [cssfamily]
[INFO] 9/9 source files have been analyzed
[INFO] 0/0 source files have been analyzed
[INFO] No CSS, PHP, HTML or VueJS files are found in the project. CSS analysis is skipped.
[INFO] Sensor SonarCSS Rules [cssfamily] (done) | time=2ms
[INFO] Sensor C# Properties [csharp]
[INFO] Sensor C# Properties [csharp] (done) | time=2ms
[INFO] Sensor Import of Checkstyle issues [java]
[INFO] Importing /workspace/source/target/checkstyle-result.xml
[INFO] Sensor Import of Checkstyle issues [java] (done) | time=114ms
[INFO] Sensor SurefireSensor [java]
[INFO] parsing [/workspace/source/target/surefire-reports]
[INFO] Sensor SurefireSensor [java] (done) | time=65ms
[INFO] Sensor JavaXmlSensor [java]
[INFO] 1 source files to be analyzed
[INFO] Sensor JavaXmlSensor [java] (done) | time=281ms
[INFO] 1/1 source files have been analyzed
[INFO] Sensor HTML [web]
[INFO] Sensor HTML [web] (done) | time=6ms
[INFO] Sensor XML Sensor [xml]
[INFO] 1 source file to be analyzed
[INFO] 1/1 source file has been analyzed
[INFO] Sensor XML Sensor [xml] (done) | time=239ms
[INFO] Sensor VB.NET Properties [vbnet]
[INFO] Sensor VB.NET Properties [vbnet] (done) | time=2ms
[INFO] Sensor JaCoCo XML Report Importer [jacoco]
[INFO] Importing 1 report(s). Turn your logs in debug mode in order to see the exhaustive list.
[INFO] Sensor JaCoCo XML Report Importer [jacoco] (done) | time=43ms
[INFO] Sensor ThymeLeaf template sensor [securityjavafrontend]
[INFO] Sensor ThymeLeaf template sensor [securityjavafrontend] (done) | time=2ms
[INFO] Sensor JavaSecuritySensor [security]
[INFO] Reading type hierarchy from: /workspace/source/target/sonar/ucfg2/java
[INFO] Read 85 type definitions
[INFO] Reading UCFGs from: /workspace/source/target/sonar/ucfg2/java
[INFO] 14:01:11.572925 Building Runtime Type propagation graph
[INFO] 14:01:11.587924 Running Tarjan on 294 nodes
[INFO] 14:01:11.592304 Tarjan found 294 components
[INFO] 14:01:11.597722 Variable type analysis: done
[INFO] 14:01:11.602269 Building Runtime Type propagation graph
[INFO] 14:01:11.610768 Running Tarjan on 294 nodes
[INFO] 14:01:11.612196 Tarjan found 294 components
[INFO] 14:01:11.613352 Variable type analysis: done
[INFO] Analyzing 84 ucfgs to detect vulnerabilities.
[INFO] All rules entrypoints : 0 Retained UCFGs : 0
[INFO] rule: S5131, entrypoints: 0
[INFO] rule: S5131 done
[INFO] rule: S3649, entrypoints: 0
[INFO] rule: S3649 done
[INFO] rule: S2076, entrypoints: 0
[INFO] rule: S2076 done
[INFO] rule: S2091, entrypoints: 0
[INFO] rule: S2091 done
[INFO] rule: S2078, entrypoints: 0
[INFO] rule: S2078 done
[INFO] rule: S2631, entrypoints: 0
[INFO] rule: S2631 done
[INFO] rule: S5135, entrypoints: 0
[INFO] rule: S5135 done
[INFO] rule: S2083, entrypoints: 0
[INFO] rule: S2083 done
[INFO] rule: S5167, entrypoints: 0
[INFO] rule: S5167 done
[INFO] rule: S5144, entrypoints: 0
[INFO] rule: S5144 done
[INFO] rule: S5145, entrypoints: 0
[INFO] rule: S5145 done
[INFO] rule: S5146, entrypoints: 0
[INFO] rule: S5146 done
[INFO] rule: S5334, entrypoints: 0
[INFO] rule: S5334 done
[INFO] rule: S6096, entrypoints: 0
[INFO] rule: S6096 done
[INFO] Sensor JavaSecuritySensor [security] (done) | time=547ms
[INFO] Sensor CSharpSecuritySensor [security]
[INFO] Reading type hierarchy from: /workspace/source/target/ucfg_cs2
[INFO] Read 0 type definitions
[INFO] Reading UCFGs from: /workspace/source/target/ucfg_cs2
[INFO] No UCFGs have been included for analysis.
[INFO] Sensor CSharpSecuritySensor [security] (done) | time=1ms
[INFO] Sensor PhpSecuritySensor [security]
[INFO] Reading type hierarchy from: /workspace/source/target/sonar/ucfg2/php
[INFO] Read 0 type definitions
[INFO] Reading UCFGs from: /workspace/source/target/sonar/ucfg2/php
[INFO] No UCFGs have been included for analysis.
[INFO] Sensor PhpSecuritySensor [security] (done) | time=0ms
[INFO] Sensor PythonSecuritySensor [security]
[INFO] Reading type hierarchy from: /workspace/source/target/sonar/ucfg2/python
[INFO] Read 0 type definitions
[INFO] Reading UCFGs from: /workspace/source/target/sonar/ucfg2/python
[INFO] No UCFGs have been included for analysis.
[INFO] Sensor PythonSecuritySensor [security] (done) | time=1ms
[INFO] Sensor JsSecuritySensor [security]
[INFO] Reading type hierarchy from: /workspace/source/target/sonar/ucfg2/js
[INFO] Read 0 type definitions
[INFO] Reading UCFGs from: /workspace/source/target/sonar/ucfg2/js
[INFO] No UCFGs have been included for analysis.
[INFO] Sensor JsSecuritySensor [security] (done) | time=1ms
[INFO] ------------- Run sensors on project
[INFO] Sensor Zero Coverage Sensor
[INFO] Sensor Zero Coverage Sensor (done) | time=0ms
[INFO] Sensor Java CPD Block Inde**r
[INFO] Sensor Java CPD Block Inde**r (done) | time=48ms
[INFO] SCM Publisher SCM provider for this project is: git
[INFO] SCM Publisher 12 source files to be analyzed
[INFO] SCM Publisher 11/12 source files have been analyzed (done) | time=261ms
[WARNING] Missing blame information for the following files:
[WARNING]   * pom.xml
[WARNING] This may lead to missing/broken features in SonarCloud
[INFO] CPD E**cutor 1 file had no CPD blocks
[INFO] CPD E**cutor Calculating CPD for 9 files
[INFO] CPD E**cutor CPD calculation finished (done) | time=13ms
[INFO] SCM writing changed lines
[INFO] SCM writing changed lines (done) | time=120ms
[INFO] Analysis report generated in 291ms, dir size=363 KB
[INFO] Analysis report compressed in 62ms, zip size=111 KB
[INFO] Analysis report uploaded in 94ms
[INFO] ANALYSIS SUCCESSFUL, you can find the results at: https://sonarcloud.io/dashboard?id=entando-k8s_entando-k8s-app-controller&pullRequest=26
[INFO] Note that you will be able to access the updated dashboard once the server has processed the submitted analysis report
[INFO] More about the report processing at https://sonarcloud.io/api/ce/task?id=AXe1cdb9rLQ7UuL1WUIL
[INFO] Analysis total time: 14.290 s
[INFO] ------------------------------------------------------------------------
[INFO] BUILD SUCCESS
[INFO] ------------------------------------------------------------------------
[INFO] Total time:  01:37 min
[INFO] Finished at: 2021-02-18T14:01:12Z
[INFO] ------------------------------------------------------------------------
Picked up _JAVA_OPTIONS: -XX:+UnlockExperimentalVMOptions -Dsun.zip.disableMemoryMapping=**** -XX:+UseParallelGC -XX:MinHeapFreeRatio=5 -XX:MaxHeapFreeRatio=10 -XX:GCTimeRatio=4 -XX:AdaptiveSizePolicyWeight=90 -Xms1000m -Xmx12000m
[INFO] Scanning for projects...
[INFO] 
[INFO] ---------------< org.entando:entando-k8s-app-controller >---------------
[INFO] Building Entando K8S Controller for Entando App Deployments 0.0.0-SNAPSHOT-PR-26-17
[INFO] --------------------------------[ jar ]---------------------------------
[INFO] 
[INFO] --- maven-site-plugin:3.9.0:site (default-site) @ entando-k8s-app-controller ---
[INFO] configuring report plugin org.apache.maven.plugins:maven-project-info-reports-plugin:3.0.0
[INFO] 9 reports configured for maven-project-info-reports-plugin:3.0.0: dependency-info, distribution-management, index, ci-management, issue-management, licenses, plugins, scm, summary
[INFO] Rendering site with default locale English (en)
[WARNING] Unable to find a URL to the parent project. The parent menu will NOT be added.
[INFO] Relativizing decoration links with respect to localized project URL: https://central.entando.com
[INFO] Rendering content with org.apache.maven.skins:maven-default-skin:jar:1.3 skin.
[INFO] Generating "Dependency Information" report --- maven-project-info-reports-plugin:3.0.0:dependency-info
[INFO] Generating "About" report         --- maven-project-info-reports-plugin:3.0.0:index
[INFO] Generating "Issue Management" report --- maven-project-info-reports-plugin:3.0.0:issue-management
[INFO] Generating "Licenses" report      --- maven-project-info-reports-plugin:3.0.0:licenses
[INFO] Generating "Plugins" report       --- maven-project-info-reports-plugin:3.0.0:plugins
[INFO] Generating "Source Code Management" report --- maven-project-info-reports-plugin:3.0.0:scm
[INFO] Generating "Summary" report       --- maven-project-info-reports-plugin:3.0.0:summary
[INFO] ------------------------------------------------------------------------
[INFO] BUILD SUCCESS
[INFO] ------------------------------------------------------------------------
[INFO] Total time:  8.406 s
[INFO] Finished at: 2021-02-18T14:01:23Z
[INFO] ------------------------------------------------------------------------
Pre-deployment tests failed for entando-k8s-app-controller-PR-26.
The following checks failed for entando-k8s-app-controller-PR-26:
Pre-deployment tests
[31m
Pipeline failed on stage 'from-build-pack' : container 'step-build-mvn-verify-pr'. The execution of the pipeline has stopped.[0m
