
Showing logs for build [32mentando-k8s-entando-k8s-operato-vr8ld-5[0m stage [32mfrom-build-pack[0m and container [32mcredential-initializer[0m
{"level":"info","ts":1621694660.9886644,"caller":"creds-init/main.go:44","msg":"Credentials initialized."}

Showing logs for build [32mentando-k8s-entando-k8s-operato-vr8ld-5[0m stage [32mfrom-build-pack[0m and container [32mworking-dir-initializer[0m

Showing logs for build [32mentando-k8s-entando-k8s-operato-vr8ld-5[0m stage [32mfrom-build-pack[0m and container [32mplace-tools[0m

Showing logs for build [32mentando-k8s-entando-k8s-operato-vr8ld-5[0m stage [32mfrom-build-pack[0m and container [32mstep-git-source-entando-k8s-entando-k8s-operato-vr8ld-4d9vg[0m
{"level":"info","ts":1621694703.8308933,"caller":"git/git.go:105","msg":"Successfully cloned https://github.com/entando-k8s/entando-k8s-operator-common.git @ master in path /workspace/source"}
{"level":"warn","ts":1621694703.8311577,"caller":"git/git.go:152","msg":"Unexpected error: creating symlink: symlink /tekton/home/.ssh /****/.ssh: file exists"}
{"level":"info","ts":1621694703.9840791,"caller":"git/git.go:133","msg":"Successfully initialized and updated submodules in path /workspace/source"}

Showing logs for build [32mentando-k8s-entando-k8s-operato-vr8ld-5[0m stage [32mfrom-build-pack[0m and container [32mstep-setup-builder-home[0m

Showing logs for build [32mentando-k8s-entando-k8s-operato-vr8ld-5[0m stage [32mfrom-build-pack[0m and container [32mstep-git-merge[0m
Using SHAs from PULL_REFS=master:b1c77ebbac670e2c9c2103abec58bbaf89856465,60:4e7113ae72b510843e87f19a0e904161bec19bac
DEBUG: LC_ALL=C JX_LOG_LEVEL=error git fetch origin --unshallow 4e7113ae72b510843e87f19a0e904161bec19bac: b1c77ebbac670e2c9c2103abec58bbaf89856465:
DEBUG: ran git fetch --unshallow origin 4e7113ae72b510843e87f19a0e904161bec19bac: b1c77ebbac670e2c9c2103abec58bbaf89856465: in 
DEBUG: LC_ALL=C JX_LOG_LEVEL=error git branch
DEBUG: LC_ALL=C JX_LOG_LEVEL=error git checkout master
DEBUG: ran git checkout master in 
DEBUG: LC_ALL=C JX_LOG_LEVEL=error git reset --hard b1c77ebbac670e2c9c2103abec58bbaf89856465
DEBUG: ran git reset --hard b1c77ebbac670e2c9c2103abec58bbaf89856465 in 
DEBUG: LC_ALL=C JX_LOG_LEVEL=error git clean -fd .
DEBUG: ran clean --force -d . in 
DEBUG: LC_ALL=C JX_LOG_LEVEL=error git merge 4e7113ae72b510843e87f19a0e904161bec19bac
DEBUG: ran git merge 4e7113ae72b510843e87f19a0e904161bec19bac in 
DEBUG: LC_ALL=C JX_LOG_LEVEL=error git log --format=%H%x1f%an%x1f%ae%x1f%cn%x1f%ce%x1f%s%n%b%x1e b1c77ebbac670e2c9c2103abec58bbaf89856465..HEAD
Merged SHA 4e7113ae72b510843e87f19a0e904161bec19bac with commit message '#ENG-2284 migrated CapabilityProvider semantically to the support level' into base branch master
Merged SHA 9b6d5c202065d177a92e15c115313e7761c34e17 with commit message '#ENG-2284 removed some logic only used in controller-coordinator' into base branch master
Merged SHA a39723cced16737fa39eca07ec43b2cb552198f1 with commit message '#ENG-2284 migrated some common code from keycloak-controller to operator-common' into base branch master
Merged SHA ebb74cea50b3612875a4244ba89feea8ddca6297 with commit message '#ENG-2284 got keycloak-controller to work' into base branch master
Merged SHA b57324b9c49c611bd5c422958fe47629ad5f3efd with commit message '#ENG-2094 extended the Capability functionality' into base branch master
Merged SHA fd3310ac31a6d17748f559afe3635854c2a9c383 with commit message '#ENG-2094 extended the Capability functionality' into base branch master
Merged SHA 29c5f9aba7b2eee2dc1ca6b0a40c7e8896669204 with commit message '#ENG-2284 using CRDNAmeMap to resolve customResourceDefinitions' into base branch master
Merged SHA 169f7ee76345f953dfdc0a75a7d12ae54c3cef43 with commit message '#ENG-2284 initial Capability implementation code' into base branch master
Merged SHA 6c48381b14706d63a6ea76859ed4251a7f3fb7f1 with commit message '#ENG-2284 fixing E2E tests with correct configmap' into base branch master
Merged SHA 7a901a2eedf32cd980f0272236da85fc586ceaaa with commit message '#ENG-2284 fixing E2E tests' into base branch master
Merged SHA 078c20b7b0bef6525e20aebb274041b5918c9486 with commit message '#ENG-2284 checkstyle fi**s' into base branch master
Merged SHA a640c7bb9d4b221ab90cf39888dbdf92ca87500b with commit message '#ENG-2284 sonar fi**s' into base branch master
Merged SHA e65f620d2335bca013cb39de2cc6065ad0caac45 with commit message '#ENG-2284 removed EntandoClusterInfrastructure related logic' into base branch master

Showing logs for build [32mentando-k8s-entando-k8s-operato-vr8ld-5[0m stage [32mfrom-build-pack[0m and container [32mstep-build-set-version[0m
Picked up _JAVA_OPTIONS: -XX:+UnlockExperimentalVMOptions -Dsun.zip.disableMemoryMapping=**** -XX:+UseParallelGC -XX:MinHeapFreeRatio=5 -XX:MaxHeapFreeRatio=10 -XX:GCTimeRatio=4 -XX:AdaptiveSizePolicyWeight=90 -Xms10m -Xmx8000m
[INFO] Scanning for projects...
[WARNING] 
[WARNING] Some problems were encountered while building the effective model for org.entando:entando-k8s-operator-common:jar:6.3.0-SNAPSHOT
[WARNING] 'dependencies.dependency.(groupId:artifactId:type:classifier)' must be unique: org.junit.jupiter:junit-jupiter-params:jar -> version ${junit.version} vs (?) @ line 175, column 21
[WARNING] 
[WARNING] It is highly recommended to fix these problems because they threaten the stability of your build.
[WARNING] 
[WARNING] For this reason, future Maven versions might no longer support building such malformed projects.
[WARNING] 
[INFO] 
[INFO] --------------< org.entando:entando-k8s-operator-common >---------------
[INFO] Building Entando K8S Operator Common Library 6.3.0-SNAPSHOT
[INFO] --------------------------------[ jar ]---------------------------------
[INFO] 
[INFO] --- versions-maven-plugin:2.8.1:set (default-cli) @ entando-k8s-operator-common ---
[INFO] Local aggregation ****: /workspace/source
[INFO] Processing change of org.entando:entando-k8s-operator-common:6.3.0-SNAPSHOT -> 0.0.0-SNAPSHOT-PR-60-5
[INFO] Processing org.entando:entando-k8s-operator-common
[INFO]     Updating project org.entando:entando-k8s-operator-common
[INFO]         from version 6.3.0-SNAPSHOT to 0.0.0-SNAPSHOT-PR-60-5
[INFO] 
[INFO] ------------------------------------------------------------------------
[INFO] BUILD SUCCESS
[INFO] ------------------------------------------------------------------------
[INFO] Total time:  9.923 s
[INFO] Finished at: 2021-05-22T14:45:19Z
[INFO] ------------------------------------------------------------------------

Showing logs for build [32mentando-k8s-entando-k8s-operato-vr8ld-5[0m stage [32mfrom-build-pack[0m and container [32mstep-build-fix-git-for-sonar[0m
M	pom.xml
Deleted branch master (was 4e7113a).
Switched to a new branch 'PR-60'
From https://github.com/entando-k8s/entando-k8s-operator-common
 * [new branch]      master      -> master
 * [new tag]         finalizers  -> finalizers
 * [new tag]         spock-spike -> spock-spike

Showing logs for build [32mentando-k8s-entando-k8s-operato-vr8ld-5[0m stage [32mfrom-build-pack[0m and container [32mstep-build-mvn-verify-pr[0m
Picked up _JAVA_OPTIONS: -XX:+UnlockExperimentalVMOptions -Dsun.zip.disableMemoryMapping=**** -XX:+UseParallelGC -XX:MinHeapFreeRatio=5 -XX:MaxHeapFreeRatio=10 -XX:GCTimeRatio=4 -XX:AdaptiveSizePolicyWeight=90 -Xms10m -Xmx8000m
[INFO] Scanning for projects...
[WARNING] 
[WARNING] Some problems were encountered while building the effective model for org.entando:entando-k8s-operator-common:jar:0.0.0-SNAPSHOT-PR-60-5
[WARNING] 'dependencies.dependency.(groupId:artifactId:type:classifier)' must be unique: org.junit.jupiter:junit-jupiter-params:jar -> version ${junit.version} vs (?) @ line 175, column 21
[WARNING] 
[WARNING] It is highly recommended to fix these problems because they threaten the stability of your build.
[WARNING] 
[WARNING] For this reason, future Maven versions might no longer support building such malformed projects.
[WARNING] 
[INFO] 
[INFO] --------------< org.entando:entando-k8s-operator-common >---------------
[INFO] Building Entando K8S Operator Common Library 0.0.0-SNAPSHOT-PR-60-5
[INFO] --------------------------------[ jar ]---------------------------------
[INFO] 
[INFO] --- maven-checkstyle-plugin:3.1.1:check (validate) @ entando-k8s-operator-common ---
[INFO] Starting audit...
[WARN] /workspace/source/src/main/java/org/entando/kubernetes/controller/support/capability/ProvideCapabilityCommand.java:126:9: WhitespaceAround: 'if' is not followed by whitespace. Empty blocks may only be represented as {} when not part of a multi-block statement (4.1.3) [WhitespaceAround]
[WARN] /workspace/source/src/main/java/org/entando/kubernetes/controller/support/capability/ProvideCapabilityCommand.java:126:53: WhitespaceAround: '==' is not preceded with whitespace. [WhitespaceAround]
[WARN] /workspace/source/src/main/java/org/entando/kubernetes/controller/support/capability/ProvideCapabilityCommand.java:126:86: WhitespaceAround: '{' is not preceded with whitespace. [WhitespaceAround]
[WARN] /workspace/source/src/main/java/org/entando/kubernetes/controller/support/capability/DefaultCapabilityClient.java:70:102: '&&' should be on a new line. [OperatorWrap]
[WARN] /workspace/source/src/main/java/org/entando/kubernetes/controller/spi/command/SerializationHelper.java:86:13: WhitespaceAround: 'if' is not followed by whitespace. Empty blocks may only be represented as {} when not part of a multi-block statement (4.1.3) [WhitespaceAround]
[WARN] /workspace/source/src/main/java/org/entando/kubernetes/controller/spi/command/SerializationHelper.java:86:42: WhitespaceAround: '{' is not preceded with whitespace. [WhitespaceAround]
[WARN] /workspace/source/src/main/java/org/entando/kubernetes/controller/spi/command/SerializationHelper.java:87:22: WhitespaceAround: '=' is not followed by whitespace. Empty blocks may only be represented as {} when not part of a multi-block statement (4.1.3) [WhitespaceAround]
[WARN] /workspace/source/src/main/java/org/entando/kubernetes/controller/spi/command/SerializationHelper.java:87:22: WhitespaceAround: '=' is not preceded with whitespace. [WhitespaceAround]
[WARN] /workspace/source/src/main/java/org/entando/kubernetes/controller/spi/command/SerializingDeploymentProcessor.java:50:17: '.' should be on a new line. [SeparatorWrapDot]
[WARN] /workspace/source/src/test/java/org/entando/kubernetes/controller/spi/capability/doubles/CapabilityClientDouble.java:107: Overload methods should not be split. Previous overloaded method located at line '63'. [OverloadMethodsDeclarationOrder]
[WARN] /workspace/source/src/test/java/org/entando/kubernetes/test/common/ControllerTestHelper.java:89: Line is longer than 140 characters (found 143). [LineLength]
Audit done.
[WARNING] src/main/java/org/entando/kubernetes/controller/support/capability/ProvideCapabilityCommand.java:[126,9] (whitespace) WhitespaceAround: WhitespaceAround: 'if' is not followed by whitespace. Empty blocks may only be represented as {} when not part of a multi-block statement (4.1.3)
[WARNING] src/main/java/org/entando/kubernetes/controller/support/capability/ProvideCapabilityCommand.java:[126,53] (whitespace) WhitespaceAround: WhitespaceAround: '==' is not preceded with whitespace.
[WARNING] src/main/java/org/entando/kubernetes/controller/support/capability/ProvideCapabilityCommand.java:[126,86] (whitespace) WhitespaceAround: WhitespaceAround: '{' is not preceded with whitespace.
[WARNING] src/main/java/org/entando/kubernetes/controller/support/capability/DefaultCapabilityClient.java:[70,102] (whitespace) OperatorWrap: '&&' should be on a new line.
[WARNING] src/main/java/org/entando/kubernetes/controller/spi/command/SerializationHelper.java:[86,13] (whitespace) WhitespaceAround: WhitespaceAround: 'if' is not followed by whitespace. Empty blocks may only be represented as {} when not part of a multi-block statement (4.1.3)
[WARNING] src/main/java/org/entando/kubernetes/controller/spi/command/SerializationHelper.java:[86,42] (whitespace) WhitespaceAround: WhitespaceAround: '{' is not preceded with whitespace.
[WARNING] src/main/java/org/entando/kubernetes/controller/spi/command/SerializationHelper.java:[87,22] (whitespace) WhitespaceAround: WhitespaceAround: '=' is not followed by whitespace. Empty blocks may only be represented as {} when not part of a multi-block statement (4.1.3)
[WARNING] src/main/java/org/entando/kubernetes/controller/spi/command/SerializationHelper.java:[87,22] (whitespace) WhitespaceAround: WhitespaceAround: '=' is not preceded with whitespace.
[WARNING] src/main/java/org/entando/kubernetes/controller/spi/command/SerializingDeploymentProcessor.java:[50,17] (extension) SeparatorWrapDot: '.' should be on a new line.
[WARNING] src/test/java/org/entando/kubernetes/controller/spi/capability/doubles/CapabilityClientDouble.java:[107] (coding) OverloadMethodsDeclarationOrder: Overload methods should not be split. Previous overloaded method located at line '63'.
[WARNING] src/test/java/org/entando/kubernetes/test/common/ControllerTestHelper.java:[89] (sizes) LineLength: Line is longer than 140 characters (found 143).
[WARNING] checkstyle:check violations detected but failOnViolation set to false
[INFO] You have 11 Checkstyle violations.
[INFO] 
[INFO] --- maven-checkstyle-plugin:3.1.1:checkstyle (validate) @ entando-k8s-operator-common ---
[INFO] Starting audit...
[WARN] /workspace/source/src/main/java/org/entando/kubernetes/controller/support/capability/ProvideCapabilityCommand.java:126:9: WhitespaceAround: 'if' is not followed by whitespace. Empty blocks may only be represented as {} when not part of a multi-block statement (4.1.3) [WhitespaceAround]
[WARN] /workspace/source/src/main/java/org/entando/kubernetes/controller/support/capability/ProvideCapabilityCommand.java:126:53: WhitespaceAround: '==' is not preceded with whitespace. [WhitespaceAround]
[WARN] /workspace/source/src/main/java/org/entando/kubernetes/controller/support/capability/ProvideCapabilityCommand.java:126:86: WhitespaceAround: '{' is not preceded with whitespace. [WhitespaceAround]
[WARN] /workspace/source/src/main/java/org/entando/kubernetes/controller/support/capability/DefaultCapabilityClient.java:70:102: '&&' should be on a new line. [OperatorWrap]
[WARN] /workspace/source/src/main/java/org/entando/kubernetes/controller/spi/command/SerializationHelper.java:86:13: WhitespaceAround: 'if' is not followed by whitespace. Empty blocks may only be represented as {} when not part of a multi-block statement (4.1.3) [WhitespaceAround]
[WARN] /workspace/source/src/main/java/org/entando/kubernetes/controller/spi/command/SerializationHelper.java:86:42: WhitespaceAround: '{' is not preceded with whitespace. [WhitespaceAround]
[WARN] /workspace/source/src/main/java/org/entando/kubernetes/controller/spi/command/SerializationHelper.java:87:22: WhitespaceAround: '=' is not followed by whitespace. Empty blocks may only be represented as {} when not part of a multi-block statement (4.1.3) [WhitespaceAround]
[WARN] /workspace/source/src/main/java/org/entando/kubernetes/controller/spi/command/SerializationHelper.java:87:22: WhitespaceAround: '=' is not preceded with whitespace. [WhitespaceAround]
[WARN] /workspace/source/src/main/java/org/entando/kubernetes/controller/spi/command/SerializingDeploymentProcessor.java:50:17: '.' should be on a new line. [SeparatorWrapDot]
[WARN] /workspace/source/src/test/java/org/entando/kubernetes/controller/spi/capability/doubles/CapabilityClientDouble.java:107: Overload methods should not be split. Previous overloaded method located at line '63'. [OverloadMethodsDeclarationOrder]
[WARN] /workspace/source/src/test/java/org/entando/kubernetes/test/common/ControllerTestHelper.java:89: Line is longer than 140 characters (found 143). [LineLength]
Audit done.
[INFO] 
[INFO] --- jacoco-maven-plugin:0.8.6:prepare-agent (prepare-agent) @ entando-k8s-operator-common ---
[INFO] argLine set to -javaagent:/home/jenkins/.mvnrepository/org/jacoco/org.jacoco.agent/0.8.6/org.jacoco.agent-0.8.6-runtime.jar=destfile=/workspace/source/target/jacoco.e**c
[INFO] 
[INFO] --- maven-resources-plugin:2.6:resources (default-resources) @ entando-k8s-operator-common ---
[INFO] Using 'UTF-8' encoding to copy filtered resources.
[INFO] Copying 14 resources
[INFO] 
[INFO] --- maven-compiler-plugin:3.8.1:compile (default-compile) @ entando-k8s-operator-common ---
[INFO] Changes detected - recompiling the module!
[INFO] Compiling 143 source files to /workspace/source/target/classes
[INFO] /workspace/source/src/main/java/org/entando/kubernetes/controller/support/client/impl/DefaultSecretClient.java: /workspace/source/src/main/java/org/entando/kubernetes/controller/support/client/impl/DefaultSecretClient.java uses or overrides a deprecated API that is marked for removal.
[INFO] /workspace/source/src/main/java/org/entando/kubernetes/controller/support/client/impl/DefaultSecretClient.java: Recompile with -Xlint:removal for details.
[INFO] 
[INFO] --- maven-resources-plugin:2.6:testResources (default-testResources) @ entando-k8s-operator-common ---
[INFO] Using 'UTF-8' encoding to copy filtered resources.
[INFO] Copying 7 resources
[INFO] 
[INFO] --- maven-compiler-plugin:3.8.1:testCompile (default-testCompile) @ entando-k8s-operator-common ---
[INFO] Changes detected - recompiling the module!
[INFO] Compiling 106 source files to /workspace/source/target/test-classes
[WARNING] /workspace/source/src/test/java/org/entando/kubernetes/controller/support/client/doubles/NamespaceDouble.java:[157,48] unchecked cast
  required: T
  found:    org.entando.kubernetes.model.common.EntandoCustomResource
[WARNING] /workspace/source/src/test/java/org/entando/kubernetes/test/e2etest/AddExampleWithContainerizedDatabaseTest.java:[81,105] unchecked cast
  required: org.entando.kubernetes.model.common.EntandoBaseCustomResource<org.entando.kubernetes.model.plugin.EntandoPluginSpec,org.entando.kubernetes.model.common.EntandoCustomResourceStatus>
  found:    org.entando.kubernetes.model.common.EntandoCustomResource
[INFO] /workspace/source/src/test/java/org/entando/kubernetes/controller/support/client/impl/DefaultSecretClientTest.java: Some input files use or override a deprecated API that is marked for removal.
[INFO] /workspace/source/src/test/java/org/entando/kubernetes/controller/support/client/impl/DefaultSecretClientTest.java: Recompile with -Xlint:removal for details.
[INFO] 
[INFO] --- maven-surefire-plugin:3.0.0-M1:test (default-test) @ entando-k8s-operator-common ---
[INFO] 
[INFO] -------------------------------------------------------
[INFO]  T E S T S
[INFO] -------------------------------------------------------
[INFO] Running org.entando.kubernetes.controller.support.client.impl.DefaultSecretClientTest
May 22, 2021 2:46:06 PM org.entando.kubernetes.controller.support.client.impl.KubernetesRestInterceptor invoke
INFO: Entering method createSecretIfAbsent in class org.entando.kubernetes.controller.support.client.SecretClient with EntandoApp: entando-k8s-operator-common-cmpr60/my-app-cmpr60 and with Secret: entando-k8s-operator-common-cmpr60/my-local-secret
May 22, 2021 2:46:06 PM org.entando.kubernetes.controller.support.client.impl.KubernetesRestInterceptor invoke
INFO: Exiting method createSecretIfAbsent in class org.entando.kubernetes.controller.support.client.SecretClient
May 22, 2021 2:46:06 PM org.entando.kubernetes.controller.support.client.impl.KubernetesRestInterceptor invoke
INFO: Entering method createSecretIfAbsent in class org.entando.kubernetes.controller.support.client.SecretClient with EntandoApp: entando-k8s-operator-common-cmpr60/my-app-cmpr60 and with Secret: entando-k8s-operator-common-cmpr60/my-local-secret
May 22, 2021 2:46:06 PM org.entando.kubernetes.controller.support.client.impl.KubernetesRestInterceptor invoke
INFO: Exiting method createSecretIfAbsent in class org.entando.kubernetes.controller.support.client.SecretClient
May 22, 2021 2:46:06 PM org.entando.kubernetes.controller.support.client.impl.KubernetesRestInterceptor invoke
INFO: Entering method loadSecret in class org.entando.kubernetes.controller.support.client.SecretClient with EntandoApp: entando-k8s-operator-common-cmpr60/my-app-cmpr60
May 22, 2021 2:46:06 PM org.entando.kubernetes.controller.support.client.impl.KubernetesRestInterceptor invoke
INFO: Exiting method loadSecret in class org.entando.kubernetes.controller.support.client.SecretClient
May 22, 2021 2:46:06 PM org.entando.kubernetes.controller.support.client.impl.KubernetesRestInterceptor invoke
INFO: Entering method overwriteControllerSecret in class org.entando.kubernetes.controller.support.client.SecretClient with Secret: entando-k8s-operator-common-cmpr60/my-controller-secret
May 22, 2021 2:46:06 PM org.entando.kubernetes.controller.support.client.impl.KubernetesRestInterceptor invoke
INFO: Exiting method overwriteControllerSecret in class org.entando.kubernetes.controller.support.client.SecretClient
May 22, 2021 2:46:06 PM org.entando.kubernetes.controller.support.client.impl.KubernetesRestInterceptor invoke
INFO: Entering method overwriteControllerSecret in class org.entando.kubernetes.controller.support.client.SecretClient with Secret: **/my-controller-secret
May 22, 2021 2:46:06 PM org.entando.kubernetes.controller.support.client.impl.KubernetesRestInterceptor invoke
INFO: Exiting method overwriteControllerSecret in class org.entando.kubernetes.controller.support.client.SecretClient
May 22, 2021 2:46:06 PM org.entando.kubernetes.controller.support.client.impl.KubernetesRestInterceptor invoke
INFO: Entering method loadControllerSecret in class org.entando.kubernetes.controller.support.client.SecretClient with my-controller-secret
May 22, 2021 2:46:06 PM org.entando.kubernetes.controller.support.client.impl.KubernetesRestInterceptor invoke
INFO: Exiting method loadControllerSecret in class org.entando.kubernetes.controller.support.client.SecretClient
May 22, 2021 2:46:07 PM org.entando.kubernetes.controller.support.client.impl.KubernetesRestInterceptor invoke
INFO: Entering method createConfigMapIfAbsent in class org.entando.kubernetes.controller.support.client.SecretClient with EntandoApp: entando-k8s-operator-common-cmpr60/my-app-cmpr60 and with ConfigMap: entando-k8s-operator-common-cmpr60/my-local-configmap
May 22, 2021 2:46:07 PM org.entando.kubernetes.controller.support.client.impl.KubernetesRestInterceptor invoke
INFO: Exiting method createConfigMapIfAbsent in class org.entando.kubernetes.controller.support.client.SecretClient
May 22, 2021 2:46:07 PM org.entando.kubernetes.controller.support.client.impl.KubernetesRestInterceptor invoke
INFO: Entering method createConfigMapIfAbsent in class org.entando.kubernetes.controller.support.client.SecretClient with EntandoApp: entando-k8s-operator-common-cmpr60/my-app-cmpr60 and with ConfigMap: entando-k8s-operator-common-cmpr60/my-local-configmap
May 22, 2021 2:46:07 PM org.entando.kubernetes.controller.support.client.impl.KubernetesRestInterceptor invoke
INFO: Exiting method createConfigMapIfAbsent in class org.entando.kubernetes.controller.support.client.SecretClient
May 22, 2021 2:46:07 PM org.entando.kubernetes.controller.support.client.impl.KubernetesRestInterceptor invoke
INFO: Entering method loadConfigMap in class org.entando.kubernetes.controller.support.client.SecretClient with EntandoApp: entando-k8s-operator-common-cmpr60/my-app-cmpr60
May 22, 2021 2:46:07 PM org.entando.kubernetes.controller.support.client.impl.KubernetesRestInterceptor invoke
INFO: Exiting method loadConfigMap in class org.entando.kubernetes.controller.support.client.SecretClient
May 22, 2021 2:46:07 PM org.entando.kubernetes.controller.support.client.impl.KubernetesRestInterceptor invoke
INFO: Entering method overwriteControllerConfigMap in class org.entando.kubernetes.controller.support.client.SecretClient with ConfigMap: null/test-map-can-delete-this
May 22, 2021 2:46:07 PM org.entando.kubernetes.controller.support.client.impl.KubernetesRestInterceptor invoke
INFO: Exiting method overwriteControllerConfigMap in class org.entando.kubernetes.controller.support.client.SecretClient
May 22, 2021 2:46:07 PM org.entando.kubernetes.controller.support.client.impl.KubernetesRestInterceptor invoke
INFO: Entering method overwriteControllerConfigMap in class org.entando.kubernetes.controller.support.client.SecretClient with ConfigMap: null/test-map-can-delete-this
May 22, 2021 2:46:07 PM org.entando.kubernetes.controller.support.client.impl.KubernetesRestInterceptor invoke
INFO: Exiting method overwriteControllerConfigMap in class org.entando.kubernetes.controller.support.client.SecretClient
May 22, 2021 2:46:07 PM org.entando.kubernetes.controller.support.client.impl.KubernetesRestInterceptor invoke
INFO: Entering method loadControllerConfigMap in class org.entando.kubernetes.controller.support.client.SecretClient with test-map-can-delete-this
May 22, 2021 2:46:07 PM org.entando.kubernetes.controller.support.client.impl.KubernetesRestInterceptor invoke
INFO: Exiting method loadControllerConfigMap in class org.entando.kubernetes.controller.support.client.SecretClient
[INFO] Tests run: 4, Failures: 0, Errors: 0, Skipped: 0, Time elapsed: 3.26 s - in org.entando.kubernetes.controller.support.client.impl.DefaultSecretClientTest
[INFO] Running org.entando.kubernetes.controller.support.client.impl.DefaultEntandoResourceClientTest
May 22, 2021 2:46:08 PM org.entando.kubernetes.controller.support.client.impl.integrationtesthelpers.DeletionWaiter lambda$deleteSingleItem$2
WARNING: Deleting configmaps  entando-k8s-operator-common-cmpr60/my-local-configmap
May 22, 2021 2:46:09 PM org.entando.kubernetes.controller.support.client.impl.KubernetesRestInterceptor invoke
INFO: Entering method createOrPatchEntandoResource in class org.entando.kubernetes.controller.spi.client.KubernetesClientForControllers with EntandoKeycloakServer: keycloak-namespace-cmpr60/my-keycloak-cmpr60
May 22, 2021 2:46:10 PM org.entando.kubernetes.controller.support.client.impl.KubernetesRestInterceptor invoke
INFO: Exiting method createOrPatchEntandoResource in class org.entando.kubernetes.controller.spi.client.KubernetesClientForControllers
May 22, 2021 2:46:10 PM org.entando.kubernetes.controller.support.client.impl.KubernetesRestInterceptor invoke
INFO: Entering method createConfigMapIfAbsent in class org.entando.kubernetes.controller.support.client.SecretClient with EntandoKeycloakServer: keycloak-namespace-cmpr60/my-keycloak-cmpr60 and with ConfigMap: null/keycloak-keycloak-namespace-cmpr60-my-keycloak-cmpr60-connection-config
May 22, 2021 2:46:10 PM org.entando.kubernetes.controller.support.client.impl.KubernetesRestInterceptor invoke
INFO: Exiting method createConfigMapIfAbsent in class org.entando.kubernetes.controller.support.client.SecretClient
May 22, 2021 2:46:10 PM org.entando.kubernetes.controller.support.client.impl.KubernetesRestInterceptor invoke
INFO: Entering method overwriteControllerSecret in class org.entando.kubernetes.controller.support.client.SecretClient with Secret: null/keycloak-keycloak-namespace-cmpr60-my-keycloak-cmpr60-*****-secret
May 22, 2021 2:46:10 PM org.entando.kubernetes.controller.support.client.impl.KubernetesRestInterceptor invoke
INFO: Exiting method overwriteControllerSecret in class org.entando.kubernetes.controller.support.client.SecretClient
May 22, 2021 2:46:10 PM org.entando.kubernetes.controller.support.client.impl.KubernetesRestInterceptor invoke
INFO: Entering method loadDefaultCapabilitiesConfigMap in class org.entando.kubernetes.controller.support.client.EntandoResourceClient
May 22, 2021 2:46:10 PM org.entando.kubernetes.controller.support.client.impl.KubernetesRestInterceptor invoke
INFO: Exiting method loadDefaultCapabilitiesConfigMap in class org.entando.kubernetes.controller.support.client.EntandoResourceClient
May 22, 2021 2:46:10 PM org.entando.kubernetes.controller.support.client.impl.KubernetesRestInterceptor invoke
INFO: Entering method createOrPatchEntandoResource in class org.entando.kubernetes.controller.spi.client.KubernetesClientForControllers with EntandoApp: app-namespace-cmpr60/my-app-cmpr60
May 22, 2021 2:46:10 PM org.entando.kubernetes.controller.support.client.impl.KubernetesRestInterceptor invoke
INFO: Exiting method createOrPatchEntandoResource in class org.entando.kubernetes.controller.spi.client.KubernetesClientForControllers
May 22, 2021 2:46:10 PM org.entando.kubernetes.controller.support.client.impl.KubernetesRestInterceptor invoke
INFO: Entering method createConfigMapIfAbsent in class org.entando.kubernetes.controller.support.client.SecretClient with EntandoApp: app-namespace-cmpr60/my-app-cmpr60 and with ConfigMap: app-namespace-cmpr60/keycloak-keycloak-namespace-cmpr60-my-keycloak-cmpr60-connection-config
May 22, 2021 2:46:10 PM org.entando.kubernetes.controller.support.client.impl.KubernetesRestInterceptor invoke
INFO: Exiting method createConfigMapIfAbsent in class org.entando.kubernetes.controller.support.client.SecretClient
May 22, 2021 2:46:10 PM org.entando.kubernetes.controller.support.client.impl.KubernetesRestInterceptor invoke
INFO: Entering method findKeycloak in class org.entando.kubernetes.controller.support.client.EntandoResourceClient with EntandoApp: app-namespace-cmpr60/my-app-cmpr60
May 22, 2021 2:46:10 PM org.entando.kubernetes.controller.support.client.impl.KubernetesRestInterceptor invoke
INFO: Exiting method findKeycloak in class org.entando.kubernetes.controller.support.client.EntandoResourceClient
May 22, 2021 2:46:10 PM org.entando.kubernetes.controller.support.client.impl.integrationtesthelpers.DeletionWaiter lambda$deleteSingleItem$2
WARNING: Deleting configmaps  app-namespace-cmpr60/keycloak-keycloak-namespace-cmpr60-my-keycloak-cmpr60-connection-config
May 22, 2021 2:46:11 PM org.entando.kubernetes.controller.support.client.impl.integrationtesthelpers.DeletionWaiter lambda$deleteSingleItem$2
WARNING: Deleting configmaps  keycloak-namespace-cmpr60/keycloak-keycloak-namespace-cmpr60-my-keycloak-cmpr60-connection-config
May 22, 2021 2:46:11 PM org.entando.kubernetes.controller.support.client.impl.integrationtesthelpers.DeletionWaiter lambda$deleteSingleItem$2
WARNING: Deleting entandoapps  app-namespace-cmpr60/my-app-cmpr60
May 22, 2021 2:46:12 PM org.entando.kubernetes.controller.support.client.impl.integrationtesthelpers.DeletionWaiter lambda$deleteSingleItem$2
WARNING: Deleting entandokeycloakservers  keycloak-namespace-cmpr60/my-keycloak-cmpr60
May 22, 2021 2:46:13 PM org.entando.kubernetes.controller.support.client.impl.KubernetesRestInterceptor invoke
INFO: Entering method createOrPatchEntandoResource in class org.entando.kubernetes.controller.spi.client.KubernetesClientForControllers with EntandoKeycloakServer: app-namespace-cmpr60/my-keycloak-cmpr60
May 22, 2021 2:46:13 PM org.entando.kubernetes.controller.support.client.impl.KubernetesRestInterceptor invoke
INFO: Exiting method createOrPatchEntandoResource in class org.entando.kubernetes.controller.spi.client.KubernetesClientForControllers
May 22, 2021 2:46:13 PM org.entando.kubernetes.controller.support.client.impl.KubernetesRestInterceptor invoke
INFO: Entering method createConfigMapIfAbsent in class org.entando.kubernetes.controller.support.client.SecretClient with EntandoKeycloakServer: app-namespace-cmpr60/my-keycloak-cmpr60 and with ConfigMap: null/keycloak-app-namespace-cmpr60-my-keycloak-cmpr60-connection-config
May 22, 2021 2:46:13 PM org.entando.kubernetes.controller.support.client.impl.KubernetesRestInterceptor invoke
INFO: Exiting method createConfigMapIfAbsent in class org.entando.kubernetes.controller.support.client.SecretClient
May 22, 2021 2:46:13 PM org.entando.kubernetes.controller.support.client.impl.KubernetesRestInterceptor invoke
INFO: Entering method overwriteControllerSecret in class org.entando.kubernetes.controller.support.client.SecretClient with Secret: null/keycloak-app-namespace-cmpr60-my-keycloak-cmpr60-*****-secret
May 22, 2021 2:46:13 PM org.entando.kubernetes.controller.support.client.impl.KubernetesRestInterceptor invoke
INFO: Exiting method overwriteControllerSecret in class org.entando.kubernetes.controller.support.client.SecretClient
May 22, 2021 2:46:13 PM org.entando.kubernetes.controller.support.client.impl.KubernetesRestInterceptor invoke
INFO: Entering method findKeycloak in class org.entando.kubernetes.controller.support.client.EntandoResourceClient with EntandoApp: app-namespace-cmpr60/my-app-cmpr60
May 22, 2021 2:46:13 PM org.entando.kubernetes.controller.support.client.impl.KubernetesRestInterceptor invoke
INFO: Exiting method findKeycloak in class org.entando.kubernetes.controller.support.client.EntandoResourceClient
May 22, 2021 2:46:13 PM org.entando.kubernetes.controller.support.client.impl.integrationtesthelpers.DeletionWaiter lambda$deleteSingleItem$2
WARNING: Deleting configmaps  app-namespace-cmpr60/keycloak-app-namespace-cmpr60-my-keycloak-cmpr60-connection-config
May 22, 2021 2:46:14 PM org.entando.kubernetes.controller.support.client.impl.integrationtesthelpers.DeletionWaiter lambda$deleteSingleItem$2
WARNING: Deleting entandokeycloakservers  app-namespace-cmpr60/my-keycloak-cmpr60
May 22, 2021 2:46:15 PM org.entando.kubernetes.controller.support.client.impl.KubernetesRestInterceptor invoke
INFO: Entering method createOrPatchEntandoResource in class org.entando.kubernetes.controller.spi.client.KubernetesClientForControllers with EntandoKeycloakServer: keycloak-namespace-cmpr60/my-keycloak-cmpr60
May 22, 2021 2:46:15 PM org.entando.kubernetes.controller.support.client.impl.KubernetesRestInterceptor invoke
INFO: Exiting method createOrPatchEntandoResource in class org.entando.kubernetes.controller.spi.client.KubernetesClientForControllers
May 22, 2021 2:46:15 PM org.entando.kubernetes.controller.support.client.impl.KubernetesRestInterceptor invoke
INFO: Entering method createConfigMapIfAbsent in class org.entando.kubernetes.controller.support.client.SecretClient with EntandoKeycloakServer: keycloak-namespace-cmpr60/my-keycloak-cmpr60 and with ConfigMap: null/keycloak-keycloak-namespace-cmpr60-my-keycloak-cmpr60-connection-config
May 22, 2021 2:46:15 PM org.entando.kubernetes.controller.support.client.impl.KubernetesRestInterceptor invoke
INFO: Exiting method createConfigMapIfAbsent in class org.entando.kubernetes.controller.support.client.SecretClient
May 22, 2021 2:46:15 PM org.entando.kubernetes.controller.support.client.impl.KubernetesRestInterceptor invoke
INFO: Entering method overwriteControllerSecret in class org.entando.kubernetes.controller.support.client.SecretClient with Secret: null/keycloak-keycloak-namespace-cmpr60-my-keycloak-cmpr60-*****-secret
May 22, 2021 2:46:15 PM org.entando.kubernetes.controller.support.client.impl.KubernetesRestInterceptor invoke
INFO: Exiting method overwriteControllerSecret in class org.entando.kubernetes.controller.support.client.SecretClient
May 22, 2021 2:46:15 PM org.entando.kubernetes.controller.support.client.impl.KubernetesRestInterceptor invoke
INFO: Entering method createOrPatchEntandoResource in class org.entando.kubernetes.controller.spi.client.KubernetesClientForControllers with EntandoApp: app-namespace-cmpr60/my-app-cmpr60
May 22, 2021 2:46:15 PM org.entando.kubernetes.controller.support.client.impl.KubernetesRestInterceptor invoke
INFO: Exiting method createOrPatchEntandoResource in class org.entando.kubernetes.controller.spi.client.KubernetesClientForControllers
May 22, 2021 2:46:15 PM org.entando.kubernetes.controller.support.client.impl.KubernetesRestInterceptor invoke
INFO: Entering method findKeycloak in class org.entando.kubernetes.controller.support.client.EntandoResourceClient with EntandoApp: app-namespace-cmpr60/my-app-cmpr60
May 22, 2021 2:46:15 PM org.entando.kubernetes.controller.support.client.impl.KubernetesRestInterceptor invoke
INFO: Exiting method findKeycloak in class org.entando.kubernetes.controller.support.client.EntandoResourceClient
May 22, 2021 2:46:16 PM org.entando.kubernetes.controller.support.client.impl.integrationtesthelpers.DeletionWaiter lambda$deleteSingleItem$2
WARNING: Deleting configmaps  keycloak-namespace-cmpr60/keycloak-keycloak-namespace-cmpr60-my-keycloak-cmpr60-connection-config
May 22, 2021 2:46:17 PM org.entando.kubernetes.controller.support.client.impl.integrationtesthelpers.DeletionWaiter lambda$deleteSingleItem$2
WARNING: Deleting entandoapps  app-namespace-cmpr60/my-app-cmpr60
May 22, 2021 2:46:17 PM org.entando.kubernetes.controller.support.client.impl.integrationtesthelpers.DeletionWaiter lambda$deleteSingleItem$2
WARNING: Deleting entandokeycloakservers  keycloak-namespace-cmpr60/my-keycloak-cmpr60
May 22, 2021 2:46:18 PM org.entando.kubernetes.controller.support.client.impl.KubernetesRestInterceptor invoke
INFO: Entering method createOrPatchEntandoResource in class org.entando.kubernetes.controller.spi.client.KubernetesClientForControllers with EntandoDatabaseService: app-namespace-cmpr60/my-database-service
May 22, 2021 2:46:18 PM org.entando.kubernetes.controller.support.client.impl.KubernetesRestInterceptor invoke
INFO: Exiting method createOrPatchEntandoResource in class org.entando.kubernetes.controller.spi.client.KubernetesClientForControllers
May 22, 2021 2:46:18 PM org.entando.kubernetes.controller.support.client.impl.KubernetesRestInterceptor invoke
INFO: Entering method createOrPatchEntandoResource in class org.entando.kubernetes.controller.spi.client.KubernetesClientForControllers with EntandoApp: app-namespace-cmpr60/my-app-cmpr60
May 22, 2021 2:46:18 PM org.entando.kubernetes.controller.support.client.impl.KubernetesRestInterceptor invoke
INFO: Exiting method createOrPatchEntandoResource in class org.entando.kubernetes.controller.spi.client.KubernetesClientForControllers
May 22, 2021 2:46:18 PM org.entando.kubernetes.controller.support.client.impl.KubernetesRestInterceptor invoke
INFO: Entering method createOrReplaceService in class org.entando.kubernetes.controller.support.client.ServiceClient with EntandoDatabaseService: app-namespace-cmpr60/my-database-service and with Service: app-namespace-cmpr60/my-database-service-service
May 22, 2021 2:46:18 PM org.entando.kubernetes.controller.support.client.impl.KubernetesRestInterceptor invoke
INFO: Exiting method createOrReplaceService in class org.entando.kubernetes.controller.support.client.ServiceClient
May 22, 2021 2:46:18 PM org.entando.kubernetes.controller.support.client.impl.KubernetesRestInterceptor invoke
INFO: Entering method updateStatus in class org.entando.kubernetes.controller.spi.client.KubernetesClientForControllers with EntandoDatabaseService: app-namespace-cmpr60/my-database-service
May 22, 2021 2:46:19 PM org.entando.kubernetes.controller.support.client.impl.KubernetesRestInterceptor invoke
INFO: Exiting method updateStatus in class org.entando.kubernetes.controller.spi.client.KubernetesClientForControllers
May 22, 2021 2:46:19 PM org.entando.kubernetes.controller.support.client.impl.KubernetesRestInterceptor invoke
INFO: Entering method findExternalDatabase in class org.entando.kubernetes.controller.support.client.EntandoResourceClient with EntandoApp: app-namespace-cmpr60/my-app-cmpr60
May 22, 2021 2:46:19 PM org.entando.kubernetes.controller.support.client.impl.KubernetesRestInterceptor invoke
INFO: Exiting method findExternalDatabase in class org.entando.kubernetes.controller.support.client.EntandoResourceClient
[INFO] Tests run: 4, Failures: 0, Errors: 0, Skipped: 0, Time elapsed: 11.661 s - in org.entando.kubernetes.controller.support.client.impl.DefaultEntandoResourceClientTest
[INFO] Running org.entando.kubernetes.controller.support.client.impl.DefaultIngressClientTest
May 22, 2021 2:46:19 PM org.entando.kubernetes.controller.support.client.impl.KubernetesRestInterceptor invoke
INFO: Entering method createIngress in class org.entando.kubernetes.controller.support.client.IngressClient with EntandoApp: entando-k8s-operator-common-cmpr60/my-app-cmpr60 and with Ingress: entando-k8s-operator-common-cmpr60/my-ingress
May 22, 2021 2:46:19 PM org.entando.kubernetes.controller.support.client.impl.KubernetesRestInterceptor invoke
INFO: Exiting method createIngress in class org.entando.kubernetes.controller.support.client.IngressClient
May 22, 2021 2:46:19 PM org.entando.kubernetes.controller.support.client.impl.KubernetesRestInterceptor invoke
INFO: Entering method addHttpPath in class org.entando.kubernetes.controller.support.client.IngressClient with Ingress: entando-k8s-operator-common-cmpr60/my-ingress
May 22, 2021 2:46:19 PM org.entando.kubernetes.controller.support.client.impl.KubernetesRestInterceptor invoke
INFO: Exiting method addHttpPath in class org.entando.kubernetes.controller.support.client.IngressClient
May 22, 2021 2:46:19 PM org.entando.kubernetes.controller.support.client.impl.KubernetesRestInterceptor invoke
INFO: Entering method loadIngress in class org.entando.kubernetes.controller.support.client.IngressClient with entando-k8s-operator-common-cmpr60,my-ingress
May 22, 2021 2:46:19 PM org.entando.kubernetes.controller.support.client.impl.KubernetesRestInterceptor invoke
INFO: Exiting method loadIngress in class org.entando.kubernetes.controller.support.client.IngressClient
May 22, 2021 2:46:19 PM org.entando.kubernetes.controller.support.client.impl.integrationtesthelpers.DeletionWaiter lambda$deleteSingleItem$2
WARNING: Deleting ingresses  entando-k8s-operator-common-cmpr60/my-ingress
May 22, 2021 2:46:19 PM org.entando.kubernetes.controller.support.client.impl.KubernetesRestInterceptor invoke
INFO: Entering method createIngress in class org.entando.kubernetes.controller.support.client.IngressClient with EntandoApp: entando-k8s-operator-common-cmpr60/my-app-cmpr60 and with Ingress: entando-k8s-operator-common-cmpr60/my-ingress
May 22, 2021 2:46:19 PM org.entando.kubernetes.controller.support.client.impl.KubernetesRestInterceptor invoke
INFO: Exiting method createIngress in class org.entando.kubernetes.controller.support.client.IngressClient
May 22, 2021 2:46:19 PM org.entando.kubernetes.controller.support.client.impl.KubernetesRestInterceptor invoke
INFO: Entering method removeHttpPath in class org.entando.kubernetes.controller.support.client.IngressClient with Ingress: entando-k8s-operator-common-cmpr60/my-ingress
May 22, 2021 2:46:19 PM org.entando.kubernetes.controller.support.client.impl.KubernetesRestInterceptor invoke
INFO: Exiting method removeHttpPath in class org.entando.kubernetes.controller.support.client.IngressClient
[INFO] Tests run: 2, Failures: 0, Errors: 0, Skipped: 0, Time elapsed: 0.784 s - in org.entando.kubernetes.controller.support.client.impl.DefaultIngressClientTest
[INFO] Running org.entando.kubernetes.controller.support.client.impl.DefaultKeycloakClientTest
[INFO] Tests run: 4, Failures: 0, Errors: 0, Skipped: 0, Time elapsed: 19.843 s - in org.entando.kubernetes.controller.support.client.impl.DefaultKeycloakClientTest
[INFO] Running org.entando.kubernetes.controller.support.client.impl.DefaultServiceAccountClientTest
May 22, 2021 2:46:39 PM org.entando.kubernetes.controller.support.client.impl.KubernetesRestInterceptor invoke
INFO: Entering method createRoleIfAbsent in class org.entando.kubernetes.controller.support.client.ServiceAccountClient with EntandoApp: entando-k8s-operator-common-cmpr60/my-app-cmpr60 and with Role: entando-k8s-operator-common-cmpr60/my-role
May 22, 2021 2:46:40 PM org.entando.kubernetes.controller.support.client.impl.KubernetesRestInterceptor invoke
INFO: Exiting method createRoleIfAbsent in class org.entando.kubernetes.controller.support.client.ServiceAccountClient
May 22, 2021 2:46:40 PM org.entando.kubernetes.controller.support.client.impl.KubernetesRestInterceptor invoke
INFO: Entering method createRoleIfAbsent in class org.entando.kubernetes.controller.support.client.ServiceAccountClient with EntandoApp: entando-k8s-operator-common-cmpr60/my-app-cmpr60 and with Role: entando-k8s-operator-common-cmpr60/my-role
May 22, 2021 2:46:40 PM org.entando.kubernetes.controller.support.client.impl.KubernetesRestInterceptor invoke
INFO: Exiting method createRoleIfAbsent in class org.entando.kubernetes.controller.support.client.ServiceAccountClient
May 22, 2021 2:46:40 PM org.entando.kubernetes.controller.support.client.impl.KubernetesRestInterceptor invoke
INFO: Entering method loadRole in class org.entando.kubernetes.controller.support.client.ServiceAccountClient with EntandoApp: entando-k8s-operator-common-cmpr60/my-app-cmpr60
May 22, 2021 2:46:40 PM org.entando.kubernetes.controller.support.client.impl.KubernetesRestInterceptor invoke
INFO: Exiting method loadRole in class org.entando.kubernetes.controller.support.client.ServiceAccountClient
May 22, 2021 2:46:40 PM org.entando.kubernetes.controller.support.client.impl.KubernetesRestInterceptor invoke
INFO: Entering method findOrCreateServiceAccount in class org.entando.kubernetes.controller.support.client.ServiceAccountClient with EntandoApp: entando-k8s-operator-common-cmpr60/my-app-cmpr60
May 22, 2021 2:46:40 PM org.entando.kubernetes.controller.support.client.impl.KubernetesRestInterceptor invoke
INFO: Exiting method findOrCreateServiceAccount in class org.entando.kubernetes.controller.support.client.ServiceAccountClient
May 22, 2021 2:46:40 PM org.entando.kubernetes.controller.support.client.impl.KubernetesRestInterceptor invoke
INFO: Entering method createRoleIfAbsent in class org.entando.kubernetes.controller.support.client.ServiceAccountClient with EntandoApp: entando-k8s-operator-common-cmpr60/my-app-cmpr60 and with Role: entando-k8s-operator-common-cmpr60/my-role
May 22, 2021 2:46:40 PM org.entando.kubernetes.controller.support.client.impl.KubernetesRestInterceptor invoke
INFO: Exiting method createRoleIfAbsent in class org.entando.kubernetes.controller.support.client.ServiceAccountClient
May 22, 2021 2:46:40 PM org.entando.kubernetes.controller.support.client.impl.KubernetesRestInterceptor invoke
INFO: Entering method createRoleBindingIfAbsent in class org.entando.kubernetes.controller.support.client.ServiceAccountClient with EntandoApp: entando-k8s-operator-common-cmpr60/my-app-cmpr60 and with RoleBinding: entando-k8s-operator-common-cmpr60/my-role-binding
May 22, 2021 2:46:40 PM org.entando.kubernetes.controller.support.client.impl.KubernetesRestInterceptor invoke
INFO: Exiting method createRoleBindingIfAbsent in class org.entando.kubernetes.controller.support.client.ServiceAccountClient
May 22, 2021 2:46:40 PM org.entando.kubernetes.controller.support.client.impl.KubernetesRestInterceptor invoke
INFO: Entering method createRoleBindingIfAbsent in class org.entando.kubernetes.controller.support.client.ServiceAccountClient with EntandoApp: entando-k8s-operator-common-cmpr60/my-app-cmpr60 and with RoleBinding: null/my-role-binding
May 22, 2021 2:46:40 PM org.entando.kubernetes.controller.support.client.impl.KubernetesRestInterceptor invoke
INFO: Exiting method createRoleBindingIfAbsent in class org.entando.kubernetes.controller.support.client.ServiceAccountClient
May 22, 2021 2:46:40 PM org.entando.kubernetes.controller.support.client.impl.KubernetesRestInterceptor invoke
INFO: Entering method loadRoleBinding in class org.entando.kubernetes.controller.support.client.ServiceAccountClient with EntandoApp: entando-k8s-operator-common-cmpr60/my-app-cmpr60
May 22, 2021 2:46:40 PM org.entando.kubernetes.controller.support.client.impl.KubernetesRestInterceptor invoke
INFO: Exiting method loadRoleBinding in class org.entando.kubernetes.controller.support.client.ServiceAccountClient
May 22, 2021 2:46:40 PM org.entando.kubernetes.controller.support.client.impl.KubernetesRestInterceptor invoke
INFO: Entering method findOrCreateServiceAccount in class org.entando.kubernetes.controller.support.client.ServiceAccountClient with EntandoApp: entando-k8s-operator-common-cmpr60/my-app-cmpr60
May 22, 2021 2:46:40 PM org.entando.kubernetes.controller.support.client.impl.KubernetesRestInterceptor invoke
INFO: Exiting method findOrCreateServiceAccount in class org.entando.kubernetes.controller.support.client.ServiceAccountClient
May 22, 2021 2:46:40 PM org.entando.kubernetes.controller.support.client.impl.KubernetesRestInterceptor invoke
INFO: Entering method findOrCreateServiceAccount in class org.entando.kubernetes.controller.support.client.ServiceAccountClient with EntandoApp: entando-k8s-operator-common-cmpr60/my-app-cmpr60
May 22, 2021 2:46:40 PM org.entando.kubernetes.controller.support.client.impl.KubernetesRestInterceptor invoke
INFO: Exiting method findOrCreateServiceAccount in class org.entando.kubernetes.controller.support.client.ServiceAccountClient
[INFO] Tests run: 3, Failures: 0, Errors: 0, Skipped: 0, Time elapsed: 1.193 s - in org.entando.kubernetes.controller.support.client.impl.DefaultServiceAccountClientTest
[INFO] Running org.entando.kubernetes.controller.support.client.impl.DefaultPersistentVolumentClaimClientTest
May 22, 2021 2:46:41 PM org.entando.kubernetes.controller.support.client.impl.KubernetesRestInterceptor invoke
INFO: Entering method createPersistentVolumeClaimIfAbsent in class org.entando.kubernetes.controller.support.client.PersistentVolumeClaimClient with EntandoApp: entando-k8s-operator-common-cmpr60/my-app-cmpr60 and with PersistentVolumeClaim: entando-k8s-operator-common-cmpr60/my-pvc
May 22, 2021 2:46:41 PM org.entando.kubernetes.controller.support.client.impl.KubernetesRestInterceptor invoke
INFO: Exiting method createPersistentVolumeClaimIfAbsent in class org.entando.kubernetes.controller.support.client.PersistentVolumeClaimClient
May 22, 2021 2:46:41 PM org.entando.kubernetes.controller.support.client.impl.KubernetesRestInterceptor invoke
INFO: Entering method createPersistentVolumeClaimIfAbsent in class org.entando.kubernetes.controller.support.client.PersistentVolumeClaimClient with EntandoApp: entando-k8s-operator-common-cmpr60/my-app-cmpr60 and with PersistentVolumeClaim: entando-k8s-operator-common-cmpr60/my-pvc
May 22, 2021 2:46:41 PM org.entando.kubernetes.controller.support.client.impl.KubernetesRestInterceptor invoke
INFO: Exiting method createPersistentVolumeClaimIfAbsent in class org.entando.kubernetes.controller.support.client.PersistentVolumeClaimClient
May 22, 2021 2:46:41 PM org.entando.kubernetes.controller.support.client.impl.KubernetesRestInterceptor invoke
INFO: Entering method loadPersistentVolumeClaim in class org.entando.kubernetes.controller.support.client.PersistentVolumeClaimClient with EntandoApp: entando-k8s-operator-common-cmpr60/my-app-cmpr60
May 22, 2021 2:46:41 PM org.entando.kubernetes.controller.support.client.impl.KubernetesRestInterceptor invoke
INFO: Exiting method loadPersistentVolumeClaim in class org.entando.kubernetes.controller.support.client.PersistentVolumeClaimClient
[INFO] Tests run: 1, Failures: 0, Errors: 0, Skipped: 0, Time elapsed: 0.393 s - in org.entando.kubernetes.controller.support.client.impl.DefaultPersistentVolumentClaimClientTest
[INFO] Running org.entando.kubernetes.controller.support.client.impl.DefaultDeploymentClientTest
May 22, 2021 2:46:41 PM org.entando.kubernetes.controller.support.client.impl.KubernetesRestInterceptor invoke
INFO: Entering method createOrPatchDeployment in class org.entando.kubernetes.controller.support.client.DeploymentClient with EntandoApp: entando-k8s-operator-common-cmpr60/my-app-cmpr60 and with Deployment: entando-k8s-operator-common-cmpr60/my-deployment
May 22, 2021 2:46:42 PM org.entando.kubernetes.controller.support.client.impl.KubernetesRestInterceptor invoke
INFO: Exiting method createOrPatchDeployment in class org.entando.kubernetes.controller.support.client.DeploymentClient
May 22, 2021 2:46:42 PM org.entando.kubernetes.controller.support.client.impl.KubernetesRestInterceptor invoke
INFO: Entering method createOrPatchDeployment in class org.entando.kubernetes.controller.support.client.DeploymentClient with EntandoApp: entando-k8s-operator-common-cmpr60/my-app-cmpr60 and with Deployment: entando-k8s-operator-common-cmpr60/my-deployment
May 22, 2021 2:46:42 PM org.entando.kubernetes.controller.support.client.impl.KubernetesRestInterceptor invoke
INFO: Exiting method createOrPatchDeployment in class org.entando.kubernetes.controller.support.client.DeploymentClient
May 22, 2021 2:46:42 PM org.entando.kubernetes.controller.support.client.impl.KubernetesRestInterceptor invoke
INFO: Entering method loadDeployment in class org.entando.kubernetes.controller.support.client.DeploymentClient with EntandoApp: entando-k8s-operator-common-cmpr60/my-app-cmpr60
May 22, 2021 2:46:42 PM org.entando.kubernetes.controller.support.client.impl.KubernetesRestInterceptor invoke
INFO: Exiting method loadDeployment in class org.entando.kubernetes.controller.support.client.DeploymentClient
[INFO] Tests run: 1, Failures: 0, Errors: 0, Skipped: 0, Time elapsed: 1.221 s - in org.entando.kubernetes.controller.support.client.impl.DefaultDeploymentClientTest
[INFO] Running org.entando.kubernetes.controller.support.client.impl.DefaultServiceClientTest
May 22, 2021 2:46:42 PM org.entando.kubernetes.controller.support.client.impl.KubernetesRestInterceptor invoke
INFO: Entering method createOrReplaceEndpoints in class org.entando.kubernetes.controller.support.client.ServiceClient with EntandoApp: entando-k8s-operator-common-cmpr60/my-app-cmpr60 and with Endpoints: entando-k8s-operator-common-cmpr60/my-service
May 22, 2021 2:46:42 PM org.entando.kubernetes.controller.support.client.impl.KubernetesRestInterceptor invoke
INFO: Exiting method createOrReplaceEndpoints in class org.entando.kubernetes.controller.support.client.ServiceClient
May 22, 2021 2:46:42 PM org.entando.kubernetes.controller.support.client.impl.KubernetesRestInterceptor invoke
INFO: Entering method createOrReplaceEndpoints in class org.entando.kubernetes.controller.support.client.ServiceClient with EntandoApp: entando-k8s-operator-common-cmpr60/my-app-cmpr60 and with Endpoints: entando-k8s-operator-common-cmpr60/my-service
May 22, 2021 2:46:42 PM org.entando.kubernetes.controller.support.client.impl.KubernetesRestInterceptor invoke
INFO: Exiting method createOrReplaceEndpoints in class org.entando.kubernetes.controller.support.client.ServiceClient
May 22, 2021 2:46:43 PM org.entando.kubernetes.controller.support.client.impl.KubernetesRestInterceptor invoke
INFO: Entering method createOrReplaceService in class org.entando.kubernetes.controller.support.client.ServiceClient with EntandoApp: entando-k8s-operator-common-cmpr60/my-app-cmpr60 and with Service: entando-k8s-operator-common-cmpr60/my-service
May 22, 2021 2:46:43 PM org.entando.kubernetes.controller.support.client.impl.KubernetesRestInterceptor invoke
INFO: Exiting method createOrReplaceService in class org.entando.kubernetes.controller.support.client.ServiceClient
May 22, 2021 2:46:43 PM org.entando.kubernetes.controller.support.client.impl.KubernetesRestInterceptor invoke
INFO: Entering method createOrReplaceService in class org.entando.kubernetes.controller.support.client.ServiceClient with EntandoApp: entando-k8s-operator-common-cmpr60/my-app-cmpr60 and with Service: entando-k8s-operator-common-cmpr60/my-service
May 22, 2021 2:46:43 PM org.entando.kubernetes.controller.support.client.impl.KubernetesRestInterceptor invoke
INFO: Exiting method createOrReplaceService in class org.entando.kubernetes.controller.support.client.ServiceClient
May 22, 2021 2:46:43 PM org.entando.kubernetes.controller.support.client.impl.KubernetesRestInterceptor invoke
INFO: Entering method loadService in class org.entando.kubernetes.controller.support.client.ServiceClient with EntandoApp: entando-k8s-operator-common-cmpr60/my-app-cmpr60
May 22, 2021 2:46:43 PM org.entando.kubernetes.controller.support.client.impl.KubernetesRestInterceptor invoke
INFO: Exiting method loadService in class org.entando.kubernetes.controller.support.client.ServiceClient
[INFO] Tests run: 2, Failures: 0, Errors: 0, Skipped: 0, Time elapsed: 0.658 s - in org.entando.kubernetes.controller.support.client.impl.DefaultServiceClientTest
[INFO] Running org.entando.kubernetes.controller.support.client.impl.DefaultPodClientTest
May 22, 2021 2:46:43 PM org.entando.kubernetes.controller.support.client.impl.integrationtesthelpers.DeletionWaiter lambda$deleteSingleItem$2
WARNING: Deleting deployments  entando-k8s-operator-common-cmpr60/my-deployment to zero
May 22, 2021 2:46:44 PM org.entando.kubernetes.controller.support.client.impl.integrationtesthelpers.DeletionWaiter lambda$deleteSingleItem$2
WARNING: Deleting deployments  entando-k8s-operator-common-cmpr60/my-deployment
May 22, 2021 2:46:44 PM org.entando.kubernetes.controller.support.client.impl.integrationtesthelpers.DeletionWaiter lambda$deleteSingleItem$2
WARNING: Deleting pods  entando-k8s-operator-common-cmpr60/my-deployment-7698c84cd5-vpx9c
May 22, 2021 2:46:44 PM org.entando.kubernetes.controller.support.client.impl.KubernetesRestInterceptor invoke
INFO: Entering method start in class org.entando.kubernetes.controller.support.client.PodClient with Pod: entando-k8s-operator-common-cmpr60/my-pod
May 22, 2021 2:46:44 PM org.entando.kubernetes.controller.support.client.impl.KubernetesRestInterceptor invoke
INFO: Exiting method start in class org.entando.kubernetes.controller.support.client.PodClient
May 22, 2021 2:46:44 PM org.entando.kubernetes.controller.support.client.impl.KubernetesRestInterceptor invoke
INFO: Entering method removeAndWait in class org.entando.kubernetes.controller.support.client.PodClient with entando-k8s-operator-common-cmpr60,{pod-label=123}
May 22, 2021 2:46:46 PM org.entando.kubernetes.controller.support.client.impl.KubernetesRestInterceptor invoke
INFO: Exiting method removeAndWait in class org.entando.kubernetes.controller.support.client.PodClient
May 22, 2021 2:46:46 PM org.entando.kubernetes.controller.support.client.impl.KubernetesRestInterceptor invoke
INFO: Entering method loadPod in class org.entando.kubernetes.controller.support.client.PodClient with entando-k8s-operator-common-cmpr60,{pod-label=123}
May 22, 2021 2:46:46 PM org.entando.kubernetes.controller.support.client.impl.KubernetesRestInterceptor invoke
INFO: Exiting method loadPod in class org.entando.kubernetes.controller.support.client.PodClient
May 22, 2021 2:46:47 PM org.entando.kubernetes.controller.support.client.impl.KubernetesRestInterceptor invoke
INFO: Entering method start in class org.entando.kubernetes.controller.support.client.PodClient with Pod: entando-k8s-operator-common-cmpr60/my-pod
May 22, 2021 2:46:47 PM org.entando.kubernetes.controller.support.client.impl.KubernetesRestInterceptor invoke
INFO: Exiting method start in class org.entando.kubernetes.controller.support.client.PodClient
May 22, 2021 2:46:47 PM org.entando.kubernetes.controller.support.client.impl.KubernetesRestInterceptor invoke
INFO: Entering method waitForPod in class org.entando.kubernetes.controller.support.client.PodClient with entando-k8s-operator-common-cmpr60,pod-label,123
May 22, 2021 2:46:53 PM org.entando.kubernetes.controller.support.client.impl.KubernetesRestInterceptor invoke
INFO: Exiting method waitForPod in class org.entando.kubernetes.controller.support.client.PodClient
May 22, 2021 2:46:54 PM org.entando.kubernetes.controller.support.client.impl.integrationtesthelpers.DeletionWaiter lambda$deleteSingleItem$2
WARNING: Deleting pods  entando-k8s-operator-common-cmpr60/my-pod
May 22, 2021 2:46:54 PM org.entando.kubernetes.controller.support.client.impl.KubernetesRestInterceptor invoke
INFO: Entering method runToCompletion in class org.entando.kubernetes.controller.support.client.PodClient with Pod: entando-k8s-operator-common-cmpr60/my-pod
May 22, 2021 2:47:07 PM org.entando.kubernetes.controller.support.client.impl.KubernetesRestInterceptor invoke
INFO: Exiting method runToCompletion in class org.entando.kubernetes.controller.support.client.PodClient
May 22, 2021 2:47:07 PM org.entando.kubernetes.controller.support.client.impl.integrationtesthelpers.DeletionWaiter lambda$deleteSingleItem$2
WARNING: Deleting pods  entando-k8s-operator-common-cmpr60/my-pod
May 22, 2021 2:47:07 PM org.entando.kubernetes.controller.support.client.impl.KubernetesRestInterceptor invoke
INFO: Entering method runToCompletion in class org.entando.kubernetes.controller.support.client.PodClient with Pod: entando-k8s-operator-common-cmpr60/successful-pod
May 22, 2021 2:47:18 PM org.entando.kubernetes.controller.support.client.impl.KubernetesRestInterceptor invoke
INFO: Exiting method runToCompletion in class org.entando.kubernetes.controller.support.client.PodClient
May 22, 2021 2:47:18 PM org.entando.kubernetes.controller.support.client.impl.KubernetesRestInterceptor invoke
INFO: Entering method runToCompletion in class org.entando.kubernetes.controller.support.client.PodClient with Pod: entando-k8s-operator-common-cmpr60/failed-pod
May 22, 2021 2:47:24 PM org.entando.kubernetes.controller.support.client.impl.KubernetesRestInterceptor invoke
INFO: Exiting method runToCompletion in class org.entando.kubernetes.controller.support.client.PodClient
May 22, 2021 2:47:24 PM org.entando.kubernetes.controller.support.client.impl.KubernetesRestInterceptor invoke
INFO: Entering method removeSuccessfullyCompletedPods in class org.entando.kubernetes.controller.support.client.PodClient with entando-k8s-operator-common-cmpr60,{label=value}
May 22, 2021 2:47:24 PM org.entando.kubernetes.controller.support.client.impl.KubernetesRestInterceptor invoke
INFO: Exiting method removeSuccessfullyCompletedPods in class org.entando.kubernetes.controller.support.client.PodClient
May 22, 2021 2:47:24 PM org.entando.kubernetes.controller.support.client.impl.KubernetesRestInterceptor invoke
INFO: Entering method loadPod in class org.entando.kubernetes.controller.support.client.PodClient with entando-k8s-operator-common-cmpr60,{pod-label=successful-pod}
May 22, 2021 2:47:24 PM org.entando.kubernetes.controller.support.client.impl.KubernetesRestInterceptor invoke
INFO: Exiting method loadPod in class org.entando.kubernetes.controller.support.client.PodClient
May 22, 2021 2:47:24 PM org.entando.kubernetes.controller.support.client.impl.KubernetesRestInterceptor invoke
INFO: Entering method loadPod in class org.entando.kubernetes.controller.support.client.PodClient with entando-k8s-operator-common-cmpr60,{pod-label=failed-pod}
May 22, 2021 2:47:24 PM org.entando.kubernetes.controller.support.client.impl.KubernetesRestInterceptor invoke
INFO: Exiting method loadPod in class org.entando.kubernetes.controller.support.client.PodClient
[INFO] Tests run: 4, Failures: 0, Errors: 0, Skipped: 0, Time elapsed: 41.586 s - in org.entando.kubernetes.controller.support.client.impl.DefaultPodClientTest
[INFO] Running org.entando.kubernetes.controller.support.creators.ConfigurableResourceCalculatorTest
[INFO] Tests run: 5, Failures: 0, Errors: 0, Skipped: 0, Time elapsed: 0.058 s - in org.entando.kubernetes.controller.support.creators.ConfigurableResourceCalculatorTest
[INFO] Running org.entando.kubernetes.controller.support.creators.IngressCreatorTest
[INFO] Tests run: 1, Failures: 0, Errors: 0, Skipped: 0, Time elapsed: 2.478 s - in org.entando.kubernetes.controller.support.creators.IngressCreatorTest
[INFO] Running org.entando.kubernetes.controller.support.creators.SecretCreatorTest
[INFO] Tests run: 1, Failures: 0, Errors: 0, Skipped: 0, Time elapsed: 0.03 s - in org.entando.kubernetes.controller.support.creators.SecretCreatorTest
[INFO] Running org.entando.kubernetes.controller.support.creators.PersistentVolumeClaimCreatorTest
[INFO] Tests run: 2, Failures: 0, Errors: 0, Skipped: 0, Time elapsed: 0.017 s - in org.entando.kubernetes.controller.support.creators.PersistentVolumeClaimCreatorTest
[INFO] Running org.entando.kubernetes.controller.support.creators.DeploymentCreatorTest
[INFO] Tests run: 4, Failures: 0, Errors: 0, Skipped: 0, Time elapsed: 0.344 s - in org.entando.kubernetes.controller.support.creators.DeploymentCreatorTest
[INFO] Running org.entando.kubernetes.controller.support.creators.ServiceAcountCreatorTest
[INFO] Tests run: 3, Failures: 0, Errors: 0, Skipped: 0, Time elapsed: 0.076 s - in org.entando.kubernetes.controller.support.creators.ServiceAcountCreatorTest
[INFO] Running org.entando.kubernetes.controller.support.creators.ConfigurableStorageCalculatorTest
[INFO] Tests run: 5, Failures: 0, Errors: 0, Skipped: 0, Time elapsed: 0.022 s - in org.entando.kubernetes.controller.support.creators.ConfigurableStorageCalculatorTest
[INFO] Running org.entando.kubernetes.controller.support.creators.ResourceCalculatorTest
[INFO] Tests run: 2, Failures: 0, Errors: 0, Skipped: 0, Time elapsed: 0.011 s - in org.entando.kubernetes.controller.support.creators.ResourceCalculatorTest
[INFO] Running org.entando.kubernetes.controller.support.creators.StorageCalculatorTest
[INFO] Tests run: 2, Failures: 0, Errors: 0, Skipped: 0, Time elapsed: 0.01 s - in org.entando.kubernetes.controller.support.creators.StorageCalculatorTest
[INFO] Running org.entando.kubernetes.controller.support.common.EntandoOperatorConfigTest
[INFO] Tests run: 2, Failures: 0, Errors: 0, Skipped: 0, Time elapsed: 0.013 s - in org.entando.kubernetes.controller.support.common.EntandoOperatorConfigTest
[INFO] Running org.entando.kubernetes.controller.support.common.KubeUtilsTest
[INFO] Tests run: 1, Failures: 0, Errors: 0, Skipped: 0, Time elapsed: 0.001 s - in org.entando.kubernetes.controller.support.common.KubeUtilsTest
[INFO] Running org.entando.kubernetes.controller.support.common.EntandoImageResolverTest
[INFO] Tests run: 19, Failures: 0, Errors: 0, Skipped: 0, Time elapsed: 0.264 s - in org.entando.kubernetes.controller.support.common.EntandoImageResolverTest
[INFO] Running org.entando.kubernetes.controller.spi.client.KubernetesClientForControllersTest
[INFO] Tests run: 1, Failures: 0, Errors: 0, Skipped: 0, Time elapsed: 0.526 s - in org.entando.kubernetes.controller.spi.client.KubernetesClientForControllersTest
[INFO] Running org.entando.kubernetes.controller.spi.client.impl.DefaultKubernetesClientForControllersTest
[WARNING] Tests run: 6, Failures: 0, Errors: 0, Skipped: 1, Time elapsed: 9.222 s - in org.entando.kubernetes.controller.spi.client.impl.DefaultKubernetesClientForControllersTest
[INFO] Running org.entando.kubernetes.controller.spi.result.ExposedServiceTest
[INFO] Tests run: 5, Failures: 0, Errors: 0, Skipped: 0, Time elapsed: 0.03 s - in org.entando.kubernetes.controller.spi.result.ExposedServiceTest
[INFO] Running org.entando.kubernetes.controller.spi.capability.ProvideCapabilityCommandTest
[INFO] Tests run: 11, Failures: 0, Errors: 0, Skipped: 0, Time elapsed: 2.732 s - in org.entando.kubernetes.controller.spi.capability.ProvideCapabilityCommandTest
[INFO] Running org.entando.kubernetes.controller.spi.common.NameUtilsTest
[INFO] Tests run: 3, Failures: 0, Errors: 0, Skipped: 0, Time elapsed: 0.011 s - in org.entando.kubernetes.controller.spi.common.NameUtilsTest
[INFO] Running org.entando.kubernetes.controller.spi.database.DbmsDockerVendorStrategyTest
[INFO] Tests run: 1, Failures: 0, Errors: 0, Skipped: 0, Time elapsed: 0.003 s - in org.entando.kubernetes.controller.spi.database.DbmsDockerVendorStrategyTest
[INFO] Running org.entando.kubernetes.controller.spi.database.DbmsVendorConfigTest
[INFO] Tests run: 1, Failures: 0, Errors: 0, Skipped: 0, Time elapsed: 0 s - in org.entando.kubernetes.controller.spi.database.DbmsVendorConfigTest
[INFO] Running org.entando.kubernetes.test.sandbox.serialization.DeployableSerializationTest
[INFO] Tests run: 1, Failures: 0, Errors: 0, Skipped: 0, Time elapsed: 0.679 s - in org.entando.kubernetes.test.sandbox.serialization.DeployableSerializationTest
[INFO] Running org.entando.kubernetes.test.e2etest.AddExampleWithContainerizedDatabaseTest
!!!!!!!On EntandoPlugin add!!!!!!!!!
!!!!!!!On EntandoPlugin add!!!!!!!!!
!!!!!!!On EntandoPlugin add!!!!!!!!!
!!!!!!!On EntandoPlugin add!!!!!!!!!
[ERROR] Tests run: 4, Failures: 0, Errors: 4, Skipped: 0, Time elapsed: 186.786 s <<< FAILURE! - in org.entando.kubernetes.test.e2etest.AddExampleWithContainerizedDatabaseTest
[ERROR] create{DbmsVendor, EntandoOperatorComplianceMode}[1]  Time elapsed: 46.396 s  <<< ERROR!
org.awaitility.core.ConditionTimeoutException: Condition with lambda expression in org.entando.kubernetes.test.e2etest.helpers.E2ETestHelperBase was not fulfilled within 45 seconds.
	at org.entando.kubernetes.test.e2etest.AddExampleWithContainerizedDatabaseTest.create(AddExampleWithContainerizedDatabaseTest.java:136)

[ERROR] create{DbmsVendor, EntandoOperatorComplianceMode}[2]  Time elapsed: 46.563 s  <<< ERROR!
org.awaitility.core.ConditionTimeoutException: Condition with lambda expression in org.entando.kubernetes.test.e2etest.helpers.E2ETestHelperBase was not fulfilled within 45 seconds.
	at org.entando.kubernetes.test.e2etest.AddExampleWithContainerizedDatabaseTest.create(AddExampleWithContainerizedDatabaseTest.java:136)

[ERROR] create{DbmsVendor, EntandoOperatorComplianceMode}[3]  Time elapsed: 46.455 s  <<< ERROR!
org.awaitility.core.ConditionTimeoutException: Condition with lambda expression in org.entando.kubernetes.test.e2etest.helpers.E2ETestHelperBase was not fulfilled within 45 seconds.
	at org.entando.kubernetes.test.e2etest.AddExampleWithContainerizedDatabaseTest.create(AddExampleWithContainerizedDatabaseTest.java:136)

[ERROR] create{DbmsVendor, EntandoOperatorComplianceMode}[4]  Time elapsed: 46.516 s  <<< ERROR!
org.awaitility.core.ConditionTimeoutException: Condition with lambda expression in org.entando.kubernetes.test.e2etest.helpers.E2ETestHelperBase was not fulfilled within 45 seconds.
	at org.entando.kubernetes.test.e2etest.AddExampleWithContainerizedDatabaseTest.create(AddExampleWithContainerizedDatabaseTest.java:136)

[INFO] Running org.entando.kubernetes.test.e2etest.podwaiters.PodWaiterTest
MODIFIED:PodStatus(conditions=[PodCondition(lastProbeTime=null, lastTransitionTime=null, message=null, reason=null, status=True, type=PodScheduled, additionalProperties={})], containerStatuses=[ContainerStatus(containerID=null, image=null, imageID=null, lastState=null, name=null, ready=null, restartCount=null, started=null, state=ContainerState(running=null, terminated=null, waiting=null, additionalProperties={}), additionalProperties={})], ephemeralContainerStatuses=[], hostIP=null, initContainerStatuses=[ContainerStatus(containerID=null, image=null, imageID=null, lastState=null, name=null, ready=null, restartCount=null, started=null, state=ContainerState(running=null, terminated=null, waiting=null, additionalProperties={}), additionalProperties={})], message=null, nominatedNodeName=null, phase=Running, podIP=null, podIPs=[], qosClass=null, reason=null, startTime=null, additionalProperties={})
MODIFIED:PodStatus(conditions=[PodCondition(lastProbeTime=null, lastTransitionTime=null, message=null, reason=null, status=True, type=Ready, additionalProperties={}), PodCondition(lastProbeTime=null, lastTransitionTime=null, message=null, reason=null, status=True, type=ContainersReady, additionalProperties={})], containerStatuses=[ContainerStatus(containerID=null, image=null, imageID=null, lastState=null, name=null, ready=null, restartCount=null, started=null, state=ContainerState(running=null, terminated=null, waiting=null, additionalProperties={}), additionalProperties={})], ephemeralContainerStatuses=[], hostIP=null, initContainerStatuses=[ContainerStatus(containerID=null, image=null, imageID=null, lastState=null, name=null, ready=null, restartCount=null, started=null, state=ContainerState(running=null, terminated=null, waiting=null, additionalProperties={}), additionalProperties={})], message=null, nominatedNodeName=null, phase=Succeeded, podIP=null, podIPs=[], qosClass=null, reason=null, startTime=null, additionalProperties={})
Finished: foefie-faffie
MODIFIED:PodStatus(conditions=[PodCondition(lastProbeTime=null, lastTransitionTime=null, message=null, reason=null, status=True, type=PodScheduled, additionalProperties={})], containerStatuses=[ContainerStatus(containerID=null, image=null, imageID=null, lastState=null, name=null, ready=null, restartCount=null, started=null, state=ContainerState(running=null, terminated=null, waiting=null, additionalProperties={}), additionalProperties={})], ephemeralContainerStatuses=[], hostIP=null, initContainerStatuses=[ContainerStatus(containerID=null, image=null, imageID=null, lastState=null, name=null, ready=null, restartCount=null, started=null, state=ContainerState(running=null, terminated=null, waiting=null, additionalProperties={}), additionalProperties={})], message=null, nominatedNodeName=null, phase=Running, podIP=null, podIPs=[], qosClass=null, reason=null, startTime=null, additionalProperties={})
Finished: foefie-faffie
MODIFIED:PodStatus(conditions=[PodCondition(lastProbeTime=null, lastTransitionTime=null, message=null, reason=null, status=True, type=Ready, additionalProperties={}), PodCondition(lastProbeTime=null, lastTransitionTime=null, message=null, reason=null, status=True, type=ContainersReady, additionalProperties={})], containerStatuses=[ContainerStatus(containerID=null, image=null, imageID=null, lastState=null, name=null, ready=null, restartCount=null, started=null, state=ContainerState(running=null, terminated=null, waiting=null, additionalProperties={}), additionalProperties={})], ephemeralContainerStatuses=[], hostIP=null, initContainerStatuses=[ContainerStatus(containerID=null, image=null, imageID=null, lastState=null, name=null, ready=null, restartCount=null, started=null, state=ContainerState(running=null, terminated=null, waiting=null, additionalProperties={}), additionalProperties={})], message=null, nominatedNodeName=null, phase=Running, podIP=null, podIPs=[], qosClass=null, reason=null, startTime=null, additionalProperties={})
ERROR:PodStatus(conditions=[PodCondition(lastProbeTime=null, lastTransitionTime=null, message=null, reason=null, status=True, type=PodScheduled, additionalProperties={})], containerStatuses=[ContainerStatus(containerID=null, image=null, imageID=null, lastState=null, name=null, ready=null, restartCount=null, started=null, state=ContainerState(running=null, terminated=null, waiting=null, additionalProperties={}), additionalProperties={})], ephemeralContainerStatuses=[], hostIP=null, initContainerStatuses=[ContainerStatus(containerID=null, image=null, imageID=null, lastState=null, name=null, ready=null, restartCount=null, started=null, state=ContainerState(running=null, terminated=null, waiting=null, additionalProperties={}), additionalProperties={})], message=null, nominatedNodeName=null, phase=Failed, podIP=null, podIPs=[], qosClass=null, reason=Error, startTime=null, additionalProperties={})
Finished: foefie-faffie
MODIFIED:PodStatus(conditions=[PodCondition(lastProbeTime=null, lastTransitionTime=null, message=null, reason=null, status=True, type=PodScheduled, additionalProperties={})], containerStatuses=[ContainerStatus(containerID=null, image=null, imageID=null, lastState=null, name=null, ready=null, restartCount=null, started=null, state=ContainerState(running=null, terminated=null, waiting=null, additionalProperties={}), additionalProperties={})], ephemeralContainerStatuses=[], hostIP=null, initContainerStatuses=[ContainerStatus(containerID=null, image=null, imageID=null, lastState=null, name=null, ready=null, restartCount=null, started=null, state=ContainerState(running=null, terminated=null, waiting=null, additionalProperties={}), additionalProperties={})], message=null, nominatedNodeName=null, phase=Running, podIP=null, podIPs=[], qosClass=null, reason=null, startTime=null, additionalProperties={})
MODIFIED:PodStatus(conditions=[PodCondition(lastProbeTime=null, lastTransitionTime=null, message=null, reason=null, status=True, type=Ready, additionalProperties={}), PodCondition(lastProbeTime=null, lastTransitionTime=null, message=null, reason=null, status=True, type=ContainersReady, additionalProperties={})], containerStatuses=[ContainerStatus(containerID=null, image=null, imageID=null, lastState=null, name=null, ready=null, restartCount=null, started=null, state=ContainerState(running=null, terminated=null, waiting=null, additionalProperties={}), additionalProperties={})], ephemeralContainerStatuses=[], hostIP=null, initContainerStatuses=[ContainerStatus(containerID=null, image=null, imageID=null, lastState=null, name=null, ready=null, restartCount=null, started=null, state=ContainerState(running=null, terminated=null, waiting=null, additionalProperties={}), additionalProperties={})], message=null, nominatedNodeName=null, phase=Running, podIP=null, podIPs=[], qosClass=null, reason=null, startTime=null, additionalProperties={})
Finished: foefie-faffie
MODIFIED:PodStatus(conditions=[PodCondition(lastProbeTime=null, lastTransitionTime=null, message=null, reason=null, status=True, type=Ready, additionalProperties={}), PodCondition(lastProbeTime=null, lastTransitionTime=null, message=null, reason=null, status=True, type=ContainersReady, additionalProperties={})], containerStatuses=[ContainerStatus(containerID=null, image=null, imageID=null, lastState=null, name=null, ready=null, restartCount=null, started=null, state=ContainerState(running=null, terminated=null, waiting=null, additionalProperties={}), additionalProperties={})], ephemeralContainerStatuses=[], hostIP=null, initContainerStatuses=[ContainerStatus(containerID=null, image=null, imageID=null, lastState=null, name=null, ready=null, restartCount=null, started=null, state=ContainerState(running=null, terminated=null, waiting=null, additionalProperties={}), additionalProperties={})], message=null, nominatedNodeName=null, phase=Running, podIP=null, podIPs=[], qosClass=null, reason=null, startTime=null, additionalProperties={})
Finished: foefie-faffie
MODIFIED:PodStatus(conditions=[PodCondition(lastProbeTime=null, lastTransitionTime=null, message=null, reason=null, status=True, type=PodScheduled, additionalProperties={})], containerStatuses=[ContainerStatus(containerID=null, image=null, imageID=null, lastState=null, name=null, ready=null, restartCount=null, started=null, state=ContainerState(running=null, terminated=null, waiting=null, additionalProperties={}), additionalProperties={})], ephemeralContainerStatuses=[], hostIP=null, initContainerStatuses=[ContainerStatus(containerID=null, image=null, imageID=null, lastState=null, name=null, ready=null, restartCount=null, started=null, state=ContainerState(running=null, terminated=null, waiting=null, additionalProperties={}), additionalProperties={})], message=null, nominatedNodeName=null, phase=Running, podIP=null, podIPs=[], qosClass=null, reason=null, startTime=null, additionalProperties={})
Finished: foefie-faffie
MODIFIED:PodStatus(conditions=[PodCondition(lastProbeTime=null, lastTransitionTime=null, message=null, reason=null, status=True, type=Ready, additionalProperties={}), PodCondition(lastProbeTime=null, lastTransitionTime=null, message=null, reason=null, status=True, type=ContainersReady, additionalProperties={})], containerStatuses=[ContainerStatus(containerID=null, image=null, imageID=null, lastState=null, name=null, ready=null, restartCount=null, started=null, state=ContainerState(running=null, terminated=null, waiting=null, additionalProperties={}), additionalProperties={})], ephemeralContainerStatuses=[], hostIP=null, initContainerStatuses=[ContainerStatus(containerID=null, image=null, imageID=null, lastState=null, name=null, ready=null, restartCount=null, started=null, state=ContainerState(running=null, terminated=null, waiting=null, additionalProperties={}), additionalProperties={})], message=null, nominatedNodeName=null, phase=Succeeded, podIP=null, podIPs=[], qosClass=null, reason=null, startTime=null, additionalProperties={})
Finished: foefie-faffie
[INFO] Tests run: 8, Failures: 0, Errors: 0, Skipped: 0, Time elapsed: 1.874 s - in org.entando.kubernetes.test.e2etest.podwaiters.PodWaiterTest
[INFO] 
[INFO] Results:
[INFO] 
[ERROR] Errors: 
[ERROR]   AddExampleWithContainerizedDatabaseTest.create:136 » ConditionTimeout Conditio...
[ERROR]   AddExampleWithContainerizedDatabaseTest.create:136 » ConditionTimeout Conditio...
[ERROR]   AddExampleWithContainerizedDatabaseTest.create:136 » ConditionTimeout Conditio...
[ERROR]   AddExampleWithContainerizedDatabaseTest.create:136 » ConditionTimeout Conditio...
[INFO] 
[ERROR] Tests run: 113, Failures: 0, Errors: 4, Skipped: 1
[INFO] 
[ERROR] There are test failures.

Please refer to /workspace/source/target/surefire-reports for the individual test results.
Please refer to dump files (if any exist) [date].dump, [date]-***Run[N].dump and [date].dumpstream.
[INFO] 
[INFO] --- maven-jar-plugin:3.2.0:jar (default-jar) @ entando-k8s-operator-common ---
[INFO] Building jar: /workspace/source/target/entando-k8s-operator-common-0.0.0-SNAPSHOT-PR-60-5.jar
[INFO] 
[INFO] --- maven-jar-plugin:3.2.0:test-jar (build-test-jar) @ entando-k8s-operator-common ---
[INFO] Building jar: /workspace/source/target/entando-k8s-operator-common-0.0.0-SNAPSHOT-PR-60-5-tests.jar
[INFO] 
[INFO] --- maven-javadoc-plugin:3.2.0:jar (attach-javadocs) @ entando-k8s-operator-common ---
[INFO] No previous run data found, generating javadoc.
[INFO] 
1 error
[INFO] 
[INFO] ------------------------------------------------------------------------
[INFO] Skipping Entando K8S Operator Common Library
[INFO] This project has been banned from the build due to previous failures.
[INFO] ------------------------------------------------------------------------
[INFO] ------------------------------------------------------------------------
[INFO] BUILD FAILURE
[INFO] ------------------------------------------------------------------------
[INFO] Total time:  05:31 min
[INFO] Finished at: 2021-05-22T14:50:56Z
[INFO] ------------------------------------------------------------------------
[ERROR] Failed to e**cute goal org.apache.maven.plugins:maven-javadoc-plugin:3.2.0:jar (attach-javadocs) on project entando-k8s-operator-common: MavenReportException: Error while generating Javadoc: 
[ERROR] Exit code: 1 - /workspace/source/src/main/java/org/entando/kubernetes/controller/spi/client/KubernetesClientForControllers.java:65: error: private interface methods are not supported in -source 8
[ERROR]     private String resolveProperty(EntandoOperatorSpiConfigProperty name) {
[ERROR]                                   ^
[ERROR]   (use -source 9 or higher to enable private interface methods)
[ERROR] 
[ERROR] Command line was: /opt/graalvm/bin/javadoc @options @packages
[ERROR] 
[ERROR] Refer to the generated Javadoc files in '/workspace/source/target/apidocs' dir.
[ERROR] 
[ERROR] -> [Help 1]
[ERROR] 
[ERROR] To see the full stack trace of the errors, re-run Maven with the -e switch.
[ERROR] Re-run Maven using the -X switch to enable full debug logging.
[ERROR] 
[ERROR] For more information about the errors and possible solutions, please read the following articles:
[ERROR] [Help 1] http://cwiki.apache.org/confluence/display/MAVEN/MojoE**cutionException
Picked up _JAVA_OPTIONS: -XX:+UnlockExperimentalVMOptions -Dsun.zip.disableMemoryMapping=**** -XX:+UseParallelGC -XX:MinHeapFreeRatio=5 -XX:MaxHeapFreeRatio=10 -XX:GCTimeRatio=4 -XX:AdaptiveSizePolicyWeight=90 -Xms10m -Xmx8000m
[INFO] Scanning for projects...
[WARNING] 
[WARNING] Some problems were encountered while building the effective model for org.entando:entando-k8s-operator-common:jar:0.0.0-SNAPSHOT-PR-60-5
[WARNING] 'dependencies.dependency.(groupId:artifactId:type:classifier)' must be unique: org.junit.jupiter:junit-jupiter-params:jar -> version ${junit.version} vs (?) @ line 175, column 21
[WARNING] 
[WARNING] It is highly recommended to fix these problems because they threaten the stability of your build.
[WARNING] 
[WARNING] For this reason, future Maven versions might no longer support building such malformed projects.
[WARNING] 
[INFO] 
[INFO] --------------< org.entando:entando-k8s-operator-common >---------------
[INFO] Building Entando K8S Operator Common Library 0.0.0-SNAPSHOT-PR-60-5
[INFO] --------------------------------[ jar ]---------------------------------
[INFO] 
[INFO] --- maven-site-plugin:3.9.0:site (default-site) @ entando-k8s-operator-common ---
[INFO] configuring report plugin org.apache.maven.plugins:maven-project-info-reports-plugin:3.0.0
[INFO] 9 reports configured for maven-project-info-reports-plugin:3.0.0: dependency-info, distribution-management, index, ci-management, issue-management, licenses, plugins, scm, summary
[INFO] Rendering site with default locale English (en)
[WARNING] Unable to find a URL to the parent project. The parent menu will NOT be added.
[INFO] Relativizing decoration links with respect to localized project URL: https://central.entando.com
[INFO] Rendering content with org.apache.maven.skins:maven-default-skin:jar:1.3 skin.
[INFO] Generating "Dependency Information" report --- maven-project-info-reports-plugin:3.0.0:dependency-info
[INFO] Generating "About" report         --- maven-project-info-reports-plugin:3.0.0:index
[INFO] Generating "Issue Management" report --- maven-project-info-reports-plugin:3.0.0:issue-management
[INFO] Generating "Licenses" report      --- maven-project-info-reports-plugin:3.0.0:licenses
[INFO] Generating "Plugins" report       --- maven-project-info-reports-plugin:3.0.0:plugins
[INFO] Generating "Source Code Management" report --- maven-project-info-reports-plugin:3.0.0:scm
[INFO] Generating "Summary" report       --- maven-project-info-reports-plugin:3.0.0:summary
[INFO] 
[INFO] --- allure-maven:2.10.0:report (default) @ entando-k8s-operator-common ---
[INFO] Allure installation directory /workspace/source/.allure
[INFO] Try to finding out allure 2.13.9
[INFO] Downloading allure commandline...
[INFO] Proxy is not specified.
[INFO] Downloading allure commandline complete
[INFO] Generate Allure report (report) with version 2.13.9
[INFO] Generate Allure report to /workspace/source/target/site/allure-maven-plugin
[INFO] Found results directory /workspace/source/target/allure-results
[INFO] Can't find information about categories.
[INFO] Generate report to /workspace/source/target/site/allure-maven-plugin
Picked up _JAVA_OPTIONS: -XX:+UnlockExperimentalVMOptions -Dsun.zip.disableMemoryMapping=**** -XX:+UseParallelGC -XX:MinHeapFreeRatio=5 -XX:MaxHeapFreeRatio=10 -XX:GCTimeRatio=4 -XX:AdaptiveSizePolicyWeight=90 -Xms10m -Xmx8000m
Report successfully generated to /workspace/source/target/site/allure-maven-plugin
[INFO] Report generated successfully.
[INFO] ------------------------------------------------------------------------
[INFO] BUILD SUCCESS
[INFO] ------------------------------------------------------------------------
[INFO] Total time:  19.217 s
[INFO] Finished at: 2021-05-22T14:51:17Z
[INFO] ------------------------------------------------------------------------
Pre-deployment tests failed for entando-k8s-operator-common-PR-60.
Checkstyle rules were violated for entando-k8s-operator-common-PR-60.
The following checks failed for entando-k8s-operator-common-PR-60:
Pre-deployment tests
Checkstyle
[31m
Pipeline failed on stage 'from-build-pack' : container 'step-build-mvn-verify-pr'. The execution of the pipeline has stopped.[0m
