
Showing logs for build [32mentando-k8s-entando-k8s-app-con-q9gmz-1[0m stage [32mfrom-build-pack[0m and container [32mstep-credential-initializer-9ct7m[0m
{"level":"warn","ts":1614237024.2888005,"logger":"fallback-logger","caller":"logging/config.go:69","msg":"Fetch GitHub commit ID from kodata failed: \"ref: refs/heads/0.8.0-**-support-backwards-incompats\" is not a valid GitHub commit ID"}
{"level":"info","ts":1614237024.295034,"logger":"fallback-logger","caller":"creds-init/main.go:40","msg":"Credentials initialized."}

Showing logs for build [32mentando-k8s-entando-k8s-app-con-q9gmz-1[0m stage [32mfrom-build-pack[0m and container [32mstep-working-dir-initializer-jrdbj[0m
{"level":"warn","ts":1614237025.8203013,"logger":"fallback-logger","caller":"logging/config.go:69","msg":"Fetch GitHub commit ID from kodata failed: open /var/run/ko/HEAD: no such file or directory"}
{"level":"info","ts":1614237025.830368,"logger":"fallback-logger","caller":"bash/main.go:64","msg":"Successfully e**cuted command \"sh -c mkdir -p /workspace/source\"; output "}

Showing logs for build [32mentando-k8s-entando-k8s-app-con-q9gmz-1[0m stage [32mfrom-build-pack[0m and container [32mstep-place-tools[0m

Showing logs for build [32mentando-k8s-entando-k8s-app-con-q9gmz-1[0m stage [32mfrom-build-pack[0m and container [32mstep-git-source-entando-k8s-entando-k8s-app-con-cqn5c[0m
{"level":"warn","ts":1614237123.4752984,"logger":"fallback-logger","caller":"logging/config.go:69","msg":"Fetch GitHub commit ID from kodata failed: \"ref: refs/heads/0.8.0-**-support-backwards-incompats\" is not a valid GitHub commit ID"}
{"level":"info","ts":1614237125.8731172,"logger":"fallback-logger","caller":"git/git.go:103","msg":"Successfully cloned https://github.com/entando-k8s/entando-k8s-app-controller.git @ master in path /workspace/source"}

Showing logs for build [32mentando-k8s-entando-k8s-app-con-q9gmz-1[0m stage [32mfrom-build-pack[0m and container [32mstep-git-merge[0m
Using SHAs from PULL_REFS=master:8de804126d8665696d7c35e0639712526725f6bd,27:7fa5021299b9d0a55027489ab4b235271a9fd865
DEBUG: ran git fetch --unshallow origin 7fa5021299b9d0a55027489ab4b235271a9fd865: 8de804126d8665696d7c35e0639712526725f6bd: in 
DEBUG: ran git checkout master in 
DEBUG: ran git reset --hard 8de804126d8665696d7c35e0639712526725f6bd in 
DEBUG: ran clean --force -d . in 
DEBUG: ran git merge 7fa5021299b9d0a55027489ab4b235271a9fd865 in 
Merged SHA 7fa5021299b9d0a55027489ab4b235271a9fd865 with commit message 'ENG-1829 improved resource management' into base branch master

Showing logs for build [32mentando-k8s-entando-k8s-app-con-q9gmz-1[0m stage [32mfrom-build-pack[0m and container [32mstep-build-set-version[0m
Picked up _JAVA_OPTIONS: -XX:+UnlockExperimentalVMOptions -Dsun.zip.disableMemoryMapping=**** -XX:+UseParallelGC -XX:MinHeapFreeRatio=5 -XX:MaxHeapFreeRatio=10 -XX:GCTimeRatio=4 -XX:AdaptiveSizePolicyWeight=90 -Xms1000m -Xmx12000m
[INFO] Scanning for projects...
[INFO] 
[INFO] ---------------< org.entando:entando-k8s-app-controller >---------------
[INFO] Building Entando K8S Controller for Entando App Deployments 6.3.0-SNAPSHOT
[INFO] --------------------------------[ jar ]---------------------------------
[INFO] 
[INFO] --- versions-maven-plugin:2.8.1:set (default-cli) @ entando-k8s-app-controller ---
[INFO] Local aggregation ****: /workspace/source
[INFO] Processing change of org.entando:entando-k8s-app-controller:6.3.0-SNAPSHOT -> 0.0.0-SNAPSHOT-PR-27-1
[INFO] Processing org.entando:entando-k8s-app-controller
[INFO]     Updating project org.entando:entando-k8s-app-controller
[INFO]         from version 6.3.0-SNAPSHOT to 0.0.0-SNAPSHOT-PR-27-1
[INFO] 
[INFO] ------------------------------------------------------------------------
[INFO] BUILD SUCCESS
[INFO] ------------------------------------------------------------------------
[INFO] Total time:  10.495 s
[INFO] Finished at: 2021-02-25T07:12:21Z
[INFO] ------------------------------------------------------------------------

Showing logs for build [32mentando-k8s-entando-k8s-app-con-q9gmz-1[0m stage [32mfrom-build-pack[0m and container [32mstep-build-fix-git-for-sonar[0m
Switched to a new branch 'PR-27'
M	pom.xml
Deleted branch master (was 7fa5021).
From https://github.com/entando-k8s/entando-k8s-app-controller
 * [new branch]      master     -> master

Showing logs for build [32mentando-k8s-entando-k8s-app-con-q9gmz-1[0m stage [32mfrom-build-pack[0m and container [32mstep-build-mvn-verify-pr[0m
Picked up _JAVA_OPTIONS: -XX:+UnlockExperimentalVMOptions -Dsun.zip.disableMemoryMapping=**** -XX:+UseParallelGC -XX:MinHeapFreeRatio=5 -XX:MaxHeapFreeRatio=10 -XX:GCTimeRatio=4 -XX:AdaptiveSizePolicyWeight=90 -Xms1000m -Xmx12000m
[INFO] Scanning for projects...
[INFO] 
[INFO] ---------------< org.entando:entando-k8s-app-controller >---------------
[INFO] Building Entando K8S Controller for Entando App Deployments 0.0.0-SNAPSHOT-PR-27-1
[INFO] --------------------------------[ jar ]---------------------------------
[INFO] 
[INFO] --- maven-checkstyle-plugin:3.1.1:check (validate) @ entando-k8s-app-controller ---
[INFO] Starting audit...
Audit done.
[INFO] You have 0 Checkstyle violations.
[INFO] 
[INFO] --- maven-checkstyle-plugin:3.1.1:checkstyle (validate) @ entando-k8s-app-controller ---
[INFO] Starting audit...
Audit done.
[INFO] 
[INFO] --- jacoco-maven-plugin:0.8.5:prepare-agent (prepare-agent) @ entando-k8s-app-controller ---
[INFO] argLine set to -javaagent:/home/jenkins/.mvnrepository/org/jacoco/org.jacoco.agent/0.8.5/org.jacoco.agent-0.8.5-runtime.jar=destfile=/workspace/source/target/jacoco.e**c
[INFO] 
[INFO] --- maven-resources-plugin:2.6:resources (default-resources) @ entando-k8s-app-controller ---
[INFO] Using 'UTF-8' encoding to copy filtered resources.
[INFO] Copying 3 resources
[INFO] 
[INFO] --- maven-compiler-plugin:3.8.1:compile (default-compile) @ entando-k8s-app-controller ---
[INFO] Changes detected - recompiling the module!
[INFO] Compiling 10 source files to /workspace/source/target/classes
[INFO] 
[INFO] --- maven-resources-plugin:2.6:testResources (default-testResources) @ entando-k8s-app-controller ---
[INFO] Using 'UTF-8' encoding to copy filtered resources.
[INFO] Copying 3 resources
[INFO] 
[INFO] --- maven-compiler-plugin:3.8.1:testCompile (default-testCompile) @ entando-k8s-app-controller ---
[INFO] Changes detected - recompiling the module!
[INFO] Compiling 9 source files to /workspace/source/target/test-classes
[INFO] 
[INFO] --- maven-surefire-plugin:3.0.0-M1:test (default-test) @ entando-k8s-app-controller ---
[INFO] 
[INFO] -------------------------------------------------------
[INFO]  T E S T S
[INFO] -------------------------------------------------------
[INFO] Running org.entando.kubernetes.controller.app.inprocesstests.DeployEntandoDbTest
[INFO] Tests run: 5, Failures: 0, Errors: 0, Skipped: 0, Time elapsed: 5.829 s - in org.entando.kubernetes.controller.app.inprocesstests.DeployEntandoDbTest
[INFO] Running org.entando.kubernetes.controller.app.inprocesstests.DeployEntandoServiceTest
[INFO] Tests run: 4, Failures: 0, Errors: 0, Skipped: 0, Time elapsed: 1.939 s - in org.entando.kubernetes.controller.app.inprocesstests.DeployEntandoServiceTest
[INFO] Running org.entando.kubernetes.controller.app.inprocesstests.DeployEntandoOnExternalDbTest
[INFO] Tests run: 2, Failures: 0, Errors: 0, Skipped: 0, Time elapsed: 0.888 s - in org.entando.kubernetes.controller.app.inprocesstests.DeployEntandoOnExternalDbTest
[INFO] Running org.entando.kubernetes.controller.app.inprocesstests.DeployEntandoWithEmbeddedDbTest
[INFO] Tests run: 2, Failures: 0, Errors: 0, Skipped: 0, Time elapsed: 0.854 s - in org.entando.kubernetes.controller.app.inprocesstests.DeployEntandoWithEmbeddedDbTest
[INFO] 
[INFO] Results:
[INFO] 
[INFO] Tests run: 13, Failures: 0, Errors: 0, Skipped: 0
[INFO] 
[INFO] 
[INFO] --- maven-jar-plugin:3.2.0:jar (default-jar) @ entando-k8s-app-controller ---
[INFO] Building jar: /workspace/source/target/entando-k8s-app-controller-0.0.0-SNAPSHOT-PR-27-1.jar
[INFO] 
[INFO] --- maven-jar-plugin:3.2.0:test-jar (build-test-jar) @ entando-k8s-app-controller ---
[INFO] Building jar: /workspace/source/target/entando-k8s-app-controller-0.0.0-SNAPSHOT-PR-27-1-tests.jar
[INFO] 
[INFO] --- maven-javadoc-plugin:3.2.0:jar (attach-javadocs) @ entando-k8s-app-controller ---
[INFO] No previous run data found, generating javadoc.
[INFO] Building jar: /workspace/source/target/entando-k8s-app-controller-0.0.0-SNAPSHOT-PR-27-1-javadoc.jar
[INFO] 
[INFO] --- license-maven-plugin:2.0.0:aggregate-download-licenses (download-licenses) @ entando-k8s-app-controller ---
[INFO] skip flag is on, will skip goal.
[INFO] 
[INFO] --- quarkus-maven-plugin:1.2.0.Final:build (default) @ entando-k8s-app-controller ---
[WARNING] [io.quarkus.creator.curator.Curator] These dependencies are not recommended:
	- javax.servlet:javax.servlet-api should be replaced by jakarta.servlet:jakarta.servlet-api
You might end up with two different versions of the same classes or with an artifact you shouldn't have in your classpath.
[INFO] [org.jboss.threads] JBoss Threads version 3.0.0.Final
[WARNING] [io.quarkus.deployment.steps.ReflectiveHierarchyStep] Unable to properly register the hierarchy of the following classes for reflection as they are not in the Jandex index:
	- org.entando.kubernetes.model.EntandoCustomResourceStatus
Consider adding them to the index either by creating a Jandex index for your dependency via the Maven plugin, an empty META-INF/beans.xml or quarkus.index-dependency properties.");.
[INFO] [io.quarkus.deployment.pkg.steps.JarResultBuildStep] Building thin jar: /workspace/source/target/entando-k8s-app-controller-0.0.0-SNAPSHOT-PR-27-1-runner.jar
[INFO] [io.quarkus.deployment.QuarkusAugmentor] Quarkus augmentation completed in 1870ms
[INFO] 
[INFO] --- maven-surefire-report-plugin:3.0.0-M4:failsafe-report-only (integration-tests) @ entando-k8s-app-controller ---
[INFO] 
[INFO] --- dependency-check-maven:6.0.3:aggregate (default) @ entando-k8s-app-controller ---
[INFO] Checking for updates
[INFO] Skipping NVD check since last check was within 4 hours.
[INFO] Check for updates complete (78 ms)
[INFO] 

Dependency-Check is an open source tool performing a best effort analysis of 3rd party dependencies; false positives and false negatives may exist in the analysis performed by the tool. Use of the tool and the reporting provided constitutes acceptance for use in an AS IS condition, and there are NO warranties, implied or otherwise, with regard to the analysis or its use. Any use of the tool and the reporting provided is at the userâ€™s risk. In no event shall the copyright holder or OWASP be held liable for any damages whatsoever arising out of or in connection with the use of this tool, the analysis performed, or the resulting report.


[INFO] Analysis Started
[INFO] Finished Archive Analyzer (0 seconds)
[INFO] Finished File Name Analyzer (0 seconds)
[INFO] Finished Jar Analyzer (0 seconds)
[INFO] Finished Dependency Merging Analyzer (0 seconds)
[INFO] Finished Version Filter Analyzer (0 seconds)
[INFO] Finished Hint Analyzer (0 seconds)
[INFO] Created CPE Index (2 seconds)
[INFO] Finished CPE Analyzer (4 seconds)
[INFO] Finished False Positive Analyzer (0 seconds)
[INFO] Finished NVD CVE Analyzer (0 seconds)
[INFO] Finished Sonatype OSS Index Analyzer (1 seconds)
[INFO] Finished Vulnerability Suppression Analyzer (0 seconds)
[INFO] Finished Dependency Bundling Analyzer (0 seconds)
[INFO] Analysis Complete (8 seconds)
[INFO] 
[INFO] --- jacoco-maven-plugin:0.8.5:report (report) @ entando-k8s-app-controller ---
[INFO] Loading e**cution data file /workspace/source/target/jacoco.e**c
[INFO] Analyzed bundle 'Entando K8S Controller for Entando App Deployments' with 11 classes
[INFO] 
[INFO] --- maven-surefire-report-plugin:3.0.0-M4:report-only (unit-tests) @ entando-k8s-app-controller ---
[WARNING] Unable to locate Test Source XRef to link to - DISABLED
[INFO] 
[INFO] --- maven-install-plugin:2.4:install (default-install) @ entando-k8s-app-controller ---
[INFO] Installing /workspace/source/target/entando-k8s-app-controller-0.0.0-SNAPSHOT-PR-27-1.jar to /home/jenkins/.mvnrepository/org/entando/entando-k8s-app-controller/0.0.0-SNAPSHOT-PR-27-1/entando-k8s-app-controller-0.0.0-SNAPSHOT-PR-27-1.jar
[INFO] Installing /workspace/source/pom.xml to /home/jenkins/.mvnrepository/org/entando/entando-k8s-app-controller/0.0.0-SNAPSHOT-PR-27-1/entando-k8s-app-controller-0.0.0-SNAPSHOT-PR-27-1.pom
[INFO] Installing /workspace/source/target/entando-k8s-app-controller-0.0.0-SNAPSHOT-PR-27-1-tests.jar to /home/jenkins/.mvnrepository/org/entando/entando-k8s-app-controller/0.0.0-SNAPSHOT-PR-27-1/entando-k8s-app-controller-0.0.0-SNAPSHOT-PR-27-1-tests.jar
[INFO] Installing /workspace/source/target/entando-k8s-app-controller-0.0.0-SNAPSHOT-PR-27-1-javadoc.jar to /home/jenkins/.mvnrepository/org/entando/entando-k8s-app-controller/0.0.0-SNAPSHOT-PR-27-1/entando-k8s-app-controller-0.0.0-SNAPSHOT-PR-27-1-javadoc.jar
[INFO] 
[INFO] --- maven-deploy-plugin:2.8.2:deploy (default-deploy) @ entando-k8s-app-controller ---
[INFO] Using alternate deployment repository local-nexus::default::http://nexus/repository/maven-releases/
[INFO] 
[INFO] ---------------< org.entando:entando-k8s-app-controller >---------------
[INFO] Building Entando K8S Controller for Entando App Deployments 0.0.0-SNAPSHOT-PR-27-1
[INFO] --------------------------------[ jar ]---------------------------------
[INFO] 
[INFO] --- sonar-maven-plugin:3.8.0.2131:sonar (default-cli) @ entando-k8s-app-controller ---
[INFO] User cache: /****/.sonar/cache
[INFO] SonarQube version: 8.5.0
[INFO] Default locale: "en_US", source code encoding: "UTF-8"
[INFO] Load global settings
[INFO] Load global settings (done) | time=217ms
[INFO] Server id: 1BD809FA-AWHW8ct9-T_TB3XqouNu
[INFO] User cache: /****/.sonar/cache
[INFO] Load/download plugins
[INFO] Load plugins index
[INFO] Load plugins index (done) | time=78ms
[INFO] Load/download plugins (done) | time=22107ms
[INFO] Loaded core extensions: developer-scanner
[INFO] JavaScript/TypeScript frontend is enabled
[INFO] Load project settings for component key: 'entando-k8s_entando-k8s-app-controller'
[INFO] Load project settings for component key: 'entando-k8s_entando-k8s-app-controller' (done) | time=34ms
[INFO] Process project properties
[INFO] E**cute project builders
[INFO] E**cute project builders (done) | time=1ms
[INFO] Project key: entando-k8s_entando-k8s-app-controller
[INFO] Base dir: /workspace/source
[INFO] Working dir: /workspace/source/target/sonar
[INFO] Load project branches
[INFO] Load project branches (done) | time=30ms
[INFO] Check ALM binding of project 'entando-k8s_entando-k8s-app-controller'
[INFO] Detected project binding: BOUND
[INFO] Check ALM binding of project 'entando-k8s_entando-k8s-app-controller' (done) | time=21ms
[INFO] Load project pull requests
[INFO] Load project pull requests (done) | time=43ms
[INFO] Load branch configuration
[INFO] Load branch configuration (done) | time=512ms
[INFO] Load quality profiles
[INFO] Load quality profiles (done) | time=71ms
[INFO] Load active rules
[INFO] Load active rules (done) | time=1335ms
[INFO] Organization key: entando-k8s
[INFO] Pull request 27 for merge into master from ENG-1829_improved_probes
[INFO] SCM collecting changed files in the branch
[WARNING] Exception caught during e**cution of command '[/usr/local/git/bin/git, config, --******, --edit]' in '/usr/local/git/bin', return code '128', error message 'fatal: Invalid path '/usr/local/git/etc': No such file or directory
'
[INFO] SCM collecting changed files in the branch (done) | time=340ms
[INFO] Indexing files...
[INFO] Project configuration:
[INFO] 20 files inde**d
[INFO] 0 files ignored because of scm ignore settings
[INFO] Quality profile for java: Sonar way
[INFO] Quality profile for xml: Sonar way
[INFO] ------------- Run sensors on module Entando K8S Controller for Entando App Deployments
[INFO] JavaScript/TypeScript frontend is enabled
[INFO] Load metrics repository
[INFO] Load metrics repository (done) | time=32ms
[INFO] Sensor JavaSquidSensor [java]
[INFO] Configured Java source version (sonar.java.source): 8
[INFO] JavaClasspath initialization
[INFO] JavaClasspath initialization (done) | time=21ms
[INFO] JavaTestClasspath initialization
[INFO] JavaTestClasspath initialization (done) | time=2ms
[INFO] Java Main Files AST scan
[INFO] 10 source files to be analyzed
[INFO] 10/10 source files have been analyzed
[INFO] Java Main Files AST scan (done) | time=3994ms
[INFO] Java Test Files AST scan
[INFO] 9 source files to be analyzed
[INFO] Java Test Files AST scan (done) | time=1284ms
[INFO] 9/9 source files have been analyzed
[INFO] Java Generated Files AST scan
[INFO] 0 source files to be analyzed
[INFO] Java Generated Files AST scan (done) | time=1ms
[INFO] 0/0 source files have been analyzed
[INFO] Sensor JavaSquidSensor [java] (done) | time=5753ms
[INFO] Sensor SonarCSS Rules [cssfamily]
[INFO] No CSS, PHP, HTML or VueJS files are found in the project. CSS analysis is skipped.
[INFO] Sensor SonarCSS Rules [cssfamily] (done) | time=1ms
[INFO] Sensor C# Properties [csharp]
[INFO] Sensor C# Properties [csharp] (done) | time=1ms
[INFO] Sensor Import of Checkstyle issues [java]
[INFO] Importing /workspace/source/target/checkstyle-result.xml
[INFO] Sensor Import of Checkstyle issues [java] (done) | time=77ms
[INFO] Sensor SurefireSensor [java]
[INFO] parsing [/workspace/source/target/surefire-reports]
[INFO] Sensor SurefireSensor [java] (done) | time=46ms
[INFO] Sensor JavaXmlSensor [java]
[INFO] 1 source files to be analyzed
[INFO] Sensor JavaXmlSensor [java] (done) | time=231ms
[INFO] 1/1 source files have been analyzed
[INFO] Sensor HTML [web]
[INFO] Sensor HTML [web] (done) | time=6ms
[INFO] Sensor XML Sensor [xml]
[INFO] 1 source file to be analyzed
[INFO] 1/1 source file has been analyzed
[INFO] Sensor XML Sensor [xml] (done) | time=220ms
[INFO] Sensor VB.NET Properties [vbnet]
[INFO] Sensor VB.NET Properties [vbnet] (done) | time=1ms
[INFO] Sensor JaCoCo XML Report Importer [jacoco]
[INFO] Importing 1 report(s). Turn your logs in debug mode in order to see the exhaustive list.
[INFO] Sensor JaCoCo XML Report Importer [jacoco] (done) | time=39ms
[INFO] Sensor ThymeLeaf template sensor [securityjavafrontend]
[INFO] Sensor ThymeLeaf template sensor [securityjavafrontend] (done) | time=3ms
[INFO] Sensor JavaSecuritySensor [security]
[INFO] Reading type hierarchy from: /workspace/source/target/sonar/ucfg2/java
[INFO] Read 85 type definitions
[INFO] Reading UCFGs from: /workspace/source/target/sonar/ucfg2/java
[INFO] 07:14:01.903102 Building Runtime Type propagation graph
[INFO] 07:14:01.919087 Running Tarjan on 294 nodes
[INFO] 07:14:01.922854 Tarjan found 294 components
[INFO] 07:14:01.927644 Variable type analysis: done
[INFO] 07:14:01.932507 Building Runtime Type propagation graph
[INFO] 07:14:01.943252 Running Tarjan on 294 nodes
[INFO] 07:14:01.945883 Tarjan found 294 components
[INFO] 07:14:01.947668 Variable type analysis: done
[INFO] Analyzing 84 ucfgs to detect vulnerabilities.
[INFO] All rules entrypoints : 0 Retained UCFGs : 0
[INFO] rule: S5131, entrypoints: 0
[INFO] rule: S5131 done
[INFO] rule: S3649, entrypoints: 0
[INFO] rule: S3649 done
[INFO] rule: S2076, entrypoints: 0
[INFO] rule: S2076 done
[INFO] rule: S2091, entrypoints: 0
[INFO] rule: S2091 done
[INFO] rule: S2078, entrypoints: 0
[INFO] rule: S2078 done
[INFO] rule: S2631, entrypoints: 0
[INFO] rule: S2631 done
[INFO] rule: S5135, entrypoints: 0
[INFO] rule: S5135 done
[INFO] rule: S2083, entrypoints: 0
[INFO] rule: S2083 done
[INFO] rule: S5167, entrypoints: 0
[INFO] rule: S5167 done
[INFO] rule: S5144, entrypoints: 0
[INFO] rule: S5144 done
[INFO] rule: S5145, entrypoints: 0
[INFO] rule: S5145 done
[INFO] rule: S5146, entrypoints: 0
[INFO] rule: S5146 done
[INFO] rule: S5334, entrypoints: 0
[INFO] rule: S5334 done
[INFO] rule: S6096, entrypoints: 0
[INFO] rule: S6096 done
[INFO] Sensor JavaSecuritySensor [security] (done) | time=793ms
[INFO] Sensor CSharpSecuritySensor [security]
[INFO] Reading type hierarchy from: /workspace/source/target/ucfg_cs2
[INFO] Read 0 type definitions
[INFO] Reading UCFGs from: /workspace/source/target/ucfg_cs2
[INFO] No UCFGs have been included for analysis.
[INFO] Sensor CSharpSecuritySensor [security] (done) | time=1ms
[INFO] Sensor PhpSecuritySensor [security]
[INFO] Reading type hierarchy from: /workspace/source/target/sonar/ucfg2/php
[INFO] Read 0 type definitions
[INFO] Reading UCFGs from: /workspace/source/target/sonar/ucfg2/php
[INFO] No UCFGs have been included for analysis.
[INFO] Sensor PhpSecuritySensor [security] (done) | time=1ms
[INFO] Sensor PythonSecuritySensor [security]
[INFO] Reading type hierarchy from: /workspace/source/target/sonar/ucfg2/python
[INFO] Read 0 type definitions
[INFO] Reading UCFGs from: /workspace/source/target/sonar/ucfg2/python
[INFO] No UCFGs have been included for analysis.
[INFO] Sensor PythonSecuritySensor [security] (done) | time=1ms
[INFO] Sensor JsSecuritySensor [security]
[INFO] Reading type hierarchy from: /workspace/source/target/sonar/ucfg2/js
[INFO] Read 0 type definitions
[INFO] Reading UCFGs from: /workspace/source/target/sonar/ucfg2/js
[INFO] No UCFGs have been included for analysis.
[INFO] Sensor JsSecuritySensor [security] (done) | time=1ms
[INFO] ------------- Run sensors on project
[INFO] Sensor Zero Coverage Sensor
[INFO] Sensor Zero Coverage Sensor (done) | time=2ms
[INFO] Sensor Java CPD Block Inde**r
[INFO] Sensor Java CPD Block Inde**r (done) | time=62ms
[INFO] SCM Publisher SCM provider for this project is: git
[INFO] SCM Publisher 3 source files to be analyzed
[INFO] SCM Publisher 2/3 source files have been analyzed (done) | time=393ms
[WARNING] Missing blame information for the following files:
[WARNING]   * pom.xml
[WARNING] This may lead to missing/broken features in SonarCloud
[INFO] CPD E**cutor 1 file had no CPD blocks
[INFO] CPD E**cutor Calculating CPD for 9 files
[INFO] CPD E**cutor CPD calculation finished (done) | time=21ms
[INFO] SCM writing changed lines
[INFO] SCM writing changed lines (done) | time=85ms
[INFO] Analysis report generated in 245ms, dir size=276 KB
[INFO] Analysis report compressed in 32ms, zip size=74 KB
[INFO] Analysis report uploaded in 99ms
[INFO] ANALYSIS SUCCESSFUL, you can find the results at: https://sonarcloud.io/dashboard?id=entando-k8s_entando-k8s-app-controller&pullRequest=27
[INFO] Note that you will be able to access the updated dashboard once the server has processed the submitted analysis report
[INFO] More about the report processing at https://sonarcloud.io/api/ce/task?id=AXfYCZdawX2NAAenWW7R
[INFO] Analysis total time: 13.812 s
[INFO] ------------------------------------------------------------------------
[INFO] BUILD SUCCESS
[INFO] ------------------------------------------------------------------------
[INFO] Total time:  01:34 min
[INFO] Finished at: 2021-02-25T07:14:03Z
[INFO] ------------------------------------------------------------------------
Picked up _JAVA_OPTIONS: -XX:+UnlockExperimentalVMOptions -Dsun.zip.disableMemoryMapping=**** -XX:+UseParallelGC -XX:MinHeapFreeRatio=5 -XX:MaxHeapFreeRatio=10 -XX:GCTimeRatio=4 -XX:AdaptiveSizePolicyWeight=90 -Xms1000m -Xmx12000m
[INFO] Scanning for projects...
[INFO] 
[INFO] ---------------< org.entando:entando-k8s-app-controller >---------------
[INFO] Building Entando K8S Controller for Entando App Deployments 0.0.0-SNAPSHOT-PR-27-1
[INFO] --------------------------------[ jar ]---------------------------------
[INFO] 
[INFO] --- maven-site-plugin:3.9.0:site (default-site) @ entando-k8s-app-controller ---
[INFO] configuring report plugin org.apache.maven.plugins:maven-project-info-reports-plugin:3.0.0
[INFO] 9 reports configured for maven-project-info-reports-plugin:3.0.0: dependency-info, distribution-management, index, ci-management, issue-management, licenses, plugins, scm, summary
[INFO] Rendering site with default locale English (en)
[WARNING] Unable to find a URL to the parent project. The parent menu will NOT be added.
[INFO] Relativizing decoration links with respect to localized project URL: https://central.entando.com
[INFO] Rendering content with org.apache.maven.skins:maven-default-skin:jar:1.3 skin.
[INFO] Generating "Dependency Information" report --- maven-project-info-reports-plugin:3.0.0:dependency-info
[INFO] Generating "About" report         --- maven-project-info-reports-plugin:3.0.0:index
[INFO] Generating "Issue Management" report --- maven-project-info-reports-plugin:3.0.0:issue-management
[INFO] Generating "Licenses" report      --- maven-project-info-reports-plugin:3.0.0:licenses
[INFO] Generating "Plugins" report       --- maven-project-info-reports-plugin:3.0.0:plugins
[INFO] Generating "Source Code Management" report --- maven-project-info-reports-plugin:3.0.0:scm
[INFO] Generating "Summary" report       --- maven-project-info-reports-plugin:3.0.0:summary
[INFO] ------------------------------------------------------------------------
[INFO] BUILD SUCCESS
[INFO] ------------------------------------------------------------------------
[INFO] Total time:  8.804 s
[INFO] Finished at: 2021-02-25T07:14:14Z
[INFO] ------------------------------------------------------------------------
error: etcdserver: request is too large
Congratulations! No build failures found for entando-k8s-app-controller-PR-27.

Showing logs for build [32mentando-k8s-entando-k8s-app-con-q9gmz-1[0m stage [32mfrom-build-pack[0m and container [32mstep-build-container-build[0m
Generating tags...
 - entando/entando-k8s-app-controller -> docker.io/entando/entando-k8s-app-controller:0.0.0-SNAPSHOT-PR-27-1
Checking cache...
 - entando/entando-k8s-app-controller: Not found. Building
Building [entando/entando-k8s-app-controller]...
Sending build context to Docker daemon  158.2kB
Step 1/7 : FROM entando/entando-k8s-operator-common:6.3.7
 ---> 85633026ebbe
Step 2/7 : ARG VERSION
 ---> Using cache
 ---> 597e7d1410af
Step 3/7 : LABEL name "Entando K8S App Controller" vendor "Entando" version "v${VERSION}" release "6" summary "This container processes the EntandoApp custom resource and deploys the specified Entando App Engine Docker image." description "This is a run-to-completion container. It processes new EntandoApp Custom                    Resources and deploys an instance of the specified Entando App Engine Docker image                    to your cluster. This Entando App Engine will be  configured to use a previously installed Keycloak Server.                    Subsequent e**cutions of this container against the same EntandoApp will patch the existing                    deployment resources"
 ---> Running in bad7cef3465a
 ---> d473dad26cc8
Step 4/7 : ENV JAVA_OPTIONS "-Djava.util.logging.manager=org.jboss.logmanager.LogManager"
 ---> Running in e15c4d807568
 ---> 5a9f281ce7aa
Step 5/7 : ENV AB_ENABLED jmx_exporter
 ---> Running in a94f7071e8f1
 ---> c669070f70d6
Step 6/7 : COPY target/*-runner.jar /deployments/app.jar
 ---> 515781d506dc
Step 7/7 : ENTRYPOINT /deployments/run-java.sh
 ---> Running in 713d89e38b4b
 ---> 5c4368cdf3d1
Successfully built 5c4368cdf3d1
The push refers to a repository [docker.io/entando/entando-k8s-app-controller]
1f2c1979ac40: Preparing
1863128980ff: Preparing
e811284c96e8: Preparing
523a9c2720f8: Preparing
088e643aafac: Preparing
00af10937683: Preparing
3aa55ff7bca1: Preparing
00af10937683: Waiting
3aa55ff7bca1: Waiting
088e643aafac: Layer already exists
1863128980ff: Mounted from entando/entando-k8s-cluster-infrastructure-controller
00af10937683: Layer already exists
523a9c2720f8: Mounted from entando/entando-k8s-cluster-infrastructure-controller
e811284c96e8: Mounted from entando/entando-k8s-cluster-infrastructure-controller
3aa55ff7bca1: Layer already exists
1f2c1979ac40: Pushed
0.0.0-SNAPSHOT-PR-27-1: digest: sha256:110ffcd21a4224efbae7e66cf54837c5842c4a8cf2cf440bdd7be2f7b86937af size: 1791

Showing logs for build [32mentando-k8s-entando-k8s-app-con-q9gmz-1[0m stage [32mfrom-build-pack[0m and container [32mstep-postbuild-post-build[0m
no CVE provider running in the current ** namespace so skip adding image to be analysed

Showing logs for build [32mentando-k8s-entando-k8s-app-con-q9gmz-1[0m stage [32mfrom-build-pack[0m and container [32mstep-promote-make-preview[0m
Creating /builder/home/.helm 
Creating /builder/home/.helm/repository 
Creating /builder/home/.helm/repository/cache 
Creating /builder/home/.helm/repository/local 
Creating /builder/home/.helm/plugins 
Creating /builder/home/.helm/starters 
Creating /builder/home/.helm/cache/archive 
Creating /builder/home/.helm/repository/repositories.yaml 
Adding stable repo with URL: https://charts.helm.sh/stable 
Adding local repo with URL: http://127.0.0.1:8879/charts 
$HELM_HOME has been configured at /builder/home/.helm.
Not installing Tiller due to 'client-only' flag having been set
sed -i -e "s/version:.*/version: 0.0.0-SNAPSHOT-PR-27-1/" Chart.yaml
sed -i -e "s/version:.*/version: 0.0.0-SNAPSHOT-PR-27-1/" ../*/Chart.yaml
sed -i -e "s|repository:.*|repository: docker.io\/entando\/entando-k8s-keycloak-controller|" values.yaml
sed -i -e "s/tag:.*/tag: 0.0.0-SNAPSHOT-PR-27-1/" values.yaml
echo "  version: 0.0.0-SNAPSHOT-PR-27-1" >> requirements.yaml
** step helm build
WARNING: No $CHART_REPOSITORY defined so using the default value of: http://jenkins-x-chartmuseum:8080
Adding missing Helm repo: storage.googleapis.com https://storage.googleapis.com/chartmuseum.jenkins-x.io
Successfully added Helm repository storage.googleapis.com.
Adding missing Helm repo: jenkins-x-chartmuseum http://jenkins-x-chartmuseum:8080
Successfully added Helm repository jenkins-x-chartmuseum.
WARNING: No $CHART_REPOSITORY defined so using the default value of: http://jenkins-x-chartmuseum:8080

Showing logs for build [32mentando-k8s-entando-k8s-app-con-q9gmz-1[0m stage [32mfrom-build-pack[0m and container [32mstep-promote-jx-preview[0m
Creating a preview
Found commit author match for: ampie with email address: ampie.private@gmail.com
Created environment entando-k8s-app-controller-acpr27
Namespace entando-k8s-app-controller-acpr27 created 
expose:
  Annotations:
    helm.sh/hook: post-install,post-upgrade
    helm.sh/hook-delete-policy: hook-succeeded
  config:
    domain: *************
    exposer: Ingress
    http: "****"
preview:
  image:
    repository: docker.io/entando/entando-k8s-app-controller
    tag: 0.0.0-SNAPSHOT-PR-27-1

WARNING: Could not find the service URL in namespace entando-k8s-app-controller-acpr27 for names : Timed out after 1m0s, last error: %!s(<nil>)
Updating PipelineActivities entando-k8s-entando-k8s-app-controller-pr-27-1 which has status Running
WARNING: Failed to find the service entando-k8s-app-controller : failed to find service entando-k8s-app-controller in namespace entando-k8s-app-controller-acpr27: services "entando-k8s-app-controller" not found

Showing logs for build [32mentando-k8s-entando-k8s-app-con-q9gmz-1[0m stage [32mfrom-build-pack[0m and container [32mstep-promote-run-post-deployment-tests[0m
Picked up _JAVA_OPTIONS: -XX:+UnlockExperimentalVMOptions -Dsun.zip.disableMemoryMapping=**** -XX:+UseParallelGC -XX:MinHeapFreeRatio=5 -XX:MaxHeapFreeRatio=10 -XX:GCTimeRatio=4 -XX:AdaptiveSizePolicyWeight=90 -Xms1000m -Xmx12000m
[INFO] Scanning for projects...
[INFO] 
[INFO] ---------------< org.entando:entando-k8s-app-controller >---------------
[INFO] Building Entando K8S Controller for Entando App Deployments 0.0.0-SNAPSHOT-PR-27-1
[INFO] --------------------------------[ jar ]---------------------------------
[INFO] 
[INFO] --- maven-resources-plugin:2.6:resources (default-resources) @ entando-k8s-app-controller ---
[INFO] Using 'UTF-8' encoding to copy filtered resources.
[INFO] Copying 3 resources
[INFO] 
[INFO] --- maven-compiler-plugin:3.8.1:compile (default-compile) @ entando-k8s-app-controller ---
[INFO] Nothing to compile - all classes are up to date
[INFO] 
[INFO] --- maven-resources-plugin:2.6:testResources (default-testResources) @ entando-k8s-app-controller ---
[INFO] Using 'UTF-8' encoding to copy filtered resources.
[INFO] Copying 3 resources
[INFO] 
[INFO] --- maven-compiler-plugin:3.8.1:testCompile (default-testCompile) @ entando-k8s-app-controller ---
[INFO] Nothing to compile - all classes are up to date
[INFO] 
[INFO] --- maven-surefire-plugin:3.0.0-M1:test (default-test) @ entando-k8s-app-controller ---
[INFO] Tests are skipped.
[INFO] 
[INFO] --- maven-jar-plugin:3.2.0:jar (default-jar) @ entando-k8s-app-controller ---
[INFO] 
[INFO] --- maven-jar-plugin:3.2.0:test-jar (build-test-jar) @ entando-k8s-app-controller ---
[INFO] 
[INFO] --- maven-failsafe-plugin:3.0.0-M4:integration-test (run-tests) @ entando-k8s-app-controller ---
[INFO] 
[INFO] -------------------------------------------------------
[INFO]  T E S T S
[INFO] -------------------------------------------------------
[INFO] Running org.entando.kubernetes.controller.app.interprocesstests.AddEntandoAppWithExternalPostgresqlDatabaseIT
Feb 25, 2021 7:16:36 AM org.entando.kubernetes.client.integrationtesthelpers.DeletionWaiter lambda$deleteSingleItem$2
WARNING: Deleting pods  entando-k8s-app-controller-acpr27/pg-test
Feb 25, 2021 7:16:37 AM org.entando.kubernetes.client.KubernetesRestInterceptor invoke
INFO: Entering method loadDockerImageInfoConfigMap in class org.entando.kubernetes.controller.support.client.EntandoResourceClient
Feb 25, 2021 7:16:38 AM org.entando.kubernetes.client.KubernetesRestInterceptor invoke
INFO: Exiting method loadDockerImageInfoConfigMap in class org.entando.kubernetes.controller.support.client.EntandoResourceClient
Feb 25, 2021 7:16:38 AM org.entando.kubernetes.client.integrationtesthelpers.DeletionWaiter lambda$deleteSingleItem$2
WARNING: Deleting pods  entando-k8s-app-controller-acpr27/pg-test
Feb 25, 2021 7:16:38 AM org.entando.kubernetes.client.integrationtesthelpers.DeletionWaiter lambda$deleteSingleItem$2
WARNING: Deleting entandodatabaseservices  entando-k8s-app-controller-acpr27/my-external-db-acpr27
Feb 25, 2021 7:16:38 AM org.entando.kubernetes.client.integrationtesthelpers.DeletionWaiter lambda$deleteSingleItem$2
WARNING: Deleting secrets  entando-k8s-app-controller-acpr27/test-secret
ADDED:PodStatus(conditions=[PodCondition(lastProbeTime=null, lastTransitionTime=2021-02-25T07:16:38Z, message=null, reason=null, status=True, type=PodScheduled, additionalProperties={})], containerStatuses=[], ephemeralContainerStatuses=[], hostIP=null, initContainerStatuses=[], message=null, nominatedNodeName=null, phase=Pending, podIP=null, podIPs=[], qosClass=BestEffort, reason=null, startTime=null, additionalProperties={})
MODIFIED:PodStatus(conditions=[PodCondition(lastProbeTime=null, lastTransitionTime=2021-02-25T07:16:38Z, message=null, reason=null, status=True, type=Initialized, additionalProperties={}), PodCondition(lastProbeTime=null, lastTransitionTime=2021-02-25T07:16:38Z, message=containers with unready status: [pg-container], reason=ContainersNotReady, status=False, type=Ready, additionalProperties={}), PodCondition(lastProbeTime=null, lastTransitionTime=null, message=containers with unready status: [pg-container], reason=ContainersNotReady, status=False, type=ContainersReady, additionalProperties={}), PodCondition(lastProbeTime=null, lastTransitionTime=2021-02-25T07:16:38Z, message=null, reason=null, status=True, type=PodScheduled, additionalProperties={})], containerStatuses=[ContainerStatus(containerID=null, image=centos/********ql-96-centos7:latest, imageID=, lastState=ContainerState(running=null, terminated=null, waiting=null, additionalProperties={}), name=pg-container, ready=false, restartCount=0, started=null, state=ContainerState(running=null, terminated=null, waiting=ContainerStateWaiting(message=null, reason=ContainerCreating, additionalProperties={}), additionalProperties={}), additionalProperties={})], ephemeralContainerStatuses=[], hostIP=54.36.53.206, initContainerStatuses=[], message=null, nominatedNodeName=null, phase=Pending, podIP=null, podIPs=[], qosClass=BestEffort, reason=null, startTime=2021-02-25T07:16:38Z, additionalProperties={})
MODIFIED:PodStatus(conditions=[PodCondition(lastProbeTime=null, lastTransitionTime=2021-02-25T07:16:38Z, message=null, reason=null, status=True, type=Initialized, additionalProperties={}), PodCondition(lastProbeTime=null, lastTransitionTime=2021-02-25T07:16:38Z, message=containers with unready status: [pg-container], reason=ContainersNotReady, status=False, type=Ready, additionalProperties={}), PodCondition(lastProbeTime=null, lastTransitionTime=null, message=containers with unready status: [pg-container], reason=ContainersNotReady, status=False, type=ContainersReady, additionalProperties={}), PodCondition(lastProbeTime=null, lastTransitionTime=2021-02-25T07:16:38Z, message=null, reason=null, status=True, type=PodScheduled, additionalProperties={})], containerStatuses=[ContainerStatus(containerID=docker://f67dba7a4f26ca2e620510837301332f818e2592f5f36f6ee99c31276871851d, image=docker.io/centos/********ql-96-centos7:latest, imageID=docker-pullable://docker.io/centos/********ql-96-centos7@sha256:b681d78125361519180a6ac05242c296f8906c11eab7e207b5ca9a89b6344392, lastState=ContainerState(running=null, terminated=null, waiting=null, additionalProperties={}), name=pg-container, ready=false, restartCount=0, started=null, state=ContainerState(running=ContainerStateRunning(startedAt=2021-02-25T07:16:43Z, additionalProperties={}), terminated=null, waiting=null, additionalProperties={}), additionalProperties={})], ephemeralContainerStatuses=[], hostIP=54.36.53.206, initContainerStatuses=[], message=null, nominatedNodeName=null, phase=Running, podIP=10.128.1.134, podIPs=[], qosClass=BestEffort, reason=null, startTime=2021-02-25T07:16:38Z, additionalProperties={})
MODIFIED:PodStatus(conditions=[PodCondition(lastProbeTime=null, lastTransitionTime=2021-02-25T07:16:38Z, message=null, reason=null, status=True, type=Initialized, additionalProperties={}), PodCondition(lastProbeTime=null, lastTransitionTime=2021-02-25T07:16:55Z, message=null, reason=null, status=True, type=Ready, additionalProperties={}), PodCondition(lastProbeTime=null, lastTransitionTime=null, message=null, reason=null, status=True, type=ContainersReady, additionalProperties={}), PodCondition(lastProbeTime=null, lastTransitionTime=2021-02-25T07:16:38Z, message=null, reason=null, status=True, type=PodScheduled, additionalProperties={})], containerStatuses=[ContainerStatus(containerID=docker://f67dba7a4f26ca2e620510837301332f818e2592f5f36f6ee99c31276871851d, image=docker.io/centos/********ql-96-centos7:latest, imageID=docker-pullable://docker.io/centos/********ql-96-centos7@sha256:b681d78125361519180a6ac05242c296f8906c11eab7e207b5ca9a89b6344392, lastState=ContainerState(running=null, terminated=null, waiting=null, additionalProperties={}), name=pg-container, ready=****, restartCount=0, started=null, state=ContainerState(running=ContainerStateRunning(startedAt=2021-02-25T07:16:43Z, additionalProperties={}), terminated=null, waiting=null, additionalProperties={}), additionalProperties={})], ephemeralContainerStatuses=[], hostIP=54.36.53.206, initContainerStatuses=[], message=null, nominatedNodeName=null, phase=Running, podIP=10.128.1.134, podIPs=[], qosClass=BestEffort, reason=null, startTime=2021-02-25T07:16:38Z, additionalProperties={})
Finished: pg-test
Feb 25, 2021 7:16:55 AM org.entando.kubernetes.client.KubernetesRestInterceptor invoke
INFO: Entering method createOrReplaceService in class org.entando.kubernetes.controller.support.client.ServiceClient with EntandoDatabaseService: entando-k8s-app-controller-acpr27/my-external-db-acpr27 and with Service: entando-k8s-app-controller-acpr27/my-external-db-acpr27-db-service
Feb 25, 2021 7:16:56 AM org.entando.kubernetes.client.KubernetesRestInterceptor invoke
INFO: Exiting method createOrReplaceService in class org.entando.kubernetes.controller.support.client.ServiceClient
Feb 25, 2021 7:16:56 AM org.entando.kubernetes.client.KubernetesRestInterceptor invoke
INFO: Entering method createOrReplaceEndpoints in class org.entando.kubernetes.controller.support.client.ServiceClient with EntandoDatabaseService: entando-k8s-app-controller-acpr27/my-external-db-acpr27 and with Endpoints: entando-k8s-app-controller-acpr27/my-external-db-acpr27-db-service
Feb 25, 2021 7:16:56 AM org.entando.kubernetes.client.KubernetesRestInterceptor invoke
INFO: Exiting method createOrReplaceEndpoints in class org.entando.kubernetes.controller.support.client.ServiceClient
Feb 25, 2021 7:16:56 AM org.entando.kubernetes.client.integrationtesthelpers.DeletionWaiter lambda$deleteSingleItem$2
WARNING: Deleting configmaps  entando-k8s-app-controller-acpr27/eci-entando-k8s-app-controller-acpr27-eti-acpr27-connection-config
javax.ws.rs.NotFoundException: HTTP 404 Not Found
!!!!!!!On EntandoApp add!!!!!!!!!
Feb 25, 2021 7:16:58 AM org.entando.kubernetes.client.KubernetesRestInterceptor invoke
INFO: Entering method removeAndWait in class org.entando.kubernetes.controller.support.client.PodClient with entando-k8s-app-controller-acpr27,{EntandoResourceNamespace=entando-k8s-app-controller-acpr27, EntandoApp=test-entando-acpr27, EntandoResourceKind=EntandoApp}
Feb 25, 2021 7:16:59 AM org.entando.kubernetes.client.KubernetesRestInterceptor invoke
INFO: Exiting method removeAndWait in class org.entando.kubernetes.controller.support.client.PodClient
Feb 25, 2021 7:16:59 AM org.entando.kubernetes.client.KubernetesRestInterceptor invoke
INFO: Entering method overwriteControllerSecret in class org.entando.kubernetes.controller.support.client.SecretClient with Secret: null/test-entando-acpr27-controller-ca-cert-secret
Feb 25, 2021 7:16:59 AM org.entando.kubernetes.client.KubernetesRestInterceptor invoke
INFO: Exiting method overwriteControllerSecret in class org.entando.kubernetes.controller.support.client.SecretClient
Feb 25, 2021 7:16:59 AM org.entando.kubernetes.client.KubernetesRestInterceptor invoke
INFO: Entering method start in class org.entando.kubernetes.controller.support.client.PodClient with Pod: entando-k8s-app-controller-acpr27/test-entando-acpr27-deployer-0221
Feb 25, 2021 7:16:59 AM org.entando.kubernetes.client.KubernetesRestInterceptor invoke
INFO: Exiting method start in class org.entando.kubernetes.controller.support.client.PodClient
ADDED:PodStatus(conditions=[PodCondition(lastProbeTime=null, lastTransitionTime=2021-02-25T07:17:08Z, message=null, reason=null, status=True, type=PodScheduled, additionalProperties={})], containerStatuses=[], ephemeralContainerStatuses=[], hostIP=null, initContainerStatuses=[], message=null, nominatedNodeName=null, phase=Pending, podIP=null, podIPs=[], qosClass=BestEffort, reason=null, startTime=null, additionalProperties={})
MODIFIED:PodStatus(conditions=[PodCondition(lastProbeTime=null, lastTransitionTime=2021-02-25T07:17:09Z, message=containers with incomplete status: [test-entando-acpr27-portdb-schema-creation-job test-entando-acpr27-servdb-schema-creation-job test-entando-acpr27-server-db-population-job], reason=ContainersNotInitialized, status=False, type=Initialized, additionalProperties={}), PodCondition(lastProbeTime=null, lastTransitionTime=2021-02-25T07:17:09Z, message=containers with unready status: [dummy], reason=ContainersNotReady, status=False, type=Ready, additionalProperties={}), PodCondition(lastProbeTime=null, lastTransitionTime=null, message=containers with unready status: [dummy], reason=ContainersNotReady, status=False, type=ContainersReady, additionalProperties={}), PodCondition(lastProbeTime=null, lastTransitionTime=2021-02-25T07:17:08Z, message=null, reason=null, status=True, type=PodScheduled, additionalProperties={})], containerStatuses=[ContainerStatus(containerID=null, image=docker.io/entando/busybox:latest, imageID=, lastState=ContainerState(running=null, terminated=null, waiting=null, additionalProperties={}), name=dummy, ready=false, restartCount=0, started=null, state=ContainerState(running=null, terminated=null, waiting=ContainerStateWaiting(message=null, reason=PodInitializing, additionalProperties={}), additionalProperties={}), additionalProperties={})], ephemeralContainerStatuses=[], hostIP=54.36.53.206, initContainerStatuses=[ContainerStatus(containerID=null, image=docker.io/entando/entando-k8s-dbjob:6.3.1, imageID=, lastState=ContainerState(running=null, terminated=null, waiting=null, additionalProperties={}), name=test-entando-acpr27-portdb-schema-creation-job, ready=false, restartCount=0, started=null, state=ContainerState(running=null, terminated=null, waiting=ContainerStateWaiting(message=null, reason=PodInitializing, additionalProperties={}), additionalProperties={}), additionalProperties={}), ContainerStatus(containerID=null, image=docker.io/entando/entando-k8s-dbjob:6.3.1, imageID=, lastState=ContainerState(running=null, terminated=null, waiting=null, additionalProperties={}), name=test-entando-acpr27-servdb-schema-creation-job, ready=false, restartCount=0, started=null, state=ContainerState(running=null, terminated=null, waiting=ContainerStateWaiting(message=null, reason=PodInitializing, additionalProperties={}), additionalProperties={}), additionalProperties={}), ContainerStatus(containerID=null, image=docker.io/entando/entando-de-app-wildfly:6.3.44, imageID=, lastState=ContainerState(running=null, terminated=null, waiting=null, additionalProperties={}), name=test-entando-acpr27-server-db-population-job, ready=false, restartCount=0, started=null, state=ContainerState(running=null, terminated=null, waiting=ContainerStateWaiting(message=null, reason=PodInitializing, additionalProperties={}), additionalProperties={}), additionalProperties={})], message=null, nominatedNodeName=null, phase=Pending, podIP=null, podIPs=[], qosClass=BestEffort, reason=null, startTime=2021-02-25T07:17:09Z, additionalProperties={})
MODIFIED:PodStatus(conditions=[PodCondition(lastProbeTime=null, lastTransitionTime=2021-02-25T07:17:09Z, message=containers with incomplete status: [test-entando-acpr27-portdb-schema-creation-job test-entando-acpr27-servdb-schema-creation-job test-entando-acpr27-server-db-population-job], reason=ContainersNotInitialized, status=False, type=Initialized, additionalProperties={}), PodCondition(lastProbeTime=null, lastTransitionTime=2021-02-25T07:17:09Z, message=containers with unready status: [dummy], reason=ContainersNotReady, status=False, type=Ready, additionalProperties={}), PodCondition(lastProbeTime=null, lastTransitionTime=null, message=containers with unready status: [dummy], reason=ContainersNotReady, status=False, type=ContainersReady, additionalProperties={}), PodCondition(lastProbeTime=null, lastTransitionTime=2021-02-25T07:17:08Z, message=null, reason=null, status=True, type=PodScheduled, additionalProperties={})], containerStatuses=[ContainerStatus(containerID=null, image=docker.io/entando/busybox:latest, imageID=, lastState=ContainerState(running=null, terminated=null, waiting=null, additionalProperties={}), name=dummy, ready=false, restartCount=0, started=null, state=ContainerState(running=null, terminated=null, waiting=ContainerStateWaiting(message=null, reason=PodInitializing, additionalProperties={}), additionalProperties={}), additionalProperties={})], ephemeralContainerStatuses=[], hostIP=54.36.53.206, initContainerStatuses=[ContainerStatus(containerID=docker://11a3610def69ee2db5fce31f5f45fd5c066a6b935ac43c681c185bd66258b513, image=docker.io/entando/entando-k8s-dbjob:6.3.1, imageID=docker-pullable://docker.io/entando/entando-k8s-dbjob@sha256:a953072b663edeb3081c6f1a720079bdad2bdcc65e8ecca215363b3b2cd0e2f3, lastState=ContainerState(running=null, terminated=null, waiting=null, additionalProperties={}), name=test-entando-acpr27-portdb-schema-creation-job, ready=false, restartCount=0, started=null, state=ContainerState(running=ContainerStateRunning(startedAt=2021-02-25T07:17:14Z, additionalProperties={}), terminated=null, waiting=null, additionalProperties={}), additionalProperties={}), ContainerStatus(containerID=null, image=docker.io/entando/entando-k8s-dbjob:6.3.1, imageID=, lastState=ContainerState(running=null, terminated=null, waiting=null, additionalProperties={}), name=test-entando-acpr27-servdb-schema-creation-job, ready=false, restartCount=0, started=null, state=ContainerState(running=null, terminated=null, waiting=ContainerStateWaiting(message=null, reason=PodInitializing, additionalProperties={}), additionalProperties={}), additionalProperties={}), ContainerStatus(containerID=null, image=docker.io/entando/entando-de-app-wildfly:6.3.44, imageID=, lastState=ContainerState(running=null, terminated=null, waiting=null, additionalProperties={}), name=test-entando-acpr27-server-db-population-job, ready=false, restartCount=0, started=null, state=ContainerState(running=null, terminated=null, waiting=ContainerStateWaiting(message=null, reason=PodInitializing, additionalProperties={}), additionalProperties={}), additionalProperties={})], message=null, nominatedNodeName=null, phase=Pending, podIP=10.128.1.136, podIPs=[], qosClass=BestEffort, reason=null, startTime=2021-02-25T07:17:09Z, additionalProperties={})
MODIFIED:PodStatus(conditions=[PodCondition(lastProbeTime=null, lastTransitionTime=2021-02-25T07:17:09Z, message=containers with incomplete status: [test-entando-acpr27-servdb-schema-creation-job test-entando-acpr27-server-db-population-job], reason=ContainersNotInitialized, status=False, type=Initialized, additionalProperties={}), PodCondition(lastProbeTime=null, lastTransitionTime=2021-02-25T07:17:09Z, message=containers with unready status: [dummy], reason=ContainersNotReady, status=False, type=Ready, additionalProperties={}), PodCondition(lastProbeTime=null, lastTransitionTime=null, message=containers with unready status: [dummy], reason=ContainersNotReady, status=False, type=ContainersReady, additionalProperties={}), PodCondition(lastProbeTime=null, lastTransitionTime=2021-02-25T07:17:08Z, message=null, reason=null, status=True, type=PodScheduled, additionalProperties={})], containerStatuses=[ContainerStatus(containerID=null, image=docker.io/entando/busybox:latest, imageID=, lastState=ContainerState(running=null, terminated=null, waiting=null, additionalProperties={}), name=dummy, ready=false, restartCount=0, started=null, state=ContainerState(running=null, terminated=null, waiting=ContainerStateWaiting(message=null, reason=PodInitializing, additionalProperties={}), additionalProperties={}), additionalProperties={})], ephemeralContainerStatuses=[], hostIP=54.36.53.206, initContainerStatuses=[ContainerStatus(containerID=docker://11a3610def69ee2db5fce31f5f45fd5c066a6b935ac43c681c185bd66258b513, image=docker.io/entando/entando-k8s-dbjob:6.3.1, imageID=docker-pullable://docker.io/entando/entando-k8s-dbjob@sha256:a953072b663edeb3081c6f1a720079bdad2bdcc65e8ecca215363b3b2cd0e2f3, lastState=ContainerState(running=null, terminated=null, waiting=null, additionalProperties={}), name=test-entando-acpr27-portdb-schema-creation-job, ready=****, restartCount=0, started=null, state=ContainerState(running=null, terminated=ContainerStateTerminated(containerID=docker://11a3610def69ee2db5fce31f5f45fd5c066a6b935ac43c681c185bd66258b513, exitCode=0, finishedAt=2021-02-25T07:17:16Z, message=null, reason=Completed, signal=null, startedAt=2021-02-25T07:17:14Z, additionalProperties={}), waiting=null, additionalProperties={}), additionalProperties={}), ContainerStatus(containerID=null, image=docker.io/entando/entando-k8s-dbjob:6.3.1, imageID=, lastState=ContainerState(running=null, terminated=null, waiting=null, additionalProperties={}), name=test-entando-acpr27-servdb-schema-creation-job, ready=false, restartCount=0, started=null, state=ContainerState(running=null, terminated=null, waiting=ContainerStateWaiting(message=null, reason=PodInitializing, additionalProperties={}), additionalProperties={}), additionalProperties={}), ContainerStatus(containerID=null, image=docker.io/entando/entando-de-app-wildfly:6.3.44, imageID=, lastState=ContainerState(running=null, terminated=null, waiting=null, additionalProperties={}), name=test-entando-acpr27-server-db-population-job, ready=false, restartCount=0, started=null, state=ContainerState(running=null, terminated=null, waiting=ContainerStateWaiting(message=null, reason=PodInitializing, additionalProperties={}), additionalProperties={}), additionalProperties={})], message=null, nominatedNodeName=null, phase=Pending, podIP=10.128.1.136, podIPs=[], qosClass=BestEffort, reason=null, startTime=2021-02-25T07:17:09Z, additionalProperties={})
MODIFIED:PodStatus(conditions=[PodCondition(lastProbeTime=null, lastTransitionTime=2021-02-25T07:17:09Z, message=containers with incomplete status: [test-entando-acpr27-servdb-schema-creation-job test-entando-acpr27-server-db-population-job], reason=ContainersNotInitialized, status=False, type=Initialized, additionalProperties={}), PodCondition(lastProbeTime=null, lastTransitionTime=2021-02-25T07:17:09Z, message=containers with unready status: [dummy], reason=ContainersNotReady, status=False, type=Ready, additionalProperties={}), PodCondition(lastProbeTime=null, lastTransitionTime=null, message=containers with unready status: [dummy], reason=ContainersNotReady, status=False, type=ContainersReady, additionalProperties={}), PodCondition(lastProbeTime=null, lastTransitionTime=2021-02-25T07:17:08Z, message=null, reason=null, status=True, type=PodScheduled, additionalProperties={})], containerStatuses=[ContainerStatus(containerID=null, image=docker.io/entando/busybox:latest, imageID=, lastState=ContainerState(running=null, terminated=null, waiting=null, additionalProperties={}), name=dummy, ready=false, restartCount=0, started=null, state=ContainerState(running=null, terminated=null, waiting=ContainerStateWaiting(message=null, reason=PodInitializing, additionalProperties={}), additionalProperties={}), additionalProperties={})], ephemeralContainerStatuses=[], hostIP=54.36.53.206, initContainerStatuses=[ContainerStatus(containerID=docker://11a3610def69ee2db5fce31f5f45fd5c066a6b935ac43c681c185bd66258b513, image=docker.io/entando/entando-k8s-dbjob:6.3.1, imageID=docker-pullable://docker.io/entando/entando-k8s-dbjob@sha256:a953072b663edeb3081c6f1a720079bdad2bdcc65e8ecca215363b3b2cd0e2f3, lastState=ContainerState(running=null, terminated=null, waiting=null, additionalProperties={}), name=test-entando-acpr27-portdb-schema-creation-job, ready=****, restartCount=0, started=null, state=ContainerState(running=null, terminated=ContainerStateTerminated(containerID=docker://11a3610def69ee2db5fce31f5f45fd5c066a6b935ac43c681c185bd66258b513, exitCode=0, finishedAt=2021-02-25T07:17:16Z, message=null, reason=Completed, signal=null, startedAt=2021-02-25T07:17:14Z, additionalProperties={}), waiting=null, additionalProperties={}), additionalProperties={}), ContainerStatus(containerID=docker://5f9fb3e7056ba83432f09d0cc986833aa189049fbe820652d8b8008cf3d27b27, image=docker.io/entando/entando-k8s-dbjob:6.3.1, imageID=docker-pullable://docker.io/entando/entando-k8s-dbjob@sha256:a953072b663edeb3081c6f1a720079bdad2bdcc65e8ecca215363b3b2cd0e2f3, lastState=ContainerState(running=null, terminated=null, waiting=null, additionalProperties={}), name=test-entando-acpr27-servdb-schema-creation-job, ready=false, restartCount=0, started=null, state=ContainerState(running=ContainerStateRunning(startedAt=2021-02-25T07:17:19Z, additionalProperties={}), terminated=null, waiting=null, additionalProperties={}), additionalProperties={}), ContainerStatus(containerID=null, image=docker.io/entando/entando-de-app-wildfly:6.3.44, imageID=, lastState=ContainerState(running=null, terminated=null, waiting=null, additionalProperties={}), name=test-entando-acpr27-server-db-population-job, ready=false, restartCount=0, started=null, state=ContainerState(running=null, terminated=null, waiting=ContainerStateWaiting(message=null, reason=PodInitializing, additionalProperties={}), additionalProperties={}), additionalProperties={})], message=null, nominatedNodeName=null, phase=Pending, podIP=10.128.1.136, podIPs=[], qosClass=BestEffort, reason=null, startTime=2021-02-25T07:17:09Z, additionalProperties={})
MODIFIED:PodStatus(conditions=[PodCondition(lastProbeTime=null, lastTransitionTime=2021-02-25T07:17:09Z, message=containers with incomplete status: [test-entando-acpr27-server-db-population-job], reason=ContainersNotInitialized, status=False, type=Initialized, additionalProperties={}), PodCondition(lastProbeTime=null, lastTransitionTime=2021-02-25T07:17:09Z, message=containers with unready status: [dummy], reason=ContainersNotReady, status=False, type=Ready, additionalProperties={}), PodCondition(lastProbeTime=null, lastTransitionTime=null, message=containers with unready status: [dummy], reason=ContainersNotReady, status=False, type=ContainersReady, additionalProperties={}), PodCondition(lastProbeTime=null, lastTransitionTime=2021-02-25T07:17:08Z, message=null, reason=null, status=True, type=PodScheduled, additionalProperties={})], containerStatuses=[ContainerStatus(containerID=null, image=docker.io/entando/busybox:latest, imageID=, lastState=ContainerState(running=null, terminated=null, waiting=null, additionalProperties={}), name=dummy, ready=false, restartCount=0, started=null, state=ContainerState(running=null, terminated=null, waiting=ContainerStateWaiting(message=null, reason=PodInitializing, additionalProperties={}), additionalProperties={}), additionalProperties={})], ephemeralContainerStatuses=[], hostIP=54.36.53.206, initContainerStatuses=[ContainerStatus(containerID=docker://11a3610def69ee2db5fce31f5f45fd5c066a6b935ac43c681c185bd66258b513, image=docker.io/entando/entando-k8s-dbjob:6.3.1, imageID=docker-pullable://docker.io/entando/entando-k8s-dbjob@sha256:a953072b663edeb3081c6f1a720079bdad2bdcc65e8ecca215363b3b2cd0e2f3, lastState=ContainerState(running=null, terminated=null, waiting=null, additionalProperties={}), name=test-entando-acpr27-portdb-schema-creation-job, ready=****, restartCount=0, started=null, state=ContainerState(running=null, terminated=ContainerStateTerminated(containerID=docker://11a3610def69ee2db5fce31f5f45fd5c066a6b935ac43c681c185bd66258b513, exitCode=0, finishedAt=2021-02-25T07:17:16Z, message=null, reason=Completed, signal=null, startedAt=2021-02-25T07:17:14Z, additionalProperties={}), waiting=null, additionalProperties={}), additionalProperties={}), ContainerStatus(containerID=docker://5f9fb3e7056ba83432f09d0cc986833aa189049fbe820652d8b8008cf3d27b27, image=docker.io/entando/entando-k8s-dbjob:6.3.1, imageID=docker-pullable://docker.io/entando/entando-k8s-dbjob@sha256:a953072b663edeb3081c6f1a720079bdad2bdcc65e8ecca215363b3b2cd0e2f3, lastState=ContainerState(running=null, terminated=null, waiting=null, additionalProperties={}), name=test-entando-acpr27-servdb-schema-creation-job, ready=****, restartCount=0, started=null, state=ContainerState(running=null, terminated=ContainerStateTerminated(containerID=docker://5f9fb3e7056ba83432f09d0cc986833aa189049fbe820652d8b8008cf3d27b27, exitCode=0, finishedAt=2021-02-25T07:17:21Z, message=null, reason=Completed, signal=null, startedAt=2021-02-25T07:17:19Z, additionalProperties={}), waiting=null, additionalProperties={}), additionalProperties={}), ContainerStatus(containerID=null, image=docker.io/entando/entando-de-app-wildfly:6.3.44, imageID=, lastState=ContainerState(running=null, terminated=null, waiting=null, additionalProperties={}), name=test-entando-acpr27-server-db-population-job, ready=false, restartCount=0, started=null, state=ContainerState(running=null, terminated=null, waiting=ContainerStateWaiting(message=null, reason=PodInitializing, additionalProperties={}), additionalProperties={}), additionalProperties={})], message=null, nominatedNodeName=null, phase=Pending, podIP=10.128.1.136, podIPs=[], qosClass=BestEffort, reason=null, startTime=2021-02-25T07:17:09Z, additionalProperties={})
MODIFIED:PodStatus(conditions=[PodCondition(lastProbeTime=null, lastTransitionTime=2021-02-25T07:17:09Z, message=containers with incomplete status: [test-entando-acpr27-server-db-population-job], reason=ContainersNotInitialized, status=False, type=Initialized, additionalProperties={}), PodCondition(lastProbeTime=null, lastTransitionTime=2021-02-25T07:17:09Z, message=containers with unready status: [dummy], reason=ContainersNotReady, status=False, type=Ready, additionalProperties={}), PodCondition(lastProbeTime=null, lastTransitionTime=null, message=containers with unready status: [dummy], reason=ContainersNotReady, status=False, type=ContainersReady, additionalProperties={}), PodCondition(lastProbeTime=null, lastTransitionTime=2021-02-25T07:17:08Z, message=null, reason=null, status=True, type=PodScheduled, additionalProperties={})], containerStatuses=[ContainerStatus(containerID=null, image=docker.io/entando/busybox:latest, imageID=, lastState=ContainerState(running=null, terminated=null, waiting=null, additionalProperties={}), name=dummy, ready=false, restartCount=0, started=null, state=ContainerState(running=null, terminated=null, waiting=ContainerStateWaiting(message=null, reason=PodInitializing, additionalProperties={}), additionalProperties={}), additionalProperties={})], ephemeralContainerStatuses=[], hostIP=54.36.53.206, initContainerStatuses=[ContainerStatus(containerID=docker://11a3610def69ee2db5fce31f5f45fd5c066a6b935ac43c681c185bd66258b513, image=docker.io/entando/entando-k8s-dbjob:6.3.1, imageID=docker-pullable://docker.io/entando/entando-k8s-dbjob@sha256:a953072b663edeb3081c6f1a720079bdad2bdcc65e8ecca215363b3b2cd0e2f3, lastState=ContainerState(running=null, terminated=null, waiting=null, additionalProperties={}), name=test-entando-acpr27-portdb-schema-creation-job, ready=****, restartCount=0, started=null, state=ContainerState(running=null, terminated=ContainerStateTerminated(containerID=docker://11a3610def69ee2db5fce31f5f45fd5c066a6b935ac43c681c185bd66258b513, exitCode=0, finishedAt=2021-02-25T07:17:16Z, message=null, reason=Completed, signal=null, startedAt=2021-02-25T07:17:14Z, additionalProperties={}), waiting=null, additionalProperties={}), additionalProperties={}), ContainerStatus(containerID=docker://5f9fb3e7056ba83432f09d0cc986833aa189049fbe820652d8b8008cf3d27b27, image=docker.io/entando/entando-k8s-dbjob:6.3.1, imageID=docker-pullable://docker.io/entando/entando-k8s-dbjob@sha256:a953072b663edeb3081c6f1a720079bdad2bdcc65e8ecca215363b3b2cd0e2f3, lastState=ContainerState(running=null, terminated=null, waiting=null, additionalProperties={}), name=test-entando-acpr27-servdb-schema-creation-job, ready=****, restartCount=0, started=null, state=ContainerState(running=null, terminated=ContainerStateTerminated(containerID=docker://5f9fb3e7056ba83432f09d0cc986833aa189049fbe820652d8b8008cf3d27b27, exitCode=0, finishedAt=2021-02-25T07:17:21Z, message=null, reason=Completed, signal=null, startedAt=2021-02-25T07:17:19Z, additionalProperties={}), waiting=null, additionalProperties={}), additionalProperties={}), ContainerStatus(containerID=docker://eed0d373a4cbe14afd7c1e3be6bb654d38873e25d1e73e1aa35efa0dba3a0871, image=docker.io/entando/entando-de-app-wildfly:6.3.44, imageID=docker-pullable://entando/entando-de-app-wildfly@sha256:cf1574438e6c26db779e236e5eac6afc328d2afa0c586b3787fb6a3b4b8cf22e, lastState=ContainerState(running=null, terminated=null, waiting=null, additionalProperties={}), name=test-entando-acpr27-server-db-population-job, ready=false, restartCount=0, started=null, state=ContainerState(running=ContainerStateRunning(startedAt=2021-02-25T07:17:26Z, additionalProperties={}), terminated=null, waiting=null, additionalProperties={}), additionalProperties={})], message=null, nominatedNodeName=null, phase=Pending, podIP=10.128.1.136, podIPs=[], qosClass=BestEffort, reason=null, startTime=2021-02-25T07:17:09Z, additionalProperties={})
MODIFIED:PodStatus(conditions=[PodCondition(lastProbeTime=null, lastTransitionTime=2021-02-25T07:18:27Z, message=null, reason=null, status=True, type=Initialized, additionalProperties={}), PodCondition(lastProbeTime=null, lastTransitionTime=2021-02-25T07:17:09Z, message=containers with unready status: [dummy], reason=ContainersNotReady, status=False, type=Ready, additionalProperties={}), PodCondition(lastProbeTime=null, lastTransitionTime=null, message=containers with unready status: [dummy], reason=ContainersNotReady, status=False, type=ContainersReady, additionalProperties={}), PodCondition(lastProbeTime=null, lastTransitionTime=2021-02-25T07:17:08Z, message=null, reason=null, status=True, type=PodScheduled, additionalProperties={})], containerStatuses=[ContainerStatus(containerID=null, image=docker.io/entando/busybox:latest, imageID=, lastState=ContainerState(running=null, terminated=null, waiting=null, additionalProperties={}), name=dummy, ready=false, restartCount=0, started=null, state=ContainerState(running=null, terminated=null, waiting=ContainerStateWaiting(message=null, reason=PodInitializing, additionalProperties={}), additionalProperties={}), additionalProperties={})], ephemeralContainerStatuses=[], hostIP=54.36.53.206, initContainerStatuses=[ContainerStatus(containerID=docker://11a3610def69ee2db5fce31f5f45fd5c066a6b935ac43c681c185bd66258b513, image=docker.io/entando/entando-k8s-dbjob:6.3.1, imageID=docker-pullable://docker.io/entando/entando-k8s-dbjob@sha256:a953072b663edeb3081c6f1a720079bdad2bdcc65e8ecca215363b3b2cd0e2f3, lastState=ContainerState(running=null, terminated=null, waiting=null, additionalProperties={}), name=test-entando-acpr27-portdb-schema-creation-job, ready=****, restartCount=0, started=null, state=ContainerState(running=null, terminated=ContainerStateTerminated(containerID=docker://11a3610def69ee2db5fce31f5f45fd5c066a6b935ac43c681c185bd66258b513, exitCode=0, finishedAt=2021-02-25T07:17:16Z, message=null, reason=Completed, signal=null, startedAt=2021-02-25T07:17:14Z, additionalProperties={}), waiting=null, additionalProperties={}), additionalProperties={}), ContainerStatus(containerID=docker://5f9fb3e7056ba83432f09d0cc986833aa189049fbe820652d8b8008cf3d27b27, image=docker.io/entando/entando-k8s-dbjob:6.3.1, imageID=docker-pullable://docker.io/entando/entando-k8s-dbjob@sha256:a953072b663edeb3081c6f1a720079bdad2bdcc65e8ecca215363b3b2cd0e2f3, lastState=ContainerState(running=null, terminated=null, waiting=null, additionalProperties={}), name=test-entando-acpr27-servdb-schema-creation-job, ready=****, restartCount=0, started=null, state=ContainerState(running=null, terminated=ContainerStateTerminated(containerID=docker://5f9fb3e7056ba83432f09d0cc986833aa189049fbe820652d8b8008cf3d27b27, exitCode=0, finishedAt=2021-02-25T07:17:21Z, message=null, reason=Completed, signal=null, startedAt=2021-02-25T07:17:19Z, additionalProperties={}), waiting=null, additionalProperties={}), additionalProperties={}), ContainerStatus(containerID=docker://eed0d373a4cbe14afd7c1e3be6bb654d38873e25d1e73e1aa35efa0dba3a0871, image=docker.io/entando/entando-de-app-wildfly:6.3.44, imageID=docker-pullable://entando/entando-de-app-wildfly@sha256:cf1574438e6c26db779e236e5eac6afc328d2afa0c586b3787fb6a3b4b8cf22e, lastState=ContainerState(running=null, terminated=null, waiting=null, additionalProperties={}), name=test-entando-acpr27-server-db-population-job, ready=****, restartCount=0, started=null, state=ContainerState(running=null, terminated=ContainerStateTerminated(containerID=docker://eed0d373a4cbe14afd7c1e3be6bb654d38873e25d1e73e1aa35efa0dba3a0871, exitCode=0, finishedAt=2021-02-25T07:18:26Z, message=null, reason=Completed, signal=null, startedAt=2021-02-25T07:17:26Z, additionalProperties={}), waiting=null, additionalProperties={}), additionalProperties={})], message=null, nominatedNodeName=null, phase=Pending, podIP=10.128.1.136, podIPs=[], qosClass=BestEffort, reason=null, startTime=2021-02-25T07:17:09Z, additionalProperties={})
MODIFIED:PodStatus(conditions=[PodCondition(lastProbeTime=null, lastTransitionTime=2021-02-25T07:18:27Z, message=null, reason=PodCompleted, status=True, type=Initialized, additionalProperties={}), PodCondition(lastProbeTime=null, lastTransitionTime=2021-02-25T07:17:09Z, message=null, reason=PodCompleted, status=False, type=Ready, additionalProperties={}), PodCondition(lastProbeTime=null, lastTransitionTime=null, message=null, reason=PodCompleted, status=False, type=ContainersReady, additionalProperties={}), PodCondition(lastProbeTime=null, lastTransitionTime=2021-02-25T07:17:08Z, message=null, reason=null, status=True, type=PodScheduled, additionalProperties={})], containerStatuses=[ContainerStatus(containerID=docker://8856a38bc7ab48373747dbc30f95d126b7d06a99b456fe49ac4212059a84a447, image=docker.io/entando/busybox:latest, imageID=docker-pullable://docker.io/entando/busybox@sha256:400ee2ed939df769d4681023810d2e4fb9479b8401d97003c710d0e20f7c49c6, lastState=ContainerState(running=null, terminated=null, waiting=null, additionalProperties={}), name=dummy, ready=false, restartCount=0, started=null, state=ContainerState(running=null, terminated=ContainerStateTerminated(containerID=docker://8856a38bc7ab48373747dbc30f95d126b7d06a99b456fe49ac4212059a84a447, exitCode=0, finishedAt=2021-02-25T07:18:29Z, message=null, reason=Completed, signal=null, startedAt=2021-02-25T07:18:29Z, additionalProperties={}), waiting=null, additionalProperties={}), additionalProperties={})], ephemeralContainerStatuses=[], hostIP=54.36.53.206, initContainerStatuses=[ContainerStatus(containerID=docker://11a3610def69ee2db5fce31f5f45fd5c066a6b935ac43c681c185bd66258b513, image=docker.io/entando/entando-k8s-dbjob:6.3.1, imageID=docker-pullable://docker.io/entando/entando-k8s-dbjob@sha256:a953072b663edeb3081c6f1a720079bdad2bdcc65e8ecca215363b3b2cd0e2f3, lastState=ContainerState(running=null, terminated=null, waiting=null, additionalProperties={}), name=test-entando-acpr27-portdb-schema-creation-job, ready=****, restartCount=0, started=null, state=ContainerState(running=null, terminated=ContainerStateTerminated(containerID=docker://11a3610def69ee2db5fce31f5f45fd5c066a6b935ac43c681c185bd66258b513, exitCode=0, finishedAt=2021-02-25T07:17:16Z, message=null, reason=Completed, signal=null, startedAt=2021-02-25T07:17:14Z, additionalProperties={}), waiting=null, additionalProperties={}), additionalProperties={}), ContainerStatus(containerID=docker://5f9fb3e7056ba83432f09d0cc986833aa189049fbe820652d8b8008cf3d27b27, image=docker.io/entando/entando-k8s-dbjob:6.3.1, imageID=docker-pullable://docker.io/entando/entando-k8s-dbjob@sha256:a953072b663edeb3081c6f1a720079bdad2bdcc65e8ecca215363b3b2cd0e2f3, lastState=ContainerState(running=null, terminated=null, waiting=null, additionalProperties={}), name=test-entando-acpr27-servdb-schema-creation-job, ready=****, restartCount=0, started=null, state=ContainerState(running=null, terminated=ContainerStateTerminated(containerID=docker://5f9fb3e7056ba83432f09d0cc986833aa189049fbe820652d8b8008cf3d27b27, exitCode=0, finishedAt=2021-02-25T07:17:21Z, message=null, reason=Completed, signal=null, startedAt=2021-02-25T07:17:19Z, additionalProperties={}), waiting=null, additionalProperties={}), additionalProperties={}), ContainerStatus(containerID=docker://eed0d373a4cbe14afd7c1e3be6bb654d38873e25d1e73e1aa35efa0dba3a0871, image=docker.io/entando/entando-de-app-wildfly:6.3.44, imageID=docker-pullable://entando/entando-de-app-wildfly@sha256:cf1574438e6c26db779e236e5eac6afc328d2afa0c586b3787fb6a3b4b8cf22e, lastState=ContainerState(running=null, terminated=null, waiting=null, additionalProperties={}), name=test-entando-acpr27-server-db-population-job, ready=****, restartCount=0, started=null, state=ContainerState(running=null, terminated=ContainerStateTerminated(containerID=docker://eed0d373a4cbe14afd7c1e3be6bb654d38873e25d1e73e1aa35efa0dba3a0871, exitCode=0, finishedAt=2021-02-25T07:18:26Z, message=null, reason=Completed, signal=null, startedAt=2021-02-25T07:17:26Z, additionalProperties={}), waiting=null, additionalProperties={}), additionalProp
erties={})], message=null, nominatedNodeName=null, phase=Succeeded, podIP=10.128.1.136, podIPs=[], qosClass=BestEffort, reason=null, startTime=2021-02-25T07:17:09Z, additionalProperties={})
Finished: test-entando-acpr27-dbprep-06c7
ADDED:PodStatus(conditions=[PodCondition(lastProbeTime=null, lastTransitionTime=2021-02-25T07:18:33Z, message=null, reason=null, status=True, type=PodScheduled, additionalProperties={})], containerStatuses=[], ephemeralContainerStatuses=[], hostIP=null, initContainerStatuses=[], message=null, nominatedNodeName=null, phase=Pending, podIP=null, podIPs=[], qosClass=Burstable, reason=null, startTime=null, additionalProperties={})
MODIFIED:PodStatus(conditions=[PodCondition(lastProbeTime=null, lastTransitionTime=2021-02-25T07:18:33Z, message=null, reason=null, status=True, type=Initialized, additionalProperties={}), PodCondition(lastProbeTime=null, lastTransitionTime=2021-02-25T07:18:33Z, message=containers with unready status: [server-container], reason=ContainersNotReady, status=False, type=Ready, additionalProperties={}), PodCondition(lastProbeTime=null, lastTransitionTime=null, message=containers with unready status: [server-container], reason=ContainersNotReady, status=False, type=ContainersReady, additionalProperties={}), PodCondition(lastProbeTime=null, lastTransitionTime=2021-02-25T07:18:33Z, message=null, reason=null, status=True, type=PodScheduled, additionalProperties={})], containerStatuses=[ContainerStatus(containerID=null, image=docker.io/entando/entando-de-app-wildfly:6.3.44, imageID=, lastState=ContainerState(running=null, terminated=null, waiting=null, additionalProperties={}), name=server-container, ready=false, restartCount=0, started=null, state=ContainerState(running=null, terminated=null, waiting=ContainerStateWaiting(message=null, reason=ContainerCreating, additionalProperties={}), additionalProperties={}), additionalProperties={})], ephemeralContainerStatuses=[], hostIP=54.36.53.206, initContainerStatuses=[], message=null, nominatedNodeName=null, phase=Pending, podIP=null, podIPs=[], qosClass=Burstable, reason=null, startTime=2021-02-25T07:18:33Z, additionalProperties={})
MODIFIED:PodStatus(conditions=[PodCondition(lastProbeTime=null, lastTransitionTime=2021-02-25T07:18:33Z, message=null, reason=null, status=True, type=Initialized, additionalProperties={}), PodCondition(lastProbeTime=null, lastTransitionTime=2021-02-25T07:18:33Z, message=containers with unready status: [server-container], reason=ContainersNotReady, status=False, type=Ready, additionalProperties={}), PodCondition(lastProbeTime=null, lastTransitionTime=null, message=containers with unready status: [server-container], reason=ContainersNotReady, status=False, type=ContainersReady, additionalProperties={}), PodCondition(lastProbeTime=null, lastTransitionTime=2021-02-25T07:18:33Z, message=null, reason=null, status=True, type=PodScheduled, additionalProperties={})], containerStatuses=[ContainerStatus(containerID=docker://293364a16c1ba35a66c2ca0005975c02f4089143f5292072b9f7cd6059d38e1f, image=docker.io/entando/entando-de-app-wildfly:6.3.44, imageID=docker-pullable://entando/entando-de-app-wildfly@sha256:cf1574438e6c26db779e236e5eac6afc328d2afa0c586b3787fb6a3b4b8cf22e, lastState=ContainerState(running=null, terminated=null, waiting=null, additionalProperties={}), name=server-container, ready=false, restartCount=0, started=null, state=ContainerState(running=ContainerStateRunning(startedAt=2021-02-25T07:18:37Z, additionalProperties={}), terminated=null, waiting=null, additionalProperties={}), additionalProperties={})], ephemeralContainerStatuses=[], hostIP=54.36.53.206, initContainerStatuses=[], message=null, nominatedNodeName=null, phase=Running, podIP=10.128.1.137, podIPs=[], qosClass=Burstable, reason=null, startTime=2021-02-25T07:18:33Z, additionalProperties={})
MODIFIED:PodStatus(conditions=[PodCondition(lastProbeTime=null, lastTransitionTime=2021-02-25T07:18:33Z, message=null, reason=null, status=True, type=Initialized, additionalProperties={}), PodCondition(lastProbeTime=null, lastTransitionTime=2021-02-25T07:18:33Z, message=containers with unready status: [server-container], reason=ContainersNotReady, status=False, type=Ready, additionalProperties={}), PodCondition(lastProbeTime=null, lastTransitionTime=null, message=containers with unready status: [server-container], reason=ContainersNotReady, status=False, type=ContainersReady, additionalProperties={}), PodCondition(lastProbeTime=null, lastTransitionTime=2021-02-25T07:18:33Z, message=null, reason=null, status=True, type=PodScheduled, additionalProperties={})], containerStatuses=[ContainerStatus(containerID=docker://c3ff5ca7c723ff69f16be15175ca0301359b863418cedb5d0cff5ff0f355995c, image=docker.io/entando/entando-de-app-wildfly:6.3.44, imageID=docker-pullable://entando/entando-de-app-wildfly@sha256:cf1574438e6c26db779e236e5eac6afc328d2afa0c586b3787fb6a3b4b8cf22e, lastState=ContainerState(running=null, terminated=ContainerStateTerminated(containerID=docker://293364a16c1ba35a66c2ca0005975c02f4089143f5292072b9f7cd6059d38e1f, exitCode=127, finishedAt=2021-02-25T07:21:16Z, message=null, reason=Error, signal=null, startedAt=2021-02-25T07:18:37Z, additionalProperties={}), waiting=null, additionalProperties={}), name=server-container, ready=false, restartCount=1, started=null, state=ContainerState(running=ContainerStateRunning(startedAt=2021-02-25T07:21:17Z, additionalProperties={}), terminated=null, waiting=null, additionalProperties={}), additionalProperties={})], ephemeralContainerStatuses=[], hostIP=54.36.53.206, initContainerStatuses=[], message=null, nominatedNodeName=null, phase=Running, podIP=10.128.1.137, podIPs=[], qosClass=Burstable, reason=null, startTime=2021-02-25T07:18:33Z, additionalProperties={})
Finished: test-entando-acpr27-server-deployment-5c5c846756-lbxvx
[ERROR] Tests run: 1, Failures: 0, Errors: 1, Skipped: 0, Time elapsed: 305.043 s <<< FAILURE! - in org.entando.kubernetes.controller.app.interprocesstests.AddEntandoAppWithExternalPostgresqlDatabaseIT
[ERROR] org.entando.kubernetes.controller.app.interprocesstests.AddEntandoAppWithExternalPostgresqlDatabaseIT.create  Time elapsed: 302.605 s  <<< ERROR!
java.lang.IllegalStateException: TimedOut during RUNNING
	at org.entando.kubernetes.controller.app.interprocesstests.AddEntandoAppWithExternalPostgresqlDatabaseIT.create(AddEntandoAppWithExternalPostgresqlDatabaseIT.java:55)

[INFO] Running org.entando.kubernetes.controller.app.interprocesstests.AddEntandoAppWithContainerizedDatabaseIT
Feb 25, 2021 7:21:40 AM org.entando.kubernetes.client.integrationtesthelpers.DeletionWaiter lambda$deleteSingleItem$2
WARNING: Deleting deployments  entando-k8s-app-controller-acpr27/test-entando-acpr27-server-deployment to zero
Feb 25, 2021 7:21:40 AM org.entando.kubernetes.client.integrationtesthelpers.DeletionWaiter lambda$deleteSingleItem$2
WARNING: Deleting deployments  entando-k8s-app-controller-acpr27/test-entando-acpr27-server-deployment
Feb 25, 2021 7:21:40 AM org.entando.kubernetes.client.integrationtesthelpers.DeletionWaiter lambda$deleteSingleItem$2
WARNING: Deleting pods  entando-k8s-app-controller-acpr27/test-entando-acpr27-dbprep-06c7
Feb 25, 2021 7:21:40 AM org.entando.kubernetes.client.integrationtesthelpers.DeletionWaiter lambda$deleteSingleItem$2
WARNING: Deleting pods  entando-k8s-app-controller-acpr27/test-entando-acpr27-deployer-0221
Feb 25, 2021 7:21:41 AM org.entando.kubernetes.client.integrationtesthelpers.DeletionWaiter lambda$deleteSingleItem$2
WARNING: Deleting pods  entando-k8s-app-controller-acpr27/test-entando-acpr27-server-deployment-5c5c846756-lbxvx
Feb 25, 2021 7:21:41 AM org.entando.kubernetes.client.integrationtesthelpers.DeletionWaiter lambda$deleteSingleItem$2
WARNING: Deleting pods  entando-k8s-app-controller-acpr27/pg-test
Feb 25, 2021 7:21:42 AM org.entando.kubernetes.client.KubernetesRestInterceptor invoke
INFO: Entering method loadDockerImageInfoConfigMap in class org.entando.kubernetes.controller.support.client.EntandoResourceClient
Feb 25, 2021 7:21:42 AM org.entando.kubernetes.client.KubernetesRestInterceptor invoke
INFO: Exiting method loadDockerImageInfoConfigMap in class org.entando.kubernetes.controller.support.client.EntandoResourceClient
Feb 25, 2021 7:21:42 AM org.entando.kubernetes.client.integrationtesthelpers.DeletionWaiter lambda$deleteSingleItem$2
WARNING: Deleting configmaps  entando-k8s-app-controller-acpr27/eci-entando-k8s-app-controller-acpr27-eti-acpr27-connection-config
javax.ws.rs.NotFoundException: HTTP 404 Not Found
!!!!!!!On EntandoApp add!!!!!!!!!
Feb 25, 2021 7:21:45 AM org.entando.kubernetes.client.KubernetesRestInterceptor invoke
INFO: Entering method removeAndWait in class org.entando.kubernetes.controller.support.client.PodClient with entando-k8s-app-controller-acpr27,{EntandoResourceNamespace=entando-k8s-app-controller-acpr27, EntandoApp=test-entando-acpr27, EntandoResourceKind=EntandoApp}
Feb 25, 2021 7:21:45 AM org.entando.kubernetes.client.KubernetesRestInterceptor invoke
INFO: Exiting method removeAndWait in class org.entando.kubernetes.controller.support.client.PodClient
Feb 25, 2021 7:21:45 AM org.entando.kubernetes.client.KubernetesRestInterceptor invoke
INFO: Entering method overwriteControllerSecret in class org.entando.kubernetes.controller.support.client.SecretClient with Secret: null/test-entando-acpr27-controller-ca-cert-secret
Feb 25, 2021 7:21:45 AM org.entando.kubernetes.client.KubernetesRestInterceptor invoke
INFO: Exiting method overwriteControllerSecret in class org.entando.kubernetes.controller.support.client.SecretClient
Feb 25, 2021 7:21:45 AM org.entando.kubernetes.client.KubernetesRestInterceptor invoke
INFO: Entering method start in class org.entando.kubernetes.controller.support.client.PodClient with Pod: entando-k8s-app-controller-acpr27/test-entando-acpr27-deployer-7759
Feb 25, 2021 7:21:45 AM org.entando.kubernetes.client.KubernetesRestInterceptor invoke
INFO: Exiting method start in class org.entando.kubernetes.controller.support.client.PodClient
ADDED:PodStatus(conditions=[PodCondition(lastProbeTime=null, lastTransitionTime=2021-02-25T07:22:02Z, message=null, reason=null, status=True, type=PodScheduled, additionalProperties={})], containerStatuses=[], ephemeralContainerStatuses=[], hostIP=null, initContainerStatuses=[], message=null, nominatedNodeName=null, phase=Pending, podIP=null, podIPs=[], qosClass=Burstable, reason=null, startTime=null, additionalProperties={})
MODIFIED:PodStatus(conditions=[PodCondition(lastProbeTime=null, lastTransitionTime=2021-02-25T07:22:02Z, message=null, reason=null, status=True, type=Initialized, additionalProperties={}), PodCondition(lastProbeTime=null, lastTransitionTime=2021-02-25T07:22:02Z, message=containers with unready status: [db-container], reason=ContainersNotReady, status=False, type=Ready, additionalProperties={}), PodCondition(lastProbeTime=null, lastTransitionTime=null, message=containers with unready status: [db-container], reason=ContainersNotReady, status=False, type=ContainersReady, additionalProperties={}), PodCondition(lastProbeTime=null, lastTransitionTime=2021-02-25T07:22:02Z, message=null, reason=null, status=True, type=PodScheduled, additionalProperties={})], containerStatuses=[ContainerStatus(containerID=null, image=docker.io/centos/********ql-12-centos7:latest, imageID=, lastState=ContainerState(running=null, terminated=null, waiting=null, additionalProperties={}), name=db-container, ready=false, restartCount=0, started=null, state=ContainerState(running=null, terminated=null, waiting=ContainerStateWaiting(message=null, reason=ContainerCreating, additionalProperties={}), additionalProperties={}), additionalProperties={})], ephemeralContainerStatuses=[], hostIP=54.36.53.206, initContainerStatuses=[], message=null, nominatedNodeName=null, phase=Pending, podIP=null, podIPs=[], qosClass=Burstable, reason=null, startTime=2021-02-25T07:22:02Z, additionalProperties={})
MODIFIED:PodStatus(conditions=[PodCondition(lastProbeTime=null, lastTransitionTime=2021-02-25T07:22:02Z, message=null, reason=null, status=True, type=Initialized, additionalProperties={}), PodCondition(lastProbeTime=null, lastTransitionTime=2021-02-25T07:22:02Z, message=containers with unready status: [db-container], reason=ContainersNotReady, status=False, type=Ready, additionalProperties={}), PodCondition(lastProbeTime=null, lastTransitionTime=null, message=containers with unready status: [db-container], reason=ContainersNotReady, status=False, type=ContainersReady, additionalProperties={}), PodCondition(lastProbeTime=null, lastTransitionTime=2021-02-25T07:22:02Z, message=null, reason=null, status=True, type=PodScheduled, additionalProperties={})], containerStatuses=[ContainerStatus(containerID=docker://a8150dc8acaa732a9f4c563de4e40e69a5150249089fc20c17d5d3f909b8d06a, image=docker.io/centos/********ql-12-centos7:latest, imageID=docker-pullable://docker.io/centos/********ql-12-centos7@sha256:78fa6ab50646e5617e3029935dc803ec9e5e03162497e05c5946cfe1f3c66ed4, lastState=ContainerState(running=null, terminated=null, waiting=null, additionalProperties={}), name=db-container, ready=false, restartCount=0, started=null, state=ContainerState(running=ContainerStateRunning(startedAt=2021-02-25T07:22:06Z, additionalProperties={}), terminated=null, waiting=null, additionalProperties={}), additionalProperties={})], ephemeralContainerStatuses=[], hostIP=54.36.53.206, initContainerStatuses=[], message=null, nominatedNodeName=null, phase=Running, podIP=10.128.1.140, podIPs=[], qosClass=Burstable, reason=null, startTime=2021-02-25T07:22:02Z, additionalProperties={})
MODIFIED:PodStatus(conditions=[PodCondition(lastProbeTime=null, lastTransitionTime=2021-02-25T07:22:02Z, message=null, reason=null, status=True, type=Initialized, additionalProperties={}), PodCondition(lastProbeTime=null, lastTransitionTime=2021-02-25T07:22:36Z, message=null, reason=null, status=True, type=Ready, additionalProperties={}), PodCondition(lastProbeTime=null, lastTransitionTime=null, message=null, reason=null, status=True, type=ContainersReady, additionalProperties={}), PodCondition(lastProbeTime=null, lastTransitionTime=2021-02-25T07:22:02Z, message=null, reason=null, status=True, type=PodScheduled, additionalProperties={})], containerStatuses=[ContainerStatus(containerID=docker://a8150dc8acaa732a9f4c563de4e40e69a5150249089fc20c17d5d3f909b8d06a, image=docker.io/centos/********ql-12-centos7:latest, imageID=docker-pullable://docker.io/centos/********ql-12-centos7@sha256:78fa6ab50646e5617e3029935dc803ec9e5e03162497e05c5946cfe1f3c66ed4, lastState=ContainerState(running=null, terminated=null, waiting=null, additionalProperties={}), name=db-container, ready=****, restartCount=0, started=null, state=ContainerState(running=ContainerStateRunning(startedAt=2021-02-25T07:22:06Z, additionalProperties={}), terminated=null, waiting=null, additionalProperties={}), additionalProperties={})], ephemeralContainerStatuses=[], hostIP=54.36.53.206, initContainerStatuses=[], message=null, nominatedNodeName=null, phase=Running, podIP=10.128.1.140, podIPs=[], qosClass=Burstable, reason=null, startTime=2021-02-25T07:22:02Z, additionalProperties={})
Finished: test-entando-acpr27-db-deployment-7798d69b8c-hsdlx
ADDED:PodStatus(conditions=[PodCondition(lastProbeTime=null, lastTransitionTime=2021-02-25T07:22:37Z, message=null, reason=null, status=True, type=PodScheduled, additionalProperties={})], containerStatuses=[], ephemeralContainerStatuses=[], hostIP=null, initContainerStatuses=[], message=null, nominatedNodeName=null, phase=Pending, podIP=null, podIPs=[], qosClass=BestEffort, reason=null, startTime=null, additionalProperties={})
MODIFIED:PodStatus(conditions=[PodCondition(lastProbeTime=null, lastTransitionTime=2021-02-25T07:22:37Z, message=containers with incomplete status: [test-entando-acpr27-portdb-schema-creation-job test-entando-acpr27-servdb-schema-creation-job test-entando-acpr27-server-db-population-job], reason=ContainersNotInitialized, status=False, type=Initialized, additionalProperties={}), PodCondition(lastProbeTime=null, lastTransitionTime=2021-02-25T07:22:37Z, message=containers with unready status: [dummy], reason=ContainersNotReady, status=False, type=Ready, additionalProperties={}), PodCondition(lastProbeTime=null, lastTransitionTime=null, message=containers with unready status: [dummy], reason=ContainersNotReady, status=False, type=ContainersReady, additionalProperties={}), PodCondition(lastProbeTime=null, lastTransitionTime=2021-02-25T07:22:37Z, message=null, reason=null, status=True, type=PodScheduled, additionalProperties={})], containerStatuses=[ContainerStatus(containerID=null, image=docker.io/entando/busybox:latest, imageID=, lastState=ContainerState(running=null, terminated=null, waiting=null, additionalProperties={}), name=dummy, ready=false, restartCount=0, started=null, state=ContainerState(running=null, terminated=null, waiting=ContainerStateWaiting(message=null, reason=PodInitializing, additionalProperties={}), additionalProperties={}), additionalProperties={})], ephemeralContainerStatuses=[], hostIP=54.36.53.206, initContainerStatuses=[ContainerStatus(containerID=null, image=docker.io/entando/entando-k8s-dbjob:6.3.1, imageID=, lastState=ContainerState(running=null, terminated=null, waiting=null, additionalProperties={}), name=test-entando-acpr27-portdb-schema-creation-job, ready=false, restartCount=0, started=null, state=ContainerState(running=null, terminated=null, waiting=ContainerStateWaiting(message=null, reason=PodInitializing, additionalProperties={}), additionalProperties={}), additionalProperties={}), ContainerStatus(containerID=null, image=docker.io/entando/entando-k8s-dbjob:6.3.1, imageID=, lastState=ContainerState(running=null, terminated=null, waiting=null, additionalProperties={}), name=test-entando-acpr27-servdb-schema-creation-job, ready=false, restartCount=0, started=null, state=ContainerState(running=null, terminated=null, waiting=ContainerStateWaiting(message=null, reason=PodInitializing, additionalProperties={}), additionalProperties={}), additionalProperties={}), ContainerStatus(containerID=null, image=docker.io/entando/entando-de-app-wildfly:6.3.44, imageID=, lastState=ContainerState(running=null, terminated=null, waiting=null, additionalProperties={}), name=test-entando-acpr27-server-db-population-job, ready=false, restartCount=0, started=null, state=ContainerState(running=null, terminated=null, waiting=ContainerStateWaiting(message=null, reason=PodInitializing, additionalProperties={}), additionalProperties={}), additionalProperties={})], message=null, nominatedNodeName=null, phase=Pending, podIP=null, podIPs=[], qosClass=BestEffort, reason=null, startTime=2021-02-25T07:22:37Z, additionalProperties={})
MODIFIED:PodStatus(conditions=[PodCondition(lastProbeTime=null, lastTransitionTime=2021-02-25T07:22:37Z, message=containers with incomplete status: [test-entando-acpr27-portdb-schema-creation-job test-entando-acpr27-servdb-schema-creation-job test-entando-acpr27-server-db-population-job], reason=ContainersNotInitialized, status=False, type=Initialized, additionalProperties={}), PodCondition(lastProbeTime=null, lastTransitionTime=2021-02-25T07:22:37Z, message=containers with unready status: [dummy], reason=ContainersNotReady, status=False, type=Ready, additionalProperties={}), PodCondition(lastProbeTime=null, lastTransitionTime=null, message=containers with unready status: [dummy], reason=ContainersNotReady, status=False, type=ContainersReady, additionalProperties={}), PodCondition(lastProbeTime=null, lastTransitionTime=2021-02-25T07:22:37Z, message=null, reason=null, status=True, type=PodScheduled, additionalProperties={})], containerStatuses=[ContainerStatus(containerID=null, image=docker.io/entando/busybox:latest, imageID=, lastState=ContainerState(running=null, terminated=null, waiting=null, additionalProperties={}), name=dummy, ready=false, restartCount=0, started=null, state=ContainerState(running=null, terminated=null, waiting=ContainerStateWaiting(message=null, reason=PodInitializing, additionalProperties={}), additionalProperties={}), additionalProperties={})], ephemeralContainerStatuses=[], hostIP=54.36.53.206, initContainerStatuses=[ContainerStatus(containerID=docker://2b61c10f29b50c0880be017f5184751edc9c943e499b1f35859ac6f7b3e3e21f, image=docker.io/entando/entando-k8s-dbjob:6.3.1, imageID=docker-pullable://docker.io/entando/entando-k8s-dbjob@sha256:a953072b663edeb3081c6f1a720079bdad2bdcc65e8ecca215363b3b2cd0e2f3, lastState=ContainerState(running=null, terminated=null, waiting=null, additionalProperties={}), name=test-entando-acpr27-portdb-schema-creation-job, ready=false, restartCount=0, started=null, state=ContainerState(running=ContainerStateRunning(startedAt=2021-02-25T07:22:41Z, additionalProperties={}), terminated=null, waiting=null, additionalProperties={}), additionalProperties={}), ContainerStatus(containerID=null, image=docker.io/entando/entando-k8s-dbjob:6.3.1, imageID=, lastState=ContainerState(running=null, terminated=null, waiting=null, additionalProperties={}), name=test-entando-acpr27-servdb-schema-creation-job, ready=false, restartCount=0, started=null, state=ContainerState(running=null, terminated=null, waiting=ContainerStateWaiting(message=null, reason=PodInitializing, additionalProperties={}), additionalProperties={}), additionalProperties={}), ContainerStatus(containerID=null, image=docker.io/entando/entando-de-app-wildfly:6.3.44, imageID=, lastState=ContainerState(running=null, terminated=null, waiting=null, additionalProperties={}), name=test-entando-acpr27-server-db-population-job, ready=false, restartCount=0, started=null, state=ContainerState(running=null, terminated=null, waiting=ContainerStateWaiting(message=null, reason=PodInitializing, additionalProperties={}), additionalProperties={}), additionalProperties={})], message=null, nominatedNodeName=null, phase=Pending, podIP=10.128.1.141, podIPs=[], qosClass=BestEffort, reason=null, startTime=2021-02-25T07:22:37Z, additionalProperties={})
MODIFIED:PodStatus(conditions=[PodCondition(lastProbeTime=null, lastTransitionTime=2021-02-25T07:22:37Z, message=containers with incomplete status: [test-entando-acpr27-servdb-schema-creation-job test-entando-acpr27-server-db-population-job], reason=ContainersNotInitialized, status=False, type=Initialized, additionalProperties={}), PodCondition(lastProbeTime=null, lastTransitionTime=2021-02-25T07:22:37Z, message=containers with unready status: [dummy], reason=ContainersNotReady, status=False, type=Ready, additionalProperties={}), PodCondition(lastProbeTime=null, lastTransitionTime=null, message=containers with unready status: [dummy], reason=ContainersNotReady, status=False, type=ContainersReady, additionalProperties={}), PodCondition(lastProbeTime=null, lastTransitionTime=2021-02-25T07:22:37Z, message=null, reason=null, status=True, type=PodScheduled, additionalProperties={})], containerStatuses=[ContainerStatus(containerID=null, image=docker.io/entando/busybox:latest, imageID=, lastState=ContainerState(running=null, terminated=null, waiting=null, additionalProperties={}), name=dummy, ready=false, restartCount=0, started=null, state=ContainerState(running=null, terminated=null, waiting=ContainerStateWaiting(message=null, reason=PodInitializing, additionalProperties={}), additionalProperties={}), additionalProperties={})], ephemeralContainerStatuses=[], hostIP=54.36.53.206, initContainerStatuses=[ContainerStatus(containerID=docker://2b61c10f29b50c0880be017f5184751edc9c943e499b1f35859ac6f7b3e3e21f, image=docker.io/entando/entando-k8s-dbjob:6.3.1, imageID=docker-pullable://docker.io/entando/entando-k8s-dbjob@sha256:a953072b663edeb3081c6f1a720079bdad2bdcc65e8ecca215363b3b2cd0e2f3, lastState=ContainerState(running=null, terminated=null, waiting=null, additionalProperties={}), name=test-entando-acpr27-portdb-schema-creation-job, ready=****, restartCount=0, started=null, state=ContainerState(running=null, terminated=ContainerStateTerminated(containerID=docker://2b61c10f29b50c0880be017f5184751edc9c943e499b1f35859ac6f7b3e3e21f, exitCode=0, finishedAt=2021-02-25T07:22:43Z, message=null, reason=Completed, signal=null, startedAt=2021-02-25T07:22:41Z, additionalProperties={}), waiting=null, additionalProperties={}), additionalProperties={}), ContainerStatus(containerID=null, image=docker.io/entando/entando-k8s-dbjob:6.3.1, imageID=, lastState=ContainerState(running=null, terminated=null, waiting=null, additionalProperties={}), name=test-entando-acpr27-servdb-schema-creation-job, ready=false, restartCount=0, started=null, state=ContainerState(running=null, terminated=null, waiting=ContainerStateWaiting(message=null, reason=PodInitializing, additionalProperties={}), additionalProperties={}), additionalProperties={}), ContainerStatus(containerID=null, image=docker.io/entando/entando-de-app-wildfly:6.3.44, imageID=, lastState=ContainerState(running=null, terminated=null, waiting=null, additionalProperties={}), name=test-entando-acpr27-server-db-population-job, ready=false, restartCount=0, started=null, state=ContainerState(running=null, terminated=null, waiting=ContainerStateWaiting(message=null, reason=PodInitializing, additionalProperties={}), additionalProperties={}), additionalProperties={})], message=null, nominatedNodeName=null, phase=Pending, podIP=10.128.1.141, podIPs=[], qosClass=BestEffort, reason=null, startTime=2021-02-25T07:22:37Z, additionalProperties={})
MODIFIED:PodStatus(conditions=[PodCondition(lastProbeTime=null, lastTransitionTime=2021-02-25T07:22:37Z, message=containers with incomplete status: [test-entando-acpr27-servdb-schema-creation-job test-entando-acpr27-server-db-population-job], reason=ContainersNotInitialized, status=False, type=Initialized, additionalProperties={}), PodCondition(lastProbeTime=null, lastTransitionTime=2021-02-25T07:22:37Z, message=containers with unready status: [dummy], reason=ContainersNotReady, status=False, type=Ready, additionalProperties={}), PodCondition(lastProbeTime=null, lastTransitionTime=null, message=containers with unready status: [dummy], reason=ContainersNotReady, status=False, type=ContainersReady, additionalProperties={}), PodCondition(lastProbeTime=null, lastTransitionTime=2021-02-25T07:22:37Z, message=null, reason=null, status=True, type=PodScheduled, additionalProperties={})], containerStatuses=[ContainerStatus(containerID=null, image=docker.io/entando/busybox:latest, imageID=, lastState=ContainerState(running=null, terminated=null, waiting=null, additionalProperties={}), name=dummy, ready=false, restartCount=0, started=null, state=ContainerState(running=null, terminated=null, waiting=ContainerStateWaiting(message=null, reason=PodInitializing, additionalProperties={}), additionalProperties={}), additionalProperties={})], ephemeralContainerStatuses=[], hostIP=54.36.53.206, initContainerStatuses=[ContainerStatus(containerID=docker://2b61c10f29b50c0880be017f5184751edc9c943e499b1f35859ac6f7b3e3e21f, image=docker.io/entando/entando-k8s-dbjob:6.3.1, imageID=docker-pullable://docker.io/entando/entando-k8s-dbjob@sha256:a953072b663edeb3081c6f1a720079bdad2bdcc65e8ecca215363b3b2cd0e2f3, lastState=ContainerState(running=null, terminated=null, waiting=null, additionalProperties={}), name=test-entando-acpr27-portdb-schema-creation-job, ready=****, restartCount=0, started=null, state=ContainerState(running=null, terminated=ContainerStateTerminated(containerID=docker://2b61c10f29b50c0880be017f5184751edc9c943e499b1f35859ac6f7b3e3e21f, exitCode=0, finishedAt=2021-02-25T07:22:43Z, message=null, reason=Completed, signal=null, startedAt=2021-02-25T07:22:41Z, additionalProperties={}), waiting=null, additionalProperties={}), additionalProperties={}), ContainerStatus(containerID=docker://f87bc46a63486c78a9a39ccfb9b72339b34a4d9ea582eb4e61c70c518b537344, image=docker.io/entando/entando-k8s-dbjob:6.3.1, imageID=docker-pullable://docker.io/entando/entando-k8s-dbjob@sha256:a953072b663edeb3081c6f1a720079bdad2bdcc65e8ecca215363b3b2cd0e2f3, lastState=ContainerState(running=null, terminated=null, waiting=null, additionalProperties={}), name=test-entando-acpr27-servdb-schema-creation-job, ready=false, restartCount=0, started=null, state=ContainerState(running=ContainerStateRunning(startedAt=2021-02-25T07:22:46Z, additionalProperties={}), terminated=null, waiting=null, additionalProperties={}), additionalProperties={}), ContainerStatus(containerID=null, image=docker.io/entando/entando-de-app-wildfly:6.3.44, imageID=, lastState=ContainerState(running=null, terminated=null, waiting=null, additionalProperties={}), name=test-entando-acpr27-server-db-population-job, ready=false, restartCount=0, started=null, state=ContainerState(running=null, terminated=null, waiting=ContainerStateWaiting(message=null, reason=PodInitializing, additionalProperties={}), additionalProperties={}), additionalProperties={})], message=null, nominatedNodeName=null, phase=Pending, podIP=10.128.1.141, podIPs=[], qosClass=BestEffort, reason=null, startTime=2021-02-25T07:22:37Z, additionalProperties={})
MODIFIED:PodStatus(conditions=[PodCondition(lastProbeTime=null, lastTransitionTime=2021-02-25T07:22:37Z, message=containers with incomplete status: [test-entando-acpr27-server-db-population-job], reason=ContainersNotInitialized, status=False, type=Initialized, additionalProperties={}), PodCondition(lastProbeTime=null, lastTransitionTime=2021-02-25T07:22:37Z, message=containers with unready status: [dummy], reason=ContainersNotReady, status=False, type=Ready, additionalProperties={}), PodCondition(lastProbeTime=null, lastTransitionTime=null, message=containers with unready status: [dummy], reason=ContainersNotReady, status=False, type=ContainersReady, additionalProperties={}), PodCondition(lastProbeTime=null, lastTransitionTime=2021-02-25T07:22:37Z, message=null, reason=null, status=True, type=PodScheduled, additionalProperties={})], containerStatuses=[ContainerStatus(containerID=null, image=docker.io/entando/busybox:latest, imageID=, lastState=ContainerState(running=null, terminated=null, waiting=null, additionalProperties={}), name=dummy, ready=false, restartCount=0, started=null, state=ContainerState(running=null, terminated=null, waiting=ContainerStateWaiting(message=null, reason=PodInitializing, additionalProperties={}), additionalProperties={}), additionalProperties={})], ephemeralContainerStatuses=[], hostIP=54.36.53.206, initContainerStatuses=[ContainerStatus(containerID=docker://2b61c10f29b50c0880be017f5184751edc9c943e499b1f35859ac6f7b3e3e21f, image=docker.io/entando/entando-k8s-dbjob:6.3.1, imageID=docker-pullable://docker.io/entando/entando-k8s-dbjob@sha256:a953072b663edeb3081c6f1a720079bdad2bdcc65e8ecca215363b3b2cd0e2f3, lastState=ContainerState(running=null, terminated=null, waiting=null, additionalProperties={}), name=test-entando-acpr27-portdb-schema-creation-job, ready=****, restartCount=0, started=null, state=ContainerState(running=null, terminated=ContainerStateTerminated(containerID=docker://2b61c10f29b50c0880be017f5184751edc9c943e499b1f35859ac6f7b3e3e21f, exitCode=0, finishedAt=2021-02-25T07:22:43Z, message=null, reason=Completed, signal=null, startedAt=2021-02-25T07:22:41Z, additionalProperties={}), waiting=null, additionalProperties={}), additionalProperties={}), ContainerStatus(containerID=docker://f87bc46a63486c78a9a39ccfb9b72339b34a4d9ea582eb4e61c70c518b537344, image=docker.io/entando/entando-k8s-dbjob:6.3.1, imageID=docker-pullable://docker.io/entando/entando-k8s-dbjob@sha256:a953072b663edeb3081c6f1a720079bdad2bdcc65e8ecca215363b3b2cd0e2f3, lastState=ContainerState(running=null, terminated=null, waiting=null, additionalProperties={}), name=test-entando-acpr27-servdb-schema-creation-job, ready=****, restartCount=0, started=null, state=ContainerState(running=null, terminated=ContainerStateTerminated(containerID=docker://f87bc46a63486c78a9a39ccfb9b72339b34a4d9ea582eb4e61c70c518b537344, exitCode=0, finishedAt=2021-02-25T07:22:48Z, message=null, reason=Completed, signal=null, startedAt=2021-02-25T07:22:46Z, additionalProperties={}), waiting=null, additionalProperties={}), additionalProperties={}), ContainerStatus(containerID=null, image=docker.io/entando/entando-de-app-wildfly:6.3.44, imageID=, lastState=ContainerState(running=null, terminated=null, waiting=null, additionalProperties={}), name=test-entando-acpr27-server-db-population-job, ready=false, restartCount=0, started=null, state=ContainerState(running=null, terminated=null, waiting=ContainerStateWaiting(message=null, reason=PodInitializing, additionalProperties={}), additionalProperties={}), additionalProperties={})], message=null, nominatedNodeName=null, phase=Pending, podIP=10.128.1.141, podIPs=[], qosClass=BestEffort, reason=null, startTime=2021-02-25T07:22:37Z, additionalProperties={})
MODIFIED:PodStatus(conditions=[PodCondition(lastProbeTime=null, lastTransitionTime=2021-02-25T07:22:37Z, message=containers with incomplete status: [test-entando-acpr27-server-db-population-job], reason=ContainersNotInitialized, status=False, type=Initialized, additionalProperties={}), PodCondition(lastProbeTime=null, lastTransitionTime=2021-02-25T07:22:37Z, message=containers with unready status: [dummy], reason=ContainersNotReady, status=False, type=Ready, additionalProperties={}), PodCondition(lastProbeTime=null, lastTransitionTime=null, message=containers with unready status: [dummy], reason=ContainersNotReady, status=False, type=ContainersReady, additionalProperties={}), PodCondition(lastProbeTime=null, lastTransitionTime=2021-02-25T07:22:37Z, message=null, reason=null, status=True, type=PodScheduled, additionalProperties={})], containerStatuses=[ContainerStatus(containerID=null, image=docker.io/entando/busybox:latest, imageID=, lastState=ContainerState(running=null, terminated=null, waiting=null, additionalProperties={}), name=dummy, ready=false, restartCount=0, started=null, state=ContainerState(running=null, terminated=null, waiting=ContainerStateWaiting(message=null, reason=PodInitializing, additionalProperties={}), additionalProperties={}), additionalProperties={})], ephemeralContainerStatuses=[], hostIP=54.36.53.206, initContainerStatuses=[ContainerStatus(containerID=docker://2b61c10f29b50c0880be017f5184751edc9c943e499b1f35859ac6f7b3e3e21f, image=docker.io/entando/entando-k8s-dbjob:6.3.1, imageID=docker-pullable://docker.io/entando/entando-k8s-dbjob@sha256:a953072b663edeb3081c6f1a720079bdad2bdcc65e8ecca215363b3b2cd0e2f3, lastState=ContainerState(running=null, terminated=null, waiting=null, additionalProperties={}), name=test-entando-acpr27-portdb-schema-creation-job, ready=****, restartCount=0, started=null, state=ContainerState(running=null, terminated=ContainerStateTerminated(containerID=docker://2b61c10f29b50c0880be017f5184751edc9c943e499b1f35859ac6f7b3e3e21f, exitCode=0, finishedAt=2021-02-25T07:22:43Z, message=null, reason=Completed, signal=null, startedAt=2021-02-25T07:22:41Z, additionalProperties={}), waiting=null, additionalProperties={}), additionalProperties={}), ContainerStatus(containerID=docker://f87bc46a63486c78a9a39ccfb9b72339b34a4d9ea582eb4e61c70c518b537344, image=docker.io/entando/entando-k8s-dbjob:6.3.1, imageID=docker-pullable://docker.io/entando/entando-k8s-dbjob@sha256:a953072b663edeb3081c6f1a720079bdad2bdcc65e8ecca215363b3b2cd0e2f3, lastState=ContainerState(running=null, terminated=null, waiting=null, additionalProperties={}), name=test-entando-acpr27-servdb-schema-creation-job, ready=****, restartCount=0, started=null, state=ContainerState(running=null, terminated=ContainerStateTerminated(containerID=docker://f87bc46a63486c78a9a39ccfb9b72339b34a4d9ea582eb4e61c70c518b537344, exitCode=0, finishedAt=2021-02-25T07:22:48Z, message=null, reason=Completed, signal=null, startedAt=2021-02-25T07:22:46Z, additionalProperties={}), waiting=null, additionalProperties={}), additionalProperties={}), ContainerStatus(containerID=docker://2070d699eaaa8e37c2fc163f9fed9c3d13951952ce3cba26fa1f01df2dd1b407, image=docker.io/entando/entando-de-app-wildfly:6.3.44, imageID=docker-pullable://entando/entando-de-app-wildfly@sha256:cf1574438e6c26db779e236e5eac6afc328d2afa0c586b3787fb6a3b4b8cf22e, lastState=ContainerState(running=null, terminated=null, waiting=null, additionalProperties={}), name=test-entando-acpr27-server-db-population-job, ready=false, restartCount=0, started=null, state=ContainerState(running=ContainerStateRunning(startedAt=2021-02-25T07:22:53Z, additionalProperties={}), terminated=null, waiting=null, additionalProperties={}), additionalProperties={})], message=null, nominatedNodeName=null, phase=Pending, podIP=10.128.1.141, podIPs=[], qosClass=BestEffort, reason=null, startTime=2021-02-25T07:22:37Z, additionalProperties={})
MODIFIED:PodStatus(conditions=[PodCondition(lastProbeTime=null, lastTransitionTime=2021-02-25T07:23:51Z, message=null, reason=null, status=True, type=Initialized, additionalProperties={}), PodCondition(lastProbeTime=null, lastTransitionTime=2021-02-25T07:22:37Z, message=containers with unready status: [dummy], reason=ContainersNotReady, status=False, type=Ready, additionalProperties={}), PodCondition(lastProbeTime=null, lastTransitionTime=null, message=containers with unready status: [dummy], reason=ContainersNotReady, status=False, type=ContainersReady, additionalProperties={}), PodCondition(lastProbeTime=null, lastTransitionTime=2021-02-25T07:22:37Z, message=null, reason=null, status=True, type=PodScheduled, additionalProperties={})], containerStatuses=[ContainerStatus(containerID=null, image=docker.io/entando/busybox:latest, imageID=, lastState=ContainerState(running=null, terminated=null, waiting=null, additionalProperties={}), name=dummy, ready=false, restartCount=0, started=null, state=ContainerState(running=null, terminated=null, waiting=ContainerStateWaiting(message=null, reason=PodInitializing, additionalProperties={}), additionalProperties={}), additionalProperties={})], ephemeralContainerStatuses=[], hostIP=54.36.53.206, initContainerStatuses=[ContainerStatus(containerID=docker://2b61c10f29b50c0880be017f5184751edc9c943e499b1f35859ac6f7b3e3e21f, image=docker.io/entando/entando-k8s-dbjob:6.3.1, imageID=docker-pullable://docker.io/entando/entando-k8s-dbjob@sha256:a953072b663edeb3081c6f1a720079bdad2bdcc65e8ecca215363b3b2cd0e2f3, lastState=ContainerState(running=null, terminated=null, waiting=null, additionalProperties={}), name=test-entando-acpr27-portdb-schema-creation-job, ready=****, restartCount=0, started=null, state=ContainerState(running=null, terminated=ContainerStateTerminated(containerID=docker://2b61c10f29b50c0880be017f5184751edc9c943e499b1f35859ac6f7b3e3e21f, exitCode=0, finishedAt=2021-02-25T07:22:43Z, message=null, reason=Completed, signal=null, startedAt=2021-02-25T07:22:41Z, additionalProperties={}), waiting=null, additionalProperties={}), additionalProperties={}), ContainerStatus(containerID=docker://f87bc46a63486c78a9a39ccfb9b72339b34a4d9ea582eb4e61c70c518b537344, image=docker.io/entando/entando-k8s-dbjob:6.3.1, imageID=docker-pullable://docker.io/entando/entando-k8s-dbjob@sha256:a953072b663edeb3081c6f1a720079bdad2bdcc65e8ecca215363b3b2cd0e2f3, lastState=ContainerState(running=null, terminated=null, waiting=null, additionalProperties={}), name=test-entando-acpr27-servdb-schema-creation-job, ready=****, restartCount=0, started=null, state=ContainerState(running=null, terminated=ContainerStateTerminated(containerID=docker://f87bc46a63486c78a9a39ccfb9b72339b34a4d9ea582eb4e61c70c518b537344, exitCode=0, finishedAt=2021-02-25T07:22:48Z, message=null, reason=Completed, signal=null, startedAt=2021-02-25T07:22:46Z, additionalProperties={}), waiting=null, additionalProperties={}), additionalProperties={}), ContainerStatus(containerID=docker://2070d699eaaa8e37c2fc163f9fed9c3d13951952ce3cba26fa1f01df2dd1b407, image=docker.io/entando/entando-de-app-wildfly:6.3.44, imageID=docker-pullable://entando/entando-de-app-wildfly@sha256:cf1574438e6c26db779e236e5eac6afc328d2afa0c586b3787fb6a3b4b8cf22e, lastState=ContainerState(running=null, terminated=null, waiting=null, additionalProperties={}), name=test-entando-acpr27-server-db-population-job, ready=****, restartCount=0, started=null, state=ContainerState(running=null, terminated=ContainerStateTerminated(containerID=docker://2070d699eaaa8e37c2fc163f9fed9c3d13951952ce3cba26fa1f01df2dd1b407, exitCode=0, finishedAt=2021-02-25T07:23:49Z, message=null, reason=Completed, signal=null, startedAt=2021-02-25T07:22:53Z, additionalProperties={}), waiting=null, additionalProperties={}), additionalProperties={})], message=null, nominatedNodeName=null, phase=Pending, podIP=10.128.1.141, podIPs=[], qosClass=BestEffort, reason=null, startTime=2021-02-25T07:22:37Z, additionalProperties={})
MODIFIED:PodStatus(conditions=[PodCondition(lastProbeTime=null, lastTransitionTime=2021-02-25T07:23:51Z, message=null, reason=null, status=True, type=Initialized, additionalProperties={}), PodCondition(lastProbeTime=null, lastTransitionTime=2021-02-25T07:23:53Z, message=null, reason=null, status=True, type=Ready, additionalProperties={}), PodCondition(lastProbeTime=null, lastTransitionTime=null, message=null, reason=null, status=True, type=ContainersReady, additionalProperties={}), PodCondition(lastProbeTime=null, lastTransitionTime=2021-02-25T07:22:37Z, message=null, reason=null, status=True, type=PodScheduled, additionalProperties={})], containerStatuses=[ContainerStatus(containerID=docker://e5ba9047d5e5cb1a25d6d87bab80de3a6c1b2584f9e82152c32c18497a124264, image=docker.io/entando/busybox:latest, imageID=docker-pullable://docker.io/entando/busybox@sha256:400ee2ed939df769d4681023810d2e4fb9479b8401d97003c710d0e20f7c49c6, lastState=ContainerState(running=null, terminated=null, waiting=null, additionalProperties={}), name=dummy, ready=****, restartCount=0, started=null, state=ContainerState(running=ContainerStateRunning(startedAt=2021-02-25T07:23:53Z, additionalProperties={}), terminated=null, waiting=null, additionalProperties={}), additionalProperties={})], ephemeralContainerStatuses=[], hostIP=54.36.53.206, initContainerStatuses=[ContainerStatus(containerID=docker://2b61c10f29b50c0880be017f5184751edc9c943e499b1f35859ac6f7b3e3e21f, image=docker.io/entando/entando-k8s-dbjob:6.3.1, imageID=docker-pullable://docker.io/entando/entando-k8s-dbjob@sha256:a953072b663edeb3081c6f1a720079bdad2bdcc65e8ecca215363b3b2cd0e2f3, lastState=ContainerState(running=null, terminated=null, waiting=null, additionalProperties={}), name=test-entando-acpr27-portdb-schema-creation-job, ready=****, restartCount=0, started=null, state=ContainerState(running=null, terminated=ContainerStateTerminated(containerID=docker://2b61c10f29b50c0880be017f5184751edc9c943e499b1f35859ac6f7b3e3e21f, exitCode=0, finishedAt=2021-02-25T07:22:43Z, message=null, reason=Completed, signal=null, startedAt=2021-02-25T07:22:41Z, additionalProperties={}), waiting=null, additionalProperties={}), additionalProperties={}), ContainerStatus(containerID=docker://f87bc46a63486c78a9a39ccfb9b72339b34a4d9ea582eb4e61c70c518b537344, image=docker.io/entando/entando-k8s-dbjob:6.3.1, imageID=docker-pullable://docker.io/entando/entando-k8s-dbjob@sha256:a953072b663edeb3081c6f1a720079bdad2bdcc65e8ecca215363b3b2cd0e2f3, lastState=ContainerState(running=null, terminated=null, waiting=null, additionalProperties={}), name=test-entando-acpr27-servdb-schema-creation-job, ready=****, restartCount=0, started=null, state=ContainerState(running=null, terminated=ContainerStateTerminated(containerID=docker://f87bc46a63486c78a9a39ccfb9b72339b34a4d9ea582eb4e61c70c518b537344, exitCode=0, finishedAt=2021-02-25T07:22:48Z, message=null, reason=Completed, signal=null, startedAt=2021-02-25T07:22:46Z, additionalProperties={}), waiting=null, additionalProperties={}), additionalProperties={}), ContainerStatus(containerID=docker://2070d699eaaa8e37c2fc163f9fed9c3d13951952ce3cba26fa1f01df2dd1b407, image=docker.io/entando/entando-de-app-wildfly:6.3.44, imageID=docker-pullable://entando/entando-de-app-wildfly@sha256:cf1574438e6c26db779e236e5eac6afc328d2afa0c586b3787fb6a3b4b8cf22e, lastState=ContainerState(running=null, terminated=null, waiting=null, additionalProperties={}), name=test-entando-acpr27-server-db-population-job, ready=****, restartCount=0, started=null, state=ContainerState(running=null, terminated=ContainerStateTerminated(containerID=docker://2070d699eaaa8e37c2fc163f9fed9c3d13951952ce3cba26fa1f01df2dd1b407, exitCode=0, finishedAt=2021-02-25T07:23:49Z, message=null, reason=Completed, signal=null, startedAt=2021-02-25T07:22:53Z, additionalProperties={}), waiting=null, additionalProperties={}), additionalProperties={})], message=null, nominatedNodeName=null, phase=Running, podIP=10.128.1.141, podIPs=[], qosClass=BestEffort, reason=null, startTime=2021-02-25T07:22:37Z, additionalProperties={})
MODIFIED:PodStatus(conditions=[PodCondition(lastProbeTime=null, lastTransitionTime=2021-02-25T07:23:51Z, message=null, reason=PodCompleted, status=True, type=Initialized, additionalProperties={}), PodCondition(lastProbeTime=null, lastTransitionTime=2021-02-25T07:23:55Z, message=null, reason=PodCompleted, status=False, type=Ready, additionalProperties={}), PodCondition(lastProbeTime=null, lastTransitionTime=null, message=null, reason=PodCompleted, status=False, type=ContainersReady, additionalProperties={}), PodCondition(lastProbeTime=null, lastTransitionTime=2021-02-25T07:22:37Z, message=null, reason=null, status=True, type=PodScheduled, additionalProperties={})], containerStatuses=[ContainerStatus(containerID=docker://e5ba9047d5e5cb1a25d6d87bab80de3a6c1b2584f9e82152c32c18497a124264, image=docker.io/entando/busybox:latest, imageID=docker-pullable://docker.io/entando/busybox@sha256:400ee2ed939df769d4681023810d2e4fb9479b8401d97003c710d0e20f7c49c6, lastState=ContainerState(running=null, terminated=null, waiting=null, additionalProperties={}), name=dummy, ready=false, restartCount=0, started=null, state=ContainerState(running=null, terminated=ContainerStateTerminated(containerID=docker://e5ba9047d5e5cb1a25d6d87bab80de3a6c1b2584f9e82152c32c18497a124264, exitCode=0, finishedAt=2021-02-25T07:23:53Z, message=null, reason=Completed, signal=null, startedAt=2021-02-25T07:23:53Z, additionalProperties={}), waiting=null, additionalProperties={}), additionalProperties={})], ephemeralContainerStatuses=[], hostIP=54.36.53.206, initContainerStatuses=[ContainerStatus(containerID=docker://2b61c10f29b50c0880be017f5184751edc9c943e499b1f35859ac6f7b3e3e21f, image=docker.io/entando/entando-k8s-dbjob:6.3.1, imageID=docker-pullable://docker.io/entando/entando-k8s-dbjob@sha256:a953072b663edeb3081c6f1a720079bdad2bdcc65e8ecca215363b3b2cd0e2f3, lastState=ContainerState(running=null, terminated=null, waiting=null, additionalProperties={}), name=test-entando-acpr27-portdb-schema-creation-job, ready=****, restartCount=0, started=null, state=ContainerState(running=null, terminated=ContainerStateTerminated(containerID=docker://2b61c10f29b50c0880be017f5184751edc9c943e499b1f35859ac6f7b3e3e21f, exitCode=0, finishedAt=2021-02-25T07:22:43Z, message=null, reason=Completed, signal=null, startedAt=2021-02-25T07:22:41Z, additionalProperties={}), waiting=null, additionalProperties={}), additionalProperties={}), ContainerStatus(containerID=docker://f87bc46a63486c78a9a39ccfb9b72339b34a4d9ea582eb4e61c70c518b537344, image=docker.io/entando/entando-k8s-dbjob:6.3.1, imageID=docker-pullable://docker.io/entando/entando-k8s-dbjob@sha256:a953072b663edeb3081c6f1a720079bdad2bdcc65e8ecca215363b3b2cd0e2f3, lastState=ContainerState(running=null, terminated=null, waiting=null, additionalProperties={}), name=test-entando-acpr27-servdb-schema-creation-job, ready=****, restartCount=0, started=null, state=ContainerState(running=null, terminated=ContainerStateTerminated(containerID=docker://f87bc46a63486c78a9a39ccfb9b72339b34a4d9ea582eb4e61c70c518b537344, exitCode=0, finishedAt=2021-02-25T07:22:48Z, message=null, reason=Completed, signal=null, startedAt=2021-02-25T07:22:46Z, additionalProperties={}), waiting=null, additionalProperties={}), additionalProperties={}), ContainerStatus(containerID=docker://2070d699eaaa8e37c2fc163f9fed9c3d13951952ce3cba26fa1f01df2dd1b407, image=docker.io/entando/entando-de-app-wildfly:6.3.44, imageID=docker-pullable://entando/entando-de-app-wildfly@sha256:cf1574438e6c26db779e236e5eac6afc328d2afa0c586b3787fb6a3b4b8cf22e, lastState=ContainerState(running=null, terminated=null, waiting=null, additionalProperties={}), name=test-entando-acpr27-server-db-population-job, ready=****, restartCount=0, started=null, state=ContainerState(running=null, terminated=ContainerStateTerminated(containerID=docker://2070d699eaaa8e37c2fc163f9fed9c3d13951952ce3cba26fa1f01df2dd1b407, exitCode=0, finishedAt=2021-02-25T07:23:49Z, message=null, reason=Completed, signal=null, startedAt=2021-02-25T07:22:53Z, additionalProperties={}), waiting=null, additionalProperties={}), additionalProp
erties={})], message=null, nominatedNodeName=null, phase=Succeeded, podIP=10.128.1.141, podIPs=[], qosClass=BestEffort, reason=null, startTime=2021-02-25T07:22:37Z, additionalProperties={})
Finished: test-entando-acpr27-dbprep-1493
ADDED:PodStatus(conditions=[PodCondition(lastProbeTime=null, lastTransitionTime=2021-02-25T07:24:01Z, message=null, reason=null, status=True, type=PodScheduled, additionalProperties={})], containerStatuses=[], ephemeralContainerStatuses=[], hostIP=null, initContainerStatuses=[], message=null, nominatedNodeName=null, phase=Pending, podIP=null, podIPs=[], qosClass=Burstable, reason=null, startTime=null, additionalProperties={})
MODIFIED:PodStatus(conditions=[PodCondition(lastProbeTime=null, lastTransitionTime=2021-02-25T07:24:01Z, message=null, reason=null, status=True, type=Initialized, additionalProperties={}), PodCondition(lastProbeTime=null, lastTransitionTime=2021-02-25T07:24:01Z, message=containers with unready status: [server-container], reason=ContainersNotReady, status=False, type=Ready, additionalProperties={}), PodCondition(lastProbeTime=null, lastTransitionTime=null, message=containers with unready status: [server-container], reason=ContainersNotReady, status=False, type=ContainersReady, additionalProperties={}), PodCondition(lastProbeTime=null, lastTransitionTime=2021-02-25T07:24:01Z, message=null, reason=null, status=True, type=PodScheduled, additionalProperties={})], containerStatuses=[ContainerStatus(containerID=null, image=docker.io/entando/entando-de-app-wildfly:6.3.44, imageID=, lastState=ContainerState(running=null, terminated=null, waiting=null, additionalProperties={}), name=server-container, ready=false, restartCount=0, started=null, state=ContainerState(running=null, terminated=null, waiting=ContainerStateWaiting(message=null, reason=ContainerCreating, additionalProperties={}), additionalProperties={}), additionalProperties={})], ephemeralContainerStatuses=[], hostIP=54.36.53.206, initContainerStatuses=[], message=null, nominatedNodeName=null, phase=Pending, podIP=null, podIPs=[], qosClass=Burstable, reason=null, startTime=2021-02-25T07:24:01Z, additionalProperties={})
MODIFIED:PodStatus(conditions=[PodCondition(lastProbeTime=null, lastTransitionTime=2021-02-25T07:24:01Z, message=null, reason=null, status=True, type=Initialized, additionalProperties={}), PodCondition(lastProbeTime=null, lastTransitionTime=2021-02-25T07:24:01Z, message=containers with unready status: [server-container], reason=ContainersNotReady, status=False, type=Ready, additionalProperties={}), PodCondition(lastProbeTime=null, lastTransitionTime=null, message=containers with unready status: [server-container], reason=ContainersNotReady, status=False, type=ContainersReady, additionalProperties={}), PodCondition(lastProbeTime=null, lastTransitionTime=2021-02-25T07:24:01Z, message=null, reason=null, status=True, type=PodScheduled, additionalProperties={})], containerStatuses=[ContainerStatus(containerID=docker://58e3dbe23a841836cf71493fc803b331f5b74b922d9b157165056b533b0dcc5f, image=docker.io/entando/entando-de-app-wildfly:6.3.44, imageID=docker-pullable://entando/entando-de-app-wildfly@sha256:cf1574438e6c26db779e236e5eac6afc328d2afa0c586b3787fb6a3b4b8cf22e, lastState=ContainerState(running=null, terminated=null, waiting=null, additionalProperties={}), name=server-container, ready=false, restartCount=0, started=null, state=ContainerState(running=ContainerStateRunning(startedAt=2021-02-25T07:24:19Z, additionalProperties={}), terminated=null, waiting=null, additionalProperties={}), additionalProperties={})], ephemeralContainerStatuses=[], hostIP=54.36.53.206, initContainerStatuses=[], message=null, nominatedNodeName=null, phase=Running, podIP=10.128.1.143, podIPs=[], qosClass=Burstable, reason=null, startTime=2021-02-25T07:24:01Z, additionalProperties={})
MODIFIED:PodStatus(conditions=[PodCondition(lastProbeTime=null, lastTransitionTime=2021-02-25T07:24:01Z, message=null, reason=null, status=True, type=Initialized, additionalProperties={}), PodCondition(lastProbeTime=null, lastTransitionTime=2021-02-25T07:24:01Z, message=containers with unready status: [server-container], reason=ContainersNotReady, status=False, type=Ready, additionalProperties={}), PodCondition(lastProbeTime=null, lastTransitionTime=null, message=containers with unready status: [server-container], reason=ContainersNotReady, status=False, type=ContainersReady, additionalProperties={}), PodCondition(lastProbeTime=null, lastTransitionTime=2021-02-25T07:24:01Z, message=null, reason=null, status=True, type=PodScheduled, additionalProperties={})], containerStatuses=[ContainerStatus(containerID=docker://65d147d5e544900b00bffcf081d1d047116620781c8644213bc42eb7dc46a248, image=docker.io/entando/entando-de-app-wildfly:6.3.44, imageID=docker-pullable://entando/entando-de-app-wildfly@sha256:cf1574438e6c26db779e236e5eac6afc328d2afa0c586b3787fb6a3b4b8cf22e, lastState=ContainerState(running=null, terminated=ContainerStateTerminated(containerID=docker://58e3dbe23a841836cf71493fc803b331f5b74b922d9b157165056b533b0dcc5f, exitCode=127, finishedAt=2021-02-25T07:27:01Z, message=null, reason=Error, signal=null, startedAt=2021-02-25T07:24:19Z, additionalProperties={}), waiting=null, additionalProperties={}), name=server-container, ready=false, restartCount=1, started=null, state=ContainerState(running=ContainerStateRunning(startedAt=2021-02-25T07:27:08Z, additionalProperties={}), terminated=null, waiting=null, additionalProperties={}), additionalProperties={})], ephemeralContainerStatuses=[], hostIP=54.36.53.206, initContainerStatuses=[], message=null, nominatedNodeName=null, phase=Running, podIP=10.128.1.143, podIPs=[], qosClass=Burstable, reason=null, startTime=2021-02-25T07:24:01Z, additionalProperties={})
Finished: test-entando-acpr27-server-deployment-65b67689c8-rkwqg
[ERROR] Tests run: 1, Failures: 0, Errors: 1, Skipped: 0, Time elapsed: 443.971 s <<< FAILURE! - in org.entando.kubernetes.controller.app.interprocesstests.AddEntandoAppWithContainerizedDatabaseIT
[ERROR] org.entando.kubernetes.controller.app.interprocesstests.AddEntandoAppWithContainerizedDatabaseIT.create  Time elapsed: 442.885 s  <<< ERROR!
java.lang.IllegalStateException: TimedOut during RUNNING
	at org.entando.kubernetes.controller.app.interprocesstests.AddEntandoAppWithContainerizedDatabaseIT.create(AddEntandoAppWithContainerizedDatabaseIT.java:61)

[INFO] 
[INFO] Results:
[INFO] 
[ERROR] Errors: 
[ERROR]   AddEntandoAppWithContainerizedDatabaseIT.create:61->AddEntandoAppBaseIT.createAndWaitForApp:81 Â» IllegalState
[ERROR]   AddEntandoAppWithExternalPostgresqlDatabaseIT.create:55->AddEntandoAppBaseIT.createAndWaitForApp:81 Â» IllegalState
[INFO] 
[ERROR] Tests run: 2, Failures: 0, Errors: 2, Skipped: 0
[INFO] 
[INFO] 
[INFO] --- maven-surefire-report-plugin:3.0.0-M4:failsafe-report-only (integration-tests) @ entando-k8s-app-controller ---
[WARNING] Unable to locate Test Source XRef to link to - DISABLED
[INFO] 
[INFO] --- maven-surefire-report-plugin:3.0.0-M4:report-only (unit-tests) @ entando-k8s-app-controller ---
[WARNING] Unable to locate Test Source XRef to link to - DISABLED
[INFO] 
[INFO] --- maven-failsafe-plugin:3.0.0-M4:verify (run-tests) @ entando-k8s-app-controller ---
[ERROR] There are test failures.

Please refer to /workspace/source/target/failsafe-reports for the individual test results.
Please refer to dump files (if any exist) [date].dump, [date]-***Run[N].dump and [date].dumpstream.
[INFO] 
[INFO] --- maven-site-plugin:3.9.0:site (default-site) @ entando-k8s-app-controller ---
[INFO] configuring report plugin org.apache.maven.plugins:maven-project-info-reports-plugin:3.0.0
[INFO] 9 reports configured for maven-project-info-reports-plugin:3.0.0: dependency-info, distribution-management, index, ci-management, issue-management, licenses, plugins, scm, summary
[INFO] Rendering site with default locale English (en)
[WARNING] Unable to find a URL to the parent project. The parent menu will NOT be added.
[INFO] Relativizing decoration links with respect to localized project URL: https://central.entando.com
[INFO] Rendering content with org.apache.maven.skins:maven-default-skin:jar:1.3 skin.
[INFO] Generating "Dependency Information" report --- maven-project-info-reports-plugin:3.0.0:dependency-info
[INFO] Generating "About" report         --- maven-project-info-reports-plugin:3.0.0:index
[INFO] Generating "Issue Management" report --- maven-project-info-reports-plugin:3.0.0:issue-management
[INFO] Generating "Licenses" report      --- maven-project-info-reports-plugin:3.0.0:licenses
[INFO] Generating "Plugins" report       --- maven-project-info-reports-plugin:3.0.0:plugins
[INFO] Generating "Source Code Management" report --- maven-project-info-reports-plugin:3.0.0:scm
[INFO] Generating "Summary" report       --- maven-project-info-reports-plugin:3.0.0:summary
[INFO] ------------------------------------------------------------------------
[INFO] BUILD SUCCESS
[INFO] ------------------------------------------------------------------------
[INFO] Total time:  12:40 min
[INFO] Finished at: 2021-02-25T07:29:07Z
[INFO] ------------------------------------------------------------------------
error: etcdserver: request is too large
Post-deployment tests failed for entando-k8s-app-controller-PR-27.
[31m
Pipeline failed on stage 'from-build-pack' : container 'step-promote-run-post-deployment-tests'. The execution of the pipeline has stopped.[0m
